-- Found ament_cmake: 1.3.11 (/opt/ros/humble/share/ament_cmake/cmake)
-- Found rclcpp: 16.0.12 (/opt/ros/humble/share/rclcpp/cmake)
-- Found rosidl_generator_c: 3.1.6 (/opt/ros/humble/share/rosidl_generator_c/cmake)
-- Found rosidl_adapter: 3.1.6 (/opt/ros/humble/share/rosidl_adapter/cmake)
-- Found rosidl_generator_cpp: 3.1.6 (/opt/ros/humble/share/rosidl_generator_cpp/cmake)
-- Using all available rosidl_typesupport_c: rosidl_typesupport_fastrtps_c;rosidl_typesupport_introspection_c
-- Using all available rosidl_typesupport_cpp: rosidl_typesupport_fastrtps_cpp;rosidl_typesupport_introspection_cpp
-- Found rmw_implementation_cmake: 6.1.2 (/opt/ros/humble/share/rmw_implementation_cmake/cmake)
-- Found rmw_fastrtps_cpp: 6.2.7 (/opt/ros/humble/share/rmw_fastrtps_cpp/cmake)
-- Using RMW implementation 'rmw_fastrtps_cpp' as default
-- Found geometry_msgs: 4.8.0 (/opt/ros/humble/share/geometry_msgs/cmake)
-- Found nav_msgs: 4.8.0 (/opt/ros/humble/share/nav_msgs/cmake)
-- Found tf2_ros: 0.25.12 (/opt/ros/humble/share/tf2_ros/cmake)
-- Found sensor_msgs: 4.8.0 (/opt/ros/humble/share/sensor_msgs/cmake)
-- Found tf2_geometry_msgs: 0.25.12 (/opt/ros/humble/share/tf2_geometry_msgs/cmake)
-- Found eigen3_cmake_module: 0.1.1 (/opt/ros/humble/share/eigen3_cmake_module/cmake)
-- Ensuring Eigen3 include directory is part of orocos-kdl CMake target
-- Looking for ignition-gazebo6 -- found version 6.17.0
-- Searching for dependencies of ignition-gazebo6
-- Looking for sdformat12 -- found version 12.8.0
-- Searching for dependencies of sdformat12
-- Checking for module 'tinyxml2'
--   Found tinyxml2, version 9.0.0
-- Looking for ignition-math6 -- found version 6.15.1
-- Searching for dependencies of ignition-math6
-- Looking for ignition-utils1 -- found version 1.5.1
-- Searching for dependencies of ignition-utils1
-- Looking for ignition-plugin1 -- found version 1.4.0
-- Searching for dependencies of ignition-plugin1
-- Searching for <ignition-plugin1> component [loader]
-- Looking for ignition-plugin1-loader -- found version 1.4.0
-- Searching for dependencies of ignition-plugin1-loader
-- Searching for <ignition-plugin1> component [register]
-- Looking for ignition-plugin1-register -- found version 1.4.0
-- Searching for dependencies of ignition-plugin1-register
-- Looking for ignition-transport11 -- found version 11.4.1
-- Searching for dependencies of ignition-transport11
-- Config-file not installed for ZeroMQ -- checking for pkg-config
-- Checking for module 'libzmq >= 4'
--   Found libzmq, version 4.3.4
-- Checking for module 'uuid'
--   Found uuid, version 2.37.2
-- Looking for ignition-utils1 -- found version 1.5.1
-- Searching for dependencies of ignition-utils1
-- Searching for <ignition-utils1> component [cli]
-- Looking for ignition-utils1-cli -- found version 1.5.1
-- Searching for dependencies of ignition-utils1-cli
-- Looking for ignition-msgs8 -- found version 8.7.0
-- Searching for dependencies of ignition-msgs8
-- Found Protobuf: /usr/lib/x86_64-linux-gnu/libprotobuf.so (found suitable version "3.12.4", minimum required is "3")
-- Looking for ignition-math6 -- found version 6.15.1
-- Searching for <ignition-transport11> component [log]
-- Looking for ignition-transport11-log -- found version 11.4.1
-- Searching for dependencies of ignition-transport11-log
-- Searching for <ignition-transport11> component [parameters]
-- Looking for ignition-transport11-parameters -- found version 11.4.1
-- Searching for dependencies of ignition-transport11-parameters
-- Looking for ignition-msgs8 -- found version 8.7.0
-- Looking for ignition-common4 -- found version 4.7.0
-- Searching for dependencies of ignition-common4
-- Looking for dlfcn.h - found
-- Looking for libdl - found
-- Searching for <ignition-common4> component [profiler]
-- Looking for ignition-common4-profiler -- found version 4.7.0
-- Searching for dependencies of ignition-common4-profiler
-- Searching for <ignition-common4> component [events]
-- Looking for ignition-common4-events -- found version 4.7.0
-- Searching for dependencies of ignition-common4-events
-- Looking for ignition-math6 -- found version 6.15.1
-- Searching for <ignition-common4> component [av]
-- Looking for ignition-common4-av -- found version 4.7.0
-- Searching for dependencies of ignition-common4-av
-- Checking for module 'libswscale'
--   Found libswscale, version 5.9.100
-- Checking for module 'libavdevice >= 56.4.100'
--   Found libavdevice, version 58.13.100
-- Checking for module 'libavformat'
--   Found libavformat, version 58.76.100
-- Checking for module 'libavcodec'
--   Found libavcodec, version 58.134.100
-- Checking for module 'libavutil'
--   Found libavutil, version 56.70.100
-- Looking for ignition-fuel_tools7 -- found version 7.3.1
-- Searching for dependencies of ignition-fuel_tools7
[0mCMake Deprecation Warning at /usr/lib/x86_64-linux-gnu/cmake/jsoncpp/jsoncppConfig.cmake:2 (cmake_policy):
  Compatibility with CMake < 3.10 will be removed from a future version of
  CMake.

  Update the VERSION argument <min> value.  Or, use the <min>...<max> syntax
  to tell CMake that the project requires at least <min> but has been updated
  to work with policies introduced by <max> or earlier.
Call Stack (most recent call first):
  /usr/share/cmake/ignition-cmake2/cmake2/FindJSONCPP.cmake:34 (find_package)
  /home/nam/ignition_fortress_ws/install/ignition-fuel_tools7/lib/cmake/ignition-fuel_tools7/ignition-fuel_tools7-config.cmake:94 (find_package)
  /usr/lib/x86_64-linux-gnu/cmake/ignition-gazebo6/ignition-gazebo6-config.cmake:97 (find_package)
  CMakeLists.txt:16 (find_package)

[0m
-- Checking for module 'jsoncpp'
--   Found jsoncpp, version 1.9.5
-- Checking for module 'libzip'
--   Found libzip, version 1.7.3
-- Looking for ignition-common4 -- found version 4.7.0
-- Looking for ignition-math6 -- found version 6.15.1
-- Looking for ignition-msgs8 -- found version 8.7.0
-- Looking for ignition-gui6 -- found version 6.8.0
-- Searching for dependencies of ignition-gui6
-- Looking for ignition-math6 -- found version 6.15.1
-- Looking for ignition-common4 -- found version 4.7.0
-- Looking for ignition-plugin1 -- found version 1.4.0
-- Looking for ignition-transport11 -- found version 11.4.1
-- Looking for ignition-rendering6 -- found version 6.6.3
-- Searching for dependencies of ignition-rendering6
-- Looking for ignition-math6 -- found version 6.15.1
-- Searching for dependencies of ignition-math6
-- Searching for <ignition-math6> component [eigen3]
-- Looking for ignition-math6-eigen3 -- found version 6.15.1
-- Searching for dependencies of ignition-math6-eigen3
-- Looking for ignition-common4 -- found version 4.7.0
-- Searching for dependencies of ignition-common4
-- Looking for dlfcn.h - found
-- Looking for libdl - found
-- Searching for <ignition-common4> component [graphics]
-- Looking for ignition-common4-graphics -- found version 4.7.0
-- Searching for dependencies of ignition-common4-graphics
-- Looking for ignition-math6 -- found version 6.15.1
-- Looking for ignition-utils1 -- found version 1.5.1
-- Searching for <ignition-common4> component [events]
-- Looking for ignition-plugin1 -- found version 1.4.0
-- Searching for dependencies of ignition-plugin1
-- Searching for <ignition-plugin1> component [all]
-- Looking for all libraries of ignition-plugin1 -- found version 1.4.0
-- Looking for ignition-plugin1 -- found version 1.4.0
-- Looking for ignition-msgs8 -- found version 8.7.0
-- Looking for ignition-physics5 -- found version 5.3.2
-- Searching for dependencies of ignition-physics5
-- Looking for ignition-math6 -- found version 6.15.1
-- Looking for ignition-plugin1 -- found version 1.4.0
-- Looking for ignition-utils1 -- found version 1.5.1
-- Searching for <ignition-physics5> component [heightmap]
-- Looking for ignition-physics5-heightmap -- found version 5.3.2
-- Searching for dependencies of ignition-physics5-heightmap
-- Looking for ignition-common4 -- found version 4.7.0
-- Searching for <ignition-physics5> component [mesh]
-- Looking for ignition-physics5-mesh -- found version 5.3.2
-- Searching for dependencies of ignition-physics5-mesh
-- Looking for ignition-common4 -- found version 4.7.0
-- Searching for <ignition-physics5> component [sdf]
-- Looking for ignition-physics5-sdf -- found version 5.3.2
-- Searching for dependencies of ignition-physics5-sdf
-- Looking for sdformat12 -- found version 12.8.0
-- Looking for ignition-sensors6 -- found version 6.8.1
-- Searching for dependencies of ignition-sensors6
-- Found Protobuf: /usr/lib/x86_64-linux-gnu/libprotobuf.so (found version "3.12.4")
-- Looking for ignition-math6 -- found version 6.15.1
-- Looking for ignition-common4 -- found version 4.7.0
-- Looking for ignition-transport11 -- found version 11.4.1
-- Looking for ignition-rendering6 -- found version 6.6.3
-- Looking for ignition-msgs8 -- found version 8.7.0
-- Looking for sdformat12 -- found version 12.8.0
-- Searching for <ignition-sensors6> component [air_pressure]
-- Looking for ignition-sensors6-air_pressure -- found version 6.8.1
-- Searching for dependencies of ignition-sensors6-air_pressure
-- Searching for <ignition-sensors6> component [altimeter]
-- Looking for ignition-sensors6-altimeter -- found version 6.8.1
-- Searching for dependencies of ignition-sensors6-altimeter
-- Searching for <ignition-sensors6> component [imu]
-- Looking for ignition-sensors6-imu -- found version 6.8.1
-- Searching for dependencies of ignition-sensors6-imu
-- Searching for <ignition-sensors6> component [force_torque]
-- Looking for ignition-sensors6-force_torque -- found version 6.8.1
-- Searching for dependencies of ignition-sensors6-force_torque
-- Searching for <ignition-sensors6> component [logical_camera]
-- Looking for ignition-sensors6-logical_camera -- found version 6.8.1
-- Searching for dependencies of ignition-sensors6-logical_camera
-- Searching for <ignition-sensors6> component [magnetometer]
-- Looking for ignition-sensors6-magnetometer -- found version 6.8.1
-- Searching for dependencies of ignition-sensors6-magnetometer
-- Searching for <ignition-sensors6> component [navsat]
-- Looking for ignition-sensors6-navsat -- found version 6.8.1
-- Searching for dependencies of ignition-sensors6-navsat
-- Searching for <ignition-sensors6> component [rendering]
-- Looking for ignition-sensors6-rendering -- found version 6.8.1
-- Searching for dependencies of ignition-sensors6-rendering
-- Searching for <ignition-sensors6> component [lidar]
-- Looking for ignition-sensors6-lidar -- found version 6.8.1
-- Searching for dependencies of ignition-sensors6-lidar
-- Looking for ignition-sensors6 -- found version 6.8.1
-- Searching for <ignition-sensors6> component [gpu_lidar]
-- Looking for ignition-sensors6-gpu_lidar -- found version 6.8.1
-- Searching for dependencies of ignition-sensors6-gpu_lidar
-- Looking for ignition-sensors6 -- found version 6.8.1
-- Searching for <ignition-sensors6> component [camera]
-- Looking for ignition-sensors6-camera -- found version 6.8.1
-- Searching for dependencies of ignition-sensors6-camera
-- Looking for ignition-sensors6 -- found version 6.8.1
-- Searching for <ignition-sensors6> component [boundingbox_camera]
-- Looking for ignition-sensors6-boundingbox_camera -- found version 6.8.1
-- Searching for dependencies of ignition-sensors6-boundingbox_camera
-- Searching for <ignition-sensors6> component [segmentation_camera]
-- Looking for ignition-sensors6-segmentation_camera -- found version 6.8.1
-- Searching for dependencies of ignition-sensors6-segmentation_camera
-- Searching for <ignition-sensors6> component [depth_camera]
-- Looking for ignition-sensors6-depth_camera -- found version 6.8.1
-- Searching for dependencies of ignition-sensors6-depth_camera
-- Looking for ignition-sensors6 -- found version 6.8.1
-- Searching for <ignition-sensors6> component [rgbd_camera]
-- Looking for ignition-sensors6-rgbd_camera -- found version 6.8.1
-- Searching for dependencies of ignition-sensors6-rgbd_camera
-- Looking for ignition-sensors6 -- found version 6.8.1
-- Searching for <ignition-sensors6> component [thermal_camera]
-- Looking for ignition-sensors6-thermal_camera -- found version 6.8.1
-- Searching for dependencies of ignition-sensors6-thermal_camera
-- Looking for ignition-sensors6 -- found version 6.8.1
-- Looking for ignition-rendering6 -- found version 6.6.3
-- Looking for ignition-math6 -- found version 6.15.1
-- Looking for ignition-utils1 -- found version 1.5.1
-- Looking for ignition-plugin1 -- found version 1.4.0
-- Configuring done (1.5s)
-- Generating done (0.0s)
-- Build files have been written to: /home/nam/Lekiwi_ws/build/three_omni_plugin
[ 50%] [32mBuilding CXX object CMakeFiles/three_omni_plugin.dir/src/three_omni_plugin.cpp.o[0m
[01m[K/home/nam/Lekiwi_ws/src/three_omni_plugin/src/three_omni_plugin.cpp:27:38:[m[K [01;31m[Kerror: [m[Kexpected class-name before ‘[01m[K,[m[K’ token
   27 | class ThreeOmniPlugin : public System[01;31m[K,[m[K public ISystemConfigure, public ISystemUpdate
      |                                      [01;31m[K^[m[K
[01m[K/home/nam/Lekiwi_ws/src/three_omni_plugin/src/three_omni_plugin.cpp:27:63:[m[K [01;31m[Kerror: [m[Kexpected class-name before ‘[01m[K,[m[K’ token
   27 | ass ThreeOmniPlugin : public System, public ISystemConfigure[01;31m[K,[m[K public ISystemUpdate
      |                                                             [01;31m[K^[m[K

[01m[K/home/nam/Lekiwi_ws/src/three_omni_plugin/src/three_omni_plugin.cpp:28:1:[m[K [01;31m[Kerror: [m[Kexpected class-name before ‘[01m[K{[m[K’ token
   28 | [01;31m[K{[m[K
      | [01;31m[K^[m[K
[01m[K/home/nam/Lekiwi_ws/src/three_omni_plugin/src/three_omni_plugin.cpp:45:20:[m[K [01;31m[Kerror: [m[K‘[01m[KEventManager[m[K’ has not been declared
   45 |                    [01;31m[KEventManager[m[K &/*_eventMgr*/) override
      |                    [01;31m[K^~~~~~~~~~~~[m[K
[01m[K/home/nam/Lekiwi_ws/src/three_omni_plugin/src/three_omni_plugin.cpp:389:43:[m[K [01;31m[Kerror: [m[K‘[01m[KTwistStamped[m[K’ is not a member of ‘[01m[Kgeometry_msgs::msg[m[K’; did you mean ‘[01m[KPointStamped[m[K’?
  389 |     rclcpp::Publisher<geometry_msgs::msg::[01;31m[KTwistStamped[m[K>::SharedPtr pub_wheels_;
      |                                           [01;31m[K^~~~~~~~~~~~[m[K
      |                                           [32m[KPointStamped[m[K
[01m[K/home/nam/Lekiwi_ws/src/three_omni_plugin/src/three_omni_plugin.cpp:389:55:[m[K [01;31m[Kerror: [m[Ktemplate argument 1 is invalid
  389 |     rclcpp::Publisher<geometry_msgs::msg::TwistStamped[01;31m[K>[m[K::SharedPtr pub_wheels_;
      |                                                       [01;31m[K^[m[K
[01m[K/home/nam/Lekiwi_ws/src/three_omni_plugin/src/three_omni_plugin.cpp:389:58:[m[K [01;31m[Kerror: [m[Kexpected ‘[01m[K;[m[K’ at end of member declaration
  389 |     rclcpp::Publisher<geometry_msgs::msg::TwistStamped>::[01;31m[KSharedPtr[m[K pub_wheels_;
      |                                                          [01;31m[K^~~~~~~~~[m[K
      |                                                                   [32m[K;[m[K
[01m[K/home/nam/Lekiwi_ws/src/three_omni_plugin/src/three_omni_plugin.cpp:389:68:[m[K [01;31m[Kerror: [m[K‘[01m[Kpub_wheels_[m[K’ does not name a type
  389 | cpp::Publisher<geometry_msgs::msg::TwistStamped>::SharedPtr [01;31m[Kpub_wheels_[m[K;
      |                                                             [01;31m[K^~~~~~~~~~~[m[K

[01m[K/home/nam/Lekiwi_ws/src/three_omni_plugin/src/three_omni_plugin.cpp:37:5:[m[K [01;31m[Kerror: [m[K‘[01m[Kignition::gazebo::systems::ThreeOmniPlugin::~ThreeOmniPlugin()[m[K’ marked ‘[01m[Koverride[m[K’, but does not override
   37 |     [01;31m[K~[m[KThreeOmniPlugin() override
      |     [01;31m[K^[m[K
[01m[K/home/nam/Lekiwi_ws/src/three_omni_plugin/src/three_omni_plugin.cpp:42:10:[m[K [01;31m[Kerror: [m[K‘[01m[Kvoid ignition::gazebo::systems::ThreeOmniPlugin::Configure(const Entity&, const std::shared_ptr<const sdf::v12::Element>&, ignition::gazebo::v6::EntityComponentManager&, int&)[m[K’ marked ‘[01m[Koverride[m[K’, but does not override
   42 |     void [01;31m[KConfigure[m[K(const Entity &_entity,
      |          [01;31m[K^~~~~~~~~[m[K
[01m[K/home/nam/Lekiwi_ws/src/three_omni_plugin/src/three_omni_plugin.cpp:131:10:[m[K [01;31m[Kerror: [m[K‘[01m[Kvoid ignition::gazebo::systems::ThreeOmniPlugin::Update(const ignition::gazebo::v6::UpdateInfo&, ignition::gazebo::v6::EntityComponentManager&)[m[K’ marked ‘[01m[Koverride[m[K’, but does not override
  131 |     void [01;31m[KUpdate[m[K(const UpdateInfo &_info, EntityComponentManager &_ecm) override
      |          [01;31m[K^~~~~~[m[K
[01m[K/home/nam/Lekiwi_ws/src/three_omni_plugin/src/three_omni_plugin.cpp:[m[K In member function ‘[01m[Kvoid ignition::gazebo::systems::ThreeOmniPlugin::Configure(const Entity&, const std::shared_ptr<const sdf::v12::Element>&, ignition::gazebo::v6::EntityComponentManager&, int&)[m[K’:
[01m[K/home/nam/Lekiwi_ws/src/three_omni_plugin/src/three_omni_plugin.cpp:48:25:[m[K [01;31m[Kerror: [m[K‘[01m[Kclass ignition::gazebo::v6::Model[m[K’ has no member named ‘[01m[KWorld[m[K’
   48 |         world_ = model_.[01;31m[KWorld[m[K(_ecm);
      |                         [01;31m[K^~~~~[m[K
[01m[K/home/nam/Lekiwi_ws/src/three_omni_plugin/src/three_omni_plugin.cpp:95:9:[m[K [01;31m[Kerror: [m[K‘[01m[Kpub_wheels_[m[K’ was not declared in this scope
   95 |         [01;31m[Kpub_wheels_[m[K = node_->create_publisher<geometry_msgs::msg::TwistStamped>("wheels", 1);
      |         [01;31m[K^~~~~~~~~~~[m[K
[01m[K/home/nam/Lekiwi_ws/src/three_omni_plugin/src/three_omni_plugin.cpp:95:67:[m[K [01;31m[Kerror: [m[K‘[01m[KTwistStamped[m[K’ is not a member of ‘[01m[Kgeometry_msgs::msg[m[K’; did you mean ‘[01m[KPointStamped[m[K’?
   95 |   pub_wheels_ = node_->create_publisher<geometry_msgs::msg::[01;31m[KTwistStamped[m[K>("wheels", 1);
      |                                                             [01;31m[K^~~~~~~~~~~~[m[K
      |                                                             [32m[KPointStamped[m[K
[01m[K/home/nam/Lekiwi_ws/src/three_omni_plugin/src/three_omni_plugin.cpp:95:80:[m[K [01;31m[Kerror: [m[Kno matching function for call to ‘[01m[Krclcpp::Node::create_publisher<<expression error> >(const char [7], int)[m[K’
   95 |  = [01;31m[Knode_->create_publisher<geometry_msgs::msg::TwistStamped>("wheels", 1)[m[K;
      |    [01;31m[K~~~~~~~~~~~~~~~~~~~~~~~~~~~~~~~~~~~~~~~~~~~~~~~~~~~~~~~~~^~~~~~~~~~~~~[m[K

In file included from [01m[K/opt/ros/humble/include/rclcpp/rclcpp/node.hpp:1321[m[K,
                 from [01m[K/opt/ros/humble/include/rclcpp/rclcpp/executors/single_threaded_executor.hpp:28[m[K,
                 from [01m[K/opt/ros/humble/include/rclcpp/rclcpp/executors.hpp:22[m[K,
                 from [01m[K/opt/ros/humble/include/rclcpp/rclcpp/rclcpp.hpp:155[m[K,
                 from [01m[K/home/nam/Lekiwi_ws/src/three_omni_plugin/src/three_omni_plugin.cpp:6[m[K:
[01m[K/opt/ros/humble/include/rclcpp/rclcpp/node_impl.hpp:73:1:[m[K [01;36m[Knote: [m[Kcandidate: ‘[01m[Ktemplate<class MessageT, class AllocatorT, class PublisherT> std::shared_ptr<PublisherT> rclcpp::Node::create_publisher(const string&, const rclcpp::QoS&, const rclcpp::PublisherOptionsWithAllocator<AllocatorT>&)[m[K’
   73 | [01;36m[KNode[m[K::create_publisher(
      | [01;36m[K^~~~[m[K
[01m[K/opt/ros/humble/include/rclcpp/rclcpp/node_impl.hpp:73:1:[m[K [01;36m[Knote: [m[K  template argument deduction/substitution failed:
[01m[K/home/nam/Lekiwi_ws/src/three_omni_plugin/src/three_omni_plugin.cpp:95:80:[m[K [01;31m[Kerror: [m[Ktemplate argument 1 is invalid
   95 |  = [01;31m[Knode_->create_publisher<geometry_msgs::msg::TwistStamped>("wheels", 1)[m[K;
      |    [01;31m[K~~~~~~~~~~~~~~~~~~~~~~~~~~~~~~~~~~~~~~~~~~~~~~~~~~~~~~~~~^~~~~~~~~~~~~[m[K

[01m[K/home/nam/Lekiwi_ws/src/three_omni_plugin/src/three_omni_plugin.cpp:112:35:[m[K [01;31m[Kerror: [m[Kbase operand of ‘[01m[K->[m[K’ is not a pointer
  112 |         prev_update_time_ = world_[01;31m[K->[m[KSimTime(_ecm).Double();
      |                                   [01;31m[K^~[m[K
[01m[K/home/nam/Lekiwi_ws/src/three_omni_plugin/src/three_omni_plugin.cpp:113:58:[m[K [01;31m[Kerror: [m[Krequest for member ‘[01m[KWorldPose[m[K’ in ‘[01m[K((ignition::gazebo::systems::ThreeOmniPlugin*)this)->ignition::gazebo::systems::ThreeOmniPlugin::model_.ignition::gazebo::v6::Model::LinkByName((*(const ignition::gazebo::v6::EntityComponentManager*)(& _ecm)), std::__cxx11::basic_string<char>(((const char*)"base_link"), std::allocator<char>()))[m[K’, which is of non-class type ‘[01m[Kignition::gazebo::v6::Entity[m[K’ {aka ‘[01m[Klong unsigned int[m[K’}
  113 |         auto pose = model_.LinkByName(_ecm, "base_link").[01;31m[KWorldPose[m[K(_ecm);
      |                                                          [01;31m[K^~~~~~~~~[m[K
[01m[K/home/nam/Lekiwi_ws/src/three_omni_plugin/src/three_omni_plugin.cpp:[m[K In member function ‘[01m[Kvoid ignition::gazebo::systems::ThreeOmniPlugin::Update(const ignition::gazebo::v6::UpdateInfo&, ignition::gazebo::v6::EntityComponentManager&)[m[K’:
[01m[K/home/nam/Lekiwi_ws/src/three_omni_plugin/src/three_omni_plugin.cpp:135:42:[m[K [01;31m[Kerror: [m[K‘[01m[Kconst duration[m[K’ {aka ‘[01m[Kconst struct std::chrono::duration<long int, std::ratio<1, 1000000000> >[m[K’} has no member named ‘[01m[KDouble[m[K’
  135 |         double curr_time = _info.simTime.[01;31m[KDouble[m[K();
      |                                          [01;31m[K^~~~~~[m[K
[01m[K/home/nam/Lekiwi_ws/src/three_omni_plugin/src/three_omni_plugin.cpp:139:58:[m[K [01;31m[Kerror: [m[Krequest for member ‘[01m[KWorldPose[m[K’ in ‘[01m[K((ignition::gazebo::systems::ThreeOmniPlugin*)this)->ignition::gazebo::systems::ThreeOmniPlugin::model_.ignition::gazebo::v6::Model::LinkByName((*(const ignition::gazebo::v6::EntityComponentManager*)(& _ecm)), std::__cxx11::basic_string<char>(((const char*)"base_link"), std::allocator<char>()))[m[K’, which is of non-class type ‘[01m[Kignition::gazebo::v6::Entity[m[K’ {aka ‘[01m[Klong unsigned int[m[K’}
  139 |         auto pose = model_.LinkByName(_ecm, "base_link").[01;31m[KWorldPose[m[K(_ecm);
      |                                                          [01;31m[K^~~~~~~~~[m[K
[01m[K/home/nam/Lekiwi_ws/src/three_omni_plugin/src/three_omni_plugin.cpp:188:57:[m[K [01;31m[Kerror: [m[K‘[01m[KJointPosition[m[K’ is not a member of ‘[01m[Kignition::gazebo::v6::components[m[K’
  188 |             double w0_pose = _ecm.Component<components::[01;31m[KJointPosition[m[K>(joints_[0]) ? _ecm.Component<components::JointPosition>(joints_[0])->Data()[0] : 0.0;
      |                                                         [01;31m[K^~~~~~~~~~~~~[m[K
[01m[K/home/nam/Lekiwi_ws/src/three_omni_plugin/src/three_omni_plugin.cpp:188:71:[m[K [01;31m[Kerror: [m[Kno matching function for call to ‘[01m[Kignition::gazebo::v6::EntityComponentManager::Component<<expression error> >(__gnu_cxx::__alloc_traits<std::allocator<long unsigned int>, long unsigned int>::value_type&)[m[K’
  188 |   double w0_pose = [01;31m[K_ecm.Component<components::JointPosition>(joints_[0])[m[K ? _ecm.Component<components::JointPosition>(joints_[0])->Data()[0] : 0.0;
      |                    [01;31m[K~~~~~~~~~~~~~~~~~~~~~~~~~~~~~~~~~~~~~~~~~^~~~~~~~~~~~[m[K

In file included from [01m[K/usr/include/ignition/gazebo6/gz/sim/Model.hh:27[m[K,
                 from [01m[K/usr/include/ignition/gazebo6/ignition/gazebo/Model.hh:18[m[K,
                 from [01m[K/home/nam/Lekiwi_ws/src/three_omni_plugin/src/three_omni_plugin.cpp:1[m[K:
[01m[K/usr/include/ignition/gazebo6/gz/sim/EntityComponentManager.hh:264:37:[m[K [01;36m[Knote: [m[Kcandidate: ‘[01m[Ktemplate<class ComponentTypeT> const ComponentTypeT* ignition::gazebo::v6::EntityComponentManager::Component(ignition::gazebo::v6::Entity) const[m[K’
  264 |               const ComponentTypeT *[01;36m[KComponent[m[K(const Entity _entity) const;
      |                                     [01;36m[K^~~~~~~~~[m[K
[01m[K/usr/include/ignition/gazebo6/gz/sim/EntityComponentManager.hh:264:37:[m[K [01;36m[Knote: [m[K  template argument deduction/substitution failed:
[01m[K/home/nam/Lekiwi_ws/src/three_omni_plugin/src/three_omni_plugin.cpp:188:71:[m[K [01;31m[Kerror: [m[Ktemplate argument 1 is invalid
  188 |   double w0_pose = [01;31m[K_ecm.Component<components::JointPosition>(joints_[0])[m[K ? _ecm.Component<components::JointPosition>(joints_[0])->Data()[0] : 0.0;
      |                    [01;31m[K~~~~~~~~~~~~~~~~~~~~~~~~~~~~~~~~~~~~~~~~~^~~~~~~~~~~~[m[K

In file included from [01m[K/usr/include/ignition/gazebo6/gz/sim/EntityComponentManager.hh:851[m[K,
                 from [01m[K/usr/include/ignition/gazebo6/gz/sim/Model.hh:27[m[K,
                 from [01m[K/usr/include/ignition/gazebo6/ignition/gazebo/Model.hh:18[m[K,
                 from [01m[K/home/nam/Lekiwi_ws/src/three_omni_plugin/src/three_omni_plugin.cpp:1[m[K:
[01m[K/usr/include/ignition/gazebo6/gz/sim/detail/EntityComponentManager.hh:128:17:[m[K [01;36m[Knote: [m[Kcandidate: ‘[01m[Ktemplate<class ComponentTypeT> ComponentTypeT* ignition::gazebo::v6::EntityComponentManager::Component(ignition::gazebo::v6::Entity)[m[K’
  128 | ComponentTypeT *[01;36m[KEntityComponentManager[m[K::Component(const Entity _entity)
      |                 [01;36m[K^~~~~~~~~~~~~~~~~~~~~~[m[K
[01m[K/usr/include/ignition/gazebo6/gz/sim/detail/EntityComponentManager.hh:128:17:[m[K [01;36m[Knote: [m[K  template argument deduction/substitution failed:
[01m[K/home/nam/Lekiwi_ws/src/three_omni_plugin/src/three_omni_plugin.cpp:188:71:[m[K [01;31m[Kerror: [m[Ktemplate argument 1 is invalid
  188 |   double w0_pose = [01;31m[K_ecm.Component<components::JointPosition>(joints_[0])[m[K ? _ecm.Component<components::JointPosition>(joints_[0])->Data()[0] : 0.0;
      |                    [01;31m[K~~~~~~~~~~~~~~~~~~~~~~~~~~~~~~~~~~~~~~~~~^~~~~~~~~~~~[m[K

In file included from [01m[K/usr/include/ignition/gazebo6/gz/sim/Model.hh:27[m[K,
                 from [01m[K/usr/include/ignition/gazebo6/ignition/gazebo/Model.hh:18[m[K,
                 from [01m[K/home/nam/Lekiwi_ws/src/three_omni_plugin/src/three_omni_plugin.cpp:1[m[K:
[01m[K/usr/include/ignition/gazebo6/gz/sim/EntityComponentManager.hh:279:56:[m[K [01;36m[Knote: [m[Kcandidate: ‘[01m[Ktemplate<class ComponentTypeT> const ComponentTypeT* ignition::gazebo::v6::EntityComponentManager::Component(const ComponentKey&) const[m[K’
  279 |               const ComponentTypeT IGN_DEPRECATED(6) * [01;36m[KComponent[m[K(
      |                                                        [01;36m[K^~~~~~~~~[m[K
[01m[K/usr/include/ignition/gazebo6/gz/sim/EntityComponentManager.hh:279:56:[m[K [01;36m[Knote: [m[K  template argument deduction/substitution failed:
[01m[K/home/nam/Lekiwi_ws/src/three_omni_plugin/src/three_omni_plugin.cpp:188:71:[m[K [01;31m[Kerror: [m[Ktemplate argument 1 is invalid
  188 |   double w0_pose = [01;31m[K_ecm.Component<components::JointPosition>(joints_[0])[m[K ? _ecm.Component<components::JointPosition>(joints_[0])->Data()[0] : 0.0;
      |                    [01;31m[K~~~~~~~~~~~~~~~~~~~~~~~~~~~~~~~~~~~~~~~~~^~~~~~~~~~~~[m[K

In file included from [01m[K/usr/include/ignition/gazebo6/gz/sim/Model.hh:27[m[K,
                 from [01m[K/usr/include/ignition/gazebo6/ignition/gazebo/Model.hh:18[m[K,
                 from [01m[K/home/nam/Lekiwi_ws/src/three_omni_plugin/src/three_omni_plugin.cpp:1[m[K:
[01m[K/usr/include/ignition/gazebo6/gz/sim/EntityComponentManager.hh:287:50:[m[K [01;36m[Knote: [m[Kcandidate: ‘[01m[Ktemplate<class ComponentTypeT> ComponentTypeT* ignition::gazebo::v6::EntityComponentManager::Component(const ComponentKey&)[m[K’
  287 |               ComponentTypeT IGN_DEPRECATED(6) * [01;36m[KComponent[m[K(
      |                                                  [01;36m[K^~~~~~~~~[m[K
[01m[K/usr/include/ignition/gazebo6/gz/sim/EntityComponentManager.hh:287:50:[m[K [01;36m[Knote: [m[K  template argument deduction/substitution failed:
[01m[K/home/nam/Lekiwi_ws/src/three_omni_plugin/src/three_omni_plugin.cpp:188:71:[m[K [01;31m[Kerror: [m[Ktemplate argument 1 is invalid
  188 |   double w0_pose = [01;31m[K_ecm.Component<components::JointPosition>(joints_[0])[m[K ? _ecm.Component<components::JointPosition>(joints_[0])->Data()[0] : 0.0;
      |                    [01;31m[K~~~~~~~~~~~~~~~~~~~~~~~~~~~~~~~~~~~~~~~~~^~~~~~~~~~~~[m[K

[01m[K/home/nam/Lekiwi_ws/src/three_omni_plugin/src/three_omni_plugin.cpp:188:113:[m[K [01;31m[Kerror: [m[K‘[01m[KJointPosition[m[K’ is not a member of ‘[01m[Kignition::gazebo::v6::components[m[K’
  188 | ts::JointPosition>(joints_[0]) ? _ecm.Component<components::[01;31m[KJointPosition[m[K>(joints_[0])->Data()[0] : 0.0;
      |                                                             [01;31m[K^~~~~~~~~~~~~[m[K

[01m[K/home/nam/Lekiwi_ws/src/three_omni_plugin/src/three_omni_plugin.cpp:188:127:[m[K [01;31m[Kerror: [m[Kno matching function for call to ‘[01m[Kignition::gazebo::v6::EntityComponentManager::Component<<expression error> >(__gnu_cxx::__alloc_traits<std::allocator<long unsigned int>, long unsigned int>::value_type&)[m[K’
  188 | ion>(joints_[0]) ? [01;31m[K_ecm.Component<components::JointPosition>(joints_[0])[m[K->Data()[0] : 0.0;
      |                    [01;31m[K~~~~~~~~~~~~~~~~~~~~~~~~~~~~~~~~~~~~~~~~~^~~~~~~~~~~~[m[K

In file included from [01m[K/usr/include/ignition/gazebo6/gz/sim/Model.hh:27[m[K,
                 from [01m[K/usr/include/ignition/gazebo6/ignition/gazebo/Model.hh:18[m[K,
                 from [01m[K/home/nam/Lekiwi_ws/src/three_omni_plugin/src/three_omni_plugin.cpp:1[m[K:
[01m[K/usr/include/ignition/gazebo6/gz/sim/EntityComponentManager.hh:264:37:[m[K [01;36m[Knote: [m[Kcandidate: ‘[01m[Ktemplate<class ComponentTypeT> const ComponentTypeT* ignition::gazebo::v6::EntityComponentManager::Component(ignition::gazebo::v6::Entity) const[m[K’
  264 |               const ComponentTypeT *[01;36m[KComponent[m[K(const Entity _entity) const;
      |                                     [01;36m[K^~~~~~~~~[m[K
[01m[K/usr/include/ignition/gazebo6/gz/sim/EntityComponentManager.hh:264:37:[m[K [01;36m[Knote: [m[K  template argument deduction/substitution failed:
[01m[K/home/nam/Lekiwi_ws/src/three_omni_plugin/src/three_omni_plugin.cpp:188:127:[m[K [01;31m[Kerror: [m[Ktemplate argument 1 is invalid
  188 | ion>(joints_[0]) ? [01;31m[K_ecm.Component<components::JointPosition>(joints_[0])[m[K->Data()[0] : 0.0;
      |                    [01;31m[K~~~~~~~~~~~~~~~~~~~~~~~~~~~~~~~~~~~~~~~~~^~~~~~~~~~~~[m[K

In file included from [01m[K/usr/include/ignition/gazebo6/gz/sim/EntityComponentManager.hh:851[m[K,
                 from [01m[K/usr/include/ignition/gazebo6/gz/sim/Model.hh:27[m[K,
                 from [01m[K/usr/include/ignition/gazebo6/ignition/gazebo/Model.hh:18[m[K,
                 from [01m[K/home/nam/Lekiwi_ws/src/three_omni_plugin/src/three_omni_plugin.cpp:1[m[K:
[01m[K/usr/include/ignition/gazebo6/gz/sim/detail/EntityComponentManager.hh:128:17:[m[K [01;36m[Knote: [m[Kcandidate: ‘[01m[Ktemplate<class ComponentTypeT> ComponentTypeT* ignition::gazebo::v6::EntityComponentManager::Component(ignition::gazebo::v6::Entity)[m[K’
  128 | ComponentTypeT *[01;36m[KEntityComponentManager[m[K::Component(const Entity _entity)
      |                 [01;36m[K^~~~~~~~~~~~~~~~~~~~~~[m[K
[01m[K/usr/include/ignition/gazebo6/gz/sim/detail/EntityComponentManager.hh:128:17:[m[K [01;36m[Knote: [m[K  template argument deduction/substitution failed:
[01m[K/home/nam/Lekiwi_ws/src/three_omni_plugin/src/three_omni_plugin.cpp:188:127:[m[K [01;31m[Kerror: [m[Ktemplate argument 1 is invalid
  188 | ion>(joints_[0]) ? [01;31m[K_ecm.Component<components::JointPosition>(joints_[0])[m[K->Data()[0] : 0.0;
      |                    [01;31m[K~~~~~~~~~~~~~~~~~~~~~~~~~~~~~~~~~~~~~~~~~^~~~~~~~~~~~[m[K

In file included from [01m[K/usr/include/ignition/gazebo6/gz/sim/Model.hh:27[m[K,
                 from [01m[K/usr/include/ignition/gazebo6/ignition/gazebo/Model.hh:18[m[K,
                 from [01m[K/home/nam/Lekiwi_ws/src/three_omni_plugin/src/three_omni_plugin.cpp:1[m[K:
[01m[K/usr/include/ignition/gazebo6/gz/sim/EntityComponentManager.hh:279:56:[m[K [01;36m[Knote: [m[Kcandidate: ‘[01m[Ktemplate<class ComponentTypeT> const ComponentTypeT* ignition::gazebo::v6::EntityComponentManager::Component(const ComponentKey&) const[m[K’
  279 |               const ComponentTypeT IGN_DEPRECATED(6) * [01;36m[KComponent[m[K(
      |                                                        [01;36m[K^~~~~~~~~[m[K
[01m[K/usr/include/ignition/gazebo6/gz/sim/EntityComponentManager.hh:279:56:[m[K [01;36m[Knote: [m[K  template argument deduction/substitution failed:
[01m[K/home/nam/Lekiwi_ws/src/three_omni_plugin/src/three_omni_plugin.cpp:188:127:[m[K [01;31m[Kerror: [m[Ktemplate argument 1 is invalid
  188 | ion>(joints_[0]) ? [01;31m[K_ecm.Component<components::JointPosition>(joints_[0])[m[K->Data()[0] : 0.0;
      |                    [01;31m[K~~~~~~~~~~~~~~~~~~~~~~~~~~~~~~~~~~~~~~~~~^~~~~~~~~~~~[m[K

In file included from [01m[K/usr/include/ignition/gazebo6/gz/sim/Model.hh:27[m[K,
                 from [01m[K/usr/include/ignition/gazebo6/ignition/gazebo/Model.hh:18[m[K,
                 from [01m[K/home/nam/Lekiwi_ws/src/three_omni_plugin/src/three_omni_plugin.cpp:1[m[K:
[01m[K/usr/include/ignition/gazebo6/gz/sim/EntityComponentManager.hh:287:50:[m[K [01;36m[Knote: [m[Kcandidate: ‘[01m[Ktemplate<class ComponentTypeT> ComponentTypeT* ignition::gazebo::v6::EntityComponentManager::Component(const ComponentKey&)[m[K’
  287 |               ComponentTypeT IGN_DEPRECATED(6) * [01;36m[KComponent[m[K(
      |                                                  [01;36m[K^~~~~~~~~[m[K
[01m[K/usr/include/ignition/gazebo6/gz/sim/EntityComponentManager.hh:287:50:[m[K [01;36m[Knote: [m[K  template argument deduction/substitution failed:
[01m[K/home/nam/Lekiwi_ws/src/three_omni_plugin/src/three_omni_plugin.cpp:188:127:[m[K [01;31m[Kerror: [m[Ktemplate argument 1 is invalid
  188 | ion>(joints_[0]) ? [01;31m[K_ecm.Component<components::JointPosition>(joints_[0])[m[K->Data()[0] : 0.0;
      |                    [01;31m[K~~~~~~~~~~~~~~~~~~~~~~~~~~~~~~~~~~~~~~~~~^~~~~~~~~~~~[m[K

[01m[K/home/nam/Lekiwi_ws/src/three_omni_plugin/src/three_omni_plugin.cpp:189:57:[m[K [01;31m[Kerror: [m[K‘[01m[KJointPosition[m[K’ is not a member of ‘[01m[Kignition::gazebo::v6::components[m[K’
  189 |             double w1_pose = _ecm.Component<components::[01;31m[KJointPosition[m[K>(joints_[1]) ? _ecm.Component<components::JointPosition>(joints_[1])->Data()[0] : 0.0;
      |                                                         [01;31m[K^~~~~~~~~~~~~[m[K
[01m[K/home/nam/Lekiwi_ws/src/three_omni_plugin/src/three_omni_plugin.cpp:189:71:[m[K [01;31m[Kerror: [m[Kno matching function for call to ‘[01m[Kignition::gazebo::v6::EntityComponentManager::Component<<expression error> >(__gnu_cxx::__alloc_traits<std::allocator<long unsigned int>, long unsigned int>::value_type&)[m[K’
  189 |   double w1_pose = [01;31m[K_ecm.Component<components::JointPosition>(joints_[1])[m[K ? _ecm.Component<components::JointPosition>(joints_[1])->Data()[0] : 0.0;
      |                    [01;31m[K~~~~~~~~~~~~~~~~~~~~~~~~~~~~~~~~~~~~~~~~~^~~~~~~~~~~~[m[K

In file included from [01m[K/usr/include/ignition/gazebo6/gz/sim/Model.hh:27[m[K,
                 from [01m[K/usr/include/ignition/gazebo6/ignition/gazebo/Model.hh:18[m[K,
                 from [01m[K/home/nam/Lekiwi_ws/src/three_omni_plugin/src/three_omni_plugin.cpp:1[m[K:
[01m[K/usr/include/ignition/gazebo6/gz/sim/EntityComponentManager.hh:264:37:[m[K [01;36m[Knote: [m[Kcandidate: ‘[01m[Ktemplate<class ComponentTypeT> const ComponentTypeT* ignition::gazebo::v6::EntityComponentManager::Component(ignition::gazebo::v6::Entity) const[m[K’
  264 |               const ComponentTypeT *[01;36m[KComponent[m[K(const Entity _entity) const;
      |                                     [01;36m[K^~~~~~~~~[m[K
[01m[K/usr/include/ignition/gazebo6/gz/sim/EntityComponentManager.hh:264:37:[m[K [01;36m[Knote: [m[K  template argument deduction/substitution failed:
[01m[K/home/nam/Lekiwi_ws/src/three_omni_plugin/src/three_omni_plugin.cpp:189:71:[m[K [01;31m[Kerror: [m[Ktemplate argument 1 is invalid
  189 |   double w1_pose = [01;31m[K_ecm.Component<components::JointPosition>(joints_[1])[m[K ? _ecm.Component<components::JointPosition>(joints_[1])->Data()[0] : 0.0;
      |                    [01;31m[K~~~~~~~~~~~~~~~~~~~~~~~~~~~~~~~~~~~~~~~~~^~~~~~~~~~~~[m[K

In file included from [01m[K/usr/include/ignition/gazebo6/gz/sim/EntityComponentManager.hh:851[m[K,
                 from [01m[K/usr/include/ignition/gazebo6/gz/sim/Model.hh:27[m[K,
                 from [01m[K/usr/include/ignition/gazebo6/ignition/gazebo/Model.hh:18[m[K,
                 from [01m[K/home/nam/Lekiwi_ws/src/three_omni_plugin/src/three_omni_plugin.cpp:1[m[K:
[01m[K/usr/include/ignition/gazebo6/gz/sim/detail/EntityComponentManager.hh:128:17:[m[K [01;36m[Knote: [m[Kcandidate: ‘[01m[Ktemplate<class ComponentTypeT> ComponentTypeT* ignition::gazebo::v6::EntityComponentManager::Component(ignition::gazebo::v6::Entity)[m[K’
  128 | ComponentTypeT *[01;36m[KEntityComponentManager[m[K::Component(const Entity _entity)
      |                 [01;36m[K^~~~~~~~~~~~~~~~~~~~~~[m[K
[01m[K/usr/include/ignition/gazebo6/gz/sim/detail/EntityComponentManager.hh:128:17:[m[K [01;36m[Knote: [m[K  template argument deduction/substitution failed:
[01m[K/home/nam/Lekiwi_ws/src/three_omni_plugin/src/three_omni_plugin.cpp:189:71:[m[K [01;31m[Kerror: [m[Ktemplate argument 1 is invalid
  189 |   double w1_pose = [01;31m[K_ecm.Component<components::JointPosition>(joints_[1])[m[K ? _ecm.Component<components::JointPosition>(joints_[1])->Data()[0] : 0.0;
      |                    [01;31m[K~~~~~~~~~~~~~~~~~~~~~~~~~~~~~~~~~~~~~~~~~^~~~~~~~~~~~[m[K

In file included from [01m[K/usr/include/ignition/gazebo6/gz/sim/Model.hh:27[m[K,
                 from [01m[K/usr/include/ignition/gazebo6/ignition/gazebo/Model.hh:18[m[K,
                 from [01m[K/home/nam/Lekiwi_ws/src/three_omni_plugin/src/three_omni_plugin.cpp:1[m[K:
[01m[K/usr/include/ignition/gazebo6/gz/sim/EntityComponentManager.hh:279:56:[m[K [01;36m[Knote: [m[Kcandidate: ‘[01m[Ktemplate<class ComponentTypeT> const ComponentTypeT* ignition::gazebo::v6::EntityComponentManager::Component(const ComponentKey&) const[m[K’
  279 |               const ComponentTypeT IGN_DEPRECATED(6) * [01;36m[KComponent[m[K(
      |                                                        [01;36m[K^~~~~~~~~[m[K
[01m[K/usr/include/ignition/gazebo6/gz/sim/EntityComponentManager.hh:279:56:[m[K [01;36m[Knote: [m[K  template argument deduction/substitution failed:
[01m[K/home/nam/Lekiwi_ws/src/three_omni_plugin/src/three_omni_plugin.cpp:189:71:[m[K [01;31m[Kerror: [m[Ktemplate argument 1 is invalid
  189 |   double w1_pose = [01;31m[K_ecm.Component<components::JointPosition>(joints_[1])[m[K ? _ecm.Component<components::JointPosition>(joints_[1])->Data()[0] : 0.0;
      |                    [01;31m[K~~~~~~~~~~~~~~~~~~~~~~~~~~~~~~~~~~~~~~~~~^~~~~~~~~~~~[m[K

In file included from [01m[K/usr/include/ignition/gazebo6/gz/sim/Model.hh:27[m[K,
                 from [01m[K/usr/include/ignition/gazebo6/ignition/gazebo/Model.hh:18[m[K,
                 from [01m[K/home/nam/Lekiwi_ws/src/three_omni_plugin/src/three_omni_plugin.cpp:1[m[K:
[01m[K/usr/include/ignition/gazebo6/gz/sim/EntityComponentManager.hh:287:50:[m[K [01;36m[Knote: [m[Kcandidate: ‘[01m[Ktemplate<class ComponentTypeT> ComponentTypeT* ignition::gazebo::v6::EntityComponentManager::Component(const ComponentKey&)[m[K’
  287 |               ComponentTypeT IGN_DEPRECATED(6) * [01;36m[KComponent[m[K(
      |                                                  [01;36m[K^~~~~~~~~[m[K
[01m[K/usr/include/ignition/gazebo6/gz/sim/EntityComponentManager.hh:287:50:[m[K [01;36m[Knote: [m[K  template argument deduction/substitution failed:
[01m[K/home/nam/Lekiwi_ws/src/three_omni_plugin/src/three_omni_plugin.cpp:189:71:[m[K [01;31m[Kerror: [m[Ktemplate argument 1 is invalid
  189 |   double w1_pose = [01;31m[K_ecm.Component<components::JointPosition>(joints_[1])[m[K ? _ecm.Component<components::JointPosition>(joints_[1])->Data()[0] : 0.0;
      |                    [01;31m[K~~~~~~~~~~~~~~~~~~~~~~~~~~~~~~~~~~~~~~~~~^~~~~~~~~~~~[m[K

[01m[K/home/nam/Lekiwi_ws/src/three_omni_plugin/src/three_omni_plugin.cpp:189:113:[m[K [01;31m[Kerror: [m[K‘[01m[KJointPosition[m[K’ is not a member of ‘[01m[Kignition::gazebo::v6::components[m[K’
  189 | ts::JointPosition>(joints_[1]) ? _ecm.Component<components::[01;31m[KJointPosition[m[K>(joints_[1])->Data()[0] : 0.0;
      |                                                             [01;31m[K^~~~~~~~~~~~~[m[K

[01m[K/home/nam/Lekiwi_ws/src/three_omni_plugin/src/three_omni_plugin.cpp:189:127:[m[K [01;31m[Kerror: [m[Kno matching function for call to ‘[01m[Kignition::gazebo::v6::EntityComponentManager::Component<<expression error> >(__gnu_cxx::__alloc_traits<std::allocator<long unsigned int>, long unsigned int>::value_type&)[m[K’
  189 | ion>(joints_[1]) ? [01;31m[K_ecm.Component<components::JointPosition>(joints_[1])[m[K->Data()[0] : 0.0;
      |                    [01;31m[K~~~~~~~~~~~~~~~~~~~~~~~~~~~~~~~~~~~~~~~~~^~~~~~~~~~~~[m[K

In file included from [01m[K/usr/include/ignition/gazebo6/gz/sim/Model.hh:27[m[K,
                 from [01m[K/usr/include/ignition/gazebo6/ignition/gazebo/Model.hh:18[m[K,
                 from [01m[K/home/nam/Lekiwi_ws/src/three_omni_plugin/src/three_omni_plugin.cpp:1[m[K:
[01m[K/usr/include/ignition/gazebo6/gz/sim/EntityComponentManager.hh:264:37:[m[K [01;36m[Knote: [m[Kcandidate: ‘[01m[Ktemplate<class ComponentTypeT> const ComponentTypeT* ignition::gazebo::v6::EntityComponentManager::Component(ignition::gazebo::v6::Entity) const[m[K’
  264 |               const ComponentTypeT *[01;36m[KComponent[m[K(const Entity _entity) const;
      |                                     [01;36m[K^~~~~~~~~[m[K
[01m[K/usr/include/ignition/gazebo6/gz/sim/EntityComponentManager.hh:264:37:[m[K [01;36m[Knote: [m[K  template argument deduction/substitution failed:
[01m[K/home/nam/Lekiwi_ws/src/three_omni_plugin/src/three_omni_plugin.cpp:189:127:[m[K [01;31m[Kerror: [m[Ktemplate argument 1 is invalid
  189 | ion>(joints_[1]) ? [01;31m[K_ecm.Component<components::JointPosition>(joints_[1])[m[K->Data()[0] : 0.0;
      |                    [01;31m[K~~~~~~~~~~~~~~~~~~~~~~~~~~~~~~~~~~~~~~~~~^~~~~~~~~~~~[m[K

In file included from [01m[K/usr/include/ignition/gazebo6/gz/sim/EntityComponentManager.hh:851[m[K,
                 from [01m[K/usr/include/ignition/gazebo6/gz/sim/Model.hh:27[m[K,
                 from [01m[K/usr/include/ignition/gazebo6/ignition/gazebo/Model.hh:18[m[K,
                 from [01m[K/home/nam/Lekiwi_ws/src/three_omni_plugin/src/three_omni_plugin.cpp:1[m[K:
[01m[K/usr/include/ignition/gazebo6/gz/sim/detail/EntityComponentManager.hh:128:17:[m[K [01;36m[Knote: [m[Kcandidate: ‘[01m[Ktemplate<class ComponentTypeT> ComponentTypeT* ignition::gazebo::v6::EntityComponentManager::Component(ignition::gazebo::v6::Entity)[m[K’
  128 | ComponentTypeT *[01;36m[KEntityComponentManager[m[K::Component(const Entity _entity)
      |                 [01;36m[K^~~~~~~~~~~~~~~~~~~~~~[m[K
[01m[K/usr/include/ignition/gazebo6/gz/sim/detail/EntityComponentManager.hh:128:17:[m[K [01;36m[Knote: [m[K  template argument deduction/substitution failed:
[01m[K/home/nam/Lekiwi_ws/src/three_omni_plugin/src/three_omni_plugin.cpp:189:127:[m[K [01;31m[Kerror: [m[Ktemplate argument 1 is invalid
  189 | ion>(joints_[1]) ? [01;31m[K_ecm.Component<components::JointPosition>(joints_[1])[m[K->Data()[0] : 0.0;
      |                    [01;31m[K~~~~~~~~~~~~~~~~~~~~~~~~~~~~~~~~~~~~~~~~~^~~~~~~~~~~~[m[K

In file included from [01m[K/usr/include/ignition/gazebo6/gz/sim/Model.hh:27[m[K,
                 from [01m[K/usr/include/ignition/gazebo6/ignition/gazebo/Model.hh:18[m[K,
                 from [01m[K/home/nam/Lekiwi_ws/src/three_omni_plugin/src/three_omni_plugin.cpp:1[m[K:
[01m[K/usr/include/ignition/gazebo6/gz/sim/EntityComponentManager.hh:279:56:[m[K [01;36m[Knote: [m[Kcandidate: ‘[01m[Ktemplate<class ComponentTypeT> const ComponentTypeT* ignition::gazebo::v6::EntityComponentManager::Component(const ComponentKey&) const[m[K’
  279 |               const ComponentTypeT IGN_DEPRECATED(6) * [01;36m[KComponent[m[K(
      |                                                        [01;36m[K^~~~~~~~~[m[K
[01m[K/usr/include/ignition/gazebo6/gz/sim/EntityComponentManager.hh:279:56:[m[K [01;36m[Knote: [m[K  template argument deduction/substitution failed:
[01m[K/home/nam/Lekiwi_ws/src/three_omni_plugin/src/three_omni_plugin.cpp:189:127:[m[K [01;31m[Kerror: [m[Ktemplate argument 1 is invalid
  189 | ion>(joints_[1]) ? [01;31m[K_ecm.Component<components::JointPosition>(joints_[1])[m[K->Data()[0] : 0.0;
      |                    [01;31m[K~~~~~~~~~~~~~~~~~~~~~~~~~~~~~~~~~~~~~~~~~^~~~~~~~~~~~[m[K

In file included from [01m[K/usr/include/ignition/gazebo6/gz/sim/Model.hh:27[m[K,
                 from [01m[K/usr/include/ignition/gazebo6/ignition/gazebo/Model.hh:18[m[K,
                 from [01m[K/home/nam/Lekiwi_ws/src/three_omni_plugin/src/three_omni_plugin.cpp:1[m[K:
[01m[K/usr/include/ignition/gazebo6/gz/sim/EntityComponentManager.hh:287:50:[m[K [01;36m[Knote: [m[Kcandidate: ‘[01m[Ktemplate<class ComponentTypeT> ComponentTypeT* ignition::gazebo::v6::EntityComponentManager::Component(const ComponentKey&)[m[K’
  287 |               ComponentTypeT IGN_DEPRECATED(6) * [01;36m[KComponent[m[K(
      |                                                  [01;36m[K^~~~~~~~~[m[K
[01m[K/usr/include/ignition/gazebo6/gz/sim/EntityComponentManager.hh:287:50:[m[K [01;36m[Knote: [m[K  template argument deduction/substitution failed:
[01m[K/home/nam/Lekiwi_ws/src/three_omni_plugin/src/three_omni_plugin.cpp:189:127:[m[K [01;31m[Kerror: [m[Ktemplate argument 1 is invalid
  189 | ion>(joints_[1]) ? [01;31m[K_ecm.Component<components::JointPosition>(joints_[1])[m[K->Data()[0] : 0.0;
      |                    [01;31m[K~~~~~~~~~~~~~~~~~~~~~~~~~~~~~~~~~~~~~~~~~^~~~~~~~~~~~[m[K

[01m[K/home/nam/Lekiwi_ws/src/three_omni_plugin/src/three_omni_plugin.cpp:190:57:[m[K [01;31m[Kerror: [m[K‘[01m[KJointPosition[m[K’ is not a member of ‘[01m[Kignition::gazebo::v6::components[m[K’
  190 |             double w2_pose = _ecm.Component<components::[01;31m[KJointPosition[m[K>(joints_[2]) ? _ecm.Component<components::JointPosition>(joints_[2])->Data()[0] : 0.0;
      |                                                         [01;31m[K^~~~~~~~~~~~~[m[K
[01m[K/home/nam/Lekiwi_ws/src/three_omni_plugin/src/three_omni_plugin.cpp:190:71:[m[K [01;31m[Kerror: [m[Kno matching function for call to ‘[01m[Kignition::gazebo::v6::EntityComponentManager::Component<<expression error> >(__gnu_cxx::__alloc_traits<std::allocator<long unsigned int>, long unsigned int>::value_type&)[m[K’
  190 |   double w2_pose = [01;31m[K_ecm.Component<components::JointPosition>(joints_[2])[m[K ? _ecm.Component<components::JointPosition>(joints_[2])->Data()[0] : 0.0;
      |                    [01;31m[K~~~~~~~~~~~~~~~~~~~~~~~~~~~~~~~~~~~~~~~~~^~~~~~~~~~~~[m[K

In file included from [01m[K/usr/include/ignition/gazebo6/gz/sim/Model.hh:27[m[K,
                 from [01m[K/usr/include/ignition/gazebo6/ignition/gazebo/Model.hh:18[m[K,
                 from [01m[K/home/nam/Lekiwi_ws/src/three_omni_plugin/src/three_omni_plugin.cpp:1[m[K:
[01m[K/usr/include/ignition/gazebo6/gz/sim/EntityComponentManager.hh:264:37:[m[K [01;36m[Knote: [m[Kcandidate: ‘[01m[Ktemplate<class ComponentTypeT> const ComponentTypeT* ignition::gazebo::v6::EntityComponentManager::Component(ignition::gazebo::v6::Entity) const[m[K’
  264 |               const ComponentTypeT *[01;36m[KComponent[m[K(const Entity _entity) const;
      |                                     [01;36m[K^~~~~~~~~[m[K
[01m[K/usr/include/ignition/gazebo6/gz/sim/EntityComponentManager.hh:264:37:[m[K [01;36m[Knote: [m[K  template argument deduction/substitution failed:
[01m[K/home/nam/Lekiwi_ws/src/three_omni_plugin/src/three_omni_plugin.cpp:190:71:[m[K [01;31m[Kerror: [m[Ktemplate argument 1 is invalid
  190 |   double w2_pose = [01;31m[K_ecm.Component<components::JointPosition>(joints_[2])[m[K ? _ecm.Component<components::JointPosition>(joints_[2])->Data()[0] : 0.0;
      |                    [01;31m[K~~~~~~~~~~~~~~~~~~~~~~~~~~~~~~~~~~~~~~~~~^~~~~~~~~~~~[m[K

In file included from [01m[K/usr/include/ignition/gazebo6/gz/sim/EntityComponentManager.hh:851[m[K,
                 from [01m[K/usr/include/ignition/gazebo6/gz/sim/Model.hh:27[m[K,
                 from [01m[K/usr/include/ignition/gazebo6/ignition/gazebo/Model.hh:18[m[K,
                 from [01m[K/home/nam/Lekiwi_ws/src/three_omni_plugin/src/three_omni_plugin.cpp:1[m[K:
[01m[K/usr/include/ignition/gazebo6/gz/sim/detail/EntityComponentManager.hh:128:17:[m[K [01;36m[Knote: [m[Kcandidate: ‘[01m[Ktemplate<class ComponentTypeT> ComponentTypeT* ignition::gazebo::v6::EntityComponentManager::Component(ignition::gazebo::v6::Entity)[m[K’
  128 | ComponentTypeT *[01;36m[KEntityComponentManager[m[K::Component(const Entity _entity)
      |                 [01;36m[K^~~~~~~~~~~~~~~~~~~~~~[m[K
[01m[K/usr/include/ignition/gazebo6/gz/sim/detail/EntityComponentManager.hh:128:17:[m[K [01;36m[Knote: [m[K  template argument deduction/substitution failed:
[01m[K/home/nam/Lekiwi_ws/src/three_omni_plugin/src/three_omni_plugin.cpp:190:71:[m[K [01;31m[Kerror: [m[Ktemplate argument 1 is invalid
  190 |   double w2_pose = [01;31m[K_ecm.Component<components::JointPosition>(joints_[2])[m[K ? _ecm.Component<components::JointPosition>(joints_[2])->Data()[0] : 0.0;
      |                    [01;31m[K~~~~~~~~~~~~~~~~~~~~~~~~~~~~~~~~~~~~~~~~~^~~~~~~~~~~~[m[K

In file included from [01m[K/usr/include/ignition/gazebo6/gz/sim/Model.hh:27[m[K,
                 from [01m[K/usr/include/ignition/gazebo6/ignition/gazebo/Model.hh:18[m[K,
                 from [01m[K/home/nam/Lekiwi_ws/src/three_omni_plugin/src/three_omni_plugin.cpp:1[m[K:
[01m[K/usr/include/ignition/gazebo6/gz/sim/EntityComponentManager.hh:279:56:[m[K [01;36m[Knote: [m[Kcandidate: ‘[01m[Ktemplate<class ComponentTypeT> const ComponentTypeT* ignition::gazebo::v6::EntityComponentManager::Component(const ComponentKey&) const[m[K’
  279 |               const ComponentTypeT IGN_DEPRECATED(6) * [01;36m[KComponent[m[K(
      |                                                        [01;36m[K^~~~~~~~~[m[K
[01m[K/usr/include/ignition/gazebo6/gz/sim/EntityComponentManager.hh:279:56:[m[K [01;36m[Knote: [m[K  template argument deduction/substitution failed:
[01m[K/home/nam/Lekiwi_ws/src/three_omni_plugin/src/three_omni_plugin.cpp:190:71:[m[K [01;31m[Kerror: [m[Ktemplate argument 1 is invalid
  190 |   double w2_pose = [01;31m[K_ecm.Component<components::JointPosition>(joints_[2])[m[K ? _ecm.Component<components::JointPosition>(joints_[2])->Data()[0] : 0.0;
      |                    [01;31m[K~~~~~~~~~~~~~~~~~~~~~~~~~~~~~~~~~~~~~~~~~^~~~~~~~~~~~[m[K

In file included from [01m[K/usr/include/ignition/gazebo6/gz/sim/Model.hh:27[m[K,
                 from [01m[K/usr/include/ignition/gazebo6/ignition/gazebo/Model.hh:18[m[K,
                 from [01m[K/home/nam/Lekiwi_ws/src/three_omni_plugin/src/three_omni_plugin.cpp:1[m[K:
[01m[K/usr/include/ignition/gazebo6/gz/sim/EntityComponentManager.hh:287:50:[m[K [01;36m[Knote: [m[Kcandidate: ‘[01m[Ktemplate<class ComponentTypeT> ComponentTypeT* ignition::gazebo::v6::EntityComponentManager::Component(const ComponentKey&)[m[K’
  287 |               ComponentTypeT IGN_DEPRECATED(6) * [01;36m[KComponent[m[K(
      |                                                  [01;36m[K^~~~~~~~~[m[K
[01m[K/usr/include/ignition/gazebo6/gz/sim/EntityComponentManager.hh:287:50:[m[K [01;36m[Knote: [m[K  template argument deduction/substitution failed:
[01m[K/home/nam/Lekiwi_ws/src/three_omni_plugin/src/three_omni_plugin.cpp:190:71:[m[K [01;31m[Kerror: [m[Ktemplate argument 1 is invalid
  190 |   double w2_pose = [01;31m[K_ecm.Component<components::JointPosition>(joints_[2])[m[K ? _ecm.Component<components::JointPosition>(joints_[2])->Data()[0] : 0.0;
      |                    [01;31m[K~~~~~~~~~~~~~~~~~~~~~~~~~~~~~~~~~~~~~~~~~^~~~~~~~~~~~[m[K

[01m[K/home/nam/Lekiwi_ws/src/three_omni_plugin/src/three_omni_plugin.cpp:190:113:[m[K [01;31m[Kerror: [m[K‘[01m[KJointPosition[m[K’ is not a member of ‘[01m[Kignition::gazebo::v6::components[m[K’
  190 | ts::JointPosition>(joints_[2]) ? _ecm.Component<components::[01;31m[KJointPosition[m[K>(joints_[2])->Data()[0] : 0.0;
      |                                                             [01;31m[K^~~~~~~~~~~~~[m[K

[01m[K/home/nam/Lekiwi_ws/src/three_omni_plugin/src/three_omni_plugin.cpp:190:127:[m[K [01;31m[Kerror: [m[Kno matching function for call to ‘[01m[Kignition::gazebo::v6::EntityComponentManager::Component<<expression error> >(__gnu_cxx::__alloc_traits<std::allocator<long unsigned int>, long unsigned int>::value_type&)[m[K’
  190 | ion>(joints_[2]) ? [01;31m[K_ecm.Component<components::JointPosition>(joints_[2])[m[K->Data()[0] : 0.0;
      |                    [01;31m[K~~~~~~~~~~~~~~~~~~~~~~~~~~~~~~~~~~~~~~~~~^~~~~~~~~~~~[m[K

In file included from [01m[K/usr/include/ignition/gazebo6/gz/sim/Model.hh:27[m[K,
                 from [01m[K/usr/include/ignition/gazebo6/ignition/gazebo/Model.hh:18[m[K,
                 from [01m[K/home/nam/Lekiwi_ws/src/three_omni_plugin/src/three_omni_plugin.cpp:1[m[K:
[01m[K/usr/include/ignition/gazebo6/gz/sim/EntityComponentManager.hh:264:37:[m[K [01;36m[Knote: [m[Kcandidate: ‘[01m[Ktemplate<class ComponentTypeT> const ComponentTypeT* ignition::gazebo::v6::EntityComponentManager::Component(ignition::gazebo::v6::Entity) const[m[K’
  264 |               const ComponentTypeT *[01;36m[KComponent[m[K(const Entity _entity) const;
      |                                     [01;36m[K^~~~~~~~~[m[K
[01m[K/usr/include/ignition/gazebo6/gz/sim/EntityComponentManager.hh:264:37:[m[K [01;36m[Knote: [m[K  template argument deduction/substitution failed:
[01m[K/home/nam/Lekiwi_ws/src/three_omni_plugin/src/three_omni_plugin.cpp:190:127:[m[K [01;31m[Kerror: [m[Ktemplate argument 1 is invalid
  190 | ion>(joints_[2]) ? [01;31m[K_ecm.Component<components::JointPosition>(joints_[2])[m[K->Data()[0] : 0.0;
      |                    [01;31m[K~~~~~~~~~~~~~~~~~~~~~~~~~~~~~~~~~~~~~~~~~^~~~~~~~~~~~[m[K

In file included from [01m[K/usr/include/ignition/gazebo6/gz/sim/EntityComponentManager.hh:851[m[K,
                 from [01m[K/usr/include/ignition/gazebo6/gz/sim/Model.hh:27[m[K,
                 from [01m[K/usr/include/ignition/gazebo6/ignition/gazebo/Model.hh:18[m[K,
                 from [01m[K/home/nam/Lekiwi_ws/src/three_omni_plugin/src/three_omni_plugin.cpp:1[m[K:
[01m[K/usr/include/ignition/gazebo6/gz/sim/detail/EntityComponentManager.hh:128:17:[m[K [01;36m[Knote: [m[Kcandidate: ‘[01m[Ktemplate<class ComponentTypeT> ComponentTypeT* ignition::gazebo::v6::EntityComponentManager::Component(ignition::gazebo::v6::Entity)[m[K’
  128 | ComponentTypeT *[01;36m[KEntityComponentManager[m[K::Component(const Entity _entity)
      |                 [01;36m[K^~~~~~~~~~~~~~~~~~~~~~[m[K
[01m[K/usr/include/ignition/gazebo6/gz/sim/detail/EntityComponentManager.hh:128:17:[m[K [01;36m[Knote: [m[K  template argument deduction/substitution failed:
[01m[K/home/nam/Lekiwi_ws/src/three_omni_plugin/src/three_omni_plugin.cpp:190:127:[m[K [01;31m[Kerror: [m[Ktemplate argument 1 is invalid
  190 | ion>(joints_[2]) ? [01;31m[K_ecm.Component<components::JointPosition>(joints_[2])[m[K->Data()[0] : 0.0;
      |                    [01;31m[K~~~~~~~~~~~~~~~~~~~~~~~~~~~~~~~~~~~~~~~~~^~~~~~~~~~~~[m[K

In file included from [01m[K/usr/include/ignition/gazebo6/gz/sim/Model.hh:27[m[K,
                 from [01m[K/usr/include/ignition/gazebo6/ignition/gazebo/Model.hh:18[m[K,
                 from [01m[K/home/nam/Lekiwi_ws/src/three_omni_plugin/src/three_omni_plugin.cpp:1[m[K:
[01m[K/usr/include/ignition/gazebo6/gz/sim/EntityComponentManager.hh:279:56:[m[K [01;36m[Knote: [m[Kcandidate: ‘[01m[Ktemplate<class ComponentTypeT> const ComponentTypeT* ignition::gazebo::v6::EntityComponentManager::Component(const ComponentKey&) const[m[K’
  279 |               const ComponentTypeT IGN_DEPRECATED(6) * [01;36m[KComponent[m[K(
      |                                                        [01;36m[K^~~~~~~~~[m[K
[01m[K/usr/include/ignition/gazebo6/gz/sim/EntityComponentManager.hh:279:56:[m[K [01;36m[Knote: [m[K  template argument deduction/substitution failed:
[01m[K/home/nam/Lekiwi_ws/src/three_omni_plugin/src/three_omni_plugin.cpp:190:127:[m[K [01;31m[Kerror: [m[Ktemplate argument 1 is invalid
  190 | ion>(joints_[2]) ? [01;31m[K_ecm.Component<components::JointPosition>(joints_[2])[m[K->Data()[0] : 0.0;
      |                    [01;31m[K~~~~~~~~~~~~~~~~~~~~~~~~~~~~~~~~~~~~~~~~~^~~~~~~~~~~~[m[K

In file included from [01m[K/usr/include/ignition/gazebo6/gz/sim/Model.hh:27[m[K,
                 from [01m[K/usr/include/ignition/gazebo6/ignition/gazebo/Model.hh:18[m[K,
                 from [01m[K/home/nam/Lekiwi_ws/src/three_omni_plugin/src/three_omni_plugin.cpp:1[m[K:
[01m[K/usr/include/ignition/gazebo6/gz/sim/EntityComponentManager.hh:287:50:[m[K [01;36m[Knote: [m[Kcandidate: ‘[01m[Ktemplate<class ComponentTypeT> ComponentTypeT* ignition::gazebo::v6::EntityComponentManager::Component(const ComponentKey&)[m[K’
  287 |               ComponentTypeT IGN_DEPRECATED(6) * [01;36m[KComponent[m[K(
      |                                                  [01;36m[K^~~~~~~~~[m[K
[01m[K/usr/include/ignition/gazebo6/gz/sim/EntityComponentManager.hh:287:50:[m[K [01;36m[Knote: [m[K  template argument deduction/substitution failed:
[01m[K/home/nam/Lekiwi_ws/src/three_omni_plugin/src/three_omni_plugin.cpp:190:127:[m[K [01;31m[Kerror: [m[Ktemplate argument 1 is invalid
  190 | ion>(joints_[2]) ? [01;31m[K_ecm.Component<components::JointPosition>(joints_[2])[m[K->Data()[0] : 0.0;
      |                    [01;31m[K~~~~~~~~~~~~~~~~~~~~~~~~~~~~~~~~~~~~~~~~~^~~~~~~~~~~~[m[K

[01m[K/home/nam/Lekiwi_ws/src/three_omni_plugin/src/three_omni_plugin.cpp:204:33:[m[K [01;31m[Kerror: [m[K‘[01m[KTwistStamped[m[K’ is not a member of ‘[01m[Kgeometry_msgs::msg[m[K’; did you mean ‘[01m[KPointStamped[m[K’?
  204 |             geometry_msgs::msg::[01;31m[KTwistStamped[m[K wheel_speed;
      |                                 [01;31m[K^~~~~~~~~~~~[m[K
      |                                 [32m[KPointStamped[m[K
[01m[K/home/nam/Lekiwi_ws/src/three_omni_plugin/src/three_omni_plugin.cpp:205:13:[m[K [01;31m[Kerror: [m[K‘[01m[Kwheel_speed[m[K’ was not declared in this scope
  205 |             [01;31m[Kwheel_speed[m[K.header.stamp = node_->now();
      |             [01;31m[K^~~~~~~~~~~[m[K
[01m[K/home/nam/Lekiwi_ws/src/three_omni_plugin/src/three_omni_plugin.cpp:209:13:[m[K [01;31m[Kerror: [m[K‘[01m[Kpub_wheels_[m[K’ was not declared in this scope
  209 |             [01;31m[Kpub_wheels_[m[K->publish(wheel_speed);
      |             [01;31m[K^~~~~~~~~~~[m[K
[01m[K/home/nam/Lekiwi_ws/src/three_omni_plugin/src/three_omni_plugin.cpp:[m[K In member function ‘[01m[Kvoid ignition::gazebo::systems::ThreeOmniPlugin::odomPublisher(double, double, ignition::gazebo::v6::EntityComponentManager&)[m[K’:
[01m[K/home/nam/Lekiwi_ws/src/three_omni_plugin/src/three_omni_plugin.cpp:259:58:[m[K [01;31m[Kerror: [m[Krequest for member ‘[01m[KWorldPose[m[K’ in ‘[01m[K((ignition::gazebo::systems::ThreeOmniPlugin*)this)->ignition::gazebo::systems::ThreeOmniPlugin::model_.ignition::gazebo::v6::Model::LinkByName((*(const ignition::gazebo::v6::EntityComponentManager*)(& _ecm)), std::__cxx11::basic_string<char>(((const char*)"base_link"), std::allocator<char>()))[m[K’, which is of non-class type ‘[01m[Kignition::gazebo::v6::Entity[m[K’ {aka ‘[01m[Klong unsigned int[m[K’}
  259 |         auto pose = model_.LinkByName(_ecm, "base_link").[01;31m[KWorldPose[m[K(_ecm);
      |                                                          [01;31m[K^~~~~~~~~[m[K
[01m[K/home/nam/Lekiwi_ws/src/three_omni_plugin/src/three_omni_plugin.cpp:[m[K In member function ‘[01m[Kvoid ignition::gazebo::systems::ThreeOmniPlugin::publishJointStates(ignition::gazebo::v6::EntityComponentManager&)[m[K’:
[01m[K/home/nam/Lekiwi_ws/src/three_omni_plugin/src/three_omni_plugin.cpp:372:58:[m[K [01;31m[Kerror: [m[K‘[01m[KJointPosition[m[K’ is not a member of ‘[01m[Kignition::gazebo::v6::components[m[K’
  372 |             double position = _ecm.Component<components::[01;31m[KJointPosition[m[K>(joint) ? _ecm.Component<components::JointPosition>(joint)->Data()[0] : 0.0;
      |                                                          [01;31m[K^~~~~~~~~~~~~[m[K
[01m[K/home/nam/Lekiwi_ws/src/three_omni_plugin/src/three_omni_plugin.cpp:372:72:[m[K [01;31m[Kerror: [m[Kno matching function for call to ‘[01m[Kignition::gazebo::v6::EntityComponentManager::Component<<expression error> >(long unsigned int&)[m[K’
  372 |  double position = [01;31m[K_ecm.Component<components::JointPosition>(joint)[m[K ? _ecm.Component<components::JointPosition>(joint)->Data()[0] : 0.0;
      |                    [01;31m[K~~~~~~~~~~~~~~~~~~~~~~~~~~~~~~~~~~~~~~~~~^~~~~~~[m[K

In file included from [01m[K/usr/include/ignition/gazebo6/gz/sim/Model.hh:27[m[K,
                 from [01m[K/usr/include/ignition/gazebo6/ignition/gazebo/Model.hh:18[m[K,
                 from [01m[K/home/nam/Lekiwi_ws/src/three_omni_plugin/src/three_omni_plugin.cpp:1[m[K:
[01m[K/usr/include/ignition/gazebo6/gz/sim/EntityComponentManager.hh:264:37:[m[K [01;36m[Knote: [m[Kcandidate: ‘[01m[Ktemplate<class ComponentTypeT> const ComponentTypeT* ignition::gazebo::v6::EntityComponentManager::Component(ignition::gazebo::v6::Entity) const[m[K’
  264 |               const ComponentTypeT *[01;36m[KComponent[m[K(const Entity _entity) const;
      |                                     [01;36m[K^~~~~~~~~[m[K
[01m[K/usr/include/ignition/gazebo6/gz/sim/EntityComponentManager.hh:264:37:[m[K [01;36m[Knote: [m[K  template argument deduction/substitution failed:
[01m[K/home/nam/Lekiwi_ws/src/three_omni_plugin/src/three_omni_plugin.cpp:372:72:[m[K [01;31m[Kerror: [m[Ktemplate argument 1 is invalid
  372 |  double position = [01;31m[K_ecm.Component<components::JointPosition>(joint)[m[K ? _ecm.Component<components::JointPosition>(joint)->Data()[0] : 0.0;
      |                    [01;31m[K~~~~~~~~~~~~~~~~~~~~~~~~~~~~~~~~~~~~~~~~~^~~~~~~[m[K

In file included from [01m[K/usr/include/ignition/gazebo6/gz/sim/EntityComponentManager.hh:851[m[K,
                 from [01m[K/usr/include/ignition/gazebo6/gz/sim/Model.hh:27[m[K,
                 from [01m[K/usr/include/ignition/gazebo6/ignition/gazebo/Model.hh:18[m[K,
                 from [01m[K/home/nam/Lekiwi_ws/src/three_omni_plugin/src/three_omni_plugin.cpp:1[m[K:
[01m[K/usr/include/ignition/gazebo6/gz/sim/detail/EntityComponentManager.hh:128:17:[m[K [01;36m[Knote: [m[Kcandidate: ‘[01m[Ktemplate<class ComponentTypeT> ComponentTypeT* ignition::gazebo::v6::EntityComponentManager::Component(ignition::gazebo::v6::Entity)[m[K’
  128 | ComponentTypeT *[01;36m[KEntityComponentManager[m[K::Component(const Entity _entity)
      |                 [01;36m[K^~~~~~~~~~~~~~~~~~~~~~[m[K
[01m[K/usr/include/ignition/gazebo6/gz/sim/detail/EntityComponentManager.hh:128:17:[m[K [01;36m[Knote: [m[K  template argument deduction/substitution failed:
[01m[K/home/nam/Lekiwi_ws/src/three_omni_plugin/src/three_omni_plugin.cpp:372:72:[m[K [01;31m[Kerror: [m[Ktemplate argument 1 is invalid
  372 |  double position = [01;31m[K_ecm.Component<components::JointPosition>(joint)[m[K ? _ecm.Component<components::JointPosition>(joint)->Data()[0] : 0.0;
      |                    [01;31m[K~~~~~~~~~~~~~~~~~~~~~~~~~~~~~~~~~~~~~~~~~^~~~~~~[m[K

In file included from [01m[K/usr/include/ignition/gazebo6/gz/sim/Model.hh:27[m[K,
                 from [01m[K/usr/include/ignition/gazebo6/ignition/gazebo/Model.hh:18[m[K,
                 from [01m[K/home/nam/Lekiwi_ws/src/three_omni_plugin/src/three_omni_plugin.cpp:1[m[K:
[01m[K/usr/include/ignition/gazebo6/gz/sim/EntityComponentManager.hh:279:56:[m[K [01;36m[Knote: [m[Kcandidate: ‘[01m[Ktemplate<class ComponentTypeT> const ComponentTypeT* ignition::gazebo::v6::EntityComponentManager::Component(const ComponentKey&) const[m[K’
  279 |               const ComponentTypeT IGN_DEPRECATED(6) * [01;36m[KComponent[m[K(
      |                                                        [01;36m[K^~~~~~~~~[m[K
[01m[K/usr/include/ignition/gazebo6/gz/sim/EntityComponentManager.hh:279:56:[m[K [01;36m[Knote: [m[K  template argument deduction/substitution failed:
[01m[K/home/nam/Lekiwi_ws/src/three_omni_plugin/src/three_omni_plugin.cpp:372:72:[m[K [01;31m[Kerror: [m[Ktemplate argument 1 is invalid
  372 |  double position = [01;31m[K_ecm.Component<components::JointPosition>(joint)[m[K ? _ecm.Component<components::JointPosition>(joint)->Data()[0] : 0.0;
      |                    [01;31m[K~~~~~~~~~~~~~~~~~~~~~~~~~~~~~~~~~~~~~~~~~^~~~~~~[m[K

In file included from [01m[K/usr/include/ignition/gazebo6/gz/sim/Model.hh:27[m[K,
                 from [01m[K/usr/include/ignition/gazebo6/ignition/gazebo/Model.hh:18[m[K,
                 from [01m[K/home/nam/Lekiwi_ws/src/three_omni_plugin/src/three_omni_plugin.cpp:1[m[K:
[01m[K/usr/include/ignition/gazebo6/gz/sim/EntityComponentManager.hh:287:50:[m[K [01;36m[Knote: [m[Kcandidate: ‘[01m[Ktemplate<class ComponentTypeT> ComponentTypeT* ignition::gazebo::v6::EntityComponentManager::Component(const ComponentKey&)[m[K’
  287 |               ComponentTypeT IGN_DEPRECATED(6) * [01;36m[KComponent[m[K(
      |                                                  [01;36m[K^~~~~~~~~[m[K
[01m[K/usr/include/ignition/gazebo6/gz/sim/EntityComponentManager.hh:287:50:[m[K [01;36m[Knote: [m[K  template argument deduction/substitution failed:
[01m[K/home/nam/Lekiwi_ws/src/three_omni_plugin/src/three_omni_plugin.cpp:372:72:[m[K [01;31m[Kerror: [m[Ktemplate argument 1 is invalid
  372 |  double position = [01;31m[K_ecm.Component<components::JointPosition>(joint)[m[K ? _ecm.Component<components::JointPosition>(joint)->Data()[0] : 0.0;
      |                    [01;31m[K~~~~~~~~~~~~~~~~~~~~~~~~~~~~~~~~~~~~~~~~~^~~~~~~[m[K

[01m[K/home/nam/Lekiwi_ws/src/three_omni_plugin/src/three_omni_plugin.cpp:372:109:[m[K [01;31m[Kerror: [m[K‘[01m[KJointPosition[m[K’ is not a member of ‘[01m[Kignition::gazebo::v6::components[m[K’
  372 | ponents::JointPosition>(joint) ? _ecm.Component<components::[01;31m[KJointPosition[m[K>(joint)->Data()[0] : 0.0;
      |                                                             [01;31m[K^~~~~~~~~~~~~[m[K

[01m[K/home/nam/Lekiwi_ws/src/three_omni_plugin/src/three_omni_plugin.cpp:372:123:[m[K [01;31m[Kerror: [m[Kno matching function for call to ‘[01m[Kignition::gazebo::v6::EntityComponentManager::Component<<expression error> >(long unsigned int&)[m[K’
  372 | Position>(joint) ? [01;31m[K_ecm.Component<components::JointPosition>(joint)[m[K->Data()[0] : 0.0;
      |                    [01;31m[K~~~~~~~~~~~~~~~~~~~~~~~~~~~~~~~~~~~~~~~~~^~~~~~~[m[K

In file included from [01m[K/usr/include/ignition/gazebo6/gz/sim/Model.hh:27[m[K,
                 from [01m[K/usr/include/ignition/gazebo6/ignition/gazebo/Model.hh:18[m[K,
                 from [01m[K/home/nam/Lekiwi_ws/src/three_omni_plugin/src/three_omni_plugin.cpp:1[m[K:
[01m[K/usr/include/ignition/gazebo6/gz/sim/EntityComponentManager.hh:264:37:[m[K [01;36m[Knote: [m[Kcandidate: ‘[01m[Ktemplate<class ComponentTypeT> const ComponentTypeT* ignition::gazebo::v6::EntityComponentManager::Component(ignition::gazebo::v6::Entity) const[m[K’
  264 |               const ComponentTypeT *[01;36m[KComponent[m[K(const Entity _entity) const;
      |                                     [01;36m[K^~~~~~~~~[m[K
[01m[K/usr/include/ignition/gazebo6/gz/sim/EntityComponentManager.hh:264:37:[m[K [01;36m[Knote: [m[K  template argument deduction/substitution failed:
[01m[K/home/nam/Lekiwi_ws/src/three_omni_plugin/src/three_omni_plugin.cpp:372:123:[m[K [01;31m[Kerror: [m[Ktemplate argument 1 is invalid
  372 | Position>(joint) ? [01;31m[K_ecm.Component<components::JointPosition>(joint)[m[K->Data()[0] : 0.0;
      |                    [01;31m[K~~~~~~~~~~~~~~~~~~~~~~~~~~~~~~~~~~~~~~~~~^~~~~~~[m[K

In file included from [01m[K/usr/include/ignition/gazebo6/gz/sim/EntityComponentManager.hh:851[m[K,
                 from [01m[K/usr/include/ignition/gazebo6/gz/sim/Model.hh:27[m[K,
                 from [01m[K/usr/include/ignition/gazebo6/ignition/gazebo/Model.hh:18[m[K,
                 from [01m[K/home/nam/Lekiwi_ws/src/three_omni_plugin/src/three_omni_plugin.cpp:1[m[K:
[01m[K/usr/include/ignition/gazebo6/gz/sim/detail/EntityComponentManager.hh:128:17:[m[K [01;36m[Knote: [m[Kcandidate: ‘[01m[Ktemplate<class ComponentTypeT> ComponentTypeT* ignition::gazebo::v6::EntityComponentManager::Component(ignition::gazebo::v6::Entity)[m[K’
  128 | ComponentTypeT *[01;36m[KEntityComponentManager[m[K::Component(const Entity _entity)
      |                 [01;36m[K^~~~~~~~~~~~~~~~~~~~~~[m[K
[01m[K/usr/include/ignition/gazebo6/gz/sim/detail/EntityComponentManager.hh:128:17:[m[K [01;36m[Knote: [m[K  template argument deduction/substitution failed:
[01m[K/home/nam/Lekiwi_ws/src/three_omni_plugin/src/three_omni_plugin.cpp:372:123:[m[K [01;31m[Kerror: [m[Ktemplate argument 1 is invalid
  372 | Position>(joint) ? [01;31m[K_ecm.Component<components::JointPosition>(joint)[m[K->Data()[0] : 0.0;
      |                    [01;31m[K~~~~~~~~~~~~~~~~~~~~~~~~~~~~~~~~~~~~~~~~~^~~~~~~[m[K

In file included from [01m[K/usr/include/ignition/gazebo6/gz/sim/Model.hh:27[m[K,
                 from [01m[K/usr/include/ignition/gazebo6/ignition/gazebo/Model.hh:18[m[K,
                 from [01m[K/home/nam/Lekiwi_ws/src/three_omni_plugin/src/three_omni_plugin.cpp:1[m[K:
[01m[K/usr/include/ignition/gazebo6/gz/sim/EntityComponentManager.hh:279:56:[m[K [01;36m[Knote: [m[Kcandidate: ‘[01m[Ktemplate<class ComponentTypeT> const ComponentTypeT* ignition::gazebo::v6::EntityComponentManager::Component(const ComponentKey&) const[m[K’
  279 |               const ComponentTypeT IGN_DEPRECATED(6) * [01;36m[KComponent[m[K(
      |                                                        [01;36m[K^~~~~~~~~[m[K
[01m[K/usr/include/ignition/gazebo6/gz/sim/EntityComponentManager.hh:279:56:[m[K [01;36m[Knote: [m[K  template argument deduction/substitution failed:
[01m[K/home/nam/Lekiwi_ws/src/three_omni_plugin/src/three_omni_plugin.cpp:372:123:[m[K [01;31m[Kerror: [m[Ktemplate argument 1 is invalid
  372 | Position>(joint) ? [01;31m[K_ecm.Component<components::JointPosition>(joint)[m[K->Data()[0] : 0.0;
      |                    [01;31m[K~~~~~~~~~~~~~~~~~~~~~~~~~~~~~~~~~~~~~~~~~^~~~~~~[m[K

In file included from [01m[K/usr/include/ignition/gazebo6/gz/sim/Model.hh:27[m[K,
                 from [01m[K/usr/include/ignition/gazebo6/ignition/gazebo/Model.hh:18[m[K,
                 from [01m[K/home/nam/Lekiwi_ws/src/three_omni_plugin/src/three_omni_plugin.cpp:1[m[K:
[01m[K/usr/include/ignition/gazebo6/gz/sim/EntityComponentManager.hh:287:50:[m[K [01;36m[Knote: [m[Kcandidate: ‘[01m[Ktemplate<class ComponentTypeT> ComponentTypeT* ignition::gazebo::v6::EntityComponentManager::Component(const ComponentKey&)[m[K’
  287 |               ComponentTypeT IGN_DEPRECATED(6) * [01;36m[KComponent[m[K(
      |                                                  [01;36m[K^~~~~~~~~[m[K
[01m[K/usr/include/ignition/gazebo6/gz/sim/EntityComponentManager.hh:287:50:[m[K [01;36m[Knote: [m[K  template argument deduction/substitution failed:
[01m[K/home/nam/Lekiwi_ws/src/three_omni_plugin/src/three_omni_plugin.cpp:372:123:[m[K [01;31m[Kerror: [m[Ktemplate argument 1 is invalid
  372 | Position>(joint) ? [01;31m[K_ecm.Component<components::JointPosition>(joint)[m[K->Data()[0] : 0.0;
      |                    [01;31m[K~~~~~~~~~~~~~~~~~~~~~~~~~~~~~~~~~~~~~~~~~^~~~~~~[m[K

[01m[K/home/nam/Lekiwi_ws/src/three_omni_plugin/src/three_omni_plugin.cpp:374:42:[m[K [01;31m[Kerror: [m[K‘[01m[Kclass ignition::gazebo::v6::Model[m[K’ has no member named ‘[01m[KJointName[m[K’; did you mean ‘[01m[KJointByName[m[K’?
  374 |             joint_state.name[i] = model_.[01;31m[KJointName[m[K(_ecm, joint);
      |                                          [01;31m[K^~~~~~~~~[m[K
      |                                          [32m[KJointByName[m[K
In file included from [01m[K/usr/include/ignition/plugin1/gz/plugin/Register.hh:22[m[K,
                 from [01m[K/usr/include/ignition/plugin1/ignition/plugin/Register.hh:18[m[K,
                 from [01m[K/home/nam/Lekiwi_ws/src/three_omni_plugin/src/three_omni_plugin.cpp:5[m[K:
[01m[K/home/nam/Lekiwi_ws/src/three_omni_plugin/src/three_omni_plugin.cpp:[m[K In constructor ‘[01m[Kignition::plugin::{anonymous}::ExecuteWhenLoadingLibrary0::ExecuteWhenLoadingLibrary0()[m[K’:
[01m[K/home/nam/Lekiwi_ws/src/three_omni_plugin/src/three_omni_plugin.cpp:419:23:[m[K [01;31m[Kerror: [m[K‘[01m[KSystem[m[K’ is not a member of ‘[01m[Kignition::gazebo[m[K’; did you mean ‘[01m[Ksystems[m[K’?
  419 |     ignition::gazebo::[01;31m[KSystem[m[K,
      |                       [01;31m[K^~~~~~[m[K
[01m[K/home/nam/Lekiwi_ws/src/three_omni_plugin/src/three_omni_plugin.cpp:420:49:[m[K [01;31m[Kerror: [m[K‘[01m[KISystemConfigure[m[K’ is not a member of ‘[01m[Kignition::gazebo::systems::ThreeOmniPlugin[m[K’
  420 |     ignition::gazebo::systems::ThreeOmniPlugin::[01;31m[KISystemConfigure[m[K,
      |                                                 [01;31m[K^~~~~~~~~~~~~~~~[m[K
[01m[K/home/nam/Lekiwi_ws/src/three_omni_plugin/src/three_omni_plugin.cpp:421:49:[m[K [01;31m[Kerror: [m[K‘[01m[KISystemUpdate[m[K’ is not a member of ‘[01m[Kignition::gazebo::systems::ThreeOmniPlugin[m[K’
  421 |     ignition::gazebo::systems::ThreeOmniPlugin::[01;31m[KISystemUpdate[m[K)
      |                                                 [01;31m[K^~~~~~~~~~~~~[m[K
[01m[K/home/nam/Lekiwi_ws/src/three_omni_plugin/src/three_omni_plugin.cpp:417:1:[m[K [01;31m[Kerror: [m[Ktemplate argument 2 is invalid
  417 | [01;31m[KIGNITION_ADD_PLUGIN[m[K(
      | [01;31m[K^~~~~~~~~~~~~~~~~~~[m[K
[01m[K/home/nam/Lekiwi_ws/src/three_omni_plugin/src/three_omni_plugin.cpp:417:1:[m[K [01;31m[Kerror: [m[Ktemplate argument 3 is invalid
[01m[K/home/nam/Lekiwi_ws/src/three_omni_plugin/src/three_omni_plugin.cpp:417:1:[m[K [01;31m[Kerror: [m[Ktemplate argument 4 is invalid
gmake[2]: *** [CMakeFiles/three_omni_plugin.dir/build.make:79: CMakeFiles/three_omni_plugin.dir/src/three_omni_plugin.cpp.o] Error 1
gmake[1]: *** [CMakeFiles/Makefile2:153: CMakeFiles/three_omni_plugin.dir/all] Error 2
gmake: *** [Makefile:146: all] Error 2
