[0.013s] Invoking command in '/home/nam/Lekiwi_ws/build/lekiwi_servo_control': CMAKE_PREFIX_PATH=${CMAKE_PREFIX_PATH}:/home/nam/Lekiwi_ws/install/omni_teleop:/home/nam/turtlebot3_ws/install/turtlebot3_teleop:/home/nam/turtlebot3_ws/install/turtlebot3_example:/opt/ros/humble /home/nam/.local/bin/cmake /home/nam/Lekiwi_ws/src/lekiwi_servo_control -DCMAKE_INSTALL_PREFIX=/home/nam/Lekiwi_ws/install/lekiwi_servo_control
[0.084s] -- Found ament_cmake: 1.3.11 (/opt/ros/humble/share/ament_cmake/cmake)
[0.254s] -- Found rclcpp: 16.0.12 (/opt/ros/humble/share/rclcpp/cmake)
[0.282s] -- Found rosidl_generator_c: 3.1.6 (/opt/ros/humble/share/rosidl_generator_c/cmake)
[0.285s] -- Found rosidl_adapter: 3.1.6 (/opt/ros/humble/share/rosidl_adapter/cmake)
[0.290s] -- Found rosidl_generator_cpp: 3.1.6 (/opt/ros/humble/share/rosidl_generator_cpp/cmake)
[0.299s] -- Using all available rosidl_typesupport_c: rosidl_typesupport_fastrtps_c;rosidl_typesupport_introspection_c
[0.312s] -- Using all available rosidl_typesupport_cpp: rosidl_typesupport_fastrtps_cpp;rosidl_typesupport_introspection_cpp
[0.345s] -- Found rmw_implementation_cmake: 6.1.2 (/opt/ros/humble/share/rmw_implementation_cmake/cmake)
[0.347s] -- Found rmw_fastrtps_cpp: 6.2.7 (/opt/ros/humble/share/rmw_fastrtps_cpp/cmake)
[0.473s] -- Using RMW implementation 'rmw_fastrtps_cpp' as default
[0.524s] -- Found sensor_msgs: 4.8.0 (/opt/ros/humble/share/sensor_msgs/cmake)
[0.557s] -- Looking for ignition-gazebo6 -- found version 6.17.0
[0.561s] -- Searching for dependencies of ignition-gazebo6
[0.561s] -- Looking for sdformat12 -- found version 12.8.0
[0.562s] -- Searching for dependencies of sdformat12
[0.567s] -- Checking for module 'tinyxml2'
[0.581s] --   Found tinyxml2, version 9.0.0
[0.611s] -- Looking for ignition-math6 -- found version 6.15.1
[0.612s] -- Searching for dependencies of ignition-math6
[0.612s] -- Looking for ignition-utils1 -- found version 1.5.1
[0.612s] -- Searching for dependencies of ignition-utils1
[0.614s] -- Looking for ignition-plugin1 -- found version 1.4.0
[0.614s] -- Searching for dependencies of ignition-plugin1
[0.614s] -- Searching for <ignition-plugin1> component [loader]
[0.614s] -- Looking for ignition-plugin1-loader -- found version 1.4.0
[0.615s] -- Searching for dependencies of ignition-plugin1-loader
[0.615s] -- Searching for <ignition-plugin1> component [register]
[0.616s] -- Looking for ignition-plugin1-register -- found version 1.4.0
[0.616s] -- Searching for dependencies of ignition-plugin1-register
[0.617s] -- Looking for ignition-transport11 -- found version 11.4.1
[0.617s] -- Searching for dependencies of ignition-transport11
[0.655s] -- Config-file not installed for ZeroMQ -- checking for pkg-config
[0.659s] -- Checking for module 'libzmq >= 4'
[0.673s] --   Found libzmq, version 4.3.4
[0.713s] -- Checking for module 'uuid'
[0.726s] --   Found uuid, version 2.37.2
[0.757s] -- Looking for ignition-utils1 -- found version 1.5.1
[0.757s] -- Searching for dependencies of ignition-utils1
[0.757s] -- Searching for <ignition-utils1> component [cli]
[0.758s] -- Looking for ignition-utils1-cli -- found version 1.5.1
[0.758s] -- Searching for dependencies of ignition-utils1-cli
[0.758s] -- Looking for ignition-msgs8 -- found version 8.7.0
[0.759s] -- Searching for dependencies of ignition-msgs8
[0.781s] -- Found Protobuf: /usr/lib/x86_64-linux-gnu/libprotobuf.so (found suitable version "3.12.4", minimum required is "3")
[0.782s] -- Looking for ignition-math6 -- found version 6.15.1
[0.792s] -- Searching for <ignition-transport11> component [log]
[0.792s] -- Looking for ignition-transport11-log -- found version 11.4.1
[0.792s] -- Searching for dependencies of ignition-transport11-log
[0.793s] -- Searching for <ignition-transport11> component [parameters]
[0.793s] -- Looking for ignition-transport11-parameters -- found version 11.4.1
[0.793s] -- Searching for dependencies of ignition-transport11-parameters
[0.794s] -- Looking for ignition-msgs8 -- found version 8.7.0
[0.794s] -- Looking for ignition-common4 -- found version 4.7.0
[0.794s] -- Searching for dependencies of ignition-common4
[0.794s] -- Looking for dlfcn.h - found
[0.794s] -- Looking for libdl - found
[0.805s] -- Searching for <ignition-common4> component [profiler]
[0.805s] -- Looking for ignition-common4-profiler -- found version 4.7.0
[0.805s] -- Searching for dependencies of ignition-common4-profiler
[0.806s] -- Searching for <ignition-common4> component [events]
[0.806s] -- Looking for ignition-common4-events -- found version 4.7.0
[0.806s] -- Searching for dependencies of ignition-common4-events
[0.806s] -- Looking for ignition-math6 -- found version 6.15.1
[0.807s] -- Searching for <ignition-common4> component [av]
[0.807s] -- Looking for ignition-common4-av -- found version 4.7.0
[0.807s] -- Searching for dependencies of ignition-common4-av
[0.812s] -- Checking for module 'libswscale'
[0.826s] --   Found libswscale, version 5.9.100
[0.863s] -- Checking for module 'libavdevice >= 56.4.100'
[0.878s] --   Found libavdevice, version 58.13.100
[0.917s] -- Checking for module 'libavformat'
[0.931s] --   Found libavformat, version 58.76.100
[0.968s] -- Checking for module 'libavcodec'
[0.982s] --   Found libavcodec, version 58.134.100
[1.020s] -- Checking for module 'libavutil'
[1.034s] --   Found libavutil, version 56.70.100
[1.067s] -- Looking for ignition-fuel_tools7 -- found version 7.3.1
[1.068s] -- Searching for dependencies of ignition-fuel_tools7
[1.108s] [0mCMake Deprecation Warning at /usr/lib/x86_64-linux-gnu/cmake/jsoncpp/jsoncppConfig.cmake:2 (cmake_policy):
[1.108s]   Compatibility with CMake < 3.10 will be removed from a future version of
[1.108s]   CMake.
[1.109s] 
[1.109s]   Update the VERSION argument <min> value.  Or, use the <min>...<max> syntax
[1.109s]   to tell CMake that the project requires at least <min> but has been updated
[1.109s]   to work with policies introduced by <max> or earlier.
[1.109s] Call Stack (most recent call first):
[1.109s]   /usr/share/cmake/ignition-cmake2/cmake2/FindJSONCPP.cmake:34 (find_package)
[1.109s]   /home/nam/ignition_fortress_ws/install/lib/cmake/ignition-fuel_tools7/ignition-fuel_tools7-config.cmake:94 (find_package)
[1.109s]   /usr/lib/x86_64-linux-gnu/cmake/ignition-gazebo6/ignition-gazebo6-config.cmake:97 (find_package)
[1.109s]   CMakeLists.txt:8 (find_package)
[1.109s] 
[1.109s] [0m
[1.114s] -- Checking for module 'jsoncpp'
[1.128s] --   Found jsoncpp, version 1.9.5
[1.165s] -- Checking for module 'libzip'
[1.179s] --   Found libzip, version 1.7.3
[1.209s] -- Looking for ignition-common4 -- found version 4.7.0
[1.210s] -- Looking for ignition-math6 -- found version 6.15.1
[1.210s] -- Looking for ignition-msgs8 -- found version 8.7.0
[1.211s] -- Looking for ignition-gui6 -- found version 6.8.0
[1.211s] -- Searching for dependencies of ignition-gui6
[1.243s] -- Looking for ignition-math6 -- found version 6.15.1
[1.244s] -- Looking for ignition-common4 -- found version 4.7.0
[1.244s] -- Looking for ignition-plugin1 -- found version 1.4.0
[1.245s] -- Looking for ignition-transport11 -- found version 11.4.1
[1.245s] -- Looking for ignition-rendering6 -- found version 6.6.3
[1.245s] -- Searching for dependencies of ignition-rendering6
[1.245s] -- Looking for ignition-math6 -- found version 6.15.1
[1.246s] -- Searching for dependencies of ignition-math6
[1.246s] -- Searching for <ignition-math6> component [eigen3]
[1.246s] -- Looking for ignition-math6-eigen3 -- found version 6.15.1
[1.246s] -- Searching for dependencies of ignition-math6-eigen3
[1.247s] -- Looking for ignition-common4 -- found version 4.7.0
[1.248s] -- Searching for dependencies of ignition-common4
[1.248s] -- Looking for dlfcn.h - found
[1.248s] -- Looking for libdl - found
[1.257s] -- Searching for <ignition-common4> component [graphics]
[1.258s] -- Looking for ignition-common4-graphics -- found version 4.7.0
[1.258s] -- Searching for dependencies of ignition-common4-graphics
[1.258s] -- Looking for ignition-math6 -- found version 6.15.1
[1.259s] -- Looking for ignition-utils1 -- found version 1.5.1
[1.259s] -- Searching for <ignition-common4> component [events]
[1.259s] -- Looking for ignition-plugin1 -- found version 1.4.0
[1.259s] -- Searching for dependencies of ignition-plugin1
[1.260s] -- Searching for <ignition-plugin1> component [all]
[1.260s] -- Looking for all libraries of ignition-plugin1 -- found version 1.4.0
[1.260s] -- Looking for ignition-plugin1 -- found version 1.4.0
[1.262s] -- Looking for ignition-msgs8 -- found version 8.7.0
[1.276s] -- Looking for ignition-physics5 -- found version 5.3.2
[1.276s] -- Searching for dependencies of ignition-physics5
[1.276s] -- Looking for ignition-math6 -- found version 6.15.1
[1.276s] -- Looking for ignition-plugin1 -- found version 1.4.0
[1.277s] -- Looking for ignition-utils1 -- found version 1.5.1
[1.278s] -- Searching for <ignition-physics5> component [heightmap]
[1.278s] -- Looking for ignition-physics5-heightmap -- found version 5.3.2
[1.278s] -- Searching for dependencies of ignition-physics5-heightmap
[1.278s] -- Looking for ignition-common4 -- found version 4.7.0
[1.279s] -- Searching for <ignition-physics5> component [mesh]
[1.279s] -- Looking for ignition-physics5-mesh -- found version 5.3.2
[1.279s] -- Searching for dependencies of ignition-physics5-mesh
[1.280s] -- Looking for ignition-common4 -- found version 4.7.0
[1.280s] -- Searching for <ignition-physics5> component [sdf]
[1.280s] -- Looking for ignition-physics5-sdf -- found version 5.3.2
[1.280s] -- Searching for dependencies of ignition-physics5-sdf
[1.281s] -- Looking for sdformat12 -- found version 12.8.0
[1.282s] -- Looking for ignition-sensors6 -- found version 6.8.1
[1.282s] -- Searching for dependencies of ignition-sensors6
[1.304s] -- Found Protobuf: /usr/lib/x86_64-linux-gnu/libprotobuf.so (found version "3.12.4")
[1.305s] -- Looking for ignition-math6 -- found version 6.15.1
[1.305s] -- Looking for ignition-common4 -- found version 4.7.0
[1.306s] -- Looking for ignition-transport11 -- found version 11.4.1
[1.306s] -- Looking for ignition-rendering6 -- found version 6.6.3
[1.306s] -- Looking for ignition-msgs8 -- found version 8.7.0
[1.307s] -- Looking for sdformat12 -- found version 12.8.0
[1.307s] -- Searching for <ignition-sensors6> component [air_pressure]
[1.308s] -- Looking for ignition-sensors6-air_pressure -- found version 6.8.1
[1.308s] -- Searching for dependencies of ignition-sensors6-air_pressure
[1.308s] -- Searching for <ignition-sensors6> component [altimeter]
[1.309s] -- Looking for ignition-sensors6-altimeter -- found version 6.8.1
[1.309s] -- Searching for dependencies of ignition-sensors6-altimeter
[1.309s] -- Searching for <ignition-sensors6> component [imu]
[1.309s] -- Looking for ignition-sensors6-imu -- found version 6.8.1
[1.310s] -- Searching for dependencies of ignition-sensors6-imu
[1.310s] -- Searching for <ignition-sensors6> component [force_torque]
[1.310s] -- Looking for ignition-sensors6-force_torque -- found version 6.8.1
[1.310s] -- Searching for dependencies of ignition-sensors6-force_torque
[1.311s] -- Searching for <ignition-sensors6> component [logical_camera]
[1.311s] -- Looking for ignition-sensors6-logical_camera -- found version 6.8.1
[1.311s] -- Searching for dependencies of ignition-sensors6-logical_camera
[1.312s] -- Searching for <ignition-sensors6> component [magnetometer]
[1.312s] -- Looking for ignition-sensors6-magnetometer -- found version 6.8.1
[1.312s] -- Searching for dependencies of ignition-sensors6-magnetometer
[1.313s] -- Searching for <ignition-sensors6> component [navsat]
[1.313s] -- Looking for ignition-sensors6-navsat -- found version 6.8.1
[1.313s] -- Searching for dependencies of ignition-sensors6-navsat
[1.314s] -- Searching for <ignition-sensors6> component [rendering]
[1.314s] -- Looking for ignition-sensors6-rendering -- found version 6.8.1
[1.314s] -- Searching for dependencies of ignition-sensors6-rendering
[1.314s] -- Searching for <ignition-sensors6> component [lidar]
[1.315s] -- Looking for ignition-sensors6-lidar -- found version 6.8.1
[1.315s] -- Searching for dependencies of ignition-sensors6-lidar
[1.315s] -- Looking for ignition-sensors6 -- found version 6.8.1
[1.316s] -- Searching for <ignition-sensors6> component [gpu_lidar]
[1.316s] -- Looking for ignition-sensors6-gpu_lidar -- found version 6.8.1
[1.316s] -- Searching for dependencies of ignition-sensors6-gpu_lidar
[1.317s] -- Looking for ignition-sensors6 -- found version 6.8.1
[1.317s] -- Searching for <ignition-sensors6> component [camera]
[1.317s] -- Looking for ignition-sensors6-camera -- found version 6.8.1
[1.318s] -- Searching for dependencies of ignition-sensors6-camera
[1.318s] -- Looking for ignition-sensors6 -- found version 6.8.1
[1.318s] -- Searching for <ignition-sensors6> component [boundingbox_camera]
[1.319s] -- Looking for ignition-sensors6-boundingbox_camera -- found version 6.8.1
[1.319s] -- Searching for dependencies of ignition-sensors6-boundingbox_camera
[1.319s] -- Searching for <ignition-sensors6> component [segmentation_camera]
[1.320s] -- Looking for ignition-sensors6-segmentation_camera -- found version 6.8.1
[1.320s] -- Searching for dependencies of ignition-sensors6-segmentation_camera
[1.320s] -- Searching for <ignition-sensors6> component [depth_camera]
[1.320s] -- Looking for ignition-sensors6-depth_camera -- found version 6.8.1
[1.321s] -- Searching for dependencies of ignition-sensors6-depth_camera
[1.321s] -- Looking for ignition-sensors6 -- found version 6.8.1
[1.321s] -- Searching for <ignition-sensors6> component [rgbd_camera]
[1.322s] -- Looking for ignition-sensors6-rgbd_camera -- found version 6.8.1
[1.322s] -- Searching for dependencies of ignition-sensors6-rgbd_camera
[1.322s] -- Looking for ignition-sensors6 -- found version 6.8.1
[1.323s] -- Searching for <ignition-sensors6> component [thermal_camera]
[1.323s] -- Looking for ignition-sensors6-thermal_camera -- found version 6.8.1
[1.323s] -- Searching for dependencies of ignition-sensors6-thermal_camera
[1.324s] -- Looking for ignition-sensors6 -- found version 6.8.1
[1.324s] -- Looking for ignition-rendering6 -- found version 6.6.3
[1.325s] -- Looking for ignition-math6 -- found version 6.15.1
[1.325s] -- Looking for ignition-utils1 -- found version 1.5.1
[1.353s] [31mCMake Error at CMakeLists.txt:30 (install):
[1.353s]   install TARGETS given target "servo_commander" which does not exist.
[1.353s] 
[1.353s] [0m
[1.405s] -- Configuring incomplete, errors occurred!
[1.415s] Invoked command in '/home/nam/Lekiwi_ws/build/lekiwi_servo_control' returned '1': CMAKE_PREFIX_PATH=${CMAKE_PREFIX_PATH}:/home/nam/Lekiwi_ws/install/omni_teleop:/home/nam/turtlebot3_ws/install/turtlebot3_teleop:/home/nam/turtlebot3_ws/install/turtlebot3_example:/opt/ros/humble /home/nam/.local/bin/cmake /home/nam/Lekiwi_ws/src/lekiwi_servo_control -DCMAKE_INSTALL_PREFIX=/home/nam/Lekiwi_ws/install/lekiwi_servo_control
