[0.014s] Invoking command in '/home/nam/Lekiwi_ws/build/lekiwi_servo_control': CMAKE_PREFIX_PATH=${CMAKE_PREFIX_PATH}:/home/nam/turtlebot3_ws/install/turtlebot3_teleop:/home/nam/turtlebot3_ws/install/turtlebot3_example:/opt/ros/humble /home/nam/.local/bin/cmake --build /home/nam/Lekiwi_ws/build/lekiwi_servo_control -- -j12 -l12
[0.112s] -- Found ament_cmake: 1.3.11 (/opt/ros/humble/share/ament_cmake/cmake)
[0.348s] -- Found rclcpp: 16.0.12 (/opt/ros/humble/share/rclcpp/cmake)
[0.391s] -- Found rosidl_generator_c: 3.1.6 (/opt/ros/humble/share/rosidl_generator_c/cmake)
[0.394s] -- Found rosidl_adapter: 3.1.6 (/opt/ros/humble/share/rosidl_adapter/cmake)
[0.402s] -- Found rosidl_generator_cpp: 3.1.6 (/opt/ros/humble/share/rosidl_generator_cpp/cmake)
[0.437s] -- Using all available rosidl_typesupport_c: rosidl_typesupport_fastrtps_c;rosidl_typesupport_introspection_c
[0.452s] -- Using all available rosidl_typesupport_cpp: rosidl_typesupport_fastrtps_cpp;rosidl_typesupport_introspection_cpp
[0.494s] -- Found rmw_implementation_cmake: 6.1.2 (/opt/ros/humble/share/rmw_implementation_cmake/cmake)
[0.497s] -- Found rmw_fastrtps_cpp: 6.2.7 (/opt/ros/humble/share/rmw_fastrtps_cpp/cmake)
[0.632s] -- Using RMW implementation 'rmw_fastrtps_cpp' as default
[0.695s] -- Found sensor_msgs: 4.8.0 (/opt/ros/humble/share/sensor_msgs/cmake)
[0.734s] -- Looking for ignition-gazebo6 -- found version 6.17.0
[0.742s] -- Searching for dependencies of ignition-gazebo6
[0.743s] -- Looking for sdformat12 -- found version 12.8.0
[0.743s] -- Searching for dependencies of sdformat12
[0.748s] -- Checking for module 'tinyxml2'
[0.764s] --   Found tinyxml2, version 9.0.0
[0.795s] -- Looking for ignition-math6 -- found version 6.15.1
[0.795s] -- Searching for dependencies of ignition-math6
[0.796s] -- Looking for ignition-utils1 -- found version 1.5.1
[0.796s] -- Searching for dependencies of ignition-utils1
[0.798s] -- Looking for ignition-plugin1 -- found version 1.4.0
[0.798s] -- Searching for dependencies of ignition-plugin1
[0.799s] -- Searching for <ignition-plugin1> component [loader]
[0.799s] -- Looking for ignition-plugin1-loader -- found version 1.4.0
[0.799s] -- Searching for dependencies of ignition-plugin1-loader
[0.800s] -- Searching for <ignition-plugin1> component [register]
[0.801s] -- Looking for ignition-plugin1-register -- found version 1.4.0
[0.801s] -- Searching for dependencies of ignition-plugin1-register
[0.802s] -- Looking for ignition-transport11 -- found version 11.4.1
[0.802s] -- Searching for dependencies of ignition-transport11
[0.845s] -- Config-file not installed for ZeroMQ -- checking for pkg-config
[0.850s] -- Checking for module 'libzmq >= 4'
[0.867s] --   Found libzmq, version 4.3.4
[0.907s] -- Checking for module 'uuid'
[0.920s] --   Found uuid, version 2.37.2
[0.953s] -- Looking for ignition-utils1 -- found version 1.5.1
[0.953s] -- Searching for dependencies of ignition-utils1
[0.953s] -- Searching for <ignition-utils1> component [cli]
[0.954s] -- Looking for ignition-utils1-cli -- found version 1.5.1
[0.954s] -- Searching for dependencies of ignition-utils1-cli
[0.955s] -- Looking for ignition-msgs8 -- found version 8.7.0
[0.955s] -- Searching for dependencies of ignition-msgs8
[0.978s] -- Found Protobuf: /usr/lib/x86_64-linux-gnu/libprotobuf.so (found suitable version "3.12.4", minimum required is "3")
[0.979s] -- Looking for ignition-math6 -- found version 6.15.1
[0.990s] -- Searching for <ignition-transport11> component [log]
[0.990s] -- Looking for ignition-transport11-log -- found version 11.4.1
[0.990s] -- Searching for dependencies of ignition-transport11-log
[0.991s] -- Searching for <ignition-transport11> component [parameters]
[0.992s] -- Looking for ignition-transport11-parameters -- found version 11.4.1
[0.992s] -- Searching for dependencies of ignition-transport11-parameters
[0.993s] -- Looking for ignition-msgs8 -- found version 8.7.0
[0.993s] -- Looking for ignition-common4 -- found version 4.7.0
[0.994s] -- Searching for dependencies of ignition-common4
[0.994s] -- Looking for dlfcn.h - found
[0.994s] -- Looking for libdl - found
[1.005s] -- Searching for <ignition-common4> component [profiler]
[1.006s] -- Looking for ignition-common4-profiler -- found version 4.7.0
[1.006s] -- Searching for dependencies of ignition-common4-profiler
[1.006s] -- Searching for <ignition-common4> component [events]
[1.007s] -- Looking for ignition-common4-events -- found version 4.7.0
[1.007s] -- Searching for dependencies of ignition-common4-events
[1.007s] -- Looking for ignition-math6 -- found version 6.15.1
[1.008s] -- Searching for <ignition-common4> component [av]
[1.009s] -- Looking for ignition-common4-av -- found version 4.7.0
[1.009s] -- Searching for dependencies of ignition-common4-av
[1.014s] -- Checking for module 'libswscale'
[1.028s] --   Found libswscale, version 5.9.100
[1.065s] -- Checking for module 'libavdevice >= 56.4.100'
[1.079s] --   Found libavdevice, version 58.13.100
[1.120s] -- Checking for module 'libavformat'
[1.135s] --   Found libavformat, version 58.76.100
[1.172s] -- Checking for module 'libavcodec'
[1.186s] --   Found libavcodec, version 58.134.100
[1.224s] -- Checking for module 'libavutil'
[1.238s] --   Found libavutil, version 56.70.100
[1.271s] -- Looking for ignition-fuel_tools7 -- found version 7.3.1
[1.271s] -- Searching for dependencies of ignition-fuel_tools7
[1.314s] [0mCMake Deprecation Warning at /usr/lib/x86_64-linux-gnu/cmake/jsoncpp/jsoncppConfig.cmake:2 (cmake_policy):
[1.314s]   Compatibility with CMake < 3.10 will be removed from a future version of
[1.314s]   CMake.
[1.314s] 
[1.314s]   Update the VERSION argument <min> value.  Or, use the <min>...<max> syntax
[1.314s]   to tell CMake that the project requires at least <min> but has been updated
[1.314s]   to work with policies introduced by <max> or earlier.
[1.314s] Call Stack (most recent call first):
[1.314s]   /usr/share/cmake/ignition-cmake2/cmake2/FindJSONCPP.cmake:34 (find_package)
[1.315s]   /home/nam/ignition_fortress_ws/install/ignition-fuel_tools7/lib/cmake/ignition-fuel_tools7/ignition-fuel_tools7-config.cmake:94 (find_package)
[1.315s]   /usr/lib/x86_64-linux-gnu/cmake/ignition-gazebo6/ignition-gazebo6-config.cmake:97 (find_package)
[1.315s]   CMakeLists.txt:8 (find_package)
[1.315s] 
[1.315s] [0m
[1.319s] -- Checking for module 'jsoncpp'
[1.335s] --   Found jsoncpp, version 1.9.5
[1.373s] -- Checking for module 'libzip'
[1.387s] --   Found libzip, version 1.7.3
[1.420s] -- Looking for ignition-common4 -- found version 4.7.0
[1.421s] -- Looking for ignition-math6 -- found version 6.15.1
[1.421s] -- Looking for ignition-msgs8 -- found version 8.7.0
[1.423s] -- Looking for ignition-gui6 -- found version 6.8.0
[1.423s] -- Searching for dependencies of ignition-gui6
[1.455s] -- Looking for ignition-math6 -- found version 6.15.1
[1.455s] -- Looking for ignition-common4 -- found version 4.7.0
[1.456s] -- Looking for ignition-plugin1 -- found version 1.4.0
[1.456s] -- Looking for ignition-transport11 -- found version 11.4.1
[1.457s] -- Looking for ignition-rendering6 -- found version 6.6.3
[1.457s] -- Searching for dependencies of ignition-rendering6
[1.457s] -- Looking for ignition-math6 -- found version 6.15.1
[1.458s] -- Searching for dependencies of ignition-math6
[1.458s] -- Searching for <ignition-math6> component [eigen3]
[1.458s] -- Looking for ignition-math6-eigen3 -- found version 6.15.1
[1.459s] -- Searching for dependencies of ignition-math6-eigen3
[1.461s] -- Looking for ignition-common4 -- found version 4.7.0
[1.461s] -- Searching for dependencies of ignition-common4
[1.461s] -- Looking for dlfcn.h - found
[1.461s] -- Looking for libdl - found
[1.472s] -- Searching for <ignition-common4> component [graphics]
[1.473s] -- Looking for ignition-common4-graphics -- found version 4.7.0
[1.473s] -- Searching for dependencies of ignition-common4-graphics
[1.473s] -- Looking for ignition-math6 -- found version 6.15.1
[1.474s] -- Looking for ignition-utils1 -- found version 1.5.1
[1.474s] -- Searching for <ignition-common4> component [events]
[1.475s] -- Looking for ignition-plugin1 -- found version 1.4.0
[1.475s] -- Searching for dependencies of ignition-plugin1
[1.475s] -- Searching for <ignition-plugin1> component [all]
[1.475s] -- Looking for all libraries of ignition-plugin1 -- found version 1.4.0
[1.476s] -- Looking for ignition-plugin1 -- found version 1.4.0
[1.477s] -- Looking for ignition-msgs8 -- found version 8.7.0
[1.501s] -- Looking for ignition-physics5 -- found version 5.3.2
[1.501s] -- Searching for dependencies of ignition-physics5
[1.501s] -- Looking for ignition-math6 -- found version 6.15.1
[1.501s] -- Looking for ignition-plugin1 -- found version 1.4.0
[1.502s] -- Looking for ignition-utils1 -- found version 1.5.1
[1.503s] -- Searching for <ignition-physics5> component [heightmap]
[1.503s] -- Looking for ignition-physics5-heightmap -- found version 5.3.2
[1.504s] -- Searching for dependencies of ignition-physics5-heightmap
[1.504s] -- Looking for ignition-common4 -- found version 4.7.0
[1.504s] -- Searching for <ignition-physics5> component [mesh]
[1.505s] -- Looking for ignition-physics5-mesh -- found version 5.3.2
[1.505s] -- Searching for dependencies of ignition-physics5-mesh
[1.505s] -- Looking for ignition-common4 -- found version 4.7.0
[1.506s] -- Searching for <ignition-physics5> component [sdf]
[1.506s] -- Looking for ignition-physics5-sdf -- found version 5.3.2
[1.507s] -- Searching for dependencies of ignition-physics5-sdf
[1.507s] -- Looking for sdformat12 -- found version 12.8.0
[1.508s] -- Looking for ignition-sensors6 -- found version 6.8.1
[1.508s] -- Searching for dependencies of ignition-sensors6
[1.532s] -- Found Protobuf: /usr/lib/x86_64-linux-gnu/libprotobuf.so (found version "3.12.4")
[1.532s] -- Looking for ignition-math6 -- found version 6.15.1
[1.533s] -- Looking for ignition-common4 -- found version 4.7.0
[1.533s] -- Looking for ignition-transport11 -- found version 11.4.1
[1.534s] -- Looking for ignition-rendering6 -- found version 6.6.3
[1.534s] -- Looking for ignition-msgs8 -- found version 8.7.0
[1.534s] -- Looking for sdformat12 -- found version 12.8.0
[1.535s] -- Searching for <ignition-sensors6> component [air_pressure]
[1.536s] -- Looking for ignition-sensors6-air_pressure -- found version 6.8.1
[1.536s] -- Searching for dependencies of ignition-sensors6-air_pressure
[1.536s] -- Searching for <ignition-sensors6> component [altimeter]
[1.537s] -- Looking for ignition-sensors6-altimeter -- found version 6.8.1
[1.537s] -- Searching for dependencies of ignition-sensors6-altimeter
[1.538s] -- Searching for <ignition-sensors6> component [imu]
[1.538s] -- Looking for ignition-sensors6-imu -- found version 6.8.1
[1.538s] -- Searching for dependencies of ignition-sensors6-imu
[1.539s] -- Searching for <ignition-sensors6> component [force_torque]
[1.539s] -- Looking for ignition-sensors6-force_torque -- found version 6.8.1
[1.540s] -- Searching for dependencies of ignition-sensors6-force_torque
[1.540s] -- Searching for <ignition-sensors6> component [logical_camera]
[1.541s] -- Looking for ignition-sensors6-logical_camera -- found version 6.8.1
[1.541s] -- Searching for dependencies of ignition-sensors6-logical_camera
[1.541s] -- Searching for <ignition-sensors6> component [magnetometer]
[1.542s] -- Looking for ignition-sensors6-magnetometer -- found version 6.8.1
[1.542s] -- Searching for dependencies of ignition-sensors6-magnetometer
[1.543s] -- Searching for <ignition-sensors6> component [navsat]
[1.563s] -- Looking for ignition-sensors6-navsat -- found version 6.8.1
[1.563s] -- Searching for dependencies of ignition-sensors6-navsat
[1.564s] -- Searching for <ignition-sensors6> component [rendering]
[1.565s] -- Looking for ignition-sensors6-rendering -- found version 6.8.1
[1.565s] -- Searching for dependencies of ignition-sensors6-rendering
[1.566s] -- Searching for <ignition-sensors6> component [lidar]
[1.566s] -- Looking for ignition-sensors6-lidar -- found version 6.8.1
[1.567s] -- Searching for dependencies of ignition-sensors6-lidar
[1.567s] -- Looking for ignition-sensors6 -- found version 6.8.1
[1.568s] -- Searching for <ignition-sensors6> component [gpu_lidar]
[1.569s] -- Looking for ignition-sensors6-gpu_lidar -- found version 6.8.1
[1.569s] -- Searching for dependencies of ignition-sensors6-gpu_lidar
[1.570s] -- Looking for ignition-sensors6 -- found version 6.8.1
[1.571s] -- Searching for <ignition-sensors6> component [camera]
[1.572s] -- Looking for ignition-sensors6-camera -- found version 6.8.1
[1.572s] -- Searching for dependencies of ignition-sensors6-camera
[1.572s] -- Looking for ignition-sensors6 -- found version 6.8.1
[1.573s] -- Searching for <ignition-sensors6> component [boundingbox_camera]
[1.574s] -- Looking for ignition-sensors6-boundingbox_camera -- found version 6.8.1
[1.574s] -- Searching for dependencies of ignition-sensors6-boundingbox_camera
[1.575s] -- Searching for <ignition-sensors6> component [segmentation_camera]
[1.576s] -- Looking for ignition-sensors6-segmentation_camera -- found version 6.8.1
[1.576s] -- Searching for dependencies of ignition-sensors6-segmentation_camera
[1.577s] -- Searching for <ignition-sensors6> component [depth_camera]
[1.578s] -- Looking for ignition-sensors6-depth_camera -- found version 6.8.1
[1.578s] -- Searching for dependencies of ignition-sensors6-depth_camera
[1.578s] -- Looking for ignition-sensors6 -- found version 6.8.1
[1.579s] -- Searching for <ignition-sensors6> component [rgbd_camera]
[1.580s] -- Looking for ignition-sensors6-rgbd_camera -- found version 6.8.1
[1.580s] -- Searching for dependencies of ignition-sensors6-rgbd_camera
[1.580s] -- Looking for ignition-sensors6 -- found version 6.8.1
[1.581s] -- Searching for <ignition-sensors6> component [thermal_camera]
[1.581s] -- Looking for ignition-sensors6-thermal_camera -- found version 6.8.1
[1.582s] -- Searching for dependencies of ignition-sensors6-thermal_camera
[1.582s] -- Looking for ignition-sensors6 -- found version 6.8.1
[1.583s] -- Looking for ignition-rendering6 -- found version 6.6.3
[1.583s] -- Looking for ignition-math6 -- found version 6.15.1
[1.584s] -- Looking for ignition-utils1 -- found version 1.5.1
[1.609s] -- Looking for ignition-plugin1 -- found version 1.4.0
[1.670s] -- Configuring done (1.6s)
[1.693s] -- Generating done (0.0s)
[1.695s] -- Build files have been written to: /home/nam/Lekiwi_ws/build/lekiwi_servo_control
[1.740s] [ 50%] [32mBuilding CXX object CMakeFiles/lekiwi_servo_control.dir/src/lekiwi_servo_control.cpp.o[0m
[2.637s] [01m[K/home/nam/Lekiwi_ws/src/lekiwi_servo_control/src/lekiwi_servo_control.cpp:13:10:[m[K [01;31m[Kfatal error: [m[Kignition/gazebo/ModelPlugin.hh: No such file or directory
[2.637s]    13 | #include [01;31m[K<ignition/gazebo/ModelPlugin.hh>[m[K
[2.637s]       |          [01;31m[K^~~~~~~~~~~~~~~~~~~~~~~~~~~~~~~~[m[K
[2.637s] compilation terminated.
[2.645s] gmake[2]: *** [CMakeFiles/lekiwi_servo_control.dir/build.make:79: CMakeFiles/lekiwi_servo_control.dir/src/lekiwi_servo_control.cpp.o] Error 1
[2.645s] gmake[1]: *** [CMakeFiles/Makefile2:153: CMakeFiles/lekiwi_servo_control.dir/all] Error 2
[2.646s] gmake: *** [Makefile:146: all] Error 2
[2.648s] Invoked command in '/home/nam/Lekiwi_ws/build/lekiwi_servo_control' returned '2': CMAKE_PREFIX_PATH=${CMAKE_PREFIX_PATH}:/home/nam/turtlebot3_ws/install/turtlebot3_teleop:/home/nam/turtlebot3_ws/install/turtlebot3_example:/opt/ros/humble /home/nam/.local/bin/cmake --build /home/nam/Lekiwi_ws/build/lekiwi_servo_control -- -j12 -l12
