-- Install configuration: ""
-- Up-to-date: /home/nam/Lekiwi_ws/install/lekiwi_description/share/lekiwi_description/urdf
-- Installing: /home/nam/Lekiwi_ws/install/lekiwi_description/share/lekiwi_description/urdf/LeKiwi.urdf
-- Up-to-date: /home/nam/Lekiwi_ws/install/lekiwi_description/share/lekiwi_description/urdf/LeKiwi_converted.xacro
-- Up-to-date: /home/nam/Lekiwi_ws/install/lekiwi_description/share/lekiwi_description/urdf/meshes
-- Up-to-date: /home/nam/Lekiwi_ws/install/lekiwi_description/share/lekiwi_description/urdf/meshes/94868A713_NO-THREADS_Female-Threaded-Hex-Standoff.stl
-- Up-to-date: /home/nam/Lekiwi_ws/install/lekiwi_description/share/lekiwi_description/urdf/meshes/STS3215_03a-v1-4.stl
-- Up-to-date: /home/nam/Lekiwi_ws/install/lekiwi_description/share/lekiwi_description/urdf/meshes/94868A713_NO-THREADS_Female-Threaded-Hex-Standoff-1.stl
-- Up-to-date: /home/nam/Lekiwi_ws/install/lekiwi_description/share/lekiwi_description/urdf/meshes/Moving_Jaw_08d-v1.stl
-- Up-to-date: /home/nam/Lekiwi_ws/install/lekiwi_description/share/lekiwi_description/urdf/meshes/omni_wheel_mount-v5-2.stl
-- Up-to-date: /home/nam/Lekiwi_ws/install/lekiwi_description/share/lekiwi_description/urdf/meshes/94868A713_NO-THREADS_Female-Threaded-Hex-Standoff-3.stl
-- Up-to-date: /home/nam/Lekiwi_ws/install/lekiwi_description/share/lekiwi_description/urdf/meshes/WaveShare_Mounting_Plate_01d-v1.stl
-- Up-to-date: /home/nam/Lekiwi_ws/install/lekiwi_description/share/lekiwi_description/urdf/meshes/Camera-Model-v3.stl
-- Up-to-date: /home/nam/Lekiwi_ws/install/lekiwi_description/share/lekiwi_description/urdf/meshes/omni_wheel_mount-v5.stl
-- Up-to-date: /home/nam/Lekiwi_ws/install/lekiwi_description/share/lekiwi_description/urdf/meshes/ST3215_Servo_Motor-v1-2.stl
-- Up-to-date: /home/nam/Lekiwi_ws/install/lekiwi_description/share/lekiwi_description/urdf/meshes/Camera-Model-v3-1.stl
-- Up-to-date: /home/nam/Lekiwi_ws/install/lekiwi_description/share/lekiwi_description/urdf/meshes/Wrist-Camera-Mount-v11.stl
-- Up-to-date: /home/nam/Lekiwi_ws/install/lekiwi_description/share/lekiwi_description/urdf/meshes/SO_ARM100_08k_Asym_Mirror_Clip-v1.stl
-- Up-to-date: /home/nam/Lekiwi_ws/install/lekiwi_description/share/lekiwi_description/urdf/meshes/omni_wheel_mount-v5-1.stl
-- Up-to-date: /home/nam/Lekiwi_ws/install/lekiwi_description/share/lekiwi_description/urdf/meshes/94868A713_NO-THREADS_Female-Threaded-Hex-Standoff-4.stl
-- Up-to-date: /home/nam/Lekiwi_ws/install/lekiwi_description/share/lekiwi_description/urdf/meshes/4-Omni-Directional-Wheel_Single_Body-v1-1.stl
-- Up-to-date: /home/nam/Lekiwi_ws/install/lekiwi_description/share/lekiwi_description/urdf/meshes/STS3215_03a_Wrist_Roll-v1.stl
-- Up-to-date: /home/nam/Lekiwi_ws/install/lekiwi_description/share/lekiwi_description/urdf/meshes/base_plate_layer2-v3.stl
-- Up-to-date: /home/nam/Lekiwi_ws/install/lekiwi_description/share/lekiwi_description/urdf/meshes/Base_08q-v1.stl
-- Up-to-date: /home/nam/Lekiwi_ws/install/lekiwi_description/share/lekiwi_description/urdf/meshes/drive_motor_mount-v11-2.stl
-- Up-to-date: /home/nam/Lekiwi_ws/install/lekiwi_description/share/lekiwi_description/urdf/meshes/Rotation_Pitch_08i-v1.stl
-- Up-to-date: /home/nam/Lekiwi_ws/install/lekiwi_description/share/lekiwi_description/urdf/meshes/94868A713_NO-THREADS_Female-Threaded-Hex-Standoff-5.stl
-- Up-to-date: /home/nam/Lekiwi_ws/install/lekiwi_description/share/lekiwi_description/urdf/meshes/drive_motor_mount-v11.stl
-- Up-to-date: /home/nam/Lekiwi_ws/install/lekiwi_description/share/lekiwi_description/urdf/meshes/Top-V2-v2.stl
-- Up-to-date: /home/nam/Lekiwi_ws/install/lekiwi_description/share/lekiwi_description/urdf/meshes/Camera-Mount-v8.stl
-- Up-to-date: /home/nam/Lekiwi_ws/install/lekiwi_description/share/lekiwi_description/urdf/meshes/4-Omni-Directional-Wheel_Single_Body-v1-2.stl
-- Up-to-date: /home/nam/Lekiwi_ws/install/lekiwi_description/share/lekiwi_description/urdf/meshes/ST3215_Servo_Motor-v1.stl
-- Up-to-date: /home/nam/Lekiwi_ws/install/lekiwi_description/share/lekiwi_description/urdf/meshes/ST3215_Servo_Motor-v1-1.stl
-- Up-to-date: /home/nam/Lekiwi_ws/install/lekiwi_description/share/lekiwi_description/urdf/meshes/servo_controller_mount-v3.stl
-- Up-to-date: /home/nam/Lekiwi_ws/install/lekiwi_description/share/lekiwi_description/urdf/meshes/Battery---Battery-5.2-Ah-DC5521-Plug-v2.stl
-- Up-to-date: /home/nam/Lekiwi_ws/install/lekiwi_description/share/lekiwi_description/urdf/meshes/STS3215_03a-v1-1.stl
-- Up-to-date: /home/nam/Lekiwi_ws/install/lekiwi_description/share/lekiwi_description/urdf/meshes/SO_ARM100_08k_116_Square-v1.stl
-- Up-to-date: /home/nam/Lekiwi_ws/install/lekiwi_description/share/lekiwi_description/urdf/meshes/Wrist_Roll_Pitch_08i-v1.stl
-- Up-to-date: /home/nam/Lekiwi_ws/install/lekiwi_description/share/lekiwi_description/urdf/meshes/lipo_battery_mount-v3.stl
-- Up-to-date: /home/nam/Lekiwi_ws/install/lekiwi_description/share/lekiwi_description/urdf/meshes/STS3215_03a-v1-2.stl
-- Up-to-date: /home/nam/Lekiwi_ws/install/lekiwi_description/share/lekiwi_description/urdf/meshes/Bottom-V2-v3.stl
-- Up-to-date: /home/nam/Lekiwi_ws/install/lekiwi_description/share/lekiwi_description/urdf/meshes/Passive_Horn_01-v1.stl
-- Up-to-date: /home/nam/Lekiwi_ws/install/lekiwi_description/share/lekiwi_description/urdf/meshes/Wrist_Roll_08c-v1.stl
-- Up-to-date: /home/nam/Lekiwi_ws/install/lekiwi_description/share/lekiwi_description/urdf/meshes/STS3215_03a-v1.stl
-- Up-to-date: /home/nam/Lekiwi_ws/install/lekiwi_description/share/lekiwi_description/urdf/meshes/STS3215_03a-v1-3.stl
-- Up-to-date: /home/nam/Lekiwi_ws/install/lekiwi_description/share/lekiwi_description/urdf/meshes/4-Omni-Directional-Wheel_Single_Body-v1.stl
-- Up-to-date: /home/nam/Lekiwi_ws/install/lekiwi_description/share/lekiwi_description/urdf/meshes/SO_ARM100_08k_Mirror-v1.stl
-- Up-to-date: /home/nam/Lekiwi_ws/install/lekiwi_description/share/lekiwi_description/urdf/meshes/base_plate_layer1-v5.stl
-- Up-to-date: /home/nam/Lekiwi_ws/install/lekiwi_description/share/lekiwi_description/urdf/meshes/94868A713_NO-THREADS_Female-Threaded-Hex-Standoff-2.stl
-- Up-to-date: /home/nam/Lekiwi_ws/install/lekiwi_description/share/lekiwi_description/urdf/meshes/drive_motor_mount-v11-1.stl
-- Up-to-date: /home/nam/Lekiwi_ws/install/lekiwi_description/share/lekiwi_description/launch
-- Up-to-date: /home/nam/Lekiwi_ws/install/lekiwi_description/share/lekiwi_description/launch/display.launch.py
-- Up-to-date: /home/nam/Lekiwi_ws/install/lekiwi_description/share/lekiwi_description/launch/sim.launch.py
-- Up-to-date: /home/nam/Lekiwi_ws/install/lekiwi_description/share/lekiwi_description/meshes
-- Up-to-date: /home/nam/Lekiwi_ws/install/lekiwi_description/share/lekiwi_description/meshes/94868A713_NO-THREADS_Female-Threaded-Hex-Standoff.stl
-- Up-to-date: /home/nam/Lekiwi_ws/install/lekiwi_description/share/lekiwi_description/meshes/STS3215_03a-v1-4.stl
-- Up-to-date: /home/nam/Lekiwi_ws/install/lekiwi_description/share/lekiwi_description/meshes/94868A713_NO-THREADS_Female-Threaded-Hex-Standoff-1.stl
-- Up-to-date: /home/nam/Lekiwi_ws/install/lekiwi_description/share/lekiwi_description/meshes/Moving_Jaw_08d-v1.stl
-- Up-to-date: /home/nam/Lekiwi_ws/install/lekiwi_description/share/lekiwi_description/meshes/omni_wheel_mount-v5-2.stl
-- Up-to-date: /home/nam/Lekiwi_ws/install/lekiwi_description/share/lekiwi_description/meshes/94868A713_NO-THREADS_Female-Threaded-Hex-Standoff-3.stl
-- Up-to-date: /home/nam/Lekiwi_ws/install/lekiwi_description/share/lekiwi_description/meshes/WaveShare_Mounting_Plate_01d-v1.stl
-- Up-to-date: /home/nam/Lekiwi_ws/install/lekiwi_description/share/lekiwi_description/meshes/Camera-Model-v3.stl
-- Up-to-date: /home/nam/Lekiwi_ws/install/lekiwi_description/share/lekiwi_description/meshes/omni_wheel_mount-v5.stl
-- Up-to-date: /home/nam/Lekiwi_ws/install/lekiwi_description/share/lekiwi_description/meshes/ST3215_Servo_Motor-v1-2.stl
-- Up-to-date: /home/nam/Lekiwi_ws/install/lekiwi_description/share/lekiwi_description/meshes/Camera-Model-v3-1.stl
-- Up-to-date: /home/nam/Lekiwi_ws/install/lekiwi_description/share/lekiwi_description/meshes/Wrist-Camera-Mount-v11.stl
-- Up-to-date: /home/nam/Lekiwi_ws/install/lekiwi_description/share/lekiwi_description/meshes/SO_ARM100_08k_Asym_Mirror_Clip-v1.stl
-- Up-to-date: /home/nam/Lekiwi_ws/install/lekiwi_description/share/lekiwi_description/meshes/omni_wheel_mount-v5-1.stl
-- Up-to-date: /home/nam/Lekiwi_ws/install/lekiwi_description/share/lekiwi_description/meshes/94868A713_NO-THREADS_Female-Threaded-Hex-Standoff-4.stl
-- Up-to-date: /home/nam/Lekiwi_ws/install/lekiwi_description/share/lekiwi_description/meshes/4-Omni-Directional-Wheel_Single_Body-v1-1.stl
-- Up-to-date: /home/nam/Lekiwi_ws/install/lekiwi_description/share/lekiwi_description/meshes/STS3215_03a_Wrist_Roll-v1.stl
-- Up-to-date: /home/nam/Lekiwi_ws/install/lekiwi_description/share/lekiwi_description/meshes/base_plate_layer2-v3.stl
-- Up-to-date: /home/nam/Lekiwi_ws/install/lekiwi_description/share/lekiwi_description/meshes/Base_08q-v1.stl
-- Up-to-date: /home/nam/Lekiwi_ws/install/lekiwi_description/share/lekiwi_description/meshes/drive_motor_mount-v11-2.stl
-- Up-to-date: /home/nam/Lekiwi_ws/install/lekiwi_description/share/lekiwi_description/meshes/Rotation_Pitch_08i-v1.stl
-- Up-to-date: /home/nam/Lekiwi_ws/install/lekiwi_description/share/lekiwi_description/meshes/94868A713_NO-THREADS_Female-Threaded-Hex-Standoff-5.stl
-- Up-to-date: /home/nam/Lekiwi_ws/install/lekiwi_description/share/lekiwi_description/meshes/drive_motor_mount-v11.stl
-- Up-to-date: /home/nam/Lekiwi_ws/install/lekiwi_description/share/lekiwi_description/meshes/Top-V2-v2.stl
-- Up-to-date: /home/nam/Lekiwi_ws/install/lekiwi_description/share/lekiwi_description/meshes/Camera-Mount-v8.stl
-- Up-to-date: /home/nam/Lekiwi_ws/install/lekiwi_description/share/lekiwi_description/meshes/4-Omni-Directional-Wheel_Single_Body-v1-2.stl
-- Up-to-date: /home/nam/Lekiwi_ws/install/lekiwi_description/share/lekiwi_description/meshes/ST3215_Servo_Motor-v1.stl
-- Up-to-date: /home/nam/Lekiwi_ws/install/lekiwi_description/share/lekiwi_description/meshes/ST3215_Servo_Motor-v1-1.stl
-- Up-to-date: /home/nam/Lekiwi_ws/install/lekiwi_description/share/lekiwi_description/meshes/servo_controller_mount-v3.stl
-- Up-to-date: /home/nam/Lekiwi_ws/install/lekiwi_description/share/lekiwi_description/meshes/Battery---Battery-5.2-Ah-DC5521-Plug-v2.stl
-- Up-to-date: /home/nam/Lekiwi_ws/install/lekiwi_description/share/lekiwi_description/meshes/STS3215_03a-v1-1.stl
-- Up-to-date: /home/nam/Lekiwi_ws/install/lekiwi_description/share/lekiwi_description/meshes/SO_ARM100_08k_116_Square-v1.stl
-- Up-to-date: /home/nam/Lekiwi_ws/install/lekiwi_description/share/lekiwi_description/meshes/Wrist_Roll_Pitch_08i-v1.stl
-- Up-to-date: /home/nam/Lekiwi_ws/install/lekiwi_description/share/lekiwi_description/meshes/lipo_battery_mount-v3.stl
-- Up-to-date: /home/nam/Lekiwi_ws/install/lekiwi_description/share/lekiwi_description/meshes/STS3215_03a-v1-2.stl
-- Up-to-date: /home/nam/Lekiwi_ws/install/lekiwi_description/share/lekiwi_description/meshes/Bottom-V2-v3.stl
-- Up-to-date: /home/nam/Lekiwi_ws/install/lekiwi_description/share/lekiwi_description/meshes/Passive_Horn_01-v1.stl
-- Up-to-date: /home/nam/Lekiwi_ws/install/lekiwi_description/share/lekiwi_description/meshes/Wrist_Roll_08c-v1.stl
-- Up-to-date: /home/nam/Lekiwi_ws/install/lekiwi_description/share/lekiwi_description/meshes/STS3215_03a-v1.stl
-- Up-to-date: /home/nam/Lekiwi_ws/install/lekiwi_description/share/lekiwi_description/meshes/STS3215_03a-v1-3.stl
-- Up-to-date: /home/nam/Lekiwi_ws/install/lekiwi_description/share/lekiwi_description/meshes/4-Omni-Directional-Wheel_Single_Body-v1.stl
-- Up-to-date: /home/nam/Lekiwi_ws/install/lekiwi_description/share/lekiwi_description/meshes/SO_ARM100_08k_Mirror-v1.stl
-- Up-to-date: /home/nam/Lekiwi_ws/install/lekiwi_description/share/lekiwi_description/meshes/base_plate_layer1-v5.stl
-- Up-to-date: /home/nam/Lekiwi_ws/install/lekiwi_description/share/lekiwi_description/meshes/94868A713_NO-THREADS_Female-Threaded-Hex-Standoff-2.stl
-- Up-to-date: /home/nam/Lekiwi_ws/install/lekiwi_description/share/lekiwi_description/meshes/drive_motor_mount-v11-1.stl
-- Up-to-date: /home/nam/Lekiwi_ws/install/lekiwi_description/share/lekiwi_description/rviz
-- Up-to-date: /home/nam/Lekiwi_ws/install/lekiwi_description/share/lekiwi_description/rviz/modeltest.rviz
-- Up-to-date: /home/nam/Lekiwi_ws/install/lekiwi_description/share/ament_index/resource_index/package_run_dependencies/lekiwi_description
-- Up-to-date: /home/nam/Lekiwi_ws/install/lekiwi_description/share/ament_index/resource_index/parent_prefix_path/lekiwi_description
-- Up-to-date: /home/nam/Lekiwi_ws/install/lekiwi_description/share/lekiwi_description/environment/ament_prefix_path.sh
-- Up-to-date: /home/nam/Lekiwi_ws/install/lekiwi_description/share/lekiwi_description/environment/ament_prefix_path.dsv
-- Up-to-date: /home/nam/Lekiwi_ws/install/lekiwi_description/share/lekiwi_description/environment/path.sh
-- Up-to-date: /home/nam/Lekiwi_ws/install/lekiwi_description/share/lekiwi_description/environment/path.dsv
-- Up-to-date: /home/nam/Lekiwi_ws/install/lekiwi_description/share/lekiwi_description/local_setup.bash
-- Up-to-date: /home/nam/Lekiwi_ws/install/lekiwi_description/share/lekiwi_description/local_setup.sh
-- Up-to-date: /home/nam/Lekiwi_ws/install/lekiwi_description/share/lekiwi_description/local_setup.zsh
-- Up-to-date: /home/nam/Lekiwi_ws/install/lekiwi_description/share/lekiwi_description/local_setup.dsv
-- Installing: /home/nam/Lekiwi_ws/install/lekiwi_description/share/lekiwi_description/package.dsv
-- Up-to-date: /home/nam/Lekiwi_ws/install/lekiwi_description/share/ament_index/resource_index/packages/lekiwi_description
-- Up-to-date: /home/nam/Lekiwi_ws/install/lekiwi_description/share/lekiwi_description/cmake/lekiwi_descriptionConfig.cmake
-- Up-to-date: /home/nam/Lekiwi_ws/install/lekiwi_description/share/lekiwi_description/cmake/lekiwi_descriptionConfig-version.cmake
-- Up-to-date: /home/nam/Lekiwi_ws/install/lekiwi_description/share/lekiwi_description/package.xml
