[01m[K/home/nam/Lekiwi_ws/src/three_omni_plugin/src/three_omni_plugin.cpp:[m[K In member function ‘[01m[Kvirtual void three_omni_plugin_ns::ThreeOmniPlugin::PreUpdate(const ignition::gazebo::v6::UpdateInfo&, ignition::gazebo::v6::EntityComponentManager&)[m[K’:
[01m[K/home/nam/Lekiwi_ws/src/three_omni_plugin/src/three_omni_plugin.cpp:67:69:[m[K [01;31m[Kerror: [m[K‘[01m[KName[m[K’ is not a member of ‘[01m[Kignition::gazebo::v6::components[m[K’
   67 | auto nameComp = ecm.Component<ignition::gazebo::components::[01;31m[KName[m[K>(jointEntity);
      |                                                             [01;31m[K^~~~[m[K

[01m[K/home/nam/Lekiwi_ws/src/three_omni_plugin/src/three_omni_plugin.cpp:67:74:[m[K [01;31m[Kerror: [m[Kno matching function for call to ‘[01m[Kignition::gazebo::v6::EntityComponentManager::Component<<expression error> >(const long unsigned int&)[m[K’
   67 | nameComp = [01;31m[Kecm.Component<ignition::gazebo::components::Name>(jointEntity)[m[K;
      |            [01;31m[K~~~~~~~~~~~~~~~~~~~~~~~~~~~~~~~~~~~~~~~~~~~~~~~~~^~~~~~~~~~~~~[m[K

In file included from [01m[K/usr/include/ignition/gazebo6/gz/sim/System.hh:23[m[K,
                 from [01m[K/usr/include/ignition/gazebo6/ignition/gazebo/System.hh:18[m[K,
                 from [01m[K/home/nam/Lekiwi_ws/src/three_omni_plugin/src/three_omni_plugin.cpp:4[m[K:
[01m[K/usr/include/ignition/gazebo6/gz/sim/EntityComponentManager.hh:264:37:[m[K [01;36m[Knote: [m[Kcandidate: ‘[01m[Ktemplate<class ComponentTypeT> const ComponentTypeT* ignition::gazebo::v6::EntityComponentManager::Component(ignition::gazebo::v6::Entity) const[m[K’
  264 |               const ComponentTypeT *[01;36m[KComponent[m[K(const Entity _entity) const;
      |                                     [01;36m[K^~~~~~~~~[m[K
[01m[K/usr/include/ignition/gazebo6/gz/sim/EntityComponentManager.hh:264:37:[m[K [01;36m[Knote: [m[K  template argument deduction/substitution failed:
[01m[K/home/nam/Lekiwi_ws/src/three_omni_plugin/src/three_omni_plugin.cpp:67:74:[m[K [01;31m[Kerror: [m[Ktemplate argument 1 is invalid
   67 | nameComp = [01;31m[Kecm.Component<ignition::gazebo::components::Name>(jointEntity)[m[K;
      |            [01;31m[K~~~~~~~~~~~~~~~~~~~~~~~~~~~~~~~~~~~~~~~~~~~~~~~~~^~~~~~~~~~~~~[m[K

In file included from [01m[K/usr/include/ignition/gazebo6/gz/sim/EntityComponentManager.hh:851[m[K,
                 from [01m[K/usr/include/ignition/gazebo6/gz/sim/System.hh:23[m[K,
                 from [01m[K/usr/include/ignition/gazebo6/ignition/gazebo/System.hh:18[m[K,
                 from [01m[K/home/nam/Lekiwi_ws/src/three_omni_plugin/src/three_omni_plugin.cpp:4[m[K:
[01m[K/usr/include/ignition/gazebo6/gz/sim/detail/EntityComponentManager.hh:128:17:[m[K [01;36m[Knote: [m[Kcandidate: ‘[01m[Ktemplate<class ComponentTypeT> ComponentTypeT* ignition::gazebo::v6::EntityComponentManager::Component(ignition::gazebo::v6::Entity)[m[K’
  128 | ComponentTypeT *[01;36m[KEntityComponentManager[m[K::Component(const Entity _entity)
      |                 [01;36m[K^~~~~~~~~~~~~~~~~~~~~~[m[K
[01m[K/usr/include/ignition/gazebo6/gz/sim/detail/EntityComponentManager.hh:128:17:[m[K [01;36m[Knote: [m[K  template argument deduction/substitution failed:
[01m[K/home/nam/Lekiwi_ws/src/three_omni_plugin/src/three_omni_plugin.cpp:67:74:[m[K [01;31m[Kerror: [m[Ktemplate argument 1 is invalid
   67 | nameComp = [01;31m[Kecm.Component<ignition::gazebo::components::Name>(jointEntity)[m[K;
      |            [01;31m[K~~~~~~~~~~~~~~~~~~~~~~~~~~~~~~~~~~~~~~~~~~~~~~~~~^~~~~~~~~~~~~[m[K

In file included from [01m[K/usr/include/ignition/gazebo6/gz/sim/System.hh:23[m[K,
                 from [01m[K/usr/include/ignition/gazebo6/ignition/gazebo/System.hh:18[m[K,
                 from [01m[K/home/nam/Lekiwi_ws/src/three_omni_plugin/src/three_omni_plugin.cpp:4[m[K:
[01m[K/usr/include/ignition/gazebo6/gz/sim/EntityComponentManager.hh:279:56:[m[K [01;36m[Knote: [m[Kcandidate: ‘[01m[Ktemplate<class ComponentTypeT> const ComponentTypeT* ignition::gazebo::v6::EntityComponentManager::Component(const ComponentKey&) const[m[K’
  279 |               const ComponentTypeT IGN_DEPRECATED(6) * [01;36m[KComponent[m[K(
      |                                                        [01;36m[K^~~~~~~~~[m[K
[01m[K/usr/include/ignition/gazebo6/gz/sim/EntityComponentManager.hh:279:56:[m[K [01;36m[Knote: [m[K  template argument deduction/substitution failed:
[01m[K/home/nam/Lekiwi_ws/src/three_omni_plugin/src/three_omni_plugin.cpp:67:74:[m[K [01;31m[Kerror: [m[Ktemplate argument 1 is invalid
   67 | nameComp = [01;31m[Kecm.Component<ignition::gazebo::components::Name>(jointEntity)[m[K;
      |            [01;31m[K~~~~~~~~~~~~~~~~~~~~~~~~~~~~~~~~~~~~~~~~~~~~~~~~~^~~~~~~~~~~~~[m[K

In file included from [01m[K/usr/include/ignition/gazebo6/gz/sim/System.hh:23[m[K,
                 from [01m[K/usr/include/ignition/gazebo6/ignition/gazebo/System.hh:18[m[K,
                 from [01m[K/home/nam/Lekiwi_ws/src/three_omni_plugin/src/three_omni_plugin.cpp:4[m[K:
[01m[K/usr/include/ignition/gazebo6/gz/sim/EntityComponentManager.hh:287:50:[m[K [01;36m[Knote: [m[Kcandidate: ‘[01m[Ktemplate<class ComponentTypeT> ComponentTypeT* ignition::gazebo::v6::EntityComponentManager::Component(const ComponentKey&)[m[K’
  287 |               ComponentTypeT IGN_DEPRECATED(6) * [01;36m[KComponent[m[K(
      |                                                  [01;36m[K^~~~~~~~~[m[K
[01m[K/usr/include/ignition/gazebo6/gz/sim/EntityComponentManager.hh:287:50:[m[K [01;36m[Knote: [m[K  template argument deduction/substitution failed:
[01m[K/home/nam/Lekiwi_ws/src/three_omni_plugin/src/three_omni_plugin.cpp:67:74:[m[K [01;31m[Kerror: [m[Ktemplate argument 1 is invalid
   67 | nameComp = [01;31m[Kecm.Component<ignition::gazebo::components::Name>(jointEntity)[m[K;
      |            [01;31m[K~~~~~~~~~~~~~~~~~~~~~~~~~~~~~~~~~~~~~~~~~~~~~~~~~^~~~~~~~~~~~~[m[K

gmake[2]: *** [CMakeFiles/three_omni_plugin.dir/build.make:79: CMakeFiles/three_omni_plugin.dir/src/three_omni_plugin.cpp.o] Error 1
gmake[1]: *** [CMakeFiles/Makefile2:153: CMakeFiles/three_omni_plugin.dir/all] Error 2
gmake: *** [Makefile:146: all] Error 2
