[0.012s] Invoking command in '/home/nam/Lekiwi_ws/build/three_omni_plugin': /home/nam/.local/bin/cmake --build /home/nam/Lekiwi_ws/build/three_omni_plugin -- -j12 -l12
[0.115s] [ 50%] [32mBuilding CXX object CMakeFiles/three_omni_plugin.dir/src/three_omni_plugin.cpp.o[0m
[4.359s] [01m[K/home/nam/Lekiwi_ws/src/three_omni_plugin/src/three_omni_plugin.cpp:[m[K In member function ‘[01m[Kvirtual void three_omni_plugin_ns::ThreeOmniPlugin::PreUpdate(const ignition::gazebo::v6::UpdateInfo&, ignition::gazebo::v6::EntityComponentManager&)[m[K’:
[4.359s] [01m[K/home/nam/Lekiwi_ws/src/three_omni_plugin/src/three_omni_plugin.cpp:67:69:[m[K [01;31m[Kerror: [m[K‘[01m[KName[m[K’ is not a member of ‘[01m[Kignition::gazebo::v6::components[m[K’
[4.359s]    67 | auto nameComp = ecm.Component<ignition::gazebo::components::[01;31m[KName[m[K>(jointEntity);
[4.359s]       |                                                             [01;31m[K^~~~[m[K
[4.359s] 
[4.359s] [01m[K/home/nam/Lekiwi_ws/src/three_omni_plugin/src/three_omni_plugin.cpp:67:74:[m[K [01;31m[Kerror: [m[Kno matching function for call to ‘[01m[Kignition::gazebo::v6::EntityComponentManager::Component<<expression error> >(const long unsigned int&)[m[K’
[4.359s]    67 | nameComp = [01;31m[Kecm.Component<ignition::gazebo::components::Name>(jointEntity)[m[K;
[4.359s]       |            [01;31m[K~~~~~~~~~~~~~~~~~~~~~~~~~~~~~~~~~~~~~~~~~~~~~~~~~^~~~~~~~~~~~~[m[K
[4.359s] 
[4.359s] In file included from [01m[K/usr/include/ignition/gazebo6/gz/sim/System.hh:23[m[K,
[4.359s]                  from [01m[K/usr/include/ignition/gazebo6/ignition/gazebo/System.hh:18[m[K,
[4.359s]                  from [01m[K/home/nam/Lekiwi_ws/src/three_omni_plugin/src/three_omni_plugin.cpp:4[m[K:
[4.359s] [01m[K/usr/include/ignition/gazebo6/gz/sim/EntityComponentManager.hh:264:37:[m[K [01;36m[Knote: [m[Kcandidate: ‘[01m[Ktemplate<class ComponentTypeT> const ComponentTypeT* ignition::gazebo::v6::EntityComponentManager::Component(ignition::gazebo::v6::Entity) const[m[K’
[4.359s]   264 |               const ComponentTypeT *[01;36m[KComponent[m[K(const Entity _entity) const;
[4.359s]       |                                     [01;36m[K^~~~~~~~~[m[K
[4.359s] [01m[K/usr/include/ignition/gazebo6/gz/sim/EntityComponentManager.hh:264:37:[m[K [01;36m[Knote: [m[K  template argument deduction/substitution failed:
[4.359s] [01m[K/home/nam/Lekiwi_ws/src/three_omni_plugin/src/three_omni_plugin.cpp:67:74:[m[K [01;31m[Kerror: [m[Ktemplate argument 1 is invalid
[4.359s]    67 | nameComp = [01;31m[Kecm.Component<ignition::gazebo::components::Name>(jointEntity)[m[K;
[4.360s]       |            [01;31m[K~~~~~~~~~~~~~~~~~~~~~~~~~~~~~~~~~~~~~~~~~~~~~~~~~^~~~~~~~~~~~~[m[K
[4.360s] 
[4.360s] In file included from [01m[K/usr/include/ignition/gazebo6/gz/sim/EntityComponentManager.hh:851[m[K,
[4.360s]                  from [01m[K/usr/include/ignition/gazebo6/gz/sim/System.hh:23[m[K,
[4.360s]                  from [01m[K/usr/include/ignition/gazebo6/ignition/gazebo/System.hh:18[m[K,
[4.360s]                  from [01m[K/home/nam/Lekiwi_ws/src/three_omni_plugin/src/three_omni_plugin.cpp:4[m[K:
[4.360s] [01m[K/usr/include/ignition/gazebo6/gz/sim/detail/EntityComponentManager.hh:128:17:[m[K [01;36m[Knote: [m[Kcandidate: ‘[01m[Ktemplate<class ComponentTypeT> ComponentTypeT* ignition::gazebo::v6::EntityComponentManager::Component(ignition::gazebo::v6::Entity)[m[K’
[4.360s]   128 | ComponentTypeT *[01;36m[KEntityComponentManager[m[K::Component(const Entity _entity)
[4.360s]       |                 [01;36m[K^~~~~~~~~~~~~~~~~~~~~~[m[K
[4.360s] [01m[K/usr/include/ignition/gazebo6/gz/sim/detail/EntityComponentManager.hh:128:17:[m[K [01;36m[Knote: [m[K  template argument deduction/substitution failed:
[4.360s] [01m[K/home/nam/Lekiwi_ws/src/three_omni_plugin/src/three_omni_plugin.cpp:67:74:[m[K [01;31m[Kerror: [m[Ktemplate argument 1 is invalid
[4.360s]    67 | nameComp = [01;31m[Kecm.Component<ignition::gazebo::components::Name>(jointEntity)[m[K;
[4.360s]       |            [01;31m[K~~~~~~~~~~~~~~~~~~~~~~~~~~~~~~~~~~~~~~~~~~~~~~~~~^~~~~~~~~~~~~[m[K
[4.360s] 
[4.360s] In file included from [01m[K/usr/include/ignition/gazebo6/gz/sim/System.hh:23[m[K,
[4.360s]                  from [01m[K/usr/include/ignition/gazebo6/ignition/gazebo/System.hh:18[m[K,
[4.360s]                  from [01m[K/home/nam/Lekiwi_ws/src/three_omni_plugin/src/three_omni_plugin.cpp:4[m[K:
[4.360s] [01m[K/usr/include/ignition/gazebo6/gz/sim/EntityComponentManager.hh:279:56:[m[K [01;36m[Knote: [m[Kcandidate: ‘[01m[Ktemplate<class ComponentTypeT> const ComponentTypeT* ignition::gazebo::v6::EntityComponentManager::Component(const ComponentKey&) const[m[K’
[4.360s]   279 |               const ComponentTypeT IGN_DEPRECATED(6) * [01;36m[KComponent[m[K(
[4.360s]       |                                                        [01;36m[K^~~~~~~~~[m[K
[4.360s] [01m[K/usr/include/ignition/gazebo6/gz/sim/EntityComponentManager.hh:279:56:[m[K [01;36m[Knote: [m[K  template argument deduction/substitution failed:
[4.360s] [01m[K/home/nam/Lekiwi_ws/src/three_omni_plugin/src/three_omni_plugin.cpp:67:74:[m[K [01;31m[Kerror: [m[Ktemplate argument 1 is invalid
[4.360s]    67 | nameComp = [01;31m[Kecm.Component<ignition::gazebo::components::Name>(jointEntity)[m[K;
[4.360s]       |            [01;31m[K~~~~~~~~~~~~~~~~~~~~~~~~~~~~~~~~~~~~~~~~~~~~~~~~~^~~~~~~~~~~~~[m[K
[4.360s] 
[4.361s] In file included from [01m[K/usr/include/ignition/gazebo6/gz/sim/System.hh:23[m[K,
[4.361s]                  from [01m[K/usr/include/ignition/gazebo6/ignition/gazebo/System.hh:18[m[K,
[4.361s]                  from [01m[K/home/nam/Lekiwi_ws/src/three_omni_plugin/src/three_omni_plugin.cpp:4[m[K:
[4.361s] [01m[K/usr/include/ignition/gazebo6/gz/sim/EntityComponentManager.hh:287:50:[m[K [01;36m[Knote: [m[Kcandidate: ‘[01m[Ktemplate<class ComponentTypeT> ComponentTypeT* ignition::gazebo::v6::EntityComponentManager::Component(const ComponentKey&)[m[K’
[4.361s]   287 |               ComponentTypeT IGN_DEPRECATED(6) * [01;36m[KComponent[m[K(
[4.361s]       |                                                  [01;36m[K^~~~~~~~~[m[K
[4.361s] [01m[K/usr/include/ignition/gazebo6/gz/sim/EntityComponentManager.hh:287:50:[m[K [01;36m[Knote: [m[K  template argument deduction/substitution failed:
[4.361s] [01m[K/home/nam/Lekiwi_ws/src/three_omni_plugin/src/three_omni_plugin.cpp:67:74:[m[K [01;31m[Kerror: [m[Ktemplate argument 1 is invalid
[4.361s]    67 | nameComp = [01;31m[Kecm.Component<ignition::gazebo::components::Name>(jointEntity)[m[K;
[4.361s]       |            [01;31m[K~~~~~~~~~~~~~~~~~~~~~~~~~~~~~~~~~~~~~~~~~~~~~~~~~^~~~~~~~~~~~~[m[K
[4.361s] 
[7.122s] gmake[2]: *** [CMakeFiles/three_omni_plugin.dir/build.make:79: CMakeFiles/three_omni_plugin.dir/src/three_omni_plugin.cpp.o] Error 1
[7.123s] gmake[1]: *** [CMakeFiles/Makefile2:153: CMakeFiles/three_omni_plugin.dir/all] Error 2
[7.123s] gmake: *** [Makefile:146: all] Error 2
[7.125s] Invoked command in '/home/nam/Lekiwi_ws/build/three_omni_plugin' returned '2': /home/nam/.local/bin/cmake --build /home/nam/Lekiwi_ws/build/three_omni_plugin -- -j12 -l12
