[0.012s] Invoking command in '/home/nam/Lekiwi_ws/build/three_omni_plugin': CMAKE_PREFIX_PATH=${CMAKE_PREFIX_PATH}:/home/nam/Lekiwi_ws/install/omni_teleop:/home/nam/turtlebot3_ws/install/turtlebot3_teleop:/home/nam/turtlebot3_ws/install/turtlebot3_example:/opt/ros/humble /home/nam/.local/bin/cmake --build /home/nam/Lekiwi_ws/build/three_omni_plugin -- -j12 -l12
[0.094s] -- Found ament_cmake: 1.3.11 (/opt/ros/humble/share/ament_cmake/cmake)
[0.272s] -- Found rclcpp: 16.0.12 (/opt/ros/humble/share/rclcpp/cmake)
[0.301s] -- Found rosidl_generator_c: 3.1.6 (/opt/ros/humble/share/rosidl_generator_c/cmake)
[0.304s] -- Found rosidl_adapter: 3.1.6 (/opt/ros/humble/share/rosidl_adapter/cmake)
[0.309s] -- Found rosidl_generator_cpp: 3.1.6 (/opt/ros/humble/share/rosidl_generator_cpp/cmake)
[0.319s] -- Using all available rosidl_typesupport_c: rosidl_typesupport_fastrtps_c;rosidl_typesupport_introspection_c
[0.332s] -- Using all available rosidl_typesupport_cpp: rosidl_typesupport_fastrtps_cpp;rosidl_typesupport_introspection_cpp
[0.365s] -- Found rmw_implementation_cmake: 6.1.2 (/opt/ros/humble/share/rmw_implementation_cmake/cmake)
[0.367s] -- Found rmw_fastrtps_cpp: 6.2.7 (/opt/ros/humble/share/rmw_fastrtps_cpp/cmake)
[0.499s] -- Using RMW implementation 'rmw_fastrtps_cpp' as default
[0.553s] -- Found geometry_msgs: 4.8.0 (/opt/ros/humble/share/geometry_msgs/cmake)
[0.568s] -- Found nav_msgs: 4.8.0 (/opt/ros/humble/share/nav_msgs/cmake)
[0.588s] -- Found tf2_ros: 0.25.12 (/opt/ros/humble/share/tf2_ros/cmake)
[0.680s] -- Found tf2_geometry_msgs: 0.25.12 (/opt/ros/humble/share/tf2_geometry_msgs/cmake)
[0.683s] -- Found eigen3_cmake_module: 0.1.1 (/opt/ros/humble/share/eigen3_cmake_module/cmake)
[0.684s] -- Ensuring Eigen3 include directory is part of orocos-kdl CMake target
[0.686s] -- Looking for ignition-gazebo6 -- found version 6.17.0
[0.690s] -- Searching for dependencies of ignition-gazebo6
[0.690s] -- Looking for sdformat12 -- found version 12.8.0
[0.690s] -- Searching for dependencies of sdformat12
[0.695s] -- Checking for module 'tinyxml2'
[0.710s] --   Found tinyxml2, version 9.0.0
[0.742s] -- Looking for ignition-math6 -- found version 6.15.1
[0.743s] -- Searching for dependencies of ignition-math6
[0.743s] -- Looking for ignition-utils1 -- found version 1.5.1
[0.744s] -- Searching for dependencies of ignition-utils1
[0.745s] -- Looking for ignition-plugin1 -- found version 1.4.0
[0.745s] -- Searching for dependencies of ignition-plugin1
[0.745s] -- Searching for <ignition-plugin1> component [loader]
[0.746s] -- Looking for ignition-plugin1-loader -- found version 1.4.0
[0.746s] -- Searching for dependencies of ignition-plugin1-loader
[0.746s] -- Searching for <ignition-plugin1> component [register]
[0.746s] -- Looking for ignition-plugin1-register -- found version 1.4.0
[0.747s] -- Searching for dependencies of ignition-plugin1-register
[0.747s] -- Looking for ignition-transport11 -- found version 11.4.1
[0.747s] -- Searching for dependencies of ignition-transport11
[0.787s] -- Config-file not installed for ZeroMQ -- checking for pkg-config
[0.792s] -- Checking for module 'libzmq >= 4'
[0.806s] --   Found libzmq, version 4.3.4
[0.847s] -- Checking for module 'uuid'
[0.862s] --   Found uuid, version 2.37.2
[0.895s] -- Looking for ignition-utils1 -- found version 1.5.1
[0.895s] -- Searching for dependencies of ignition-utils1
[0.895s] -- Searching for <ignition-utils1> component [cli]
[0.895s] -- Looking for ignition-utils1-cli -- found version 1.5.1
[0.896s] -- Searching for dependencies of ignition-utils1-cli
[0.896s] -- Looking for ignition-msgs8 -- found version 8.7.0
[0.896s] -- Searching for dependencies of ignition-msgs8
[0.919s] -- Found Protobuf: /usr/lib/x86_64-linux-gnu/libprotobuf.so (found suitable version "3.12.4", minimum required is "3")
[0.920s] -- Looking for ignition-math6 -- found version 6.15.1
[0.930s] -- Searching for <ignition-transport11> component [log]
[0.931s] -- Looking for ignition-transport11-log -- found version 11.4.1
[0.931s] -- Searching for dependencies of ignition-transport11-log
[0.931s] -- Searching for <ignition-transport11> component [parameters]
[0.932s] -- Looking for ignition-transport11-parameters -- found version 11.4.1
[0.932s] -- Searching for dependencies of ignition-transport11-parameters
[0.933s] -- Looking for ignition-msgs8 -- found version 8.7.0
[0.933s] -- Looking for ignition-common4 -- found version 4.7.0
[0.933s] -- Searching for dependencies of ignition-common4
[0.933s] -- Looking for dlfcn.h - found
[0.933s] -- Looking for libdl - found
[0.945s] -- Searching for <ignition-common4> component [profiler]
[0.945s] -- Looking for ignition-common4-profiler -- found version 4.7.0
[0.946s] -- Searching for dependencies of ignition-common4-profiler
[0.946s] -- Searching for <ignition-common4> component [events]
[0.946s] -- Looking for ignition-common4-events -- found version 4.7.0
[0.946s] -- Searching for dependencies of ignition-common4-events
[0.947s] -- Looking for ignition-math6 -- found version 6.15.1
[0.947s] -- Searching for <ignition-common4> component [av]
[0.948s] -- Looking for ignition-common4-av -- found version 4.7.0
[0.948s] -- Searching for dependencies of ignition-common4-av
[0.953s] -- Checking for module 'libswscale'
[0.967s] --   Found libswscale, version 5.9.100
[1.006s] -- Checking for module 'libavdevice >= 56.4.100'
[1.020s] --   Found libavdevice, version 58.13.100
[1.063s] -- Checking for module 'libavformat'
[1.078s] --   Found libavformat, version 58.76.100
[1.118s] -- Checking for module 'libavcodec'
[1.133s] --   Found libavcodec, version 58.134.100
[1.173s] -- Checking for module 'libavutil'
[1.188s] --   Found libavutil, version 56.70.100
[1.222s] -- Looking for ignition-fuel_tools7 -- found version 7.3.1
[1.222s] -- Searching for dependencies of ignition-fuel_tools7
[1.267s] [0mCMake Deprecation Warning at /usr/lib/x86_64-linux-gnu/cmake/jsoncpp/jsoncppConfig.cmake:2 (cmake_policy):
[1.267s]   Compatibility with CMake < 3.10 will be removed from a future version of
[1.267s]   CMake.
[1.267s] 
[1.267s]   Update the VERSION argument <min> value.  Or, use the <min>...<max> syntax
[1.267s]   to tell CMake that the project requires at least <min> but has been updated
[1.267s]   to work with policies introduced by <max> or earlier.
[1.267s] Call Stack (most recent call first):
[1.268s]   /usr/share/cmake/ignition-cmake2/cmake2/FindJSONCPP.cmake:34 (find_package)
[1.268s]   /home/nam/ignition_fortress_ws/install/ignition-fuel_tools7/lib/cmake/ignition-fuel_tools7/ignition-fuel_tools7-config.cmake:94 (find_package)
[1.268s]   /usr/lib/x86_64-linux-gnu/cmake/ignition-gazebo6/ignition-gazebo6-config.cmake:97 (find_package)
[1.268s]   CMakeLists.txt:15 (find_package)
[1.268s] 
[1.268s] [0m
[1.273s] -- Checking for module 'jsoncpp'
[1.288s] --   Found jsoncpp, version 1.9.5
[1.328s] -- Checking for module 'libzip'
[1.343s] --   Found libzip, version 1.7.3
[1.377s] -- Looking for ignition-common4 -- found version 4.7.0
[1.378s] -- Looking for ignition-math6 -- found version 6.15.1
[1.378s] -- Looking for ignition-msgs8 -- found version 8.7.0
[1.379s] -- Looking for ignition-gui6 -- found version 6.8.0
[1.379s] -- Searching for dependencies of ignition-gui6
[1.413s] -- Looking for ignition-math6 -- found version 6.15.1
[1.413s] -- Looking for ignition-common4 -- found version 4.7.0
[1.414s] -- Looking for ignition-plugin1 -- found version 1.4.0
[1.414s] -- Looking for ignition-transport11 -- found version 11.4.1
[1.414s] -- Looking for ignition-rendering6 -- found version 6.6.3
[1.414s] -- Searching for dependencies of ignition-rendering6
[1.415s] -- Looking for ignition-math6 -- found version 6.15.1
[1.415s] -- Searching for dependencies of ignition-math6
[1.415s] -- Searching for <ignition-math6> component [eigen3]
[1.415s] -- Looking for ignition-math6-eigen3 -- found version 6.15.1
[1.416s] -- Searching for dependencies of ignition-math6-eigen3
[1.417s] -- Looking for ignition-common4 -- found version 4.7.0
[1.417s] -- Searching for dependencies of ignition-common4
[1.417s] -- Looking for dlfcn.h - found
[1.417s] -- Looking for libdl - found
[1.428s] -- Searching for <ignition-common4> component [graphics]
[1.429s] -- Looking for ignition-common4-graphics -- found version 4.7.0
[1.429s] -- Searching for dependencies of ignition-common4-graphics
[1.429s] -- Looking for ignition-math6 -- found version 6.15.1
[1.430s] -- Looking for ignition-utils1 -- found version 1.5.1
[1.430s] -- Searching for <ignition-common4> component [events]
[1.430s] -- Looking for ignition-plugin1 -- found version 1.4.0
[1.431s] -- Searching for dependencies of ignition-plugin1
[1.431s] -- Searching for <ignition-plugin1> component [all]
[1.431s] -- Looking for all libraries of ignition-plugin1 -- found version 1.4.0
[1.432s] -- Looking for ignition-plugin1 -- found version 1.4.0
[1.433s] -- Looking for ignition-msgs8 -- found version 8.7.0
[1.449s] -- Looking for ignition-physics5 -- found version 5.3.2
[1.449s] -- Searching for dependencies of ignition-physics5
[1.449s] -- Looking for ignition-math6 -- found version 6.15.1
[1.449s] -- Looking for ignition-plugin1 -- found version 1.4.0
[1.450s] -- Looking for ignition-utils1 -- found version 1.5.1
[1.451s] -- Searching for <ignition-physics5> component [heightmap]
[1.451s] -- Looking for ignition-physics5-heightmap -- found version 5.3.2
[1.451s] -- Searching for dependencies of ignition-physics5-heightmap
[1.452s] -- Looking for ignition-common4 -- found version 4.7.0
[1.452s] -- Searching for <ignition-physics5> component [mesh]
[1.452s] -- Looking for ignition-physics5-mesh -- found version 5.3.2
[1.452s] -- Searching for dependencies of ignition-physics5-mesh
[1.453s] -- Looking for ignition-common4 -- found version 4.7.0
[1.453s] -- Searching for <ignition-physics5> component [sdf]
[1.454s] -- Looking for ignition-physics5-sdf -- found version 5.3.2
[1.454s] -- Searching for dependencies of ignition-physics5-sdf
[1.454s] -- Looking for sdformat12 -- found version 12.8.0
[1.455s] -- Looking for ignition-sensors6 -- found version 6.8.1
[1.455s] -- Searching for dependencies of ignition-sensors6
[1.479s] -- Found Protobuf: /usr/lib/x86_64-linux-gnu/libprotobuf.so (found version "3.12.4")
[1.479s] -- Looking for ignition-math6 -- found version 6.15.1
[1.480s] -- Looking for ignition-common4 -- found version 4.7.0
[1.480s] -- Looking for ignition-transport11 -- found version 11.4.1
[1.481s] -- Looking for ignition-rendering6 -- found version 6.6.3
[1.481s] -- Looking for ignition-msgs8 -- found version 8.7.0
[1.482s] -- Looking for sdformat12 -- found version 12.8.0
[1.483s] -- Searching for <ignition-sensors6> component [air_pressure]
[1.483s] -- Looking for ignition-sensors6-air_pressure -- found version 6.8.1
[1.483s] -- Searching for dependencies of ignition-sensors6-air_pressure
[1.483s] -- Searching for <ignition-sensors6> component [altimeter]
[1.484s] -- Looking for ignition-sensors6-altimeter -- found version 6.8.1
[1.484s] -- Searching for dependencies of ignition-sensors6-altimeter
[1.484s] -- Searching for <ignition-sensors6> component [imu]
[1.485s] -- Looking for ignition-sensors6-imu -- found version 6.8.1
[1.485s] -- Searching for dependencies of ignition-sensors6-imu
[1.485s] -- Searching for <ignition-sensors6> component [force_torque]
[1.486s] -- Looking for ignition-sensors6-force_torque -- found version 6.8.1
[1.486s] -- Searching for dependencies of ignition-sensors6-force_torque
[1.486s] -- Searching for <ignition-sensors6> component [logical_camera]
[1.487s] -- Looking for ignition-sensors6-logical_camera -- found version 6.8.1
[1.487s] -- Searching for dependencies of ignition-sensors6-logical_camera
[1.487s] -- Searching for <ignition-sensors6> component [magnetometer]
[1.487s] -- Looking for ignition-sensors6-magnetometer -- found version 6.8.1
[1.488s] -- Searching for dependencies of ignition-sensors6-magnetometer
[1.488s] -- Searching for <ignition-sensors6> component [navsat]
[1.488s] -- Looking for ignition-sensors6-navsat -- found version 6.8.1
[1.489s] -- Searching for dependencies of ignition-sensors6-navsat
[1.489s] -- Searching for <ignition-sensors6> component [rendering]
[1.489s] -- Looking for ignition-sensors6-rendering -- found version 6.8.1
[1.489s] -- Searching for dependencies of ignition-sensors6-rendering
[1.490s] -- Searching for <ignition-sensors6> component [lidar]
[1.490s] -- Looking for ignition-sensors6-lidar -- found version 6.8.1
[1.490s] -- Searching for dependencies of ignition-sensors6-lidar
[1.491s] -- Looking for ignition-sensors6 -- found version 6.8.1
[1.491s] -- Searching for <ignition-sensors6> component [gpu_lidar]
[1.492s] -- Looking for ignition-sensors6-gpu_lidar -- found version 6.8.1
[1.492s] -- Searching for dependencies of ignition-sensors6-gpu_lidar
[1.492s] -- Looking for ignition-sensors6 -- found version 6.8.1
[1.492s] -- Searching for <ignition-sensors6> component [camera]
[1.493s] -- Looking for ignition-sensors6-camera -- found version 6.8.1
[1.493s] -- Searching for dependencies of ignition-sensors6-camera
[1.493s] -- Looking for ignition-sensors6 -- found version 6.8.1
[1.494s] -- Searching for <ignition-sensors6> component [boundingbox_camera]
[1.494s] -- Looking for ignition-sensors6-boundingbox_camera -- found version 6.8.1
[1.494s] -- Searching for dependencies of ignition-sensors6-boundingbox_camera
[1.495s] -- Searching for <ignition-sensors6> component [segmentation_camera]
[1.495s] -- Looking for ignition-sensors6-segmentation_camera -- found version 6.8.1
[1.495s] -- Searching for dependencies of ignition-sensors6-segmentation_camera
[1.496s] -- Searching for <ignition-sensors6> component [depth_camera]
[1.496s] -- Looking for ignition-sensors6-depth_camera -- found version 6.8.1
[1.496s] -- Searching for dependencies of ignition-sensors6-depth_camera
[1.497s] -- Looking for ignition-sensors6 -- found version 6.8.1
[1.497s] -- Searching for <ignition-sensors6> component [rgbd_camera]
[1.497s] -- Looking for ignition-sensors6-rgbd_camera -- found version 6.8.1
[1.497s] -- Searching for dependencies of ignition-sensors6-rgbd_camera
[1.498s] -- Looking for ignition-sensors6 -- found version 6.8.1
[1.498s] -- Searching for <ignition-sensors6> component [thermal_camera]
[1.499s] -- Looking for ignition-sensors6-thermal_camera -- found version 6.8.1
[1.499s] -- Searching for dependencies of ignition-sensors6-thermal_camera
[1.499s] -- Looking for ignition-sensors6 -- found version 6.8.1
[1.500s] -- Looking for ignition-rendering6 -- found version 6.6.3
[1.501s] -- Looking for ignition-math6 -- found version 6.15.1
[1.501s] -- Looking for ignition-utils1 -- found version 1.5.1
[1.527s] -- Looking for ignition-plugin1 -- found version 1.4.0
[1.588s] -- Configuring done (1.5s)
[1.608s] -- Generating done (0.0s)
[1.611s] -- Build files have been written to: /home/nam/Lekiwi_ws/build/three_omni_plugin
[1.649s] [ 50%] [32mBuilding CXX object CMakeFiles/three_omni_plugin.dir/src/three_omni_plugin.cpp.o[0m
[13.142s] [100%] [32m[1mLinking CXX shared library libthree_omni_plugin.so[0m
[13.701s] [100%] Built target three_omni_plugin
[13.707s] Invoked command in '/home/nam/Lekiwi_ws/build/three_omni_plugin' returned '0': CMAKE_PREFIX_PATH=${CMAKE_PREFIX_PATH}:/home/nam/Lekiwi_ws/install/omni_teleop:/home/nam/turtlebot3_ws/install/turtlebot3_teleop:/home/nam/turtlebot3_ws/install/turtlebot3_example:/opt/ros/humble /home/nam/.local/bin/cmake --build /home/nam/Lekiwi_ws/build/three_omni_plugin -- -j12 -l12
[13.773s] Invoking command in '/home/nam/Lekiwi_ws/build/three_omni_plugin': CMAKE_PREFIX_PATH=${CMAKE_PREFIX_PATH}:/home/nam/Lekiwi_ws/install/omni_teleop:/home/nam/turtlebot3_ws/install/turtlebot3_teleop:/home/nam/turtlebot3_ws/install/turtlebot3_example:/opt/ros/humble /home/nam/.local/bin/cmake --install /home/nam/Lekiwi_ws/build/three_omni_plugin
[13.834s] -- Install configuration: ""
[13.835s] -- Installing: /home/nam/Lekiwi_ws/install/three_omni_plugin/lib/libthree_omni_plugin.so
[13.844s] -- Set non-toolchain portion of runtime path of "/home/nam/Lekiwi_ws/install/three_omni_plugin/lib/libthree_omni_plugin.so" to ""
[13.844s] -- Up-to-date: /home/nam/Lekiwi_ws/install/three_omni_plugin/share/three_omni_plugin/environment/library_path.sh
[13.845s] -- Installing: /home/nam/Lekiwi_ws/install/three_omni_plugin/share/three_omni_plugin/environment/library_path.dsv
[13.845s] -- Up-to-date: /home/nam/Lekiwi_ws/install/three_omni_plugin/share/ament_index/resource_index/package_run_dependencies/three_omni_plugin
[13.845s] -- Up-to-date: /home/nam/Lekiwi_ws/install/three_omni_plugin/share/ament_index/resource_index/parent_prefix_path/three_omni_plugin
[13.845s] -- Up-to-date: /home/nam/Lekiwi_ws/install/three_omni_plugin/share/three_omni_plugin/environment/ament_prefix_path.sh
[13.845s] -- Installing: /home/nam/Lekiwi_ws/install/three_omni_plugin/share/three_omni_plugin/environment/ament_prefix_path.dsv
[13.845s] -- Up-to-date: /home/nam/Lekiwi_ws/install/three_omni_plugin/share/three_omni_plugin/environment/path.sh
[13.845s] -- Installing: /home/nam/Lekiwi_ws/install/three_omni_plugin/share/three_omni_plugin/environment/path.dsv
[13.845s] -- Up-to-date: /home/nam/Lekiwi_ws/install/three_omni_plugin/share/three_omni_plugin/local_setup.bash
[13.845s] -- Up-to-date: /home/nam/Lekiwi_ws/install/three_omni_plugin/share/three_omni_plugin/local_setup.sh
[13.845s] -- Up-to-date: /home/nam/Lekiwi_ws/install/three_omni_plugin/share/three_omni_plugin/local_setup.zsh
[13.845s] -- Installing: /home/nam/Lekiwi_ws/install/three_omni_plugin/share/three_omni_plugin/local_setup.dsv
[13.845s] -- Installing: /home/nam/Lekiwi_ws/install/three_omni_plugin/share/three_omni_plugin/package.dsv
[13.845s] -- Up-to-date: /home/nam/Lekiwi_ws/install/three_omni_plugin/share/ament_index/resource_index/packages/three_omni_plugin
[13.845s] -- Up-to-date: /home/nam/Lekiwi_ws/install/three_omni_plugin/share/three_omni_plugin/cmake/ament_cmake_export_libraries-extras.cmake
[13.845s] -- Up-to-date: /home/nam/Lekiwi_ws/install/three_omni_plugin/share/three_omni_plugin/cmake/three_omni_pluginConfig.cmake
[13.846s] -- Up-to-date: /home/nam/Lekiwi_ws/install/three_omni_plugin/share/three_omni_plugin/cmake/three_omni_pluginConfig-version.cmake
[13.846s] -- Up-to-date: /home/nam/Lekiwi_ws/install/three_omni_plugin/share/three_omni_plugin/package.xml
[13.847s] Invoked command in '/home/nam/Lekiwi_ws/build/three_omni_plugin' returned '0': CMAKE_PREFIX_PATH=${CMAKE_PREFIX_PATH}:/home/nam/Lekiwi_ws/install/omni_teleop:/home/nam/turtlebot3_ws/install/turtlebot3_teleop:/home/nam/turtlebot3_ws/install/turtlebot3_example:/opt/ros/humble /home/nam/.local/bin/cmake --install /home/nam/Lekiwi_ws/build/three_omni_plugin
