[0.023s] Invoking command in '/home/nam/Lekiwi_ws/build/lekiwi_description': CMAKE_PREFIX_PATH=${CMAKE_PREFIX_PATH}:/home/nam/turtlebot3_ws/install/turtlebot3_teleop:/home/nam/turtlebot3_ws/install/turtlebot3_example:/opt/ros/humble /home/nam/.local/bin/cmake /home/nam/Lekiwi_ws/src/lekiwi_description -DCMAKE_INSTALL_PREFIX=/home/nam/Lekiwi_ws/install/lekiwi_description
[0.282s] -- The C compiler identification is GNU 11.4.0
[0.282s] -- The CXX compiler identification is GNU 11.4.0
[0.282s] -- Detecting C compiler ABI info
[0.329s] -- Detecting C compiler ABI info - done
[0.345s] -- Check for working C compiler: /usr/bin/cc - skipped
[0.346s] -- Detecting C compile features
[0.346s] -- Detecting C compile features - done
[0.359s] -- Detecting CXX compiler ABI info
[0.425s] -- Detecting CXX compiler ABI info - done
[0.439s] -- Check for working CXX compiler: /usr/bin/c++ - skipped
[0.439s] -- Detecting CXX compile features
[0.440s] -- Detecting CXX compile features - done
[0.455s] -- Found ament_cmake: 1.3.11 (/opt/ros/humble/share/ament_cmake/cmake)
[0.586s] -- Found Python3: /usr/bin/python3 (found version "3.10.12") found components: Interpreter
[0.768s] -- Found robot_state_publisher: 3.0.3 (/opt/ros/humble/share/robot_state_publisher/cmake)
[0.849s] -- Found rosidl_generator_c: 3.1.6 (/opt/ros/humble/share/rosidl_generator_c/cmake)
[0.862s] -- Found rosidl_adapter: 3.1.6 (/opt/ros/humble/share/rosidl_adapter/cmake)
[0.881s] -- Found rosidl_generator_cpp: 3.1.6 (/opt/ros/humble/share/rosidl_generator_cpp/cmake)
[0.924s] -- Using all available rosidl_typesupport_c: rosidl_typesupport_fastrtps_c;rosidl_typesupport_introspection_c
[0.955s] -- Using all available rosidl_typesupport_cpp: rosidl_typesupport_fastrtps_cpp;rosidl_typesupport_introspection_cpp
[1.061s] -- Found eigen3_cmake_module: 0.1.1 (/opt/ros/humble/share/eigen3_cmake_module/cmake)
[1.062s] -- Found Eigen3: TRUE (found version "3.4.0")
[1.062s] -- Ensuring Eigen3 include directory is part of orocos-kdl CMake target
[1.154s] -- Found rmw_implementation_cmake: 6.1.2 (/opt/ros/humble/share/rmw_implementation_cmake/cmake)
[1.164s] -- Found rmw_fastrtps_cpp: 6.2.7 (/opt/ros/humble/share/rmw_fastrtps_cpp/cmake)
[1.289s] -- Found OpenSSL: /usr/lib/x86_64-linux-gnu/libcrypto.so (found version "3.0.2")
[1.327s] -- Found FastRTPS: /opt/ros/humble/include
[1.383s] -- Using RMW implementation 'rmw_fastrtps_cpp' as default
[1.404s] -- Performing Test CMAKE_HAVE_LIBC_PTHREAD
[1.464s] -- Performing Test CMAKE_HAVE_LIBC_PTHREAD - Success
[1.465s] -- Found Threads: TRUE
[1.794s] -- Found rclpy: 3.3.16 (/opt/ros/humble/share/rclpy/cmake)
[1.853s] -- Configuring done (1.8s)
[1.860s] -- Generating done (0.0s)
[1.861s] -- Build files have been written to: /home/nam/Lekiwi_ws/build/lekiwi_description
[1.871s] Invoked command in '/home/nam/Lekiwi_ws/build/lekiwi_description' returned '0': CMAKE_PREFIX_PATH=${CMAKE_PREFIX_PATH}:/home/nam/turtlebot3_ws/install/turtlebot3_teleop:/home/nam/turtlebot3_ws/install/turtlebot3_example:/opt/ros/humble /home/nam/.local/bin/cmake /home/nam/Lekiwi_ws/src/lekiwi_description -DCMAKE_INSTALL_PREFIX=/home/nam/Lekiwi_ws/install/lekiwi_description
[1.873s] Invoking command in '/home/nam/Lekiwi_ws/build/lekiwi_description': CMAKE_PREFIX_PATH=${CMAKE_PREFIX_PATH}:/home/nam/turtlebot3_ws/install/turtlebot3_teleop:/home/nam/turtlebot3_ws/install/turtlebot3_example:/opt/ros/humble /home/nam/.local/bin/cmake --build /home/nam/Lekiwi_ws/build/lekiwi_description -- -j12 -l12
[1.956s] Invoked command in '/home/nam/Lekiwi_ws/build/lekiwi_description' returned '0': CMAKE_PREFIX_PATH=${CMAKE_PREFIX_PATH}:/home/nam/turtlebot3_ws/install/turtlebot3_teleop:/home/nam/turtlebot3_ws/install/turtlebot3_example:/opt/ros/humble /home/nam/.local/bin/cmake --build /home/nam/Lekiwi_ws/build/lekiwi_description -- -j12 -l12
[2.026s] Invoking command in '/home/nam/Lekiwi_ws/build/lekiwi_description': CMAKE_PREFIX_PATH=${CMAKE_PREFIX_PATH}:/home/nam/turtlebot3_ws/install/turtlebot3_teleop:/home/nam/turtlebot3_ws/install/turtlebot3_example:/opt/ros/humble /home/nam/.local/bin/cmake --install /home/nam/Lekiwi_ws/build/lekiwi_description
[2.092s] -- Install configuration: ""
[2.092s] -- Installing: /home/nam/Lekiwi_ws/install/lekiwi_description/share/lekiwi_description/urdf
[2.093s] -- Installing: /home/nam/Lekiwi_ws/install/lekiwi_description/share/lekiwi_description/urdf/LeKiwi.urdf
[2.093s] -- Installing: /home/nam/Lekiwi_ws/install/lekiwi_description/share/lekiwi_description/urdf/LeKiwi_converted.xacro
[2.093s] -- Installing: /home/nam/Lekiwi_ws/install/lekiwi_description/share/lekiwi_description/urdf/meshes
[2.093s] -- Installing: /home/nam/Lekiwi_ws/install/lekiwi_description/share/lekiwi_description/urdf/meshes/94868A713_NO-THREADS_Female-Threaded-Hex-Standoff.stl
[2.094s] -- Installing: /home/nam/Lekiwi_ws/install/lekiwi_description/share/lekiwi_description/urdf/meshes/STS3215_03a-v1-4.stl
[2.095s] -- Installing: /home/nam/Lekiwi_ws/install/lekiwi_description/share/lekiwi_description/urdf/meshes/94868A713_NO-THREADS_Female-Threaded-Hex-Standoff-1.stl
[2.095s] -- Installing: /home/nam/Lekiwi_ws/install/lekiwi_description/share/lekiwi_description/urdf/meshes/Moving_Jaw_08d-v1.stl
[2.096s] -- Installing: /home/nam/Lekiwi_ws/install/lekiwi_description/share/lekiwi_description/urdf/meshes/omni_wheel_mount-v5-2.stl
[2.097s] -- Installing: /home/nam/Lekiwi_ws/install/lekiwi_description/share/lekiwi_description/urdf/meshes/94868A713_NO-THREADS_Female-Threaded-Hex-Standoff-3.stl
[2.098s] -- Installing: /home/nam/Lekiwi_ws/install/lekiwi_description/share/lekiwi_description/urdf/meshes/WaveShare_Mounting_Plate_01d-v1.stl
[2.098s] -- Installing: /home/nam/Lekiwi_ws/install/lekiwi_description/share/lekiwi_description/urdf/meshes/Camera-Model-v3.stl
[2.099s] -- Installing: /home/nam/Lekiwi_ws/install/lekiwi_description/share/lekiwi_description/urdf/meshes/omni_wheel_mount-v5.stl
[2.100s] -- Installing: /home/nam/Lekiwi_ws/install/lekiwi_description/share/lekiwi_description/urdf/meshes/ST3215_Servo_Motor-v1-2.stl
[2.102s] -- Installing: /home/nam/Lekiwi_ws/install/lekiwi_description/share/lekiwi_description/urdf/meshes/Camera-Model-v3-1.stl
[2.103s] -- Installing: /home/nam/Lekiwi_ws/install/lekiwi_description/share/lekiwi_description/urdf/meshes/Wrist-Camera-Mount-v11.stl
[2.104s] -- Installing: /home/nam/Lekiwi_ws/install/lekiwi_description/share/lekiwi_description/urdf/meshes/SO_ARM100_08k_Asym_Mirror_Clip-v1.stl
[2.105s] -- Installing: /home/nam/Lekiwi_ws/install/lekiwi_description/share/lekiwi_description/urdf/meshes/omni_wheel_mount-v5-1.stl
[2.106s] -- Installing: /home/nam/Lekiwi_ws/install/lekiwi_description/share/lekiwi_description/urdf/meshes/94868A713_NO-THREADS_Female-Threaded-Hex-Standoff-4.stl
[2.106s] -- Installing: /home/nam/Lekiwi_ws/install/lekiwi_description/share/lekiwi_description/urdf/meshes/4-Omni-Directional-Wheel_Single_Body-v1-1.stl
[2.127s] -- Installing: /home/nam/Lekiwi_ws/install/lekiwi_description/share/lekiwi_description/urdf/meshes/STS3215_03a_Wrist_Roll-v1.stl
[2.128s] -- Installing: /home/nam/Lekiwi_ws/install/lekiwi_description/share/lekiwi_description/urdf/meshes/base_plate_layer2-v3.stl
[2.129s] -- Installing: /home/nam/Lekiwi_ws/install/lekiwi_description/share/lekiwi_description/urdf/meshes/Base_08q-v1.stl
[2.130s] -- Installing: /home/nam/Lekiwi_ws/install/lekiwi_description/share/lekiwi_description/urdf/meshes/drive_motor_mount-v11-2.stl
[2.131s] -- Installing: /home/nam/Lekiwi_ws/install/lekiwi_description/share/lekiwi_description/urdf/meshes/Rotation_Pitch_08i-v1.stl
[2.132s] -- Installing: /home/nam/Lekiwi_ws/install/lekiwi_description/share/lekiwi_description/urdf/meshes/94868A713_NO-THREADS_Female-Threaded-Hex-Standoff-5.stl
[2.132s] -- Installing: /home/nam/Lekiwi_ws/install/lekiwi_description/share/lekiwi_description/urdf/meshes/drive_motor_mount-v11.stl
[2.132s] -- Installing: /home/nam/Lekiwi_ws/install/lekiwi_description/share/lekiwi_description/urdf/meshes/Top-V2-v2.stl
[2.133s] -- Installing: /home/nam/Lekiwi_ws/install/lekiwi_description/share/lekiwi_description/urdf/meshes/Camera-Mount-v8.stl
[2.134s] -- Installing: /home/nam/Lekiwi_ws/install/lekiwi_description/share/lekiwi_description/urdf/meshes/4-Omni-Directional-Wheel_Single_Body-v1-2.stl
[2.154s] -- Installing: /home/nam/Lekiwi_ws/install/lekiwi_description/share/lekiwi_description/urdf/meshes/ST3215_Servo_Motor-v1.stl
[2.155s] -- Installing: /home/nam/Lekiwi_ws/install/lekiwi_description/share/lekiwi_description/urdf/meshes/ST3215_Servo_Motor-v1-1.stl
[2.157s] -- Installing: /home/nam/Lekiwi_ws/install/lekiwi_description/share/lekiwi_description/urdf/meshes/servo_controller_mount-v3.stl
[2.158s] -- Installing: /home/nam/Lekiwi_ws/install/lekiwi_description/share/lekiwi_description/urdf/meshes/Battery---Battery-5.2-Ah-DC5521-Plug-v2.stl
[2.158s] -- Installing: /home/nam/Lekiwi_ws/install/lekiwi_description/share/lekiwi_description/urdf/meshes/STS3215_03a-v1-1.stl
[2.159s] -- Installing: /home/nam/Lekiwi_ws/install/lekiwi_description/share/lekiwi_description/urdf/meshes/SO_ARM100_08k_116_Square-v1.stl
[2.160s] -- Installing: /home/nam/Lekiwi_ws/install/lekiwi_description/share/lekiwi_description/urdf/meshes/Wrist_Roll_Pitch_08i-v1.stl
[2.161s] -- Installing: /home/nam/Lekiwi_ws/install/lekiwi_description/share/lekiwi_description/urdf/meshes/lipo_battery_mount-v3.stl
[2.161s] -- Installing: /home/nam/Lekiwi_ws/install/lekiwi_description/share/lekiwi_description/urdf/meshes/STS3215_03a-v1-2.stl
[2.162s] -- Installing: /home/nam/Lekiwi_ws/install/lekiwi_description/share/lekiwi_description/urdf/meshes/Bottom-V2-v3.stl
[2.163s] -- Installing: /home/nam/Lekiwi_ws/install/lekiwi_description/share/lekiwi_description/urdf/meshes/Passive_Horn_01-v1.stl
[2.163s] -- Installing: /home/nam/Lekiwi_ws/install/lekiwi_description/share/lekiwi_description/urdf/meshes/Wrist_Roll_08c-v1.stl
[2.164s] -- Installing: /home/nam/Lekiwi_ws/install/lekiwi_description/share/lekiwi_description/urdf/meshes/STS3215_03a-v1.stl
[2.165s] -- Installing: /home/nam/Lekiwi_ws/install/lekiwi_description/share/lekiwi_description/urdf/meshes/STS3215_03a-v1-3.stl
[2.166s] -- Installing: /home/nam/Lekiwi_ws/install/lekiwi_description/share/lekiwi_description/urdf/meshes/4-Omni-Directional-Wheel_Single_Body-v1.stl
[2.186s] -- Installing: /home/nam/Lekiwi_ws/install/lekiwi_description/share/lekiwi_description/urdf/meshes/SO_ARM100_08k_Mirror-v1.stl
[2.188s] -- Installing: /home/nam/Lekiwi_ws/install/lekiwi_description/share/lekiwi_description/urdf/meshes/base_plate_layer1-v5.stl
[2.189s] -- Installing: /home/nam/Lekiwi_ws/install/lekiwi_description/share/lekiwi_description/urdf/meshes/94868A713_NO-THREADS_Female-Threaded-Hex-Standoff-2.stl
[2.189s] -- Installing: /home/nam/Lekiwi_ws/install/lekiwi_description/share/lekiwi_description/urdf/meshes/drive_motor_mount-v11-1.stl
[2.190s] -- Installing: /home/nam/Lekiwi_ws/install/lekiwi_description/share/lekiwi_description/launch
[2.190s] -- Installing: /home/nam/Lekiwi_ws/install/lekiwi_description/share/lekiwi_description/launch/display.launch.py
[2.190s] -- Installing: /home/nam/Lekiwi_ws/install/lekiwi_description/share/lekiwi_description/launch/sim.launch.py
[2.190s] -- Installing: /home/nam/Lekiwi_ws/install/lekiwi_description/share/lekiwi_description/meshes
[2.190s] -- Installing: /home/nam/Lekiwi_ws/install/lekiwi_description/share/lekiwi_description/meshes/94868A713_NO-THREADS_Female-Threaded-Hex-Standoff.stl
[2.190s] -- Installing: /home/nam/Lekiwi_ws/install/lekiwi_description/share/lekiwi_description/meshes/STS3215_03a-v1-4.stl
[2.191s] -- Installing: /home/nam/Lekiwi_ws/install/lekiwi_description/share/lekiwi_description/meshes/94868A713_NO-THREADS_Female-Threaded-Hex-Standoff-1.stl
[2.191s] -- Installing: /home/nam/Lekiwi_ws/install/lekiwi_description/share/lekiwi_description/meshes/Moving_Jaw_08d-v1.stl
[2.191s] -- Installing: /home/nam/Lekiwi_ws/install/lekiwi_description/share/lekiwi_description/meshes/omni_wheel_mount-v5-2.stl
[2.192s] -- Installing: /home/nam/Lekiwi_ws/install/lekiwi_description/share/lekiwi_description/meshes/94868A713_NO-THREADS_Female-Threaded-Hex-Standoff-3.stl
[2.192s] -- Installing: /home/nam/Lekiwi_ws/install/lekiwi_description/share/lekiwi_description/meshes/WaveShare_Mounting_Plate_01d-v1.stl
[2.192s] -- Installing: /home/nam/Lekiwi_ws/install/lekiwi_description/share/lekiwi_description/meshes/Camera-Model-v3.stl
[2.193s] -- Installing: /home/nam/Lekiwi_ws/install/lekiwi_description/share/lekiwi_description/meshes/omni_wheel_mount-v5.stl
[2.194s] -- Installing: /home/nam/Lekiwi_ws/install/lekiwi_description/share/lekiwi_description/meshes/ST3215_Servo_Motor-v1-2.stl
[2.195s] -- Installing: /home/nam/Lekiwi_ws/install/lekiwi_description/share/lekiwi_description/meshes/Camera-Model-v3-1.stl
[2.196s] -- Installing: /home/nam/Lekiwi_ws/install/lekiwi_description/share/lekiwi_description/meshes/Wrist-Camera-Mount-v11.stl
[2.196s] -- Installing: /home/nam/Lekiwi_ws/install/lekiwi_description/share/lekiwi_description/meshes/SO_ARM100_08k_Asym_Mirror_Clip-v1.stl
[2.197s] -- Installing: /home/nam/Lekiwi_ws/install/lekiwi_description/share/lekiwi_description/meshes/omni_wheel_mount-v5-1.stl
[2.197s] -- Installing: /home/nam/Lekiwi_ws/install/lekiwi_description/share/lekiwi_description/meshes/94868A713_NO-THREADS_Female-Threaded-Hex-Standoff-4.stl
[2.197s] -- Installing: /home/nam/Lekiwi_ws/install/lekiwi_description/share/lekiwi_description/meshes/4-Omni-Directional-Wheel_Single_Body-v1-1.stl
[2.213s] -- Installing: /home/nam/Lekiwi_ws/install/lekiwi_description/share/lekiwi_description/meshes/STS3215_03a_Wrist_Roll-v1.stl
[2.214s] -- Installing: /home/nam/Lekiwi_ws/install/lekiwi_description/share/lekiwi_description/meshes/base_plate_layer2-v3.stl
[2.214s] -- Installing: /home/nam/Lekiwi_ws/install/lekiwi_description/share/lekiwi_description/meshes/Base_08q-v1.stl
[2.215s] -- Installing: /home/nam/Lekiwi_ws/install/lekiwi_description/share/lekiwi_description/meshes/drive_motor_mount-v11-2.stl
[2.215s] -- Installing: /home/nam/Lekiwi_ws/install/lekiwi_description/share/lekiwi_description/meshes/Rotation_Pitch_08i-v1.stl
[2.216s] -- Installing: /home/nam/Lekiwi_ws/install/lekiwi_description/share/lekiwi_description/meshes/94868A713_NO-THREADS_Female-Threaded-Hex-Standoff-5.stl
[2.216s] -- Installing: /home/nam/Lekiwi_ws/install/lekiwi_description/share/lekiwi_description/meshes/drive_motor_mount-v11.stl
[2.216s] -- Installing: /home/nam/Lekiwi_ws/install/lekiwi_description/share/lekiwi_description/meshes/Top-V2-v2.stl
[2.217s] -- Installing: /home/nam/Lekiwi_ws/install/lekiwi_description/share/lekiwi_description/meshes/Camera-Mount-v8.stl
[2.217s] -- Installing: /home/nam/Lekiwi_ws/install/lekiwi_description/share/lekiwi_description/meshes/4-Omni-Directional-Wheel_Single_Body-v1-2.stl
[2.232s] -- Installing: /home/nam/Lekiwi_ws/install/lekiwi_description/share/lekiwi_description/meshes/ST3215_Servo_Motor-v1.stl
[2.233s] -- Installing: /home/nam/Lekiwi_ws/install/lekiwi_description/share/lekiwi_description/meshes/ST3215_Servo_Motor-v1-1.stl
[2.234s] -- Installing: /home/nam/Lekiwi_ws/install/lekiwi_description/share/lekiwi_description/meshes/servo_controller_mount-v3.stl
[2.234s] -- Installing: /home/nam/Lekiwi_ws/install/lekiwi_description/share/lekiwi_description/meshes/Battery---Battery-5.2-Ah-DC5521-Plug-v2.stl
[2.234s] -- Installing: /home/nam/Lekiwi_ws/install/lekiwi_description/share/lekiwi_description/meshes/STS3215_03a-v1-1.stl
[2.235s] -- Installing: /home/nam/Lekiwi_ws/install/lekiwi_description/share/lekiwi_description/meshes/SO_ARM100_08k_116_Square-v1.stl
[2.235s] -- Installing: /home/nam/Lekiwi_ws/install/lekiwi_description/share/lekiwi_description/meshes/Wrist_Roll_Pitch_08i-v1.stl
[2.236s] -- Installing: /home/nam/Lekiwi_ws/install/lekiwi_description/share/lekiwi_description/meshes/lipo_battery_mount-v3.stl
[2.236s] -- Installing: /home/nam/Lekiwi_ws/install/lekiwi_description/share/lekiwi_description/meshes/STS3215_03a-v1-2.stl
[2.237s] -- Installing: /home/nam/Lekiwi_ws/install/lekiwi_description/share/lekiwi_description/meshes/Bottom-V2-v3.stl
[2.237s] -- Installing: /home/nam/Lekiwi_ws/install/lekiwi_description/share/lekiwi_description/meshes/Passive_Horn_01-v1.stl
[2.237s] -- Installing: /home/nam/Lekiwi_ws/install/lekiwi_description/share/lekiwi_description/meshes/Wrist_Roll_08c-v1.stl
[2.238s] -- Installing: /home/nam/Lekiwi_ws/install/lekiwi_description/share/lekiwi_description/meshes/STS3215_03a-v1.stl
[2.238s] -- Installing: /home/nam/Lekiwi_ws/install/lekiwi_description/share/lekiwi_description/meshes/STS3215_03a-v1-3.stl
[2.239s] -- Installing: /home/nam/Lekiwi_ws/install/lekiwi_description/share/lekiwi_description/meshes/4-Omni-Directional-Wheel_Single_Body-v1.stl
[2.254s] -- Installing: /home/nam/Lekiwi_ws/install/lekiwi_description/share/lekiwi_description/meshes/SO_ARM100_08k_Mirror-v1.stl
[2.255s] -- Installing: /home/nam/Lekiwi_ws/install/lekiwi_description/share/lekiwi_description/meshes/base_plate_layer1-v5.stl
[2.255s] -- Installing: /home/nam/Lekiwi_ws/install/lekiwi_description/share/lekiwi_description/meshes/94868A713_NO-THREADS_Female-Threaded-Hex-Standoff-2.stl
[2.255s] -- Installing: /home/nam/Lekiwi_ws/install/lekiwi_description/share/lekiwi_description/meshes/drive_motor_mount-v11-1.stl
[2.255s] -- Installing: /home/nam/Lekiwi_ws/install/lekiwi_description/share/lekiwi_description/rviz
[2.255s] -- Installing: /home/nam/Lekiwi_ws/install/lekiwi_description/share/lekiwi_description/rviz/modeltest.rviz
[2.256s] -- Installing: /home/nam/Lekiwi_ws/install/lekiwi_description/share/ament_index/resource_index/package_run_dependencies/lekiwi_description
[2.256s] -- Installing: /home/nam/Lekiwi_ws/install/lekiwi_description/share/ament_index/resource_index/parent_prefix_path/lekiwi_description
[2.256s] -- Installing: /home/nam/Lekiwi_ws/install/lekiwi_description/share/lekiwi_description/environment/ament_prefix_path.sh
[2.256s] -- Installing: /home/nam/Lekiwi_ws/install/lekiwi_description/share/lekiwi_description/environment/ament_prefix_path.dsv
[2.257s] -- Installing: /home/nam/Lekiwi_ws/install/lekiwi_description/share/lekiwi_description/environment/path.sh
[2.257s] -- Installing: /home/nam/Lekiwi_ws/install/lekiwi_description/share/lekiwi_description/environment/path.dsv
[2.257s] -- Installing: /home/nam/Lekiwi_ws/install/lekiwi_description/share/lekiwi_description/local_setup.bash
[2.257s] -- Installing: /home/nam/Lekiwi_ws/install/lekiwi_description/share/lekiwi_description/local_setup.sh
[2.257s] -- Installing: /home/nam/Lekiwi_ws/install/lekiwi_description/share/lekiwi_description/local_setup.zsh
[2.257s] -- Installing: /home/nam/Lekiwi_ws/install/lekiwi_description/share/lekiwi_description/local_setup.dsv
[2.257s] -- Installing: /home/nam/Lekiwi_ws/install/lekiwi_description/share/lekiwi_description/package.dsv
[2.258s] -- Installing: /home/nam/Lekiwi_ws/install/lekiwi_description/share/ament_index/resource_index/packages/lekiwi_description
[2.258s] -- Installing: /home/nam/Lekiwi_ws/install/lekiwi_description/share/lekiwi_description/cmake/lekiwi_descriptionConfig.cmake
[2.258s] -- Installing: /home/nam/Lekiwi_ws/install/lekiwi_description/share/lekiwi_description/cmake/lekiwi_descriptionConfig-version.cmake
[2.258s] -- Installing: /home/nam/Lekiwi_ws/install/lekiwi_description/share/lekiwi_description/package.xml
[2.259s] Invoked command in '/home/nam/Lekiwi_ws/build/lekiwi_description' returned '0': CMAKE_PREFIX_PATH=${CMAKE_PREFIX_PATH}:/home/nam/turtlebot3_ws/install/turtlebot3_teleop:/home/nam/turtlebot3_ws/install/turtlebot3_example:/opt/ros/humble /home/nam/.local/bin/cmake --install /home/nam/Lekiwi_ws/build/lekiwi_description
