[0.012s] Invoking command in '/home/nam/Lekiwi_ws/build/lekiwi_servo_control': CMAKE_PREFIX_PATH=${CMAKE_PREFIX_PATH}:/home/nam/Lekiwi_ws/install/omni_teleop:/home/nam/turtlebot3_ws/install/turtlebot3_teleop:/home/nam/turtlebot3_ws/install/turtlebot3_example:/opt/ros/humble /home/nam/.local/bin/cmake --build /home/nam/Lekiwi_ws/build/lekiwi_servo_control -- -j12 -l12
[0.092s] -- Found ament_cmake: 1.3.11 (/opt/ros/humble/share/ament_cmake/cmake)
[0.262s] -- Found rclcpp: 16.0.12 (/opt/ros/humble/share/rclcpp/cmake)
[0.290s] -- Found rosidl_generator_c: 3.1.6 (/opt/ros/humble/share/rosidl_generator_c/cmake)
[0.293s] -- Found rosidl_adapter: 3.1.6 (/opt/ros/humble/share/rosidl_adapter/cmake)
[0.298s] -- Found rosidl_generator_cpp: 3.1.6 (/opt/ros/humble/share/rosidl_generator_cpp/cmake)
[0.308s] -- Using all available rosidl_typesupport_c: rosidl_typesupport_fastrtps_c;rosidl_typesupport_introspection_c
[0.321s] -- Using all available rosidl_typesupport_cpp: rosidl_typesupport_fastrtps_cpp;rosidl_typesupport_introspection_cpp
[0.354s] -- Found rmw_implementation_cmake: 6.1.2 (/opt/ros/humble/share/rmw_implementation_cmake/cmake)
[0.356s] -- Found rmw_fastrtps_cpp: 6.2.7 (/opt/ros/humble/share/rmw_fastrtps_cpp/cmake)
[0.481s] -- Using RMW implementation 'rmw_fastrtps_cpp' as default
[0.534s] -- Found sensor_msgs: 4.8.0 (/opt/ros/humble/share/sensor_msgs/cmake)
[0.567s] -- Looking for ignition-gazebo6 -- found version 6.17.0
[0.571s] -- Searching for dependencies of ignition-gazebo6
[0.571s] -- Looking for sdformat12 -- found version 12.8.0
[0.571s] -- Searching for dependencies of sdformat12
[0.577s] -- Checking for module 'tinyxml2'
[0.591s] --   Found tinyxml2, version 9.0.0
[0.622s] -- Looking for ignition-math6 -- found version 6.15.1
[0.622s] -- Searching for dependencies of ignition-math6
[0.623s] -- Looking for ignition-utils1 -- found version 1.5.1
[0.623s] -- Searching for dependencies of ignition-utils1
[0.624s] -- Looking for ignition-plugin1 -- found version 1.4.0
[0.625s] -- Searching for dependencies of ignition-plugin1
[0.625s] -- Searching for <ignition-plugin1> component [loader]
[0.625s] -- Looking for ignition-plugin1-loader -- found version 1.4.0
[0.626s] -- Searching for dependencies of ignition-plugin1-loader
[0.626s] -- Searching for <ignition-plugin1> component [register]
[0.627s] -- Looking for ignition-plugin1-register -- found version 1.4.0
[0.627s] -- Searching for dependencies of ignition-plugin1-register
[0.628s] -- Looking for ignition-transport11 -- found version 11.4.1
[0.628s] -- Searching for dependencies of ignition-transport11
[0.667s] -- Config-file not installed for ZeroMQ -- checking for pkg-config
[0.671s] -- Checking for module 'libzmq >= 4'
[0.685s] --   Found libzmq, version 4.3.4
[0.725s] -- Checking for module 'uuid'
[0.738s] --   Found uuid, version 2.37.2
[0.769s] -- Looking for ignition-utils1 -- found version 1.5.1
[0.769s] -- Searching for dependencies of ignition-utils1
[0.769s] -- Searching for <ignition-utils1> component [cli]
[0.770s] -- Looking for ignition-utils1-cli -- found version 1.5.1
[0.770s] -- Searching for dependencies of ignition-utils1-cli
[0.771s] -- Looking for ignition-msgs8 -- found version 8.7.0
[0.771s] -- Searching for dependencies of ignition-msgs8
[0.794s] -- Found Protobuf: /usr/lib/x86_64-linux-gnu/libprotobuf.so (found suitable version "3.12.4", minimum required is "3")
[0.794s] -- Looking for ignition-math6 -- found version 6.15.1
[0.804s] -- Searching for <ignition-transport11> component [log]
[0.804s] -- Looking for ignition-transport11-log -- found version 11.4.1
[0.805s] -- Searching for dependencies of ignition-transport11-log
[0.805s] -- Searching for <ignition-transport11> component [parameters]
[0.805s] -- Looking for ignition-transport11-parameters -- found version 11.4.1
[0.805s] -- Searching for dependencies of ignition-transport11-parameters
[0.806s] -- Looking for ignition-msgs8 -- found version 8.7.0
[0.807s] -- Looking for ignition-common4 -- found version 4.7.0
[0.807s] -- Searching for dependencies of ignition-common4
[0.807s] -- Looking for dlfcn.h - found
[0.807s] -- Looking for libdl - found
[0.817s] -- Searching for <ignition-common4> component [profiler]
[0.817s] -- Looking for ignition-common4-profiler -- found version 4.7.0
[0.818s] -- Searching for dependencies of ignition-common4-profiler
[0.818s] -- Searching for <ignition-common4> component [events]
[0.818s] -- Looking for ignition-common4-events -- found version 4.7.0
[0.818s] -- Searching for dependencies of ignition-common4-events
[0.819s] -- Looking for ignition-math6 -- found version 6.15.1
[0.819s] -- Searching for <ignition-common4> component [av]
[0.820s] -- Looking for ignition-common4-av -- found version 4.7.0
[0.820s] -- Searching for dependencies of ignition-common4-av
[0.825s] -- Checking for module 'libswscale'
[0.839s] --   Found libswscale, version 5.9.100
[0.877s] -- Checking for module 'libavdevice >= 56.4.100'
[0.892s] --   Found libavdevice, version 58.13.100
[0.935s] -- Checking for module 'libavformat'
[0.950s] --   Found libavformat, version 58.76.100
[0.990s] -- Checking for module 'libavcodec'
[1.005s] --   Found libavcodec, version 58.134.100
[1.046s] -- Checking for module 'libavutil'
[1.060s] --   Found libavutil, version 56.70.100
[1.093s] -- Looking for ignition-fuel_tools7 -- found version 7.3.1
[1.093s] -- Searching for dependencies of ignition-fuel_tools7
[1.137s] [0mCMake Deprecation Warning at /usr/lib/x86_64-linux-gnu/cmake/jsoncpp/jsoncppConfig.cmake:2 (cmake_policy):
[1.137s]   Compatibility with CMake < 3.10 will be removed from a future version of
[1.137s]   CMake.
[1.137s] 
[1.137s]   Update the VERSION argument <min> value.  Or, use the <min>...<max> syntax
[1.137s]   to tell CMake that the project requires at least <min> but has been updated
[1.137s]   to work with policies introduced by <max> or earlier.
[1.137s] Call Stack (most recent call first):
[1.137s]   /usr/share/cmake/ignition-cmake2/cmake2/FindJSONCPP.cmake:34 (find_package)
[1.137s]   /home/nam/ignition_fortress_ws/install/lib/cmake/ignition-fuel_tools7/ignition-fuel_tools7-config.cmake:94 (find_package)
[1.137s]   /usr/lib/x86_64-linux-gnu/cmake/ignition-gazebo6/ignition-gazebo6-config.cmake:97 (find_package)
[1.137s]   CMakeLists.txt:8 (find_package)
[1.138s] 
[1.138s] [0m
[1.143s] -- Checking for module 'jsoncpp'
[1.159s] --   Found jsoncpp, version 1.9.5
[1.195s] -- Checking for module 'libzip'
[1.210s] --   Found libzip, version 1.7.3
[1.242s] -- Looking for ignition-common4 -- found version 4.7.0
[1.242s] -- Looking for ignition-math6 -- found version 6.15.1
[1.243s] -- Looking for ignition-msgs8 -- found version 8.7.0
[1.243s] -- Looking for ignition-gui6 -- found version 6.8.0
[1.244s] -- Searching for dependencies of ignition-gui6
[1.276s] -- Looking for ignition-math6 -- found version 6.15.1
[1.277s] -- Looking for ignition-common4 -- found version 4.7.0
[1.278s] -- Looking for ignition-plugin1 -- found version 1.4.0
[1.278s] -- Looking for ignition-transport11 -- found version 11.4.1
[1.278s] -- Looking for ignition-rendering6 -- found version 6.6.3
[1.279s] -- Searching for dependencies of ignition-rendering6
[1.279s] -- Looking for ignition-math6 -- found version 6.15.1
[1.279s] -- Searching for dependencies of ignition-math6
[1.279s] -- Searching for <ignition-math6> component [eigen3]
[1.280s] -- Looking for ignition-math6-eigen3 -- found version 6.15.1
[1.280s] -- Searching for dependencies of ignition-math6-eigen3
[1.281s] -- Looking for ignition-common4 -- found version 4.7.0
[1.281s] -- Searching for dependencies of ignition-common4
[1.281s] -- Looking for dlfcn.h - found
[1.281s] -- Looking for libdl - found
[1.292s] -- Searching for <ignition-common4> component [graphics]
[1.293s] -- Looking for ignition-common4-graphics -- found version 4.7.0
[1.293s] -- Searching for dependencies of ignition-common4-graphics
[1.293s] -- Looking for ignition-math6 -- found version 6.15.1
[1.294s] -- Looking for ignition-utils1 -- found version 1.5.1
[1.294s] -- Searching for <ignition-common4> component [events]
[1.295s] -- Looking for ignition-plugin1 -- found version 1.4.0
[1.295s] -- Searching for dependencies of ignition-plugin1
[1.295s] -- Searching for <ignition-plugin1> component [all]
[1.295s] -- Looking for all libraries of ignition-plugin1 -- found version 1.4.0
[1.296s] -- Looking for ignition-plugin1 -- found version 1.4.0
[1.298s] -- Looking for ignition-msgs8 -- found version 8.7.0
[1.312s] -- Looking for ignition-physics5 -- found version 5.3.2
[1.313s] -- Searching for dependencies of ignition-physics5
[1.313s] -- Looking for ignition-math6 -- found version 6.15.1
[1.313s] -- Looking for ignition-plugin1 -- found version 1.4.0
[1.314s] -- Looking for ignition-utils1 -- found version 1.5.1
[1.315s] -- Searching for <ignition-physics5> component [heightmap]
[1.315s] -- Looking for ignition-physics5-heightmap -- found version 5.3.2
[1.315s] -- Searching for dependencies of ignition-physics5-heightmap
[1.316s] -- Looking for ignition-common4 -- found version 4.7.0
[1.316s] -- Searching for <ignition-physics5> component [mesh]
[1.317s] -- Looking for ignition-physics5-mesh -- found version 5.3.2
[1.317s] -- Searching for dependencies of ignition-physics5-mesh
[1.317s] -- Looking for ignition-common4 -- found version 4.7.0
[1.317s] -- Searching for <ignition-physics5> component [sdf]
[1.318s] -- Looking for ignition-physics5-sdf -- found version 5.3.2
[1.318s] -- Searching for dependencies of ignition-physics5-sdf
[1.318s] -- Looking for sdformat12 -- found version 12.8.0
[1.319s] -- Looking for ignition-sensors6 -- found version 6.8.1
[1.319s] -- Searching for dependencies of ignition-sensors6
[1.343s] -- Found Protobuf: /usr/lib/x86_64-linux-gnu/libprotobuf.so (found version "3.12.4")
[1.344s] -- Looking for ignition-math6 -- found version 6.15.1
[1.344s] -- Looking for ignition-common4 -- found version 4.7.0
[1.345s] -- Looking for ignition-transport11 -- found version 11.4.1
[1.345s] -- Looking for ignition-rendering6 -- found version 6.6.3
[1.346s] -- Looking for ignition-msgs8 -- found version 8.7.0
[1.346s] -- Looking for sdformat12 -- found version 12.8.0
[1.347s] -- Searching for <ignition-sensors6> component [air_pressure]
[1.347s] -- Looking for ignition-sensors6-air_pressure -- found version 6.8.1
[1.347s] -- Searching for dependencies of ignition-sensors6-air_pressure
[1.348s] -- Searching for <ignition-sensors6> component [altimeter]
[1.348s] -- Looking for ignition-sensors6-altimeter -- found version 6.8.1
[1.348s] -- Searching for dependencies of ignition-sensors6-altimeter
[1.349s] -- Searching for <ignition-sensors6> component [imu]
[1.349s] -- Looking for ignition-sensors6-imu -- found version 6.8.1
[1.349s] -- Searching for dependencies of ignition-sensors6-imu
[1.350s] -- Searching for <ignition-sensors6> component [force_torque]
[1.350s] -- Looking for ignition-sensors6-force_torque -- found version 6.8.1
[1.351s] -- Searching for dependencies of ignition-sensors6-force_torque
[1.351s] -- Searching for <ignition-sensors6> component [logical_camera]
[1.351s] -- Looking for ignition-sensors6-logical_camera -- found version 6.8.1
[1.352s] -- Searching for dependencies of ignition-sensors6-logical_camera
[1.352s] -- Searching for <ignition-sensors6> component [magnetometer]
[1.353s] -- Looking for ignition-sensors6-magnetometer -- found version 6.8.1
[1.353s] -- Searching for dependencies of ignition-sensors6-magnetometer
[1.353s] -- Searching for <ignition-sensors6> component [navsat]
[1.354s] -- Looking for ignition-sensors6-navsat -- found version 6.8.1
[1.354s] -- Searching for dependencies of ignition-sensors6-navsat
[1.354s] -- Searching for <ignition-sensors6> component [rendering]
[1.355s] -- Looking for ignition-sensors6-rendering -- found version 6.8.1
[1.355s] -- Searching for dependencies of ignition-sensors6-rendering
[1.355s] -- Searching for <ignition-sensors6> component [lidar]
[1.356s] -- Looking for ignition-sensors6-lidar -- found version 6.8.1
[1.356s] -- Searching for dependencies of ignition-sensors6-lidar
[1.357s] -- Looking for ignition-sensors6 -- found version 6.8.1
[1.357s] -- Searching for <ignition-sensors6> component [gpu_lidar]
[1.357s] -- Looking for ignition-sensors6-gpu_lidar -- found version 6.8.1
[1.358s] -- Searching for dependencies of ignition-sensors6-gpu_lidar
[1.358s] -- Looking for ignition-sensors6 -- found version 6.8.1
[1.358s] -- Searching for <ignition-sensors6> component [camera]
[1.359s] -- Looking for ignition-sensors6-camera -- found version 6.8.1
[1.359s] -- Searching for dependencies of ignition-sensors6-camera
[1.359s] -- Looking for ignition-sensors6 -- found version 6.8.1
[1.360s] -- Searching for <ignition-sensors6> component [boundingbox_camera]
[1.360s] -- Looking for ignition-sensors6-boundingbox_camera -- found version 6.8.1
[1.360s] -- Searching for dependencies of ignition-sensors6-boundingbox_camera
[1.361s] -- Searching for <ignition-sensors6> component [segmentation_camera]
[1.361s] -- Looking for ignition-sensors6-segmentation_camera -- found version 6.8.1
[1.361s] -- Searching for dependencies of ignition-sensors6-segmentation_camera
[1.362s] -- Searching for <ignition-sensors6> component [depth_camera]
[1.362s] -- Looking for ignition-sensors6-depth_camera -- found version 6.8.1
[1.362s] -- Searching for dependencies of ignition-sensors6-depth_camera
[1.363s] -- Looking for ignition-sensors6 -- found version 6.8.1
[1.363s] -- Searching for <ignition-sensors6> component [rgbd_camera]
[1.364s] -- Looking for ignition-sensors6-rgbd_camera -- found version 6.8.1
[1.364s] -- Searching for dependencies of ignition-sensors6-rgbd_camera
[1.364s] -- Looking for ignition-sensors6 -- found version 6.8.1
[1.365s] -- Searching for <ignition-sensors6> component [thermal_camera]
[1.365s] -- Looking for ignition-sensors6-thermal_camera -- found version 6.8.1
[1.365s] -- Searching for dependencies of ignition-sensors6-thermal_camera
[1.366s] -- Looking for ignition-sensors6 -- found version 6.8.1
[1.367s] -- Looking for ignition-rendering6 -- found version 6.6.3
[1.367s] -- Looking for ignition-math6 -- found version 6.15.1
[1.368s] -- Looking for ignition-utils1 -- found version 1.5.1
[1.448s] -- Configuring done (1.4s)
[1.466s] -- Generating done (0.0s)
[1.469s] -- Build files have been written to: /home/nam/Lekiwi_ws/build/lekiwi_servo_control
[1.501s] gmake[2]: Warning: File '/home/nam/ignition_fortress_ws/install/lib/libignition-fuel_tools7.so.7.3.1' has modification time 346901 s in the future
[1.505s] [ 50%] [32mBuilding CXX object CMakeFiles/lekiwi_servo_control.dir/src/lekiwi_servo_control.cpp.o[0m
[5.915s] [01m[K/home/nam/Lekiwi_ws/src/lekiwi_servo_control/src/lekiwi_servo_control.cpp:[m[K In member function ‘[01m[Kvirtual void ignition::gazebo::LekiwiServoControlPlugin::Configure(const Entity&, const std::shared_ptr<const sdf::v12::Element>&, ignition::gazebo::v6::EntityComponentManager&, ignition::gazebo::v6::EventManager&)[m[K’:
[5.915s] [01m[K/home/nam/Lekiwi_ws/src/lekiwi_servo_control/src/lekiwi_servo_control.cpp:50:53:[m[K [01;31m[Kerror: [m[Kpassing ‘[01m[Kstd::__shared_ptr_access<const sdf::v12::Element, __gnu_cxx::_S_atomic, false, false>::element_type[m[K’ {aka ‘[01m[Kconst sdf::v12::Element[m[K’} as ‘[01m[Kthis[m[K’ argument discards qualifiers [[01;31m[K]8;;https://gcc.gnu.org/onlinedocs/gcc/Warning-Options.html#index-fpermissive-fpermissive]8;;[m[K]
[5.915s]    50 |       sdf::ElementPtr joints_elem = [01;31m[K_sdf->GetElement("joints")[m[K;
[5.915s]       |                                     [01;31m[K~~~~~~~~~~~~~~~~^~~~~~~~~~[m[K
[5.915s] In file included from [01m[K/usr/include/ignition/gazebo6/gz/sim/System.hh:30[m[K,
[5.915s]                  from [01m[K/usr/include/ignition/gazebo6/ignition/gazebo/System.hh:18[m[K,
[5.915s]                  from [01m[K/home/nam/Lekiwi_ws/src/lekiwi_servo_control/src/lekiwi_servo_control.cpp:1[m[K:
[5.915s] [01m[K/usr/include/ignition/sdformat12/sdf/Element.hh:432:24:[m[K [01;36m[Knote: [m[K  in call to ‘[01m[Ksdf::v12::ElementPtr sdf::v12::Element::GetElement(const string&)[m[K’
[5.915s]   432 |     public: ElementPtr [01;36m[KGetElement[m[K(const std::string &_name);
[5.915s]       |                        [01;36m[K^~~~~~~~~~[m[K
[6.380s] In file included from [01m[K/usr/include/ignition/plugin1/gz/plugin/Register.hh:22[m[K,
[6.380s]                  from [01m[K/usr/include/ignition/plugin1/ignition/plugin/Register.hh:18[m[K,
[6.380s]                  from [01m[K/home/nam/Lekiwi_ws/src/lekiwi_servo_control/src/lekiwi_servo_control.cpp:7[m[K:
[6.380s] [01m[K/home/nam/Lekiwi_ws/src/lekiwi_servo_control/src/lekiwi_servo_control.cpp:[m[K In constructor ‘[01m[Kignition::ignition::plugin::{anonymous}::ExecuteWhenLoadingLibrary0::ExecuteWhenLoadingLibrary0()[m[K’:
[6.380s] [01m[K/home/nam/Lekiwi_ws/src/lekiwi_servo_control/src/lekiwi_servo_control.cpp:169:13:[m[K [01;31m[Kerror: [m[K‘[01m[Kgazebo[m[K’ is not a member of ‘[01m[Kignition::ignition[m[K’; did you mean ‘[01m[Kignition::gazebo[m[K’?
[6.380s]   169 |   ignition::[01;31m[Kgazebo[m[K::LekiwiServoControlPlugin,
[6.380s]       |             [01;31m[K^~~~~~[m[K
[6.380s] In file included from [01m[K/usr/include/ignition/gazebo6/gz/sim/System.hh:22[m[K,
[6.380s]                  from [01m[K/usr/include/ignition/gazebo6/ignition/gazebo/System.hh:18[m[K,
[6.380s]                  from [01m[K/home/nam/Lekiwi_ws/src/lekiwi_servo_control/src/lekiwi_servo_control.cpp:1[m[K:
[6.380s] [01m[K/usr/include/ignition/gazebo6/gz/sim/config.hh:30:13:[m[K [01;36m[Knote: [m[K‘[01m[Kignition::gazebo[m[K’ declared here
[6.380s]    30 |   namespace [01;36m[Kgazebo[m[K
[6.380s]       |             [01;36m[K^~~~~~[m[K
[6.380s] In file included from [01m[K/usr/include/ignition/plugin1/gz/plugin/Register.hh:22[m[K,
[6.380s]                  from [01m[K/usr/include/ignition/plugin1/ignition/plugin/Register.hh:18[m[K,
[6.381s]                  from [01m[K/home/nam/Lekiwi_ws/src/lekiwi_servo_control/src/lekiwi_servo_control.cpp:7[m[K:
[6.381s] [01m[K/home/nam/Lekiwi_ws/src/lekiwi_servo_control/src/lekiwi_servo_control.cpp:168:1:[m[K [01;31m[Kerror: [m[Ktemplate argument 1 is invalid
[6.381s]   168 | [01;31m[KIGNITION_ADD_PLUGIN[m[K(
[6.381s]       | [01;31m[K^~~~~~~~~~~~~~~~~~~[m[K
[6.381s] [01m[K/home/nam/Lekiwi_ws/src/lekiwi_servo_control/src/lekiwi_servo_control.cpp:168:1:[m[K [01;31m[Kerror: [m[Kqualified-id in declaration before ‘[01m[K([m[K’ token
[6.381s]   168 | [01;31m[KIGNITION_ADD_PLUGIN[m[K(
[6.381s]       | [01;31m[K^~~~~~~~~~~~~~~~~~~[m[K
[6.381s] [01m[K/home/nam/Lekiwi_ws/src/lekiwi_servo_control/src/lekiwi_servo_control.cpp:[m[K In constructor ‘[01m[Kignition::ignition::plugin::{anonymous}::ExecuteWhenLoadingLibrary1::ExecuteWhenLoadingLibrary1()[m[K’:
[6.381s] [01m[K/home/nam/Lekiwi_ws/src/lekiwi_servo_control/src/lekiwi_servo_control.cpp:175:37:[m[K [01;31m[Kerror: [m[K‘[01m[Kgazebo[m[K’ is not a member of ‘[01m[Kignition::ignition[m[K’; did you mean ‘[01m[Kignition::gazebo[m[K’?
[6.381s]   175 | IGNITION_ADD_PLUGIN_ALIAS(ignition::[01;31m[Kgazebo[m[K::LekiwiServoControlPlugin, "LekiwiServoControlPlugin")
[6.381s]       |                                     [01;31m[K^~~~~~[m[K
[6.381s] In file included from [01m[K/usr/include/ignition/gazebo6/gz/sim/System.hh:22[m[K,
[6.381s]                  from [01m[K/usr/include/ignition/gazebo6/ignition/gazebo/System.hh:18[m[K,
[6.381s]                  from [01m[K/home/nam/Lekiwi_ws/src/lekiwi_servo_control/src/lekiwi_servo_control.cpp:1[m[K:
[6.381s] [01m[K/usr/include/ignition/gazebo6/gz/sim/config.hh:30:13:[m[K [01;36m[Knote: [m[K‘[01m[Kignition::gazebo[m[K’ declared here
[6.381s]    30 |   namespace [01;36m[Kgazebo[m[K
[6.381s]       |             [01;36m[K^~~~~~[m[K
[6.381s] In file included from [01m[K/usr/include/ignition/plugin1/gz/plugin/Register.hh:22[m[K,
[6.382s]                  from [01m[K/usr/include/ignition/plugin1/ignition/plugin/Register.hh:18[m[K,
[6.382s]                  from [01m[K/home/nam/Lekiwi_ws/src/lekiwi_servo_control/src/lekiwi_servo_control.cpp:7[m[K:
[6.382s] [01m[K/home/nam/Lekiwi_ws/src/lekiwi_servo_control/src/lekiwi_servo_control.cpp:175:1:[m[K [01;31m[Kerror: [m[Ktemplate argument 1 is invalid
[6.382s]   175 | [01;31m[KIGNITION_ADD_PLUGIN_ALIAS[m[K(ignition::gazebo::LekiwiServoControlPlugin, "LekiwiServoControlPlugin")
[6.382s]       | [01;31m[K^~~~~~~~~~~~~~~~~~~~~~~~~[m[K
[6.382s] [01m[K/home/nam/Lekiwi_ws/src/lekiwi_servo_control/src/lekiwi_servo_control.cpp:175:1:[m[K [01;31m[Kerror: [m[Kqualified-id in declaration before ‘[01m[K([m[K’ token
[6.382s]   175 | [01;31m[KIGNITION_ADD_PLUGIN_ALIAS[m[K(ignition::gazebo::LekiwiServoControlPlugin, "LekiwiServoControlPlugin")
[6.382s]       | [01;31m[K^~~~~~~~~~~~~~~~~~~~~~~~~[m[K
[6.382s] [01m[K/home/nam/Lekiwi_ws/src/lekiwi_servo_control/src/lekiwi_servo_control.cpp:[m[K At global scope:
[6.382s] [01m[K/home/nam/Lekiwi_ws/src/lekiwi_servo_control/src/lekiwi_servo_control.cpp:175:1:[m[K [01;31m[Kerror: [m[Kexpected ‘[01m[K}[m[K’ at end of input
[6.382s]   175 | [01;31m[KIGNITION_ADD_PLUGIN_ALIAS[m[K(ignition::gazebo::LekiwiServoControlPlugin, "LekiwiServoControlPlugin")
[6.382s]       | [01;31m[K^~~~~~~~~~~~~~~~~~~~~~~~~[m[K
[6.382s] [01m[K/home/nam/Lekiwi_ws/src/lekiwi_servo_control/src/lekiwi_servo_control.cpp:18:1:[m[K [01;36m[Knote: [m[Kto match this ‘[01m[K{[m[K’
[6.382s]    18 | [01;36m[K{[m[K
[6.382s]       | [01;36m[K^[m[K
[8.555s] gmake[2]: *** [CMakeFiles/lekiwi_servo_control.dir/build.make:79: CMakeFiles/lekiwi_servo_control.dir/src/lekiwi_servo_control.cpp.o] Error 1
[8.556s] gmake[1]: *** [CMakeFiles/Makefile2:153: CMakeFiles/lekiwi_servo_control.dir/all] Error 2
[8.556s] gmake: *** [Makefile:146: all] Error 2
[8.558s] Invoked command in '/home/nam/Lekiwi_ws/build/lekiwi_servo_control' returned '2': CMAKE_PREFIX_PATH=${CMAKE_PREFIX_PATH}:/home/nam/Lekiwi_ws/install/omni_teleop:/home/nam/turtlebot3_ws/install/turtlebot3_teleop:/home/nam/turtlebot3_ws/install/turtlebot3_example:/opt/ros/humble /home/nam/.local/bin/cmake --build /home/nam/Lekiwi_ws/build/lekiwi_servo_control -- -j12 -l12
