[0.012s] Invoking command in '/home/nam/Lekiwi_ws/build/three_omni_plugin': /home/nam/.local/bin/cmake --build /home/nam/Lekiwi_ws/build/three_omni_plugin -- -j12 -l12
[0.116s] [100%] Built target three_omni_plugin
[0.121s] Invoked command in '/home/nam/Lekiwi_ws/build/three_omni_plugin' returned '0': /home/nam/.local/bin/cmake --build /home/nam/Lekiwi_ws/build/three_omni_plugin -- -j12 -l12
[0.188s] Invoking command in '/home/nam/Lekiwi_ws/build/three_omni_plugin': /home/nam/.local/bin/cmake --install /home/nam/Lekiwi_ws/build/three_omni_plugin
[0.251s] -- Install configuration: ""
[0.251s] -- Up-to-date: /home/nam/Lekiwi_ws/install/three_omni_plugin/lib/libthree_omni_plugin.so
[0.251s] -- Up-to-date: /home/nam/Lekiwi_ws/install/three_omni_plugin/include
[0.252s] -- Up-to-date: /home/nam/Lekiwi_ws/install/three_omni_plugin/share/ament_index/resource_index/package_run_dependencies/three_omni_plugin
[0.252s] -- Up-to-date: /home/nam/Lekiwi_ws/install/three_omni_plugin/share/ament_index/resource_index/parent_prefix_path/three_omni_plugin
[0.252s] -- Up-to-date: /home/nam/Lekiwi_ws/install/three_omni_plugin/share/three_omni_plugin/environment/ament_prefix_path.sh
[0.252s] -- Up-to-date: /home/nam/Lekiwi_ws/install/three_omni_plugin/share/three_omni_plugin/environment/ament_prefix_path.dsv
[0.252s] -- Up-to-date: /home/nam/Lekiwi_ws/install/three_omni_plugin/share/three_omni_plugin/environment/path.sh
[0.252s] -- Up-to-date: /home/nam/Lekiwi_ws/install/three_omni_plugin/share/three_omni_plugin/environment/path.dsv
[0.252s] -- Up-to-date: /home/nam/Lekiwi_ws/install/three_omni_plugin/share/three_omni_plugin/local_setup.bash
[0.252s] -- Up-to-date: /home/nam/Lekiwi_ws/install/three_omni_plugin/share/three_omni_plugin/local_setup.sh
[0.252s] -- Up-to-date: /home/nam/Lekiwi_ws/install/three_omni_plugin/share/three_omni_plugin/local_setup.zsh
[0.252s] -- Up-to-date: /home/nam/Lekiwi_ws/install/three_omni_plugin/share/three_omni_plugin/local_setup.dsv
[0.252s] -- Installing: /home/nam/Lekiwi_ws/install/three_omni_plugin/share/three_omni_plugin/package.dsv
[0.252s] -- Up-to-date: /home/nam/Lekiwi_ws/install/three_omni_plugin/share/ament_index/resource_index/packages/three_omni_plugin
[0.252s] -- Up-to-date: /home/nam/Lekiwi_ws/install/three_omni_plugin/share/three_omni_plugin/cmake/three_omni_pluginConfig.cmake
[0.252s] -- Up-to-date: /home/nam/Lekiwi_ws/install/three_omni_plugin/share/three_omni_plugin/cmake/three_omni_pluginConfig-version.cmake
[0.252s] -- Up-to-date: /home/nam/Lekiwi_ws/install/three_omni_plugin/share/three_omni_plugin/package.xml
[0.253s] Invoked command in '/home/nam/Lekiwi_ws/build/three_omni_plugin' returned '0': /home/nam/.local/bin/cmake --install /home/nam/Lekiwi_ws/build/three_omni_plugin
