[0.012s] Invoking command in '/home/nam/Lekiwi_ws/build/lekiwi_servo_control': CMAKE_PREFIX_PATH=${CMAKE_PREFIX_PATH}:/home/nam/Lekiwi_ws/install/omni_teleop:/home/nam/turtlebot3_ws/install/turtlebot3_teleop:/home/nam/turtlebot3_ws/install/turtlebot3_example:/opt/ros/humble /home/nam/.local/bin/cmake --build /home/nam/Lekiwi_ws/build/lekiwi_servo_control -- -j12 -l12
[0.095s] -- Found ament_cmake: 1.3.11 (/opt/ros/humble/share/ament_cmake/cmake)
[0.269s] -- Found rclcpp: 16.0.12 (/opt/ros/humble/share/rclcpp/cmake)
[0.297s] -- Found rosidl_generator_c: 3.1.6 (/opt/ros/humble/share/rosidl_generator_c/cmake)
[0.300s] -- Found rosidl_adapter: 3.1.6 (/opt/ros/humble/share/rosidl_adapter/cmake)
[0.305s] -- Found rosidl_generator_cpp: 3.1.6 (/opt/ros/humble/share/rosidl_generator_cpp/cmake)
[0.315s] -- Using all available rosidl_typesupport_c: rosidl_typesupport_fastrtps_c;rosidl_typesupport_introspection_c
[0.327s] -- Using all available rosidl_typesupport_cpp: rosidl_typesupport_fastrtps_cpp;rosidl_typesupport_introspection_cpp
[0.361s] -- Found rmw_implementation_cmake: 6.1.2 (/opt/ros/humble/share/rmw_implementation_cmake/cmake)
[0.363s] -- Found rmw_fastrtps_cpp: 6.2.7 (/opt/ros/humble/share/rmw_fastrtps_cpp/cmake)
[0.490s] -- Using RMW implementation 'rmw_fastrtps_cpp' as default
[0.543s] -- Found sensor_msgs: 4.8.0 (/opt/ros/humble/share/sensor_msgs/cmake)
[0.576s] -- Looking for ignition-gazebo6 -- found version 6.17.0
[0.580s] -- Searching for dependencies of ignition-gazebo6
[0.580s] -- Looking for sdformat12 -- found version 12.8.0
[0.580s] -- Searching for dependencies of sdformat12
[0.585s] -- Checking for module 'tinyxml2'
[0.600s] --   Found tinyxml2, version 9.0.0
[0.632s] -- Looking for ignition-math6 -- found version 6.15.1
[0.632s] -- Searching for dependencies of ignition-math6
[0.633s] -- Looking for ignition-utils1 -- found version 1.5.1
[0.633s] -- Searching for dependencies of ignition-utils1
[0.634s] -- Looking for ignition-plugin1 -- found version 1.4.0
[0.634s] -- Searching for dependencies of ignition-plugin1
[0.634s] -- Searching for <ignition-plugin1> component [loader]
[0.635s] -- Looking for ignition-plugin1-loader -- found version 1.4.0
[0.635s] -- Searching for dependencies of ignition-plugin1-loader
[0.635s] -- Searching for <ignition-plugin1> component [register]
[0.636s] -- Looking for ignition-plugin1-register -- found version 1.4.0
[0.636s] -- Searching for dependencies of ignition-plugin1-register
[0.637s] -- Looking for ignition-transport11 -- found version 11.4.1
[0.637s] -- Searching for dependencies of ignition-transport11
[0.676s] -- Config-file not installed for ZeroMQ -- checking for pkg-config
[0.680s] -- Checking for module 'libzmq >= 4'
[0.695s] --   Found libzmq, version 4.3.4
[0.736s] -- Checking for module 'uuid'
[0.750s] --   Found uuid, version 2.37.2
[0.782s] -- Looking for ignition-utils1 -- found version 1.5.1
[0.782s] -- Searching for dependencies of ignition-utils1
[0.782s] -- Searching for <ignition-utils1> component [cli]
[0.783s] -- Looking for ignition-utils1-cli -- found version 1.5.1
[0.783s] -- Searching for dependencies of ignition-utils1-cli
[0.784s] -- Looking for ignition-msgs8 -- found version 8.7.0
[0.784s] -- Searching for dependencies of ignition-msgs8
[0.807s] -- Found Protobuf: /usr/lib/x86_64-linux-gnu/libprotobuf.so (found suitable version "3.12.4", minimum required is "3")
[0.808s] -- Looking for ignition-math6 -- found version 6.15.1
[0.817s] -- Searching for <ignition-transport11> component [log]
[0.818s] -- Looking for ignition-transport11-log -- found version 11.4.1
[0.818s] -- Searching for dependencies of ignition-transport11-log
[0.818s] -- Searching for <ignition-transport11> component [parameters]
[0.819s] -- Looking for ignition-transport11-parameters -- found version 11.4.1
[0.819s] -- Searching for dependencies of ignition-transport11-parameters
[0.819s] -- Looking for ignition-msgs8 -- found version 8.7.0
[0.820s] -- Looking for ignition-common4 -- found version 4.7.0
[0.820s] -- Searching for dependencies of ignition-common4
[0.820s] -- Looking for dlfcn.h - found
[0.820s] -- Looking for libdl - found
[0.831s] -- Searching for <ignition-common4> component [profiler]
[0.831s] -- Looking for ignition-common4-profiler -- found version 4.7.0
[0.831s] -- Searching for dependencies of ignition-common4-profiler
[0.832s] -- Searching for <ignition-common4> component [events]
[0.832s] -- Looking for ignition-common4-events -- found version 4.7.0
[0.832s] -- Searching for dependencies of ignition-common4-events
[0.832s] -- Looking for ignition-math6 -- found version 6.15.1
[0.833s] -- Searching for <ignition-common4> component [av]
[0.833s] -- Looking for ignition-common4-av -- found version 4.7.0
[0.833s] -- Searching for dependencies of ignition-common4-av
[0.838s] -- Checking for module 'libswscale'
[0.853s] --   Found libswscale, version 5.9.100
[0.890s] -- Checking for module 'libavdevice >= 56.4.100'
[0.905s] --   Found libavdevice, version 58.13.100
[0.946s] -- Checking for module 'libavformat'
[0.961s] --   Found libavformat, version 58.76.100
[1.000s] -- Checking for module 'libavcodec'
[1.016s] --   Found libavcodec, version 58.134.100
[1.054s] -- Checking for module 'libavutil'
[1.069s] --   Found libavutil, version 56.70.100
[1.103s] -- Looking for ignition-fuel_tools7 -- found version 7.3.1
[1.103s] -- Searching for dependencies of ignition-fuel_tools7
[1.146s] [0mCMake Deprecation Warning at /usr/lib/x86_64-linux-gnu/cmake/jsoncpp/jsoncppConfig.cmake:2 (cmake_policy):
[1.146s]   Compatibility with CMake < 3.10 will be removed from a future version of
[1.146s]   CMake.
[1.146s] 
[1.146s]   Update the VERSION argument <min> value.  Or, use the <min>...<max> syntax
[1.146s]   to tell CMake that the project requires at least <min> but has been updated
[1.146s]   to work with policies introduced by <max> or earlier.
[1.146s] Call Stack (most recent call first):
[1.146s]   /usr/share/cmake/ignition-cmake2/cmake2/FindJSONCPP.cmake:34 (find_package)
[1.146s]   /home/nam/ignition_fortress_ws/install/ignition-fuel_tools7/lib/cmake/ignition-fuel_tools7/ignition-fuel_tools7-config.cmake:94 (find_package)
[1.146s]   /usr/lib/x86_64-linux-gnu/cmake/ignition-gazebo6/ignition-gazebo6-config.cmake:97 (find_package)
[1.146s]   CMakeLists.txt:8 (find_package)
[1.146s] 
[1.146s] [0m
[1.151s] -- Checking for module 'jsoncpp'
[1.166s] --   Found jsoncpp, version 1.9.5
[1.204s] -- Checking for module 'libzip'
[1.218s] --   Found libzip, version 1.7.3
[1.250s] -- Looking for ignition-common4 -- found version 4.7.0
[1.250s] -- Looking for ignition-math6 -- found version 6.15.1
[1.251s] -- Looking for ignition-msgs8 -- found version 8.7.0
[1.252s] -- Looking for ignition-gui6 -- found version 6.8.0
[1.252s] -- Searching for dependencies of ignition-gui6
[1.286s] -- Looking for ignition-math6 -- found version 6.15.1
[1.287s] -- Looking for ignition-common4 -- found version 4.7.0
[1.287s] -- Looking for ignition-plugin1 -- found version 1.4.0
[1.288s] -- Looking for ignition-transport11 -- found version 11.4.1
[1.288s] -- Looking for ignition-rendering6 -- found version 6.6.3
[1.288s] -- Searching for dependencies of ignition-rendering6
[1.288s] -- Looking for ignition-math6 -- found version 6.15.1
[1.289s] -- Searching for dependencies of ignition-math6
[1.289s] -- Searching for <ignition-math6> component [eigen3]
[1.289s] -- Looking for ignition-math6-eigen3 -- found version 6.15.1
[1.289s] -- Searching for dependencies of ignition-math6-eigen3
[1.291s] -- Looking for ignition-common4 -- found version 4.7.0
[1.291s] -- Searching for dependencies of ignition-common4
[1.291s] -- Looking for dlfcn.h - found
[1.291s] -- Looking for libdl - found
[1.302s] -- Searching for <ignition-common4> component [graphics]
[1.303s] -- Looking for ignition-common4-graphics -- found version 4.7.0
[1.303s] -- Searching for dependencies of ignition-common4-graphics
[1.303s] -- Looking for ignition-math6 -- found version 6.15.1
[1.304s] -- Looking for ignition-utils1 -- found version 1.5.1
[1.304s] -- Searching for <ignition-common4> component [events]
[1.305s] -- Looking for ignition-plugin1 -- found version 1.4.0
[1.305s] -- Searching for dependencies of ignition-plugin1
[1.305s] -- Searching for <ignition-plugin1> component [all]
[1.305s] -- Looking for all libraries of ignition-plugin1 -- found version 1.4.0
[1.306s] -- Looking for ignition-plugin1 -- found version 1.4.0
[1.307s] -- Looking for ignition-msgs8 -- found version 8.7.0
[1.323s] -- Looking for ignition-physics5 -- found version 5.3.2
[1.323s] -- Searching for dependencies of ignition-physics5
[1.323s] -- Looking for ignition-math6 -- found version 6.15.1
[1.324s] -- Looking for ignition-plugin1 -- found version 1.4.0
[1.324s] -- Looking for ignition-utils1 -- found version 1.5.1
[1.325s] -- Searching for <ignition-physics5> component [heightmap]
[1.325s] -- Looking for ignition-physics5-heightmap -- found version 5.3.2
[1.326s] -- Searching for dependencies of ignition-physics5-heightmap
[1.326s] -- Looking for ignition-common4 -- found version 4.7.0
[1.326s] -- Searching for <ignition-physics5> component [mesh]
[1.327s] -- Looking for ignition-physics5-mesh -- found version 5.3.2
[1.327s] -- Searching for dependencies of ignition-physics5-mesh
[1.327s] -- Looking for ignition-common4 -- found version 4.7.0
[1.328s] -- Searching for <ignition-physics5> component [sdf]
[1.328s] -- Looking for ignition-physics5-sdf -- found version 5.3.2
[1.328s] -- Searching for dependencies of ignition-physics5-sdf
[1.329s] -- Looking for sdformat12 -- found version 12.8.0
[1.329s] -- Looking for ignition-sensors6 -- found version 6.8.1
[1.330s] -- Searching for dependencies of ignition-sensors6
[1.356s] -- Found Protobuf: /usr/lib/x86_64-linux-gnu/libprotobuf.so (found version "3.12.4")
[1.357s] -- Looking for ignition-math6 -- found version 6.15.1
[1.357s] -- Looking for ignition-common4 -- found version 4.7.0
[1.358s] -- Looking for ignition-transport11 -- found version 11.4.1
[1.358s] -- Looking for ignition-rendering6 -- found version 6.6.3
[1.358s] -- Looking for ignition-msgs8 -- found version 8.7.0
[1.359s] -- Looking for sdformat12 -- found version 12.8.0
[1.359s] -- Searching for <ignition-sensors6> component [air_pressure]
[1.360s] -- Looking for ignition-sensors6-air_pressure -- found version 6.8.1
[1.360s] -- Searching for dependencies of ignition-sensors6-air_pressure
[1.360s] -- Searching for <ignition-sensors6> component [altimeter]
[1.361s] -- Looking for ignition-sensors6-altimeter -- found version 6.8.1
[1.361s] -- Searching for dependencies of ignition-sensors6-altimeter
[1.361s] -- Searching for <ignition-sensors6> component [imu]
[1.361s] -- Looking for ignition-sensors6-imu -- found version 6.8.1
[1.362s] -- Searching for dependencies of ignition-sensors6-imu
[1.362s] -- Searching for <ignition-sensors6> component [force_torque]
[1.362s] -- Looking for ignition-sensors6-force_torque -- found version 6.8.1
[1.363s] -- Searching for dependencies of ignition-sensors6-force_torque
[1.363s] -- Searching for <ignition-sensors6> component [logical_camera]
[1.363s] -- Looking for ignition-sensors6-logical_camera -- found version 6.8.1
[1.363s] -- Searching for dependencies of ignition-sensors6-logical_camera
[1.364s] -- Searching for <ignition-sensors6> component [magnetometer]
[1.364s] -- Looking for ignition-sensors6-magnetometer -- found version 6.8.1
[1.364s] -- Searching for dependencies of ignition-sensors6-magnetometer
[1.365s] -- Searching for <ignition-sensors6> component [navsat]
[1.365s] -- Looking for ignition-sensors6-navsat -- found version 6.8.1
[1.365s] -- Searching for dependencies of ignition-sensors6-navsat
[1.366s] -- Searching for <ignition-sensors6> component [rendering]
[1.366s] -- Looking for ignition-sensors6-rendering -- found version 6.8.1
[1.366s] -- Searching for dependencies of ignition-sensors6-rendering
[1.367s] -- Searching for <ignition-sensors6> component [lidar]
[1.367s] -- Looking for ignition-sensors6-lidar -- found version 6.8.1
[1.367s] -- Searching for dependencies of ignition-sensors6-lidar
[1.368s] -- Looking for ignition-sensors6 -- found version 6.8.1
[1.369s] -- Searching for <ignition-sensors6> component [gpu_lidar]
[1.369s] -- Looking for ignition-sensors6-gpu_lidar -- found version 6.8.1
[1.369s] -- Searching for dependencies of ignition-sensors6-gpu_lidar
[1.369s] -- Looking for ignition-sensors6 -- found version 6.8.1
[1.370s] -- Searching for <ignition-sensors6> component [camera]
[1.370s] -- Looking for ignition-sensors6-camera -- found version 6.8.1
[1.371s] -- Searching for dependencies of ignition-sensors6-camera
[1.371s] -- Looking for ignition-sensors6 -- found version 6.8.1
[1.372s] -- Searching for <ignition-sensors6> component [boundingbox_camera]
[1.372s] -- Looking for ignition-sensors6-boundingbox_camera -- found version 6.8.1
[1.372s] -- Searching for dependencies of ignition-sensors6-boundingbox_camera
[1.373s] -- Searching for <ignition-sensors6> component [segmentation_camera]
[1.373s] -- Looking for ignition-sensors6-segmentation_camera -- found version 6.8.1
[1.373s] -- Searching for dependencies of ignition-sensors6-segmentation_camera
[1.374s] -- Searching for <ignition-sensors6> component [depth_camera]
[1.374s] -- Looking for ignition-sensors6-depth_camera -- found version 6.8.1
[1.374s] -- Searching for dependencies of ignition-sensors6-depth_camera
[1.375s] -- Looking for ignition-sensors6 -- found version 6.8.1
[1.375s] -- Searching for <ignition-sensors6> component [rgbd_camera]
[1.376s] -- Looking for ignition-sensors6-rgbd_camera -- found version 6.8.1
[1.376s] -- Searching for dependencies of ignition-sensors6-rgbd_camera
[1.376s] -- Looking for ignition-sensors6 -- found version 6.8.1
[1.377s] -- Searching for <ignition-sensors6> component [thermal_camera]
[1.377s] -- Looking for ignition-sensors6-thermal_camera -- found version 6.8.1
[1.377s] -- Searching for dependencies of ignition-sensors6-thermal_camera
[1.377s] -- Looking for ignition-sensors6 -- found version 6.8.1
[1.378s] -- Looking for ignition-rendering6 -- found version 6.6.3
[1.379s] -- Looking for ignition-math6 -- found version 6.15.1
[1.379s] -- Looking for ignition-utils1 -- found version 1.5.1
[1.405s] -- Looking for ignition-plugin1 -- found version 1.4.0
[1.464s] -- Configuring done (1.4s)
[1.481s] -- Generating done (0.0s)
[1.484s] -- Build files have been written to: /home/nam/Lekiwi_ws/build/lekiwi_servo_control
[1.522s] [ 50%] [32mBuilding CXX object CMakeFiles/lekiwi_servo_control.dir/src/lekiwi_servo_control.cpp.o[0m
[13.283s] [100%] [32m[1mLinking CXX shared library liblekiwi_servo_control.so[0m
[13.916s] [100%] Built target lekiwi_servo_control
[13.921s] Invoked command in '/home/nam/Lekiwi_ws/build/lekiwi_servo_control' returned '0': CMAKE_PREFIX_PATH=${CMAKE_PREFIX_PATH}:/home/nam/Lekiwi_ws/install/omni_teleop:/home/nam/turtlebot3_ws/install/turtlebot3_teleop:/home/nam/turtlebot3_ws/install/turtlebot3_example:/opt/ros/humble /home/nam/.local/bin/cmake --build /home/nam/Lekiwi_ws/build/lekiwi_servo_control -- -j12 -l12
[13.990s] Invoking command in '/home/nam/Lekiwi_ws/build/lekiwi_servo_control': CMAKE_PREFIX_PATH=${CMAKE_PREFIX_PATH}:/home/nam/Lekiwi_ws/install/omni_teleop:/home/nam/turtlebot3_ws/install/turtlebot3_teleop:/home/nam/turtlebot3_ws/install/turtlebot3_example:/opt/ros/humble /home/nam/.local/bin/cmake --install /home/nam/Lekiwi_ws/build/lekiwi_servo_control
[14.054s] -- Install configuration: ""
[14.054s] -- Installing: /home/nam/Lekiwi_ws/install/lekiwi_servo_control/lib/liblekiwi_servo_control.so
[14.064s] -- Set non-toolchain portion of runtime path of "/home/nam/Lekiwi_ws/install/lekiwi_servo_control/lib/liblekiwi_servo_control.so" to ""
[14.064s] -- Up-to-date: /home/nam/Lekiwi_ws/install/lekiwi_servo_control/share/ament_index/resource_index/package_run_dependencies/lekiwi_servo_control
[14.064s] -- Up-to-date: /home/nam/Lekiwi_ws/install/lekiwi_servo_control/share/ament_index/resource_index/parent_prefix_path/lekiwi_servo_control
[14.064s] -- Up-to-date: /home/nam/Lekiwi_ws/install/lekiwi_servo_control/share/lekiwi_servo_control/environment/ament_prefix_path.sh
[14.064s] -- Installing: /home/nam/Lekiwi_ws/install/lekiwi_servo_control/share/lekiwi_servo_control/environment/ament_prefix_path.dsv
[14.064s] -- Up-to-date: /home/nam/Lekiwi_ws/install/lekiwi_servo_control/share/lekiwi_servo_control/environment/path.sh
[14.064s] -- Installing: /home/nam/Lekiwi_ws/install/lekiwi_servo_control/share/lekiwi_servo_control/environment/path.dsv
[14.064s] -- Up-to-date: /home/nam/Lekiwi_ws/install/lekiwi_servo_control/share/lekiwi_servo_control/local_setup.bash
[14.064s] -- Up-to-date: /home/nam/Lekiwi_ws/install/lekiwi_servo_control/share/lekiwi_servo_control/local_setup.sh
[14.065s] -- Up-to-date: /home/nam/Lekiwi_ws/install/lekiwi_servo_control/share/lekiwi_servo_control/local_setup.zsh
[14.065s] -- Installing: /home/nam/Lekiwi_ws/install/lekiwi_servo_control/share/lekiwi_servo_control/local_setup.dsv
[14.065s] -- Installing: /home/nam/Lekiwi_ws/install/lekiwi_servo_control/share/lekiwi_servo_control/package.dsv
[14.065s] -- Up-to-date: /home/nam/Lekiwi_ws/install/lekiwi_servo_control/share/ament_index/resource_index/packages/lekiwi_servo_control
[14.065s] -- Up-to-date: /home/nam/Lekiwi_ws/install/lekiwi_servo_control/share/lekiwi_servo_control/cmake/lekiwi_servo_controlConfig.cmake
[14.065s] -- Up-to-date: /home/nam/Lekiwi_ws/install/lekiwi_servo_control/share/lekiwi_servo_control/cmake/lekiwi_servo_controlConfig-version.cmake
[14.065s] -- Up-to-date: /home/nam/Lekiwi_ws/install/lekiwi_servo_control/share/lekiwi_servo_control/package.xml
[14.067s] Invoked command in '/home/nam/Lekiwi_ws/build/lekiwi_servo_control' returned '0': CMAKE_PREFIX_PATH=${CMAKE_PREFIX_PATH}:/home/nam/Lekiwi_ws/install/omni_teleop:/home/nam/turtlebot3_ws/install/turtlebot3_teleop:/home/nam/turtlebot3_ws/install/turtlebot3_example:/opt/ros/humble /home/nam/.local/bin/cmake --install /home/nam/Lekiwi_ws/build/lekiwi_servo_control
