[0.013s] Invoking command in '/home/nam/Lekiwi_ws/build/lekiwi_servo_control': CMAKE_PREFIX_PATH=${CMAKE_PREFIX_PATH}:/home/nam/Lekiwi_ws/install/omni_teleop:/home/nam/turtlebot3_ws/install/turtlebot3_teleop:/home/nam/turtlebot3_ws/install/turtlebot3_example:/opt/ros/humble /home/nam/.local/bin/cmake --build /home/nam/Lekiwi_ws/build/lekiwi_servo_control -- -j12 -l12
[0.092s] -- Found ament_cmake: 1.3.11 (/opt/ros/humble/share/ament_cmake/cmake)
[0.262s] -- Found rclcpp: 16.0.12 (/opt/ros/humble/share/rclcpp/cmake)
[0.291s] -- Found rosidl_generator_c: 3.1.6 (/opt/ros/humble/share/rosidl_generator_c/cmake)
[0.293s] -- Found rosidl_adapter: 3.1.6 (/opt/ros/humble/share/rosidl_adapter/cmake)
[0.298s] -- Found rosidl_generator_cpp: 3.1.6 (/opt/ros/humble/share/rosidl_generator_cpp/cmake)
[0.308s] -- Using all available rosidl_typesupport_c: rosidl_typesupport_fastrtps_c;rosidl_typesupport_introspection_c
[0.320s] -- Using all available rosidl_typesupport_cpp: rosidl_typesupport_fastrtps_cpp;rosidl_typesupport_introspection_cpp
[0.353s] -- Found rmw_implementation_cmake: 6.1.2 (/opt/ros/humble/share/rmw_implementation_cmake/cmake)
[0.355s] -- Found rmw_fastrtps_cpp: 6.2.7 (/opt/ros/humble/share/rmw_fastrtps_cpp/cmake)
[0.480s] -- Using RMW implementation 'rmw_fastrtps_cpp' as default
[0.532s] -- Found sensor_msgs: 4.8.0 (/opt/ros/humble/share/sensor_msgs/cmake)
[0.579s] [31mCMake Error at CMakeLists.txt:8 (find_package):
[0.580s]   By not providing "Findgazebo_ros.cmake" in CMAKE_MODULE_PATH this project
[0.580s]   has asked CMake to find a package configuration file provided by
[0.580s]   "gazebo_ros", but CMake did not find one.
[0.580s] 
[0.580s]   Could not find a package configuration file provided by "gazebo_ros" with
[0.580s]   any of the following names:
[0.580s] 
[0.580s]     gazebo_rosConfig.cmake
[0.580s]     gazebo_ros-config.cmake
[0.580s] 
[0.580s]   Add the installation prefix of "gazebo_ros" to CMAKE_PREFIX_PATH or set
[0.580s]   "gazebo_ros_DIR" to a directory containing one of the above files.  If
[0.580s]   "gazebo_ros" provides a separate development package or SDK, be sure it has
[0.580s]   been installed.
[0.580s] 
[0.580s] [0m
[0.580s] -- Configuring incomplete, errors occurred!
[0.585s] gmake: *** [Makefile:267: cmake_check_build_system] Error 1
[0.587s] Invoked command in '/home/nam/Lekiwi_ws/build/lekiwi_servo_control' returned '2': CMAKE_PREFIX_PATH=${CMAKE_PREFIX_PATH}:/home/nam/Lekiwi_ws/install/omni_teleop:/home/nam/turtlebot3_ws/install/turtlebot3_teleop:/home/nam/turtlebot3_ws/install/turtlebot3_example:/opt/ros/humble /home/nam/.local/bin/cmake --build /home/nam/Lekiwi_ws/build/lekiwi_servo_control -- -j12 -l12
