[0.012s] Invoking command in '/home/nam/Lekiwi_ws/build/lekiwi_servo_control': CMAKE_PREFIX_PATH=${CMAKE_PREFIX_PATH}:/home/nam/Lekiwi_ws/install/omni_teleop:/home/nam/turtlebot3_ws/install/turtlebot3_teleop:/home/nam/turtlebot3_ws/install/turtlebot3_example:/opt/ros/humble /home/nam/.local/bin/cmake --build /home/nam/Lekiwi_ws/build/lekiwi_servo_control -- -j12 -l12
[0.094s] -- Found ament_cmake: 1.3.11 (/opt/ros/humble/share/ament_cmake/cmake)
[0.266s] -- Found rclcpp: 16.0.12 (/opt/ros/humble/share/rclcpp/cmake)
[0.295s] -- Found rosidl_generator_c: 3.1.6 (/opt/ros/humble/share/rosidl_generator_c/cmake)
[0.297s] -- Found rosidl_adapter: 3.1.6 (/opt/ros/humble/share/rosidl_adapter/cmake)
[0.303s] -- Found rosidl_generator_cpp: 3.1.6 (/opt/ros/humble/share/rosidl_generator_cpp/cmake)
[0.312s] -- Using all available rosidl_typesupport_c: rosidl_typesupport_fastrtps_c;rosidl_typesupport_introspection_c
[0.325s] -- Using all available rosidl_typesupport_cpp: rosidl_typesupport_fastrtps_cpp;rosidl_typesupport_introspection_cpp
[0.358s] -- Found rmw_implementation_cmake: 6.1.2 (/opt/ros/humble/share/rmw_implementation_cmake/cmake)
[0.360s] -- Found rmw_fastrtps_cpp: 6.2.7 (/opt/ros/humble/share/rmw_fastrtps_cpp/cmake)
[0.486s] -- Using RMW implementation 'rmw_fastrtps_cpp' as default
[0.539s] -- Found sensor_msgs: 4.8.0 (/opt/ros/humble/share/sensor_msgs/cmake)
[0.573s] -- Looking for ignition-gazebo6 -- found version 6.17.0
[0.577s] -- Searching for dependencies of ignition-gazebo6
[0.577s] -- Looking for sdformat12 -- found version 12.8.0
[0.577s] -- Searching for dependencies of sdformat12
[0.582s] -- Checking for module 'tinyxml2'
[0.597s] --   Found tinyxml2, version 9.0.0
[0.629s] -- Looking for ignition-math6 -- found version 6.15.1
[0.629s] -- Searching for dependencies of ignition-math6
[0.630s] -- Looking for ignition-utils1 -- found version 1.5.1
[0.630s] -- Searching for dependencies of ignition-utils1
[0.631s] -- Looking for ignition-plugin1 -- found version 1.4.0
[0.632s] -- Searching for dependencies of ignition-plugin1
[0.632s] -- Searching for <ignition-plugin1> component [loader]
[0.632s] -- Looking for ignition-plugin1-loader -- found version 1.4.0
[0.632s] -- Searching for dependencies of ignition-plugin1-loader
[0.633s] -- Searching for <ignition-plugin1> component [register]
[0.634s] -- Looking for ignition-plugin1-register -- found version 1.4.0
[0.634s] -- Searching for dependencies of ignition-plugin1-register
[0.634s] -- Looking for ignition-transport11 -- found version 11.4.1
[0.635s] -- Searching for dependencies of ignition-transport11
[0.673s] -- Config-file not installed for ZeroMQ -- checking for pkg-config
[0.677s] -- Checking for module 'libzmq >= 4'
[0.692s] --   Found libzmq, version 4.3.4
[0.732s] -- Checking for module 'uuid'
[0.746s] --   Found uuid, version 2.37.2
[0.777s] -- Looking for ignition-utils1 -- found version 1.5.1
[0.777s] -- Searching for dependencies of ignition-utils1
[0.777s] -- Searching for <ignition-utils1> component [cli]
[0.778s] -- Looking for ignition-utils1-cli -- found version 1.5.1
[0.778s] -- Searching for dependencies of ignition-utils1-cli
[0.779s] -- Looking for ignition-msgs8 -- found version 8.7.0
[0.779s] -- Searching for dependencies of ignition-msgs8
[0.801s] -- Found Protobuf: /usr/lib/x86_64-linux-gnu/libprotobuf.so (found suitable version "3.12.4", minimum required is "3")
[0.802s] -- Looking for ignition-math6 -- found version 6.15.1
[0.812s] -- Searching for <ignition-transport11> component [log]
[0.812s] -- Looking for ignition-transport11-log -- found version 11.4.1
[0.812s] -- Searching for dependencies of ignition-transport11-log
[0.812s] -- Searching for <ignition-transport11> component [parameters]
[0.813s] -- Looking for ignition-transport11-parameters -- found version 11.4.1
[0.813s] -- Searching for dependencies of ignition-transport11-parameters
[0.814s] -- Looking for ignition-msgs8 -- found version 8.7.0
[0.814s] -- Looking for ignition-common4 -- found version 4.7.0
[0.815s] -- Searching for dependencies of ignition-common4
[0.815s] -- Looking for dlfcn.h - found
[0.815s] -- Looking for libdl - found
[0.825s] -- Searching for <ignition-common4> component [profiler]
[0.825s] -- Looking for ignition-common4-profiler -- found version 4.7.0
[0.825s] -- Searching for dependencies of ignition-common4-profiler
[0.826s] -- Searching for <ignition-common4> component [events]
[0.826s] -- Looking for ignition-common4-events -- found version 4.7.0
[0.826s] -- Searching for dependencies of ignition-common4-events
[0.826s] -- Looking for ignition-math6 -- found version 6.15.1
[0.827s] -- Searching for <ignition-common4> component [av]
[0.827s] -- Looking for ignition-common4-av -- found version 4.7.0
[0.827s] -- Searching for dependencies of ignition-common4-av
[0.832s] -- Checking for module 'libswscale'
[0.846s] --   Found libswscale, version 5.9.100
[0.884s] -- Checking for module 'libavdevice >= 56.4.100'
[0.898s] --   Found libavdevice, version 58.13.100
[0.939s] -- Checking for module 'libavformat'
[0.953s] --   Found libavformat, version 58.76.100
[0.991s] -- Checking for module 'libavcodec'
[1.006s] --   Found libavcodec, version 58.134.100
[1.044s] -- Checking for module 'libavutil'
[1.059s] --   Found libavutil, version 56.70.100
[1.092s] -- Looking for ignition-fuel_tools7 -- found version 7.3.1
[1.092s] -- Searching for dependencies of ignition-fuel_tools7
[1.134s] [0mCMake Deprecation Warning at /usr/lib/x86_64-linux-gnu/cmake/jsoncpp/jsoncppConfig.cmake:2 (cmake_policy):
[1.134s]   Compatibility with CMake < 3.10 will be removed from a future version of
[1.134s]   CMake.
[1.134s] 
[1.134s]   Update the VERSION argument <min> value.  Or, use the <min>...<max> syntax
[1.135s]   to tell CMake that the project requires at least <min> but has been updated
[1.135s]   to work with policies introduced by <max> or earlier.
[1.135s] Call Stack (most recent call first):
[1.135s]   /usr/share/cmake/ignition-cmake2/cmake2/FindJSONCPP.cmake:34 (find_package)
[1.135s]   /home/nam/ignition_fortress_ws/install/ignition-fuel_tools7/lib/cmake/ignition-fuel_tools7/ignition-fuel_tools7-config.cmake:94 (find_package)
[1.135s]   /usr/lib/x86_64-linux-gnu/cmake/ignition-gazebo6/ignition-gazebo6-config.cmake:97 (find_package)
[1.135s]   CMakeLists.txt:8 (find_package)
[1.135s] 
[1.135s] [0m
[1.140s] -- Checking for module 'jsoncpp'
[1.154s] --   Found jsoncpp, version 1.9.5
[1.193s] -- Checking for module 'libzip'
[1.208s] --   Found libzip, version 1.7.3
[1.241s] -- Looking for ignition-common4 -- found version 4.7.0
[1.241s] -- Looking for ignition-math6 -- found version 6.15.1
[1.241s] -- Looking for ignition-msgs8 -- found version 8.7.0
[1.242s] -- Looking for ignition-gui6 -- found version 6.8.0
[1.242s] -- Searching for dependencies of ignition-gui6
[1.276s] -- Looking for ignition-math6 -- found version 6.15.1
[1.276s] -- Looking for ignition-common4 -- found version 4.7.0
[1.277s] -- Looking for ignition-plugin1 -- found version 1.4.0
[1.277s] -- Looking for ignition-transport11 -- found version 11.4.1
[1.278s] -- Looking for ignition-rendering6 -- found version 6.6.3
[1.278s] -- Searching for dependencies of ignition-rendering6
[1.278s] -- Looking for ignition-math6 -- found version 6.15.1
[1.278s] -- Searching for dependencies of ignition-math6
[1.278s] -- Searching for <ignition-math6> component [eigen3]
[1.279s] -- Looking for ignition-math6-eigen3 -- found version 6.15.1
[1.279s] -- Searching for dependencies of ignition-math6-eigen3
[1.280s] -- Looking for ignition-common4 -- found version 4.7.0
[1.280s] -- Searching for dependencies of ignition-common4
[1.281s] -- Looking for dlfcn.h - found
[1.281s] -- Looking for libdl - found
[1.291s] -- Searching for <ignition-common4> component [graphics]
[1.291s] -- Looking for ignition-common4-graphics -- found version 4.7.0
[1.292s] -- Searching for dependencies of ignition-common4-graphics
[1.292s] -- Looking for ignition-math6 -- found version 6.15.1
[1.292s] -- Looking for ignition-utils1 -- found version 1.5.1
[1.293s] -- Searching for <ignition-common4> component [events]
[1.293s] -- Looking for ignition-plugin1 -- found version 1.4.0
[1.293s] -- Searching for dependencies of ignition-plugin1
[1.293s] -- Searching for <ignition-plugin1> component [all]
[1.294s] -- Looking for all libraries of ignition-plugin1 -- found version 1.4.0
[1.294s] -- Looking for ignition-plugin1 -- found version 1.4.0
[1.296s] -- Looking for ignition-msgs8 -- found version 8.7.0
[1.310s] -- Looking for ignition-physics5 -- found version 5.3.2
[1.310s] -- Searching for dependencies of ignition-physics5
[1.311s] -- Looking for ignition-math6 -- found version 6.15.1
[1.311s] -- Looking for ignition-plugin1 -- found version 1.4.0
[1.311s] -- Looking for ignition-utils1 -- found version 1.5.1
[1.312s] -- Searching for <ignition-physics5> component [heightmap]
[1.313s] -- Looking for ignition-physics5-heightmap -- found version 5.3.2
[1.313s] -- Searching for dependencies of ignition-physics5-heightmap
[1.313s] -- Looking for ignition-common4 -- found version 4.7.0
[1.314s] -- Searching for <ignition-physics5> component [mesh]
[1.314s] -- Looking for ignition-physics5-mesh -- found version 5.3.2
[1.314s] -- Searching for dependencies of ignition-physics5-mesh
[1.315s] -- Looking for ignition-common4 -- found version 4.7.0
[1.315s] -- Searching for <ignition-physics5> component [sdf]
[1.315s] -- Looking for ignition-physics5-sdf -- found version 5.3.2
[1.316s] -- Searching for dependencies of ignition-physics5-sdf
[1.316s] -- Looking for sdformat12 -- found version 12.8.0
[1.317s] -- Looking for ignition-sensors6 -- found version 6.8.1
[1.317s] -- Searching for dependencies of ignition-sensors6
[1.340s] -- Found Protobuf: /usr/lib/x86_64-linux-gnu/libprotobuf.so (found version "3.12.4")
[1.341s] -- Looking for ignition-math6 -- found version 6.15.1
[1.341s] -- Looking for ignition-common4 -- found version 4.7.0
[1.342s] -- Looking for ignition-transport11 -- found version 11.4.1
[1.342s] -- Looking for ignition-rendering6 -- found version 6.6.3
[1.342s] -- Looking for ignition-msgs8 -- found version 8.7.0
[1.343s] -- Looking for sdformat12 -- found version 12.8.0
[1.343s] -- Searching for <ignition-sensors6> component [air_pressure]
[1.344s] -- Looking for ignition-sensors6-air_pressure -- found version 6.8.1
[1.344s] -- Searching for dependencies of ignition-sensors6-air_pressure
[1.344s] -- Searching for <ignition-sensors6> component [altimeter]
[1.345s] -- Looking for ignition-sensors6-altimeter -- found version 6.8.1
[1.345s] -- Searching for dependencies of ignition-sensors6-altimeter
[1.345s] -- Searching for <ignition-sensors6> component [imu]
[1.345s] -- Looking for ignition-sensors6-imu -- found version 6.8.1
[1.346s] -- Searching for dependencies of ignition-sensors6-imu
[1.346s] -- Searching for <ignition-sensors6> component [force_torque]
[1.346s] -- Looking for ignition-sensors6-force_torque -- found version 6.8.1
[1.347s] -- Searching for dependencies of ignition-sensors6-force_torque
[1.347s] -- Searching for <ignition-sensors6> component [logical_camera]
[1.347s] -- Looking for ignition-sensors6-logical_camera -- found version 6.8.1
[1.348s] -- Searching for dependencies of ignition-sensors6-logical_camera
[1.348s] -- Searching for <ignition-sensors6> component [magnetometer]
[1.348s] -- Looking for ignition-sensors6-magnetometer -- found version 6.8.1
[1.349s] -- Searching for dependencies of ignition-sensors6-magnetometer
[1.349s] -- Searching for <ignition-sensors6> component [navsat]
[1.349s] -- Looking for ignition-sensors6-navsat -- found version 6.8.1
[1.350s] -- Searching for dependencies of ignition-sensors6-navsat
[1.350s] -- Searching for <ignition-sensors6> component [rendering]
[1.351s] -- Looking for ignition-sensors6-rendering -- found version 6.8.1
[1.351s] -- Searching for dependencies of ignition-sensors6-rendering
[1.351s] -- Searching for <ignition-sensors6> component [lidar]
[1.352s] -- Looking for ignition-sensors6-lidar -- found version 6.8.1
[1.352s] -- Searching for dependencies of ignition-sensors6-lidar
[1.352s] -- Looking for ignition-sensors6 -- found version 6.8.1
[1.353s] -- Searching for <ignition-sensors6> component [gpu_lidar]
[1.353s] -- Looking for ignition-sensors6-gpu_lidar -- found version 6.8.1
[1.353s] -- Searching for dependencies of ignition-sensors6-gpu_lidar
[1.353s] -- Looking for ignition-sensors6 -- found version 6.8.1
[1.354s] -- Searching for <ignition-sensors6> component [camera]
[1.354s] -- Looking for ignition-sensors6-camera -- found version 6.8.1
[1.355s] -- Searching for dependencies of ignition-sensors6-camera
[1.355s] -- Looking for ignition-sensors6 -- found version 6.8.1
[1.355s] -- Searching for <ignition-sensors6> component [boundingbox_camera]
[1.356s] -- Looking for ignition-sensors6-boundingbox_camera -- found version 6.8.1
[1.356s] -- Searching for dependencies of ignition-sensors6-boundingbox_camera
[1.357s] -- Searching for <ignition-sensors6> component [segmentation_camera]
[1.357s] -- Looking for ignition-sensors6-segmentation_camera -- found version 6.8.1
[1.358s] -- Searching for dependencies of ignition-sensors6-segmentation_camera
[1.358s] -- Searching for <ignition-sensors6> component [depth_camera]
[1.359s] -- Looking for ignition-sensors6-depth_camera -- found version 6.8.1
[1.359s] -- Searching for dependencies of ignition-sensors6-depth_camera
[1.359s] -- Looking for ignition-sensors6 -- found version 6.8.1
[1.360s] -- Searching for <ignition-sensors6> component [rgbd_camera]
[1.360s] -- Looking for ignition-sensors6-rgbd_camera -- found version 6.8.1
[1.360s] -- Searching for dependencies of ignition-sensors6-rgbd_camera
[1.361s] -- Looking for ignition-sensors6 -- found version 6.8.1
[1.361s] -- Searching for <ignition-sensors6> component [thermal_camera]
[1.362s] -- Looking for ignition-sensors6-thermal_camera -- found version 6.8.1
[1.362s] -- Searching for dependencies of ignition-sensors6-thermal_camera
[1.362s] -- Looking for ignition-sensors6 -- found version 6.8.1
[1.363s] -- Looking for ignition-rendering6 -- found version 6.6.3
[1.363s] -- Looking for ignition-math6 -- found version 6.15.1
[1.364s] -- Looking for ignition-utils1 -- found version 1.5.1
[1.445s] -- Configuring done (1.4s)
[1.461s] -- Generating done (0.0s)
[1.464s] -- Build files have been written to: /home/nam/Lekiwi_ws/build/lekiwi_servo_control
[1.500s] [100%] Built target lekiwi_servo_control
[1.506s] Invoked command in '/home/nam/Lekiwi_ws/build/lekiwi_servo_control' returned '0': CMAKE_PREFIX_PATH=${CMAKE_PREFIX_PATH}:/home/nam/Lekiwi_ws/install/omni_teleop:/home/nam/turtlebot3_ws/install/turtlebot3_teleop:/home/nam/turtlebot3_ws/install/turtlebot3_example:/opt/ros/humble /home/nam/.local/bin/cmake --build /home/nam/Lekiwi_ws/build/lekiwi_servo_control -- -j12 -l12
[1.572s] Invoking command in '/home/nam/Lekiwi_ws/build/lekiwi_servo_control': CMAKE_PREFIX_PATH=${CMAKE_PREFIX_PATH}:/home/nam/Lekiwi_ws/install/omni_teleop:/home/nam/turtlebot3_ws/install/turtlebot3_teleop:/home/nam/turtlebot3_ws/install/turtlebot3_example:/opt/ros/humble /home/nam/.local/bin/cmake --install /home/nam/Lekiwi_ws/build/lekiwi_servo_control
[1.637s] -- Install configuration: ""
[1.637s] -- Up-to-date: /home/nam/Lekiwi_ws/install/lekiwi_servo_control/lib/liblekiwi_servo_control.so
[1.637s] -- Up-to-date: /home/nam/Lekiwi_ws/install/lekiwi_servo_control/share/ament_index/resource_index/package_run_dependencies/lekiwi_servo_control
[1.637s] -- Up-to-date: /home/nam/Lekiwi_ws/install/lekiwi_servo_control/share/ament_index/resource_index/parent_prefix_path/lekiwi_servo_control
[1.637s] -- Up-to-date: /home/nam/Lekiwi_ws/install/lekiwi_servo_control/share/lekiwi_servo_control/environment/ament_prefix_path.sh
[1.637s] -- Installing: /home/nam/Lekiwi_ws/install/lekiwi_servo_control/share/lekiwi_servo_control/environment/ament_prefix_path.dsv
[1.637s] -- Up-to-date: /home/nam/Lekiwi_ws/install/lekiwi_servo_control/share/lekiwi_servo_control/environment/path.sh
[1.637s] -- Installing: /home/nam/Lekiwi_ws/install/lekiwi_servo_control/share/lekiwi_servo_control/environment/path.dsv
[1.638s] -- Up-to-date: /home/nam/Lekiwi_ws/install/lekiwi_servo_control/share/lekiwi_servo_control/local_setup.bash
[1.638s] -- Up-to-date: /home/nam/Lekiwi_ws/install/lekiwi_servo_control/share/lekiwi_servo_control/local_setup.sh
[1.638s] -- Up-to-date: /home/nam/Lekiwi_ws/install/lekiwi_servo_control/share/lekiwi_servo_control/local_setup.zsh
[1.638s] -- Installing: /home/nam/Lekiwi_ws/install/lekiwi_servo_control/share/lekiwi_servo_control/local_setup.dsv
[1.638s] -- Installing: /home/nam/Lekiwi_ws/install/lekiwi_servo_control/share/lekiwi_servo_control/package.dsv
[1.638s] -- Up-to-date: /home/nam/Lekiwi_ws/install/lekiwi_servo_control/share/ament_index/resource_index/packages/lekiwi_servo_control
[1.638s] -- Up-to-date: /home/nam/Lekiwi_ws/install/lekiwi_servo_control/share/lekiwi_servo_control/cmake/lekiwi_servo_controlConfig.cmake
[1.638s] -- Up-to-date: /home/nam/Lekiwi_ws/install/lekiwi_servo_control/share/lekiwi_servo_control/cmake/lekiwi_servo_controlConfig-version.cmake
[1.638s] -- Up-to-date: /home/nam/Lekiwi_ws/install/lekiwi_servo_control/share/lekiwi_servo_control/package.xml
[1.639s] Invoked command in '/home/nam/Lekiwi_ws/build/lekiwi_servo_control' returned '0': CMAKE_PREFIX_PATH=${CMAKE_PREFIX_PATH}:/home/nam/Lekiwi_ws/install/omni_teleop:/home/nam/turtlebot3_ws/install/turtlebot3_teleop:/home/nam/turtlebot3_ws/install/turtlebot3_example:/opt/ros/humble /home/nam/.local/bin/cmake --install /home/nam/Lekiwi_ws/build/lekiwi_servo_control
