[0.012s] Invoking command in '/home/nam/Lekiwi_ws/build/lekiwi_servo_control': CMAKE_PREFIX_PATH=${CMAKE_PREFIX_PATH}:/home/nam/Lekiwi_ws/install/omni_teleop:/home/nam/turtlebot3_ws/install/turtlebot3_teleop:/home/nam/turtlebot3_ws/install/turtlebot3_example:/opt/ros/humble /home/nam/.local/bin/cmake /home/nam/Lekiwi_ws/src/lekiwi_servo_control -DCMAKE_INSTALL_PREFIX=/home/nam/Lekiwi_ws/install/lekiwi_servo_control
[0.083s] -- Found ament_cmake: 1.3.11 (/opt/ros/humble/share/ament_cmake/cmake)
[0.252s] -- Found rclcpp: 16.0.12 (/opt/ros/humble/share/rclcpp/cmake)
[0.279s] -- Found rosidl_generator_c: 3.1.6 (/opt/ros/humble/share/rosidl_generator_c/cmake)
[0.282s] -- Found rosidl_adapter: 3.1.6 (/opt/ros/humble/share/rosidl_adapter/cmake)
[0.287s] -- Found rosidl_generator_cpp: 3.1.6 (/opt/ros/humble/share/rosidl_generator_cpp/cmake)
[0.296s] -- Using all available rosidl_typesupport_c: rosidl_typesupport_fastrtps_c;rosidl_typesupport_introspection_c
[0.309s] -- Using all available rosidl_typesupport_cpp: rosidl_typesupport_fastrtps_cpp;rosidl_typesupport_introspection_cpp
[0.341s] -- Found rmw_implementation_cmake: 6.1.2 (/opt/ros/humble/share/rmw_implementation_cmake/cmake)
[0.343s] -- Found rmw_fastrtps_cpp: 6.2.7 (/opt/ros/humble/share/rmw_fastrtps_cpp/cmake)
[0.468s] -- Using RMW implementation 'rmw_fastrtps_cpp' as default
[0.520s] -- Found sensor_msgs: 4.8.0 (/opt/ros/humble/share/sensor_msgs/cmake)
[0.553s] -- Looking for ignition-gazebo6 -- found version 6.17.0
[0.557s] -- Searching for dependencies of ignition-gazebo6
[0.557s] -- Looking for sdformat12 -- found version 12.8.0
[0.557s] -- Searching for dependencies of sdformat12
[0.563s] -- Checking for module 'tinyxml2'
[0.577s] --   Found tinyxml2, version 9.0.0
[0.606s] -- Looking for ignition-math6 -- found version 6.15.1
[0.606s] -- Searching for dependencies of ignition-math6
[0.607s] -- Looking for ignition-utils1 -- found version 1.5.1
[0.607s] -- Searching for dependencies of ignition-utils1
[0.609s] -- Looking for ignition-plugin1 -- found version 1.4.0
[0.609s] -- Searching for dependencies of ignition-plugin1
[0.609s] -- Searching for <ignition-plugin1> component [loader]
[0.609s] -- Looking for ignition-plugin1-loader -- found version 1.4.0
[0.610s] -- Searching for dependencies of ignition-plugin1-loader
[0.610s] -- Searching for <ignition-plugin1> component [register]
[0.611s] -- Looking for ignition-plugin1-register -- found version 1.4.0
[0.611s] -- Searching for dependencies of ignition-plugin1-register
[0.612s] -- Looking for ignition-transport11 -- found version 11.4.1
[0.612s] -- Searching for dependencies of ignition-transport11
[0.650s] -- Config-file not installed for ZeroMQ -- checking for pkg-config
[0.655s] -- Checking for module 'libzmq >= 4'
[0.669s] --   Found libzmq, version 4.3.4
[0.708s] -- Checking for module 'uuid'
[0.722s] --   Found uuid, version 2.37.2
[0.752s] -- Looking for ignition-utils1 -- found version 1.5.1
[0.753s] -- Searching for dependencies of ignition-utils1
[0.753s] -- Searching for <ignition-utils1> component [cli]
[0.753s] -- Looking for ignition-utils1-cli -- found version 1.5.1
[0.753s] -- Searching for dependencies of ignition-utils1-cli
[0.754s] -- Looking for ignition-msgs8 -- found version 8.7.0
[0.754s] -- Searching for dependencies of ignition-msgs8
[0.777s] -- Found Protobuf: /usr/lib/x86_64-linux-gnu/libprotobuf.so (found suitable version "3.12.4", minimum required is "3")
[0.777s] -- Looking for ignition-math6 -- found version 6.15.1
[0.787s] -- Searching for <ignition-transport11> component [log]
[0.787s] -- Looking for ignition-transport11-log -- found version 11.4.1
[0.787s] -- Searching for dependencies of ignition-transport11-log
[0.788s] -- Searching for <ignition-transport11> component [parameters]
[0.788s] -- Looking for ignition-transport11-parameters -- found version 11.4.1
[0.788s] -- Searching for dependencies of ignition-transport11-parameters
[0.789s] -- Looking for ignition-msgs8 -- found version 8.7.0
[0.790s] -- Looking for ignition-common4 -- found version 4.7.0
[0.790s] -- Searching for dependencies of ignition-common4
[0.790s] -- Looking for dlfcn.h - found
[0.790s] -- Looking for libdl - found
[0.801s] -- Searching for <ignition-common4> component [profiler]
[0.802s] -- Looking for ignition-common4-profiler -- found version 4.7.0
[0.802s] -- Searching for dependencies of ignition-common4-profiler
[0.802s] -- Searching for <ignition-common4> component [events]
[0.803s] -- Looking for ignition-common4-events -- found version 4.7.0
[0.803s] -- Searching for dependencies of ignition-common4-events
[0.803s] -- Looking for ignition-math6 -- found version 6.15.1
[0.804s] -- Searching for <ignition-common4> component [av]
[0.804s] -- Looking for ignition-common4-av -- found version 4.7.0
[0.804s] -- Searching for dependencies of ignition-common4-av
[0.809s] -- Checking for module 'libswscale'
[0.823s] --   Found libswscale, version 5.9.100
[0.859s] -- Checking for module 'libavdevice >= 56.4.100'
[0.873s] --   Found libavdevice, version 58.13.100
[0.912s] -- Checking for module 'libavformat'
[0.926s] --   Found libavformat, version 58.76.100
[0.964s] -- Checking for module 'libavcodec'
[0.979s] --   Found libavcodec, version 58.134.100
[1.015s] -- Checking for module 'libavutil'
[1.029s] --   Found libavutil, version 56.70.100
[1.061s] -- Looking for ignition-fuel_tools7 -- found version 7.3.1
[1.061s] -- Searching for dependencies of ignition-fuel_tools7
[1.101s] [0mCMake Deprecation Warning at /usr/lib/x86_64-linux-gnu/cmake/jsoncpp/jsoncppConfig.cmake:2 (cmake_policy):
[1.101s]   Compatibility with CMake < 3.10 will be removed from a future version of
[1.101s]   CMake.
[1.101s] 
[1.101s]   Update the VERSION argument <min> value.  Or, use the <min>...<max> syntax
[1.101s]   to tell CMake that the project requires at least <min> but has been updated
[1.101s]   to work with policies introduced by <max> or earlier.
[1.102s] Call Stack (most recent call first):
[1.102s]   /usr/share/cmake/ignition-cmake2/cmake2/FindJSONCPP.cmake:34 (find_package)
[1.102s]   /home/nam/ignition_fortress_ws/install/lib/cmake/ignition-fuel_tools7/ignition-fuel_tools7-config.cmake:94 (find_package)
[1.102s]   /usr/lib/x86_64-linux-gnu/cmake/ignition-gazebo6/ignition-gazebo6-config.cmake:97 (find_package)
[1.102s]   CMakeLists.txt:8 (find_package)
[1.102s] 
[1.102s] [0m
[1.106s] -- Checking for module 'jsoncpp'
[1.120s] --   Found jsoncpp, version 1.9.5
[1.157s] -- Checking for module 'libzip'
[1.171s] --   Found libzip, version 1.7.3
[1.202s] -- Looking for ignition-common4 -- found version 4.7.0
[1.202s] -- Looking for ignition-math6 -- found version 6.15.1
[1.203s] -- Looking for ignition-msgs8 -- found version 8.7.0
[1.204s] -- Looking for ignition-gui6 -- found version 6.8.0
[1.204s] -- Searching for dependencies of ignition-gui6
[1.235s] -- Looking for ignition-math6 -- found version 6.15.1
[1.236s] -- Looking for ignition-common4 -- found version 4.7.0
[1.236s] -- Looking for ignition-plugin1 -- found version 1.4.0
[1.236s] -- Looking for ignition-transport11 -- found version 11.4.1
[1.237s] -- Looking for ignition-rendering6 -- found version 6.6.3
[1.237s] -- Searching for dependencies of ignition-rendering6
[1.237s] -- Looking for ignition-math6 -- found version 6.15.1
[1.237s] -- Searching for dependencies of ignition-math6
[1.237s] -- Searching for <ignition-math6> component [eigen3]
[1.238s] -- Looking for ignition-math6-eigen3 -- found version 6.15.1
[1.238s] -- Searching for dependencies of ignition-math6-eigen3
[1.239s] -- Looking for ignition-common4 -- found version 4.7.0
[1.239s] -- Searching for dependencies of ignition-common4
[1.240s] -- Looking for dlfcn.h - found
[1.240s] -- Looking for libdl - found
[1.249s] -- Searching for <ignition-common4> component [graphics]
[1.250s] -- Looking for ignition-common4-graphics -- found version 4.7.0
[1.250s] -- Searching for dependencies of ignition-common4-graphics
[1.250s] -- Looking for ignition-math6 -- found version 6.15.1
[1.250s] -- Looking for ignition-utils1 -- found version 1.5.1
[1.251s] -- Searching for <ignition-common4> component [events]
[1.251s] -- Looking for ignition-plugin1 -- found version 1.4.0
[1.251s] -- Searching for dependencies of ignition-plugin1
[1.251s] -- Searching for <ignition-plugin1> component [all]
[1.252s] -- Looking for all libraries of ignition-plugin1 -- found version 1.4.0
[1.252s] -- Looking for ignition-plugin1 -- found version 1.4.0
[1.253s] -- Looking for ignition-msgs8 -- found version 8.7.0
[1.268s] -- Looking for ignition-physics5 -- found version 5.3.2
[1.268s] -- Searching for dependencies of ignition-physics5
[1.268s] -- Looking for ignition-math6 -- found version 6.15.1
[1.268s] -- Looking for ignition-plugin1 -- found version 1.4.0
[1.269s] -- Looking for ignition-utils1 -- found version 1.5.1
[1.269s] -- Searching for <ignition-physics5> component [heightmap]
[1.270s] -- Looking for ignition-physics5-heightmap -- found version 5.3.2
[1.270s] -- Searching for dependencies of ignition-physics5-heightmap
[1.270s] -- Looking for ignition-common4 -- found version 4.7.0
[1.271s] -- Searching for <ignition-physics5> component [mesh]
[1.271s] -- Looking for ignition-physics5-mesh -- found version 5.3.2
[1.271s] -- Searching for dependencies of ignition-physics5-mesh
[1.271s] -- Looking for ignition-common4 -- found version 4.7.0
[1.272s] -- Searching for <ignition-physics5> component [sdf]
[1.272s] -- Looking for ignition-physics5-sdf -- found version 5.3.2
[1.272s] -- Searching for dependencies of ignition-physics5-sdf
[1.273s] -- Looking for sdformat12 -- found version 12.8.0
[1.273s] -- Looking for ignition-sensors6 -- found version 6.8.1
[1.273s] -- Searching for dependencies of ignition-sensors6
[1.296s] -- Found Protobuf: /usr/lib/x86_64-linux-gnu/libprotobuf.so (found version "3.12.4")
[1.297s] -- Looking for ignition-math6 -- found version 6.15.1
[1.297s] -- Looking for ignition-common4 -- found version 4.7.0
[1.298s] -- Looking for ignition-transport11 -- found version 11.4.1
[1.298s] -- Looking for ignition-rendering6 -- found version 6.6.3
[1.298s] -- Looking for ignition-msgs8 -- found version 8.7.0
[1.299s] -- Looking for sdformat12 -- found version 12.8.0
[1.299s] -- Searching for <ignition-sensors6> component [air_pressure]
[1.300s] -- Looking for ignition-sensors6-air_pressure -- found version 6.8.1
[1.300s] -- Searching for dependencies of ignition-sensors6-air_pressure
[1.300s] -- Searching for <ignition-sensors6> component [altimeter]
[1.301s] -- Looking for ignition-sensors6-altimeter -- found version 6.8.1
[1.301s] -- Searching for dependencies of ignition-sensors6-altimeter
[1.301s] -- Searching for <ignition-sensors6> component [imu]
[1.302s] -- Looking for ignition-sensors6-imu -- found version 6.8.1
[1.302s] -- Searching for dependencies of ignition-sensors6-imu
[1.302s] -- Searching for <ignition-sensors6> component [force_torque]
[1.303s] -- Looking for ignition-sensors6-force_torque -- found version 6.8.1
[1.303s] -- Searching for dependencies of ignition-sensors6-force_torque
[1.303s] -- Searching for <ignition-sensors6> component [logical_camera]
[1.304s] -- Looking for ignition-sensors6-logical_camera -- found version 6.8.1
[1.304s] -- Searching for dependencies of ignition-sensors6-logical_camera
[1.304s] -- Searching for <ignition-sensors6> component [magnetometer]
[1.304s] -- Looking for ignition-sensors6-magnetometer -- found version 6.8.1
[1.305s] -- Searching for dependencies of ignition-sensors6-magnetometer
[1.305s] -- Searching for <ignition-sensors6> component [navsat]
[1.305s] -- Looking for ignition-sensors6-navsat -- found version 6.8.1
[1.306s] -- Searching for dependencies of ignition-sensors6-navsat
[1.306s] -- Searching for <ignition-sensors6> component [rendering]
[1.306s] -- Looking for ignition-sensors6-rendering -- found version 6.8.1
[1.307s] -- Searching for dependencies of ignition-sensors6-rendering
[1.307s] -- Searching for <ignition-sensors6> component [lidar]
[1.307s] -- Looking for ignition-sensors6-lidar -- found version 6.8.1
[1.307s] -- Searching for dependencies of ignition-sensors6-lidar
[1.308s] -- Looking for ignition-sensors6 -- found version 6.8.1
[1.308s] -- Searching for <ignition-sensors6> component [gpu_lidar]
[1.309s] -- Looking for ignition-sensors6-gpu_lidar -- found version 6.8.1
[1.309s] -- Searching for dependencies of ignition-sensors6-gpu_lidar
[1.309s] -- Looking for ignition-sensors6 -- found version 6.8.1
[1.310s] -- Searching for <ignition-sensors6> component [camera]
[1.310s] -- Looking for ignition-sensors6-camera -- found version 6.8.1
[1.310s] -- Searching for dependencies of ignition-sensors6-camera
[1.311s] -- Looking for ignition-sensors6 -- found version 6.8.1
[1.311s] -- Searching for <ignition-sensors6> component [boundingbox_camera]
[1.312s] -- Looking for ignition-sensors6-boundingbox_camera -- found version 6.8.1
[1.312s] -- Searching for dependencies of ignition-sensors6-boundingbox_camera
[1.312s] -- Searching for <ignition-sensors6> component [segmentation_camera]
[1.313s] -- Looking for ignition-sensors6-segmentation_camera -- found version 6.8.1
[1.313s] -- Searching for dependencies of ignition-sensors6-segmentation_camera
[1.313s] -- Searching for <ignition-sensors6> component [depth_camera]
[1.314s] -- Looking for ignition-sensors6-depth_camera -- found version 6.8.1
[1.314s] -- Searching for dependencies of ignition-sensors6-depth_camera
[1.314s] -- Looking for ignition-sensors6 -- found version 6.8.1
[1.315s] -- Searching for <ignition-sensors6> component [rgbd_camera]
[1.315s] -- Looking for ignition-sensors6-rgbd_camera -- found version 6.8.1
[1.315s] -- Searching for dependencies of ignition-sensors6-rgbd_camera
[1.315s] -- Looking for ignition-sensors6 -- found version 6.8.1
[1.316s] -- Searching for <ignition-sensors6> component [thermal_camera]
[1.316s] -- Looking for ignition-sensors6-thermal_camera -- found version 6.8.1
[1.316s] -- Searching for dependencies of ignition-sensors6-thermal_camera
[1.317s] -- Looking for ignition-sensors6 -- found version 6.8.1
[1.318s] -- Looking for ignition-rendering6 -- found version 6.6.3
[1.318s] -- Looking for ignition-math6 -- found version 6.15.1
[1.319s] -- Looking for ignition-utils1 -- found version 1.5.1
[1.397s] -- Configuring done (1.3s)
[1.413s] -- Generating done (0.0s)
[1.416s] -- Build files have been written to: /home/nam/Lekiwi_ws/build/lekiwi_servo_control
[1.426s] Invoked command in '/home/nam/Lekiwi_ws/build/lekiwi_servo_control' returned '0': CMAKE_PREFIX_PATH=${CMAKE_PREFIX_PATH}:/home/nam/Lekiwi_ws/install/omni_teleop:/home/nam/turtlebot3_ws/install/turtlebot3_teleop:/home/nam/turtlebot3_ws/install/turtlebot3_example:/opt/ros/humble /home/nam/.local/bin/cmake /home/nam/Lekiwi_ws/src/lekiwi_servo_control -DCMAKE_INSTALL_PREFIX=/home/nam/Lekiwi_ws/install/lekiwi_servo_control
[1.428s] Invoking command in '/home/nam/Lekiwi_ws/build/lekiwi_servo_control': CMAKE_PREFIX_PATH=${CMAKE_PREFIX_PATH}:/home/nam/Lekiwi_ws/install/omni_teleop:/home/nam/turtlebot3_ws/install/turtlebot3_teleop:/home/nam/turtlebot3_ws/install/turtlebot3_example:/opt/ros/humble /home/nam/.local/bin/cmake --build /home/nam/Lekiwi_ws/build/lekiwi_servo_control -- -j12 -l12
[1.506s] -- Found ament_cmake: 1.3.11 (/opt/ros/humble/share/ament_cmake/cmake)
[1.675s] -- Found rclcpp: 16.0.12 (/opt/ros/humble/share/rclcpp/cmake)
[1.703s] -- Found rosidl_generator_c: 3.1.6 (/opt/ros/humble/share/rosidl_generator_c/cmake)
[1.705s] -- Found rosidl_adapter: 3.1.6 (/opt/ros/humble/share/rosidl_adapter/cmake)
[1.710s] -- Found rosidl_generator_cpp: 3.1.6 (/opt/ros/humble/share/rosidl_generator_cpp/cmake)
[1.720s] -- Using all available rosidl_typesupport_c: rosidl_typesupport_fastrtps_c;rosidl_typesupport_introspection_c
[1.732s] -- Using all available rosidl_typesupport_cpp: rosidl_typesupport_fastrtps_cpp;rosidl_typesupport_introspection_cpp
[1.765s] -- Found rmw_implementation_cmake: 6.1.2 (/opt/ros/humble/share/rmw_implementation_cmake/cmake)
[1.767s] -- Found rmw_fastrtps_cpp: 6.2.7 (/opt/ros/humble/share/rmw_fastrtps_cpp/cmake)
[1.892s] -- Using RMW implementation 'rmw_fastrtps_cpp' as default
[1.945s] -- Found sensor_msgs: 4.8.0 (/opt/ros/humble/share/sensor_msgs/cmake)
[1.978s] -- Looking for ignition-gazebo6 -- found version 6.17.0
[1.982s] -- Searching for dependencies of ignition-gazebo6
[1.982s] -- Looking for sdformat12 -- found version 12.8.0
[1.982s] -- Searching for dependencies of sdformat12
[1.987s] -- Checking for module 'tinyxml2'
[2.001s] --   Found tinyxml2, version 9.0.0
[2.031s] -- Looking for ignition-math6 -- found version 6.15.1
[2.032s] -- Searching for dependencies of ignition-math6
[2.032s] -- Looking for ignition-utils1 -- found version 1.5.1
[2.032s] -- Searching for dependencies of ignition-utils1
[2.034s] -- Looking for ignition-plugin1 -- found version 1.4.0
[2.034s] -- Searching for dependencies of ignition-plugin1
[2.034s] -- Searching for <ignition-plugin1> component [loader]
[2.034s] -- Looking for ignition-plugin1-loader -- found version 1.4.0
[2.035s] -- Searching for dependencies of ignition-plugin1-loader
[2.035s] -- Searching for <ignition-plugin1> component [register]
[2.036s] -- Looking for ignition-plugin1-register -- found version 1.4.0
[2.036s] -- Searching for dependencies of ignition-plugin1-register
[2.037s] -- Looking for ignition-transport11 -- found version 11.4.1
[2.037s] -- Searching for dependencies of ignition-transport11
[2.075s] -- Config-file not installed for ZeroMQ -- checking for pkg-config
[2.079s] -- Checking for module 'libzmq >= 4'
[2.093s] --   Found libzmq, version 4.3.4
[2.132s] -- Checking for module 'uuid'
[2.145s] --   Found uuid, version 2.37.2
[2.176s] -- Looking for ignition-utils1 -- found version 1.5.1
[2.176s] -- Searching for dependencies of ignition-utils1
[2.177s] -- Searching for <ignition-utils1> component [cli]
[2.177s] -- Looking for ignition-utils1-cli -- found version 1.5.1
[2.177s] -- Searching for dependencies of ignition-utils1-cli
[2.178s] -- Looking for ignition-msgs8 -- found version 8.7.0
[2.178s] -- Searching for dependencies of ignition-msgs8
[2.200s] -- Found Protobuf: /usr/lib/x86_64-linux-gnu/libprotobuf.so (found suitable version "3.12.4", minimum required is "3")
[2.201s] -- Looking for ignition-math6 -- found version 6.15.1
[2.211s] -- Searching for <ignition-transport11> component [log]
[2.211s] -- Looking for ignition-transport11-log -- found version 11.4.1
[2.211s] -- Searching for dependencies of ignition-transport11-log
[2.212s] -- Searching for <ignition-transport11> component [parameters]
[2.212s] -- Looking for ignition-transport11-parameters -- found version 11.4.1
[2.212s] -- Searching for dependencies of ignition-transport11-parameters
[2.213s] -- Looking for ignition-msgs8 -- found version 8.7.0
[2.213s] -- Looking for ignition-common4 -- found version 4.7.0
[2.213s] -- Searching for dependencies of ignition-common4
[2.213s] -- Looking for dlfcn.h - found
[2.213s] -- Looking for libdl - found
[2.223s] -- Searching for <ignition-common4> component [profiler]
[2.224s] -- Looking for ignition-common4-profiler -- found version 4.7.0
[2.224s] -- Searching for dependencies of ignition-common4-profiler
[2.224s] -- Searching for <ignition-common4> component [events]
[2.225s] -- Looking for ignition-common4-events -- found version 4.7.0
[2.225s] -- Searching for dependencies of ignition-common4-events
[2.225s] -- Looking for ignition-math6 -- found version 6.15.1
[2.225s] -- Searching for <ignition-common4> component [av]
[2.226s] -- Looking for ignition-common4-av -- found version 4.7.0
[2.226s] -- Searching for dependencies of ignition-common4-av
[2.231s] -- Checking for module 'libswscale'
[2.244s] --   Found libswscale, version 5.9.100
[2.281s] -- Checking for module 'libavdevice >= 56.4.100'
[2.295s] --   Found libavdevice, version 58.13.100
[2.335s] -- Checking for module 'libavformat'
[2.348s] --   Found libavformat, version 58.76.100
[2.386s] -- Checking for module 'libavcodec'
[2.400s] --   Found libavcodec, version 58.134.100
[2.437s] -- Checking for module 'libavutil'
[2.451s] --   Found libavutil, version 56.70.100
[2.482s] -- Looking for ignition-fuel_tools7 -- found version 7.3.1
[2.483s] -- Searching for dependencies of ignition-fuel_tools7
[2.523s] [0mCMake Deprecation Warning at /usr/lib/x86_64-linux-gnu/cmake/jsoncpp/jsoncppConfig.cmake:2 (cmake_policy):
[2.524s]   Compatibility with CMake < 3.10 will be removed from a future version of
[2.524s]   CMake.
[2.524s] 
[2.524s]   Update the VERSION argument <min> value.  Or, use the <min>...<max> syntax
[2.524s]   to tell CMake that the project requires at least <min> but has been updated
[2.524s]   to work with policies introduced by <max> or earlier.
[2.524s] Call Stack (most recent call first):
[2.524s]   /usr/share/cmake/ignition-cmake2/cmake2/FindJSONCPP.cmake:34 (find_package)
[2.524s]   /home/nam/ignition_fortress_ws/install/lib/cmake/ignition-fuel_tools7/ignition-fuel_tools7-config.cmake:94 (find_package)
[2.524s]   /usr/lib/x86_64-linux-gnu/cmake/ignition-gazebo6/ignition-gazebo6-config.cmake:97 (find_package)
[2.524s]   CMakeLists.txt:8 (find_package)
[2.524s] 
[2.524s] [0m
[2.529s] -- Checking for module 'jsoncpp'
[2.543s] --   Found jsoncpp, version 1.9.5
[2.580s] -- Checking for module 'libzip'
[2.594s] --   Found libzip, version 1.7.3
[2.625s] -- Looking for ignition-common4 -- found version 4.7.0
[2.626s] -- Looking for ignition-math6 -- found version 6.15.1
[2.626s] -- Looking for ignition-msgs8 -- found version 8.7.0
[2.627s] -- Looking for ignition-gui6 -- found version 6.8.0
[2.627s] -- Searching for dependencies of ignition-gui6
[2.659s] -- Looking for ignition-math6 -- found version 6.15.1
[2.659s] -- Looking for ignition-common4 -- found version 4.7.0
[2.660s] -- Looking for ignition-plugin1 -- found version 1.4.0
[2.660s] -- Looking for ignition-transport11 -- found version 11.4.1
[2.660s] -- Looking for ignition-rendering6 -- found version 6.6.3
[2.660s] -- Searching for dependencies of ignition-rendering6
[2.661s] -- Looking for ignition-math6 -- found version 6.15.1
[2.661s] -- Searching for dependencies of ignition-math6
[2.661s] -- Searching for <ignition-math6> component [eigen3]
[2.661s] -- Looking for ignition-math6-eigen3 -- found version 6.15.1
[2.661s] -- Searching for dependencies of ignition-math6-eigen3
[2.663s] -- Looking for ignition-common4 -- found version 4.7.0
[2.663s] -- Searching for dependencies of ignition-common4
[2.663s] -- Looking for dlfcn.h - found
[2.663s] -- Looking for libdl - found
[2.673s] -- Searching for <ignition-common4> component [graphics]
[2.673s] -- Looking for ignition-common4-graphics -- found version 4.7.0
[2.673s] -- Searching for dependencies of ignition-common4-graphics
[2.674s] -- Looking for ignition-math6 -- found version 6.15.1
[2.674s] -- Looking for ignition-utils1 -- found version 1.5.1
[2.674s] -- Searching for <ignition-common4> component [events]
[2.675s] -- Looking for ignition-plugin1 -- found version 1.4.0
[2.675s] -- Searching for dependencies of ignition-plugin1
[2.675s] -- Searching for <ignition-plugin1> component [all]
[2.675s] -- Looking for all libraries of ignition-plugin1 -- found version 1.4.0
[2.676s] -- Looking for ignition-plugin1 -- found version 1.4.0
[2.677s] -- Looking for ignition-msgs8 -- found version 8.7.0
[2.691s] -- Looking for ignition-physics5 -- found version 5.3.2
[2.691s] -- Searching for dependencies of ignition-physics5
[2.691s] -- Looking for ignition-math6 -- found version 6.15.1
[2.692s] -- Looking for ignition-plugin1 -- found version 1.4.0
[2.692s] -- Looking for ignition-utils1 -- found version 1.5.1
[2.693s] -- Searching for <ignition-physics5> component [heightmap]
[2.693s] -- Looking for ignition-physics5-heightmap -- found version 5.3.2
[2.693s] -- Searching for dependencies of ignition-physics5-heightmap
[2.694s] -- Looking for ignition-common4 -- found version 4.7.0
[2.694s] -- Searching for <ignition-physics5> component [mesh]
[2.694s] -- Looking for ignition-physics5-mesh -- found version 5.3.2
[2.695s] -- Searching for dependencies of ignition-physics5-mesh
[2.695s] -- Looking for ignition-common4 -- found version 4.7.0
[2.695s] -- Searching for <ignition-physics5> component [sdf]
[2.696s] -- Looking for ignition-physics5-sdf -- found version 5.3.2
[2.696s] -- Searching for dependencies of ignition-physics5-sdf
[2.696s] -- Looking for sdformat12 -- found version 12.8.0
[2.697s] -- Looking for ignition-sensors6 -- found version 6.8.1
[2.697s] -- Searching for dependencies of ignition-sensors6
[2.719s] -- Found Protobuf: /usr/lib/x86_64-linux-gnu/libprotobuf.so (found version "3.12.4")
[2.720s] -- Looking for ignition-math6 -- found version 6.15.1
[2.721s] -- Looking for ignition-common4 -- found version 4.7.0
[2.721s] -- Looking for ignition-transport11 -- found version 11.4.1
[2.721s] -- Looking for ignition-rendering6 -- found version 6.6.3
[2.722s] -- Looking for ignition-msgs8 -- found version 8.7.0
[2.722s] -- Looking for sdformat12 -- found version 12.8.0
[2.723s] -- Searching for <ignition-sensors6> component [air_pressure]
[2.723s] -- Looking for ignition-sensors6-air_pressure -- found version 6.8.1
[2.723s] -- Searching for dependencies of ignition-sensors6-air_pressure
[2.723s] -- Searching for <ignition-sensors6> component [altimeter]
[2.724s] -- Looking for ignition-sensors6-altimeter -- found version 6.8.1
[2.724s] -- Searching for dependencies of ignition-sensors6-altimeter
[2.724s] -- Searching for <ignition-sensors6> component [imu]
[2.725s] -- Looking for ignition-sensors6-imu -- found version 6.8.1
[2.725s] -- Searching for dependencies of ignition-sensors6-imu
[2.725s] -- Searching for <ignition-sensors6> component [force_torque]
[2.726s] -- Looking for ignition-sensors6-force_torque -- found version 6.8.1
[2.726s] -- Searching for dependencies of ignition-sensors6-force_torque
[2.726s] -- Searching for <ignition-sensors6> component [logical_camera]
[2.727s] -- Looking for ignition-sensors6-logical_camera -- found version 6.8.1
[2.727s] -- Searching for dependencies of ignition-sensors6-logical_camera
[2.727s] -- Searching for <ignition-sensors6> component [magnetometer]
[2.728s] -- Looking for ignition-sensors6-magnetometer -- found version 6.8.1
[2.728s] -- Searching for dependencies of ignition-sensors6-magnetometer
[2.728s] -- Searching for <ignition-sensors6> component [navsat]
[2.728s] -- Looking for ignition-sensors6-navsat -- found version 6.8.1
[2.729s] -- Searching for dependencies of ignition-sensors6-navsat
[2.729s] -- Searching for <ignition-sensors6> component [rendering]
[2.730s] -- Looking for ignition-sensors6-rendering -- found version 6.8.1
[2.730s] -- Searching for dependencies of ignition-sensors6-rendering
[2.730s] -- Searching for <ignition-sensors6> component [lidar]
[2.730s] -- Looking for ignition-sensors6-lidar -- found version 6.8.1
[2.731s] -- Searching for dependencies of ignition-sensors6-lidar
[2.731s] -- Looking for ignition-sensors6 -- found version 6.8.1
[2.731s] -- Searching for <ignition-sensors6> component [gpu_lidar]
[2.732s] -- Looking for ignition-sensors6-gpu_lidar -- found version 6.8.1
[2.732s] -- Searching for dependencies of ignition-sensors6-gpu_lidar
[2.732s] -- Looking for ignition-sensors6 -- found version 6.8.1
[2.733s] -- Searching for <ignition-sensors6> component [camera]
[2.733s] -- Looking for ignition-sensors6-camera -- found version 6.8.1
[2.733s] -- Searching for dependencies of ignition-sensors6-camera
[2.734s] -- Looking for ignition-sensors6 -- found version 6.8.1
[2.734s] -- Searching for <ignition-sensors6> component [boundingbox_camera]
[2.734s] -- Looking for ignition-sensors6-boundingbox_camera -- found version 6.8.1
[2.735s] -- Searching for dependencies of ignition-sensors6-boundingbox_camera
[2.735s] -- Searching for <ignition-sensors6> component [segmentation_camera]
[2.735s] -- Looking for ignition-sensors6-segmentation_camera -- found version 6.8.1
[2.736s] -- Searching for dependencies of ignition-sensors6-segmentation_camera
[2.736s] -- Searching for <ignition-sensors6> component [depth_camera]
[2.736s] -- Looking for ignition-sensors6-depth_camera -- found version 6.8.1
[2.737s] -- Searching for dependencies of ignition-sensors6-depth_camera
[2.737s] -- Looking for ignition-sensors6 -- found version 6.8.1
[2.737s] -- Searching for <ignition-sensors6> component [rgbd_camera]
[2.738s] -- Looking for ignition-sensors6-rgbd_camera -- found version 6.8.1
[2.738s] -- Searching for dependencies of ignition-sensors6-rgbd_camera
[2.738s] -- Looking for ignition-sensors6 -- found version 6.8.1
[2.739s] -- Searching for <ignition-sensors6> component [thermal_camera]
[2.739s] -- Looking for ignition-sensors6-thermal_camera -- found version 6.8.1
[2.739s] -- Searching for dependencies of ignition-sensors6-thermal_camera
[2.739s] -- Looking for ignition-sensors6 -- found version 6.8.1
[2.740s] -- Looking for ignition-rendering6 -- found version 6.6.3
[2.741s] -- Looking for ignition-math6 -- found version 6.15.1
[2.741s] -- Looking for ignition-utils1 -- found version 1.5.1
[2.819s] -- Configuring done (1.3s)
[2.836s] -- Generating done (0.0s)
[2.838s] -- Build files have been written to: /home/nam/Lekiwi_ws/build/lekiwi_servo_control
[2.858s] gmake[2]: Warning: File '/home/nam/ignition_fortress_ws/install/lib/libignition-fuel_tools7.so.7.3.1' has modification time 347313 s in the future
[2.861s] [ 50%] [32mBuilding CXX object CMakeFiles/lekiwi_servo_control.dir/src/lekiwi_servo_control.cpp.o[0m
[7.159s] [01m[K/home/nam/Lekiwi_ws/src/lekiwi_servo_control/src/lekiwi_servo_control.cpp:21:1:[m[K [01;31m[Kerror: [m[Kexpected class-name before ‘[01m[K{[m[K’ token
[7.160s]    21 | [01;31m[K{[m[K
[7.160s]       | [01;31m[K^[m[K
[7.195s] [01m[K/home/nam/Lekiwi_ws/src/lekiwi_servo_control/src/lekiwi_servo_control.cpp:25:8:[m[K [01;31m[Kerror: [m[K‘[01m[Kvoid ignition::gazebo::LekiwiServoControlPlugin::Load(const Entity&, std::shared_ptr<const sdf::v12::Element>, ignition::gazebo::v6::EntityComponentManager&, ignition::gazebo::v6::EventManager&)[m[K’ marked ‘[01m[Koverride[m[K’, but does not override
[7.196s]    25 |   void [01;31m[KLoad[m[K(const Entity &_entity, std::shared_ptr<const sdf::Element> _sdf,
[7.196s]       |        [01;31m[K^~~~[m[K
[7.196s] [01m[K/home/nam/Lekiwi_ws/src/lekiwi_servo_control/src/lekiwi_servo_control.cpp:83:8:[m[K [01;31m[Kerror: [m[K‘[01m[Kvoid ignition::gazebo::LekiwiServoControlPlugin::Update(const ignition::gazebo::v6::UpdateInfo&, ignition::gazebo::v6::EntityComponentManager&)[m[K’ marked ‘[01m[Koverride[m[K’, but does not override
[7.196s]    83 |   void [01;31m[KUpdate[m[K(const UpdateInfo &_info, EntityComponentManager &_ecm) override
[7.196s]       |        [01;31m[K^~~~~~[m[K
[7.199s] [01m[K/home/nam/Lekiwi_ws/src/lekiwi_servo_control/src/lekiwi_servo_control.cpp:[m[K In member function ‘[01m[Kvoid ignition::gazebo::LekiwiServoControlPlugin::Load(const Entity&, std::shared_ptr<const sdf::v12::Element>, ignition::gazebo::v6::EntityComponentManager&, ignition::gazebo::v6::EventManager&)[m[K’:
[7.199s] [01m[K/home/nam/Lekiwi_ws/src/lekiwi_servo_control/src/lekiwi_servo_control.cpp:45:52:[m[K [01;31m[Kerror: [m[Kpassing ‘[01m[Kstd::__shared_ptr_access<const sdf::v12::Element, __gnu_cxx::_S_atomic, false, false>::element_type[m[K’ {aka ‘[01m[Kconst sdf::v12::Element[m[K’} as ‘[01m[Kthis[m[K’ argument discards qualifiers [[01;31m[K]8;;https://gcc.gnu.org/onlinedocs/gcc/Warning-Options.html#index-fpermissive-fpermissive]8;;[m[K]
[7.199s]    45 |       sdf::ElementPtr joint_elem = [01;31m[K_sdf->GetElement("joints")[m[K->GetElement("joint");
[7.199s]       |                                    [01;31m[K~~~~~~~~~~~~~~~~^~~~~~~~~~[m[K
[7.199s] In file included from [01m[K/usr/include/ignition/gazebo6/gz/sim/System.hh:30[m[K,
[7.200s]                  from [01m[K/usr/include/ignition/gazebo6/ignition/gazebo/System.hh:18[m[K,
[7.200s]                  from [01m[K/home/nam/Lekiwi_ws/src/lekiwi_servo_control/src/lekiwi_servo_control.cpp:1[m[K:
[7.200s] [01m[K/usr/include/ignition/sdformat12/sdf/Element.hh:432:24:[m[K [01;36m[Knote: [m[K  in call to ‘[01m[Ksdf::v12::ElementPtr sdf::v12::Element::GetElement(const string&)[m[K’
[7.200s]   432 |     public: ElementPtr [01;36m[KGetElement[m[K(const std::string &_name);
[7.200s]       |                        [01;36m[K^~~~~~~~~~[m[K
[7.656s] [01m[K/home/nam/Lekiwi_ws/src/lekiwi_servo_control/src/lekiwi_servo_control.cpp:[m[K In member function ‘[01m[Kvoid ignition::gazebo::LekiwiServoControlPlugin::Update(const ignition::gazebo::v6::UpdateInfo&, ignition::gazebo::v6::EntityComponentManager&)[m[K’:
[7.656s] [01m[K/home/nam/Lekiwi_ws/src/lekiwi_servo_control/src/lekiwi_servo_control.cpp:106:39:[m[K [01;31m[Kerror: [m[Kno matching function for call to ‘[01m[Kignition::math::v6::PID::Update(double&, double&)[m[K’
[7.656s]   106 |       double cmd_vel = [01;31m[Kpids_[i].Update(error, dt)[m[K;
[7.656s]       |                        [01;31m[K~~~~~~~~~~~~~~~^~~~~~~~~~~[m[K
[7.656s] In file included from [01m[K/usr/include/ignition/math6/gz/math.hh:54[m[K,
[7.656s]                  from [01m[K/usr/include/ignition/sdformat12/sdf/Param.hh:36[m[K,
[7.656s]                  from [01m[K/usr/include/ignition/sdformat12/sdf/Element.hh:28[m[K,
[7.656s]                  from [01m[K/usr/include/ignition/gazebo6/gz/sim/System.hh:30[m[K,
[7.656s]                  from [01m[K/usr/include/ignition/gazebo6/ignition/gazebo/System.hh:18[m[K,
[7.656s]                  from [01m[K/home/nam/Lekiwi_ws/src/lekiwi_servo_control/src/lekiwi_servo_control.cpp:1[m[K:
[7.656s] [01m[K/usr/include/ignition/math6/gz/math/PID.hh:171:22:[m[K [01;36m[Knote: [m[Kcandidate: ‘[01m[Kdouble ignition::math::v6::PID::Update(double, double, const std::chrono::duration<double>&)[m[K’
[7.656s]   171 |       public: double [01;36m[KUpdate[m[K(const double _error,
[7.657s]       |                      [01;36m[K^~~~~~[m[K
[7.657s] [01m[K/usr/include/ignition/math6/gz/math/PID.hh:171:22:[m[K [01;36m[Knote: [m[K  candidate expects 3 arguments, 2 provided
[7.657s] [01m[K/usr/include/ignition/math6/gz/math/PID.hh:182:22:[m[K [01;36m[Knote: [m[Kcandidate: ‘[01m[Kdouble ignition::math::v6::PID::Update(double, const std::chrono::duration<double>&)[m[K’
[7.657s]   182 |       public: double [01;36m[KUpdate[m[K(const double _error,
[7.657s]       |                      [01;36m[K^~~~~~[m[K
[7.657s] [01m[K/usr/include/ignition/math6/gz/math/PID.hh:183:66:[m[K [01;36m[Knote: [m[K  no known conversion for argument 2 from ‘[01m[Kdouble[m[K’ to ‘[01m[Kconst std::chrono::duration<double>&[m[K’
[7.657s]   183 |                             [01;36m[Kconst std::chrono::duration<double> &_dt[m[K);
[7.657s]       |                             [01;36m[K~~~~~~~~~~~~~~~~~~~~~~~~~~~~~~~~~~~~~^~~[m[K
[7.657s] [01m[K/home/nam/Lekiwi_ws/src/lekiwi_servo_control/src/lekiwi_servo_control.cpp:115:36:[m[K [01;31m[Kerror: [m[K‘[01m[Kclass ignition::gazebo::v6::Model[m[K’ has no member named ‘[01m[KJointName[m[K’; did you mean ‘[01m[KJointByName[m[K’?
[7.657s]   115 |       joint_state.name[i] = model_.[01;31m[KJointName[m[K(_ecm, joints_[i]);
[7.657s]       |                                    [01;31m[K^~~~~~~~~[m[K
[7.657s]       |                                    [32m[KJointByName[m[K
[7.660s] In file included from [01m[K/usr/include/ignition/plugin1/gz/plugin/Register.hh:22[m[K,
[7.660s]                  from [01m[K/usr/include/ignition/plugin1/ignition/plugin/Register.hh:18[m[K,
[7.661s]                  from [01m[K/home/nam/Lekiwi_ws/src/lekiwi_servo_control/src/lekiwi_servo_control.cpp:7[m[K:
[7.661s] [01m[K/home/nam/Lekiwi_ws/src/lekiwi_servo_control/src/lekiwi_servo_control.cpp:[m[K In constructor ‘[01m[Kignition::gazebo::ignition::plugin::{anonymous}::ExecuteWhenLoadingLibrary0::ExecuteWhenLoadingLibrary0()[m[K’:
[7.661s] [01m[K/home/nam/Lekiwi_ws/src/lekiwi_servo_control/src/lekiwi_servo_control.cpp:160:29:[m[K [01;31m[Kerror: [m[K‘[01m[KISystemConfigure[m[K’ is not a member of ‘[01m[Kignition::gazebo::LekiwiServoControlPlugin[m[K’
[7.661s]   160 |   LekiwiServoControlPlugin::[01;31m[KISystemConfigure[m[K,
[7.661s]       |                             [01;31m[K^~~~~~~~~~~~~~~~[m[K
[7.661s] [01m[K/home/nam/Lekiwi_ws/src/lekiwi_servo_control/src/lekiwi_servo_control.cpp:161:29:[m[K [01;31m[Kerror: [m[K‘[01m[KISystemUpdate[m[K’ is not a member of ‘[01m[Kignition::gazebo::LekiwiServoControlPlugin[m[K’
[7.661s]   161 |   LekiwiServoControlPlugin::[01;31m[KISystemUpdate[m[K
[7.661s]       |                             [01;31m[K^~~~~~~~~~~~~[m[K
[7.661s] [01m[K/home/nam/Lekiwi_ws/src/lekiwi_servo_control/src/lekiwi_servo_control.cpp:157:1:[m[K [01;31m[Kerror: [m[Ktemplate argument 3 is invalid
[7.661s]   157 | [01;31m[KIGNITION_ADD_PLUGIN[m[K(
[7.661s]       | [01;31m[K^~~~~~~~~~~~~~~~~~~[m[K
[7.661s] [01m[K/home/nam/Lekiwi_ws/src/lekiwi_servo_control/src/lekiwi_servo_control.cpp:157:1:[m[K [01;31m[Kerror: [m[Ktemplate argument 4 is invalid
[9.836s] gmake[2]: *** [CMakeFiles/lekiwi_servo_control.dir/build.make:79: CMakeFiles/lekiwi_servo_control.dir/src/lekiwi_servo_control.cpp.o] Error 1
[9.836s] gmake[1]: *** [CMakeFiles/Makefile2:153: CMakeFiles/lekiwi_servo_control.dir/all] Error 2
[9.837s] gmake: *** [Makefile:146: all] Error 2
[9.838s] Invoked command in '/home/nam/Lekiwi_ws/build/lekiwi_servo_control' returned '2': CMAKE_PREFIX_PATH=${CMAKE_PREFIX_PATH}:/home/nam/Lekiwi_ws/install/omni_teleop:/home/nam/turtlebot3_ws/install/turtlebot3_teleop:/home/nam/turtlebot3_ws/install/turtlebot3_example:/opt/ros/humble /home/nam/.local/bin/cmake --build /home/nam/Lekiwi_ws/build/lekiwi_servo_control -- -j12 -l12
