[0.013s] Invoking command in '/home/nam/Lekiwi_ws/build/lekiwi_servo_control': CMAKE_PREFIX_PATH=${CMAKE_PREFIX_PATH}:/home/nam/Lekiwi_ws/install/omni_teleop:/home/nam/turtlebot3_ws/install/turtlebot3_teleop:/home/nam/turtlebot3_ws/install/turtlebot3_example:/opt/ros/humble /home/nam/.local/bin/cmake --build /home/nam/Lekiwi_ws/build/lekiwi_servo_control -- -j12 -l12
[0.094s] -- Found ament_cmake: 1.3.11 (/opt/ros/humble/share/ament_cmake/cmake)
[0.265s] -- Found rclcpp: 16.0.12 (/opt/ros/humble/share/rclcpp/cmake)
[0.293s] -- Found rosidl_generator_c: 3.1.6 (/opt/ros/humble/share/rosidl_generator_c/cmake)
[0.295s] -- Found rosidl_adapter: 3.1.6 (/opt/ros/humble/share/rosidl_adapter/cmake)
[0.300s] -- Found rosidl_generator_cpp: 3.1.6 (/opt/ros/humble/share/rosidl_generator_cpp/cmake)
[0.310s] -- Using all available rosidl_typesupport_c: rosidl_typesupport_fastrtps_c;rosidl_typesupport_introspection_c
[0.322s] -- Using all available rosidl_typesupport_cpp: rosidl_typesupport_fastrtps_cpp;rosidl_typesupport_introspection_cpp
[0.356s] -- Found rmw_implementation_cmake: 6.1.2 (/opt/ros/humble/share/rmw_implementation_cmake/cmake)
[0.358s] -- Found rmw_fastrtps_cpp: 6.2.7 (/opt/ros/humble/share/rmw_fastrtps_cpp/cmake)
[0.483s] -- Using RMW implementation 'rmw_fastrtps_cpp' as default
[0.535s] -- Found sensor_msgs: 4.8.0 (/opt/ros/humble/share/sensor_msgs/cmake)
[0.568s] -- Looking for ignition-gazebo6 -- found version 6.17.0
[0.572s] -- Searching for dependencies of ignition-gazebo6
[0.572s] -- Looking for sdformat12 -- found version 12.8.0
[0.572s] -- Searching for dependencies of sdformat12
[0.577s] -- Checking for module 'tinyxml2'
[0.591s] --   Found tinyxml2, version 9.0.0
[0.622s] -- Looking for ignition-math6 -- found version 6.15.1
[0.622s] -- Searching for dependencies of ignition-math6
[0.623s] -- Looking for ignition-utils1 -- found version 1.5.1
[0.623s] -- Searching for dependencies of ignition-utils1
[0.624s] -- Looking for ignition-plugin1 -- found version 1.4.0
[0.624s] -- Searching for dependencies of ignition-plugin1
[0.624s] -- Searching for <ignition-plugin1> component [loader]
[0.625s] -- Looking for ignition-plugin1-loader -- found version 1.4.0
[0.625s] -- Searching for dependencies of ignition-plugin1-loader
[0.625s] -- Searching for <ignition-plugin1> component [register]
[0.626s] -- Looking for ignition-plugin1-register -- found version 1.4.0
[0.626s] -- Searching for dependencies of ignition-plugin1-register
[0.627s] -- Looking for ignition-transport11 -- found version 11.4.1
[0.627s] -- Searching for dependencies of ignition-transport11
[0.666s] -- Config-file not installed for ZeroMQ -- checking for pkg-config
[0.670s] -- Checking for module 'libzmq >= 4'
[0.684s] --   Found libzmq, version 4.3.4
[0.722s] -- Checking for module 'uuid'
[0.736s] --   Found uuid, version 2.37.2
[0.768s] -- Looking for ignition-utils1 -- found version 1.5.1
[0.768s] -- Searching for dependencies of ignition-utils1
[0.768s] -- Searching for <ignition-utils1> component [cli]
[0.768s] -- Looking for ignition-utils1-cli -- found version 1.5.1
[0.768s] -- Searching for dependencies of ignition-utils1-cli
[0.769s] -- Looking for ignition-msgs8 -- found version 8.7.0
[0.769s] -- Searching for dependencies of ignition-msgs8
[0.791s] -- Found Protobuf: /usr/lib/x86_64-linux-gnu/libprotobuf.so (found suitable version "3.12.4", minimum required is "3")
[0.792s] -- Looking for ignition-math6 -- found version 6.15.1
[0.801s] -- Searching for <ignition-transport11> component [log]
[0.802s] -- Looking for ignition-transport11-log -- found version 11.4.1
[0.802s] -- Searching for dependencies of ignition-transport11-log
[0.802s] -- Searching for <ignition-transport11> component [parameters]
[0.803s] -- Looking for ignition-transport11-parameters -- found version 11.4.1
[0.803s] -- Searching for dependencies of ignition-transport11-parameters
[0.804s] -- Looking for ignition-msgs8 -- found version 8.7.0
[0.804s] -- Looking for ignition-common4 -- found version 4.7.0
[0.804s] -- Searching for dependencies of ignition-common4
[0.804s] -- Looking for dlfcn.h - found
[0.804s] -- Looking for libdl - found
[0.814s] -- Searching for <ignition-common4> component [profiler]
[0.815s] -- Looking for ignition-common4-profiler -- found version 4.7.0
[0.815s] -- Searching for dependencies of ignition-common4-profiler
[0.815s] -- Searching for <ignition-common4> component [events]
[0.815s] -- Looking for ignition-common4-events -- found version 4.7.0
[0.816s] -- Searching for dependencies of ignition-common4-events
[0.816s] -- Looking for ignition-math6 -- found version 6.15.1
[0.816s] -- Searching for <ignition-common4> component [av]
[0.817s] -- Looking for ignition-common4-av -- found version 4.7.0
[0.817s] -- Searching for dependencies of ignition-common4-av
[0.822s] -- Checking for module 'libswscale'
[0.836s] --   Found libswscale, version 5.9.100
[0.871s] -- Checking for module 'libavdevice >= 56.4.100'
[0.886s] --   Found libavdevice, version 58.13.100
[0.925s] -- Checking for module 'libavformat'
[0.940s] --   Found libavformat, version 58.76.100
[0.978s] -- Checking for module 'libavcodec'
[0.992s] --   Found libavcodec, version 58.134.100
[1.030s] -- Checking for module 'libavutil'
[1.044s] --   Found libavutil, version 56.70.100
[1.077s] -- Looking for ignition-fuel_tools7 -- found version 7.3.1
[1.077s] -- Searching for dependencies of ignition-fuel_tools7
[1.118s] [0mCMake Deprecation Warning at /usr/lib/x86_64-linux-gnu/cmake/jsoncpp/jsoncppConfig.cmake:2 (cmake_policy):
[1.118s]   Compatibility with CMake < 3.10 will be removed from a future version of
[1.118s]   CMake.
[1.118s] 
[1.118s]   Update the VERSION argument <min> value.  Or, use the <min>...<max> syntax
[1.118s]   to tell CMake that the project requires at least <min> but has been updated
[1.118s]   to work with policies introduced by <max> or earlier.
[1.118s] Call Stack (most recent call first):
[1.118s]   /usr/share/cmake/ignition-cmake2/cmake2/FindJSONCPP.cmake:34 (find_package)
[1.118s]   /home/nam/ignition_fortress_ws/install/lib/cmake/ignition-fuel_tools7/ignition-fuel_tools7-config.cmake:94 (find_package)
[1.118s]   /usr/lib/x86_64-linux-gnu/cmake/ignition-gazebo6/ignition-gazebo6-config.cmake:97 (find_package)
[1.118s]   CMakeLists.txt:8 (find_package)
[1.118s] 
[1.118s] [0m
[1.123s] -- Checking for module 'jsoncpp'
[1.138s] --   Found jsoncpp, version 1.9.5
[1.175s] -- Checking for module 'libzip'
[1.188s] --   Found libzip, version 1.7.3
[1.220s] -- Looking for ignition-common4 -- found version 4.7.0
[1.220s] -- Looking for ignition-math6 -- found version 6.15.1
[1.220s] -- Looking for ignition-msgs8 -- found version 8.7.0
[1.221s] -- Looking for ignition-gui6 -- found version 6.8.0
[1.221s] -- Searching for dependencies of ignition-gui6
[1.254s] -- Looking for ignition-math6 -- found version 6.15.1
[1.254s] -- Looking for ignition-common4 -- found version 4.7.0
[1.254s] -- Looking for ignition-plugin1 -- found version 1.4.0
[1.255s] -- Looking for ignition-transport11 -- found version 11.4.1
[1.255s] -- Looking for ignition-rendering6 -- found version 6.6.3
[1.255s] -- Searching for dependencies of ignition-rendering6
[1.255s] -- Looking for ignition-math6 -- found version 6.15.1
[1.255s] -- Searching for dependencies of ignition-math6
[1.256s] -- Searching for <ignition-math6> component [eigen3]
[1.256s] -- Looking for ignition-math6-eigen3 -- found version 6.15.1
[1.256s] -- Searching for dependencies of ignition-math6-eigen3
[1.257s] -- Looking for ignition-common4 -- found version 4.7.0
[1.257s] -- Searching for dependencies of ignition-common4
[1.258s] -- Looking for dlfcn.h - found
[1.258s] -- Looking for libdl - found
[1.267s] -- Searching for <ignition-common4> component [graphics]
[1.268s] -- Looking for ignition-common4-graphics -- found version 4.7.0
[1.268s] -- Searching for dependencies of ignition-common4-graphics
[1.268s] -- Looking for ignition-math6 -- found version 6.15.1
[1.268s] -- Looking for ignition-utils1 -- found version 1.5.1
[1.269s] -- Searching for <ignition-common4> component [events]
[1.269s] -- Looking for ignition-plugin1 -- found version 1.4.0
[1.269s] -- Searching for dependencies of ignition-plugin1
[1.269s] -- Searching for <ignition-plugin1> component [all]
[1.270s] -- Looking for all libraries of ignition-plugin1 -- found version 1.4.0
[1.270s] -- Looking for ignition-plugin1 -- found version 1.4.0
[1.271s] -- Looking for ignition-msgs8 -- found version 8.7.0
[1.286s] -- Looking for ignition-physics5 -- found version 5.3.2
[1.286s] -- Searching for dependencies of ignition-physics5
[1.286s] -- Looking for ignition-math6 -- found version 6.15.1
[1.286s] -- Looking for ignition-plugin1 -- found version 1.4.0
[1.287s] -- Looking for ignition-utils1 -- found version 1.5.1
[1.288s] -- Searching for <ignition-physics5> component [heightmap]
[1.288s] -- Looking for ignition-physics5-heightmap -- found version 5.3.2
[1.288s] -- Searching for dependencies of ignition-physics5-heightmap
[1.288s] -- Looking for ignition-common4 -- found version 4.7.0
[1.289s] -- Searching for <ignition-physics5> component [mesh]
[1.289s] -- Looking for ignition-physics5-mesh -- found version 5.3.2
[1.289s] -- Searching for dependencies of ignition-physics5-mesh
[1.290s] -- Looking for ignition-common4 -- found version 4.7.0
[1.290s] -- Searching for <ignition-physics5> component [sdf]
[1.290s] -- Looking for ignition-physics5-sdf -- found version 5.3.2
[1.290s] -- Searching for dependencies of ignition-physics5-sdf
[1.291s] -- Looking for sdformat12 -- found version 12.8.0
[1.292s] -- Looking for ignition-sensors6 -- found version 6.8.1
[1.292s] -- Searching for dependencies of ignition-sensors6
[1.315s] -- Found Protobuf: /usr/lib/x86_64-linux-gnu/libprotobuf.so (found version "3.12.4")
[1.315s] -- Looking for ignition-math6 -- found version 6.15.1
[1.316s] -- Looking for ignition-common4 -- found version 4.7.0
[1.316s] -- Looking for ignition-transport11 -- found version 11.4.1
[1.316s] -- Looking for ignition-rendering6 -- found version 6.6.3
[1.317s] -- Looking for ignition-msgs8 -- found version 8.7.0
[1.317s] -- Looking for sdformat12 -- found version 12.8.0
[1.318s] -- Searching for <ignition-sensors6> component [air_pressure]
[1.318s] -- Looking for ignition-sensors6-air_pressure -- found version 6.8.1
[1.318s] -- Searching for dependencies of ignition-sensors6-air_pressure
[1.318s] -- Searching for <ignition-sensors6> component [altimeter]
[1.319s] -- Looking for ignition-sensors6-altimeter -- found version 6.8.1
[1.319s] -- Searching for dependencies of ignition-sensors6-altimeter
[1.319s] -- Searching for <ignition-sensors6> component [imu]
[1.320s] -- Looking for ignition-sensors6-imu -- found version 6.8.1
[1.320s] -- Searching for dependencies of ignition-sensors6-imu
[1.320s] -- Searching for <ignition-sensors6> component [force_torque]
[1.321s] -- Looking for ignition-sensors6-force_torque -- found version 6.8.1
[1.321s] -- Searching for dependencies of ignition-sensors6-force_torque
[1.321s] -- Searching for <ignition-sensors6> component [logical_camera]
[1.322s] -- Looking for ignition-sensors6-logical_camera -- found version 6.8.1
[1.322s] -- Searching for dependencies of ignition-sensors6-logical_camera
[1.322s] -- Searching for <ignition-sensors6> component [magnetometer]
[1.322s] -- Looking for ignition-sensors6-magnetometer -- found version 6.8.1
[1.323s] -- Searching for dependencies of ignition-sensors6-magnetometer
[1.323s] -- Searching for <ignition-sensors6> component [navsat]
[1.323s] -- Looking for ignition-sensors6-navsat -- found version 6.8.1
[1.323s] -- Searching for dependencies of ignition-sensors6-navsat
[1.324s] -- Searching for <ignition-sensors6> component [rendering]
[1.324s] -- Looking for ignition-sensors6-rendering -- found version 6.8.1
[1.324s] -- Searching for dependencies of ignition-sensors6-rendering
[1.325s] -- Searching for <ignition-sensors6> component [lidar]
[1.325s] -- Looking for ignition-sensors6-lidar -- found version 6.8.1
[1.325s] -- Searching for dependencies of ignition-sensors6-lidar
[1.326s] -- Looking for ignition-sensors6 -- found version 6.8.1
[1.326s] -- Searching for <ignition-sensors6> component [gpu_lidar]
[1.326s] -- Looking for ignition-sensors6-gpu_lidar -- found version 6.8.1
[1.327s] -- Searching for dependencies of ignition-sensors6-gpu_lidar
[1.327s] -- Looking for ignition-sensors6 -- found version 6.8.1
[1.328s] -- Searching for <ignition-sensors6> component [camera]
[1.328s] -- Looking for ignition-sensors6-camera -- found version 6.8.1
[1.328s] -- Searching for dependencies of ignition-sensors6-camera
[1.328s] -- Looking for ignition-sensors6 -- found version 6.8.1
[1.329s] -- Searching for <ignition-sensors6> component [boundingbox_camera]
[1.329s] -- Looking for ignition-sensors6-boundingbox_camera -- found version 6.8.1
[1.329s] -- Searching for dependencies of ignition-sensors6-boundingbox_camera
[1.330s] -- Searching for <ignition-sensors6> component [segmentation_camera]
[1.330s] -- Looking for ignition-sensors6-segmentation_camera -- found version 6.8.1
[1.330s] -- Searching for dependencies of ignition-sensors6-segmentation_camera
[1.331s] -- Searching for <ignition-sensors6> component [depth_camera]
[1.331s] -- Looking for ignition-sensors6-depth_camera -- found version 6.8.1
[1.331s] -- Searching for dependencies of ignition-sensors6-depth_camera
[1.332s] -- Looking for ignition-sensors6 -- found version 6.8.1
[1.332s] -- Searching for <ignition-sensors6> component [rgbd_camera]
[1.333s] -- Looking for ignition-sensors6-rgbd_camera -- found version 6.8.1
[1.333s] -- Searching for dependencies of ignition-sensors6-rgbd_camera
[1.333s] -- Looking for ignition-sensors6 -- found version 6.8.1
[1.334s] -- Searching for <ignition-sensors6> component [thermal_camera]
[1.334s] -- Looking for ignition-sensors6-thermal_camera -- found version 6.8.1
[1.334s] -- Searching for dependencies of ignition-sensors6-thermal_camera
[1.334s] -- Looking for ignition-sensors6 -- found version 6.8.1
[1.335s] -- Looking for ignition-rendering6 -- found version 6.6.3
[1.336s] -- Looking for ignition-math6 -- found version 6.15.1
[1.336s] -- Looking for ignition-utils1 -- found version 1.5.1
[1.417s] -- Configuring done (1.3s)
[1.434s] -- Generating done (0.0s)
[1.437s] -- Build files have been written to: /home/nam/Lekiwi_ws/build/lekiwi_servo_control
[1.469s] gmake[2]: Warning: File '/home/nam/ignition_fortress_ws/install/lib/libignition-fuel_tools7.so.7.3.1' has modification time 346636 s in the future
[1.472s] [ 50%] [32mBuilding CXX object CMakeFiles/lekiwi_servo_control.dir/src/lekiwi_servo_control.cpp.o[0m
[6.307s] In file included from [01m[K/usr/include/ignition/plugin1/gz/plugin/Register.hh:22[m[K,
[6.307s]                  from [01m[K/usr/include/ignition/plugin1/ignition/plugin/Register.hh:18[m[K,
[6.308s]                  from [01m[K/home/nam/Lekiwi_ws/src/lekiwi_servo_control/src/lekiwi_servo_control.cpp:7[m[K:
[6.308s] [01m[K/home/nam/Lekiwi_ws/src/lekiwi_servo_control/src/lekiwi_servo_control.cpp:[m[K In constructor ‘[01m[Kignition::ignition::plugin::{anonymous}::ExecuteWhenLoadingLibrary0::ExecuteWhenLoadingLibrary0()[m[K’:
[6.308s] [01m[K/home/nam/Lekiwi_ws/src/lekiwi_servo_control/src/lekiwi_servo_control.cpp:170:13:[m[K [01;31m[Kerror: [m[K‘[01m[Kgazebo[m[K’ is not a member of ‘[01m[Kignition::ignition[m[K’; did you mean ‘[01m[Kignition::gazebo[m[K’?
[6.308s]   170 |   ignition::[01;31m[Kgazebo[m[K::LekiwiServoControlPlugin,
[6.308s]       |             [01;31m[K^~~~~~[m[K
[6.308s] In file included from [01m[K/usr/include/ignition/gazebo6/gz/sim/System.hh:22[m[K,
[6.308s]                  from [01m[K/usr/include/ignition/gazebo6/ignition/gazebo/System.hh:18[m[K,
[6.308s]                  from [01m[K/home/nam/Lekiwi_ws/src/lekiwi_servo_control/src/lekiwi_servo_control.cpp:1[m[K:
[6.308s] [01m[K/usr/include/ignition/gazebo6/gz/sim/config.hh:30:13:[m[K [01;36m[Knote: [m[K‘[01m[Kignition::gazebo[m[K’ declared here
[6.308s]    30 |   namespace [01;36m[Kgazebo[m[K
[6.308s]       |             [01;36m[K^~~~~~[m[K
[6.308s] In file included from [01m[K/usr/include/ignition/plugin1/gz/plugin/Register.hh:22[m[K,
[6.308s]                  from [01m[K/usr/include/ignition/plugin1/ignition/plugin/Register.hh:18[m[K,
[6.308s]                  from [01m[K/home/nam/Lekiwi_ws/src/lekiwi_servo_control/src/lekiwi_servo_control.cpp:7[m[K:
[6.309s] [01m[K/home/nam/Lekiwi_ws/src/lekiwi_servo_control/src/lekiwi_servo_control.cpp:169:1:[m[K [01;31m[Kerror: [m[Ktemplate argument 1 is invalid
[6.309s]   169 | [01;31m[KIGNITION_ADD_PLUGIN[m[K(
[6.309s]       | [01;31m[K^~~~~~~~~~~~~~~~~~~[m[K
[6.309s] [01m[K/home/nam/Lekiwi_ws/src/lekiwi_servo_control/src/lekiwi_servo_control.cpp:169:1:[m[K [01;31m[Kerror: [m[Kqualified-id in declaration before ‘[01m[K([m[K’ token
[6.309s]   169 | [01;31m[KIGNITION_ADD_PLUGIN[m[K(
[6.309s]       | [01;31m[K^~~~~~~~~~~~~~~~~~~[m[K
[6.309s] [01m[K/home/nam/Lekiwi_ws/src/lekiwi_servo_control/src/lekiwi_servo_control.cpp:[m[K In constructor ‘[01m[Kignition::ignition::plugin::{anonymous}::ExecuteWhenLoadingLibrary1::ExecuteWhenLoadingLibrary1()[m[K’:
[6.309s] [01m[K/home/nam/Lekiwi_ws/src/lekiwi_servo_control/src/lekiwi_servo_control.cpp:177:13:[m[K [01;31m[Kerror: [m[K‘[01m[Kgazebo[m[K’ is not a member of ‘[01m[Kignition::ignition[m[K’; did you mean ‘[01m[Kignition::gazebo[m[K’?
[6.309s]   177 |   ignition::[01;31m[Kgazebo[m[K::LekiwiServoControlPlugin,
[6.309s]       |             [01;31m[K^~~~~~[m[K
[6.309s] In file included from [01m[K/usr/include/ignition/gazebo6/gz/sim/System.hh:22[m[K,
[6.309s]                  from [01m[K/usr/include/ignition/gazebo6/ignition/gazebo/System.hh:18[m[K,
[6.309s]                  from [01m[K/home/nam/Lekiwi_ws/src/lekiwi_servo_control/src/lekiwi_servo_control.cpp:1[m[K:
[6.309s] [01m[K/usr/include/ignition/gazebo6/gz/sim/config.hh:30:13:[m[K [01;36m[Knote: [m[K‘[01m[Kignition::gazebo[m[K’ declared here
[6.309s]    30 |   namespace [01;36m[Kgazebo[m[K
[6.309s]       |             [01;36m[K^~~~~~[m[K
[6.309s] In file included from [01m[K/usr/include/ignition/plugin1/gz/plugin/Register.hh:22[m[K,
[6.309s]                  from [01m[K/usr/include/ignition/plugin1/ignition/plugin/Register.hh:18[m[K,
[6.309s]                  from [01m[K/home/nam/Lekiwi_ws/src/lekiwi_servo_control/src/lekiwi_servo_control.cpp:7[m[K:
[6.309s] [01m[K/home/nam/Lekiwi_ws/src/lekiwi_servo_control/src/lekiwi_servo_control.cpp:176:1:[m[K [01;31m[Kerror: [m[Ktemplate argument 1 is invalid
[6.309s]   176 | [01;31m[KIGNITION_ADD_PLUGIN_ALIAS[m[K(
[6.309s]       | [01;31m[K^~~~~~~~~~~~~~~~~~~~~~~~~[m[K
[6.309s] [01m[K/home/nam/Lekiwi_ws/src/lekiwi_servo_control/src/lekiwi_servo_control.cpp:176:1:[m[K [01;31m[Kerror: [m[Kqualified-id in declaration before ‘[01m[K([m[K’ token
[6.310s]   176 | [01;31m[KIGNITION_ADD_PLUGIN_ALIAS[m[K(
[6.310s]       | [01;31m[K^~~~~~~~~~~~~~~~~~~~~~~~~[m[K
[6.310s] [01m[K/home/nam/Lekiwi_ws/src/lekiwi_servo_control/src/lekiwi_servo_control.cpp:[m[K At global scope:
[6.310s] [01m[K/home/nam/Lekiwi_ws/src/lekiwi_servo_control/src/lekiwi_servo_control.cpp:176:1:[m[K [01;31m[Kerror: [m[Kexpected ‘[01m[K}[m[K’ at end of input
[6.310s]   176 | [01;31m[KIGNITION_ADD_PLUGIN_ALIAS[m[K(
[6.310s]       | [01;31m[K^~~~~~~~~~~~~~~~~~~~~~~~~[m[K
[6.310s] [01m[K/home/nam/Lekiwi_ws/src/lekiwi_servo_control/src/lekiwi_servo_control.cpp:18:1:[m[K [01;36m[Knote: [m[Kto match this ‘[01m[K{[m[K’
[6.310s]    18 | [01;36m[K{[m[K
[6.310s]       | [01;36m[K^[m[K
[8.489s] gmake[2]: *** [CMakeFiles/lekiwi_servo_control.dir/build.make:79: CMakeFiles/lekiwi_servo_control.dir/src/lekiwi_servo_control.cpp.o] Error 1
[8.489s] gmake[1]: *** [CMakeFiles/Makefile2:153: CMakeFiles/lekiwi_servo_control.dir/all] Error 2
[8.489s] gmake: *** [Makefile:146: all] Error 2
[8.491s] Invoked command in '/home/nam/Lekiwi_ws/build/lekiwi_servo_control' returned '2': CMAKE_PREFIX_PATH=${CMAKE_PREFIX_PATH}:/home/nam/Lekiwi_ws/install/omni_teleop:/home/nam/turtlebot3_ws/install/turtlebot3_teleop:/home/nam/turtlebot3_ws/install/turtlebot3_example:/opt/ros/humble /home/nam/.local/bin/cmake --build /home/nam/Lekiwi_ws/build/lekiwi_servo_control -- -j12 -l12
