[0mCMake Deprecation Warning at /usr/lib/x86_64-linux-gnu/cmake/jsoncpp/jsoncppConfig.cmake:2 (cmake_policy):
  Compatibility with CMake < 3.10 will be removed from a future version of
  CMake.

  Update the VERSION argument <min> value.  Or, use the <min>...<max> syntax
  to tell CMake that the project requires at least <min> but has been updated
  to work with policies introduced by <max> or earlier.
Call Stack (most recent call first):
  /usr/share/cmake/ignition-cmake2/cmake2/FindJSONCPP.cmake:34 (find_package)
  /home/nam/ignition_fortress_ws/install/ignition-fuel_tools7/lib/cmake/ignition-fuel_tools7/ignition-fuel_tools7-config.cmake:94 (find_package)
  /usr/lib/x86_64-linux-gnu/cmake/ignition-gazebo6/ignition-gazebo6-config.cmake:97 (find_package)
  CMakeLists.txt:11 (find_package)

[0m
[33mCMake Warning:
  Manually-specified variables were not used by the project:

    CATKIN_INSTALL_INTO_PREFIX_ROOT

[0m
[01m[K/home/nam/Lekiwi_ws/src/three_omni_plugin/src/three_omni_plugin.cpp:[m[K In member function ‘[01m[Kvirtual void three_omni_plugin_ns::ThreeOmniPlugin::PreUpdate(const ignition::gazebo::v6::UpdateInfo&, ignition::gazebo::v6::EntityComponentManager&)[m[K’:
[01m[K/home/nam/Lekiwi_ws/src/three_omni_plugin/src/three_omni_plugin.cpp:67:46:[m[K [01;31m[Kerror: [m[K‘[01m[Kclass ignition::gazebo::v6::components::Component<std::add_lvalue_reference<void>, ignition::gazebo::v6::components::JointTag>[m[K’ has no member named ‘[01m[KData[m[K’
   67 |         const std::string &name = jointComp->[01;31m[KData[m[K().Name();
      |                                              [01;31m[K^~~~[m[K
gmake[2]: *** [CMakeFiles/three_omni_plugin.dir/build.make:79: CMakeFiles/three_omni_plugin.dir/src/three_omni_plugin.cpp.o] Error 1
gmake[1]: *** [CMakeFiles/Makefile2:153: CMakeFiles/three_omni_plugin.dir/all] Error 2
gmake: *** [Makefile:146: all] Error 2
