running egg_info
creating ../../build/omni_teleop/omni_teleop.egg-info
writing ../../build/omni_teleop/omni_teleop.egg-info/PKG-INFO
writing dependency_links to ../../build/omni_teleop/omni_teleop.egg-info/dependency_links.txt
writing entry points to ../../build/omni_teleop/omni_teleop.egg-info/entry_points.txt
writing requirements to ../../build/omni_teleop/omni_teleop.egg-info/requires.txt
writing top-level names to ../../build/omni_teleop/omni_teleop.egg-info/top_level.txt
writing manifest file '../../build/omni_teleop/omni_teleop.egg-info/SOURCES.txt'
reading manifest file '../../build/omni_teleop/omni_teleop.egg-info/SOURCES.txt'
writing manifest file '../../build/omni_teleop/omni_teleop.egg-info/SOURCES.txt'
running build
running build_py
creating /home/nam/Lekiwi_ws/build/omni_teleop/build
creating /home/nam/Lekiwi_ws/build/omni_teleop/build/lib
creating /home/nam/Lekiwi_ws/build/omni_teleop/build/lib/omni_teleop
copying omni_teleop/omni_teleop_node.py -> /home/nam/Lekiwi_ws/build/omni_teleop/build/lib/omni_teleop
copying omni_teleop/__init__.py -> /home/nam/Lekiwi_ws/build/omni_teleop/build/lib/omni_teleop
running install
running install_lib
creating /home/nam/Lekiwi_ws/install/omni_teleop/lib/python3.10/site-packages/omni_teleop
copying /home/nam/Lekiwi_ws/build/omni_teleop/build/lib/omni_teleop/omni_teleop_node.py -> /home/nam/Lekiwi_ws/install/omni_teleop/lib/python3.10/site-packages/omni_teleop
copying /home/nam/Lekiwi_ws/build/omni_teleop/build/lib/omni_teleop/__init__.py -> /home/nam/Lekiwi_ws/install/omni_teleop/lib/python3.10/site-packages/omni_teleop
byte-compiling /home/nam/Lekiwi_ws/install/omni_teleop/lib/python3.10/site-packages/omni_teleop/omni_teleop_node.py to omni_teleop_node.cpython-310.pyc
byte-compiling /home/nam/Lekiwi_ws/install/omni_teleop/lib/python3.10/site-packages/omni_teleop/__init__.py to __init__.cpython-310.pyc
running install_data
creating /home/nam/Lekiwi_ws/install/omni_teleop/share/ament_index
creating /home/nam/Lekiwi_ws/install/omni_teleop/share/ament_index/resource_index
creating /home/nam/Lekiwi_ws/install/omni_teleop/share/ament_index/resource_index/packages
copying resource/omni_teleop -> /home/nam/Lekiwi_ws/install/omni_teleop/share/ament_index/resource_index/packages
copying package.xml -> /home/nam/Lekiwi_ws/install/omni_teleop/share/omni_teleop
running install_egg_info
Copying ../../build/omni_teleop/omni_teleop.egg-info to /home/nam/Lekiwi_ws/install/omni_teleop/lib/python3.10/site-packages/omni_teleop-0.0.0-py3.10.egg-info
running install_scripts
Installing omni_teleop_node script to /home/nam/Lekiwi_ws/install/omni_teleop/lib/omni_teleop
writing list of installed files to '/home/nam/Lekiwi_ws/build/omni_teleop/install.log'
