[0.604s] Invoking command in '/home/nam/Lekiwi_ws/src/omni_teleop': PYTHONPATH=/home/nam/Lekiwi_ws/build/omni_teleop/prefix_override:/usr/lib/python3/dist-packages/colcon_core/task/python/colcon_distutils_commands:/home/nam/Lekiwi_ws/install/omni_teleop/lib/python3.10/site-packages:${PYTHONPATH} /usr/bin/python3 -W ignore:setup.py install is deprecated -W ignore:easy_install command is deprecated setup.py egg_info --egg-base ../../build/omni_teleop build --build-base /home/nam/Lekiwi_ws/build/omni_teleop/build install --record /home/nam/Lekiwi_ws/build/omni_teleop/install.log --single-version-externally-managed install_data
[0.843s] running egg_info
[0.843s] creating ../../build/omni_teleop/omni_teleop.egg-info
[0.843s] writing ../../build/omni_teleop/omni_teleop.egg-info/PKG-INFO
[0.843s] writing dependency_links to ../../build/omni_teleop/omni_teleop.egg-info/dependency_links.txt
[0.843s] writing entry points to ../../build/omni_teleop/omni_teleop.egg-info/entry_points.txt
[0.844s] writing requirements to ../../build/omni_teleop/omni_teleop.egg-info/requires.txt
[0.844s] writing top-level names to ../../build/omni_teleop/omni_teleop.egg-info/top_level.txt
[0.844s] writing manifest file '../../build/omni_teleop/omni_teleop.egg-info/SOURCES.txt'
[0.845s] reading manifest file '../../build/omni_teleop/omni_teleop.egg-info/SOURCES.txt'
[0.845s] writing manifest file '../../build/omni_teleop/omni_teleop.egg-info/SOURCES.txt'
[0.846s] running build
[0.846s] running build_py
[0.846s] creating /home/nam/Lekiwi_ws/build/omni_teleop/build
[0.846s] creating /home/nam/Lekiwi_ws/build/omni_teleop/build/lib
[0.846s] creating /home/nam/Lekiwi_ws/build/omni_teleop/build/lib/omni_teleop
[0.846s] copying omni_teleop/omni_teleop_node.py -> /home/nam/Lekiwi_ws/build/omni_teleop/build/lib/omni_teleop
[0.846s] copying omni_teleop/__init__.py -> /home/nam/Lekiwi_ws/build/omni_teleop/build/lib/omni_teleop
[0.846s] running install
[0.846s] running install_lib
[0.847s] creating /home/nam/Lekiwi_ws/install/omni_teleop/lib/python3.10/site-packages/omni_teleop
[0.847s] copying /home/nam/Lekiwi_ws/build/omni_teleop/build/lib/omni_teleop/omni_teleop_node.py -> /home/nam/Lekiwi_ws/install/omni_teleop/lib/python3.10/site-packages/omni_teleop
[0.847s] copying /home/nam/Lekiwi_ws/build/omni_teleop/build/lib/omni_teleop/__init__.py -> /home/nam/Lekiwi_ws/install/omni_teleop/lib/python3.10/site-packages/omni_teleop
[0.848s] byte-compiling /home/nam/Lekiwi_ws/install/omni_teleop/lib/python3.10/site-packages/omni_teleop/omni_teleop_node.py to omni_teleop_node.cpython-310.pyc
[0.848s] byte-compiling /home/nam/Lekiwi_ws/install/omni_teleop/lib/python3.10/site-packages/omni_teleop/__init__.py to __init__.cpython-310.pyc
[0.848s] running install_data
[0.849s] creating /home/nam/Lekiwi_ws/install/omni_teleop/share/ament_index
[0.849s] creating /home/nam/Lekiwi_ws/install/omni_teleop/share/ament_index/resource_index
[0.849s] creating /home/nam/Lekiwi_ws/install/omni_teleop/share/ament_index/resource_index/packages
[0.849s] copying resource/omni_teleop -> /home/nam/Lekiwi_ws/install/omni_teleop/share/ament_index/resource_index/packages
[0.849s] copying package.xml -> /home/nam/Lekiwi_ws/install/omni_teleop/share/omni_teleop
[0.849s] running install_egg_info
[0.850s] Copying ../../build/omni_teleop/omni_teleop.egg-info to /home/nam/Lekiwi_ws/install/omni_teleop/lib/python3.10/site-packages/omni_teleop-0.0.0-py3.10.egg-info
[0.851s] running install_scripts
[0.866s] Installing omni_teleop_node script to /home/nam/Lekiwi_ws/install/omni_teleop/lib/omni_teleop
[0.866s] writing list of installed files to '/home/nam/Lekiwi_ws/build/omni_teleop/install.log'
[0.890s] Invoked command in '/home/nam/Lekiwi_ws/src/omni_teleop' returned '0': PYTHONPATH=/home/nam/Lekiwi_ws/build/omni_teleop/prefix_override:/usr/lib/python3/dist-packages/colcon_core/task/python/colcon_distutils_commands:/home/nam/Lekiwi_ws/install/omni_teleop/lib/python3.10/site-packages:${PYTHONPATH} /usr/bin/python3 -W ignore:setup.py install is deprecated -W ignore:easy_install command is deprecated setup.py egg_info --egg-base ../../build/omni_teleop build --build-base /home/nam/Lekiwi_ws/build/omni_teleop/build install --record /home/nam/Lekiwi_ws/build/omni_teleop/install.log --single-version-externally-managed install_data
