[0.012s] Invoking command in '/home/nam/Lekiwi_ws/build/lekiwi_servo_control': CMAKE_PREFIX_PATH=${CMAKE_PREFIX_PATH}:/home/nam/turtlebot3_ws/install/turtlebot3_teleop:/home/nam/turtlebot3_ws/install/turtlebot3_example:/opt/ros/humble /home/nam/.local/bin/cmake --build /home/nam/Lekiwi_ws/build/lekiwi_servo_control -- -j12 -l12
[0.091s] -- Found ament_cmake: 1.3.11 (/opt/ros/humble/share/ament_cmake/cmake)
[0.266s] -- Found rclcpp: 16.0.12 (/opt/ros/humble/share/rclcpp/cmake)
[0.295s] -- Found rosidl_generator_c: 3.1.6 (/opt/ros/humble/share/rosidl_generator_c/cmake)
[0.297s] -- Found rosidl_adapter: 3.1.6 (/opt/ros/humble/share/rosidl_adapter/cmake)
[0.302s] -- Found rosidl_generator_cpp: 3.1.6 (/opt/ros/humble/share/rosidl_generator_cpp/cmake)
[0.312s] -- Using all available rosidl_typesupport_c: rosidl_typesupport_fastrtps_c;rosidl_typesupport_introspection_c
[0.325s] -- Using all available rosidl_typesupport_cpp: rosidl_typesupport_fastrtps_cpp;rosidl_typesupport_introspection_cpp
[0.358s] -- Found rmw_implementation_cmake: 6.1.2 (/opt/ros/humble/share/rmw_implementation_cmake/cmake)
[0.360s] -- Found rmw_fastrtps_cpp: 6.2.7 (/opt/ros/humble/share/rmw_fastrtps_cpp/cmake)
[0.485s] -- Using RMW implementation 'rmw_fastrtps_cpp' as default
[0.538s] -- Found sensor_msgs: 4.8.0 (/opt/ros/humble/share/sensor_msgs/cmake)
[0.573s] -- Looking for ignition-gazebo6 -- found version 6.17.0
[0.577s] -- Searching for dependencies of ignition-gazebo6
[0.577s] -- Looking for sdformat12 -- found version 12.8.0
[0.577s] -- Searching for dependencies of sdformat12
[0.582s] -- Checking for module 'tinyxml2'
[0.596s] --   Found tinyxml2, version 9.0.0
[0.627s] -- Looking for ignition-math6 -- found version 6.15.1
[0.627s] -- Searching for dependencies of ignition-math6
[0.627s] -- Looking for ignition-utils1 -- found version 1.5.1
[0.628s] -- Searching for dependencies of ignition-utils1
[0.629s] -- Looking for ignition-plugin1 -- found version 1.4.0
[0.629s] -- Searching for dependencies of ignition-plugin1
[0.629s] -- Searching for <ignition-plugin1> component [loader]
[0.630s] -- Looking for ignition-plugin1-loader -- found version 1.4.0
[0.630s] -- Searching for dependencies of ignition-plugin1-loader
[0.630s] -- Searching for <ignition-plugin1> component [register]
[0.631s] -- Looking for ignition-plugin1-register -- found version 1.4.0
[0.631s] -- Searching for dependencies of ignition-plugin1-register
[0.632s] -- Looking for ignition-transport11 -- found version 11.4.1
[0.632s] -- Searching for dependencies of ignition-transport11
[0.671s] -- Config-file not installed for ZeroMQ -- checking for pkg-config
[0.676s] -- Checking for module 'libzmq >= 4'
[0.691s] --   Found libzmq, version 4.3.4
[0.730s] -- Checking for module 'uuid'
[0.744s] --   Found uuid, version 2.37.2
[0.775s] -- Looking for ignition-utils1 -- found version 1.5.1
[0.775s] -- Searching for dependencies of ignition-utils1
[0.775s] -- Searching for <ignition-utils1> component [cli]
[0.776s] -- Looking for ignition-utils1-cli -- found version 1.5.1
[0.776s] -- Searching for dependencies of ignition-utils1-cli
[0.777s] -- Looking for ignition-msgs8 -- found version 8.7.0
[0.777s] -- Searching for dependencies of ignition-msgs8
[0.799s] -- Found Protobuf: /usr/lib/x86_64-linux-gnu/libprotobuf.so (found suitable version "3.12.4", minimum required is "3")
[0.800s] -- Looking for ignition-math6 -- found version 6.15.1
[0.809s] -- Searching for <ignition-transport11> component [log]
[0.809s] -- Looking for ignition-transport11-log -- found version 11.4.1
[0.809s] -- Searching for dependencies of ignition-transport11-log
[0.810s] -- Searching for <ignition-transport11> component [parameters]
[0.810s] -- Looking for ignition-transport11-parameters -- found version 11.4.1
[0.810s] -- Searching for dependencies of ignition-transport11-parameters
[0.811s] -- Looking for ignition-msgs8 -- found version 8.7.0
[0.811s] -- Looking for ignition-common4 -- found version 4.7.0
[0.812s] -- Searching for dependencies of ignition-common4
[0.812s] -- Looking for dlfcn.h - found
[0.812s] -- Looking for libdl - found
[0.822s] -- Searching for <ignition-common4> component [profiler]
[0.822s] -- Looking for ignition-common4-profiler -- found version 4.7.0
[0.822s] -- Searching for dependencies of ignition-common4-profiler
[0.823s] -- Searching for <ignition-common4> component [events]
[0.823s] -- Looking for ignition-common4-events -- found version 4.7.0
[0.823s] -- Searching for dependencies of ignition-common4-events
[0.823s] -- Looking for ignition-math6 -- found version 6.15.1
[0.824s] -- Searching for <ignition-common4> component [av]
[0.824s] -- Looking for ignition-common4-av -- found version 4.7.0
[0.824s] -- Searching for dependencies of ignition-common4-av
[0.829s] -- Checking for module 'libswscale'
[0.843s] --   Found libswscale, version 5.9.100
[0.879s] -- Checking for module 'libavdevice >= 56.4.100'
[0.894s] --   Found libavdevice, version 58.13.100
[0.933s] -- Checking for module 'libavformat'
[0.947s] --   Found libavformat, version 58.76.100
[0.985s] -- Checking for module 'libavcodec'
[0.998s] --   Found libavcodec, version 58.134.100
[1.035s] -- Checking for module 'libavutil'
[1.049s] --   Found libavutil, version 56.70.100
[1.081s] -- Looking for ignition-fuel_tools7 -- found version 7.3.1
[1.081s] -- Searching for dependencies of ignition-fuel_tools7
[1.122s] [0mCMake Deprecation Warning at /usr/lib/x86_64-linux-gnu/cmake/jsoncpp/jsoncppConfig.cmake:2 (cmake_policy):
[1.122s]   Compatibility with CMake < 3.10 will be removed from a future version of
[1.122s]   CMake.
[1.122s] 
[1.122s]   Update the VERSION argument <min> value.  Or, use the <min>...<max> syntax
[1.123s]   to tell CMake that the project requires at least <min> but has been updated
[1.123s]   to work with policies introduced by <max> or earlier.
[1.123s] Call Stack (most recent call first):
[1.123s]   /usr/share/cmake/ignition-cmake2/cmake2/FindJSONCPP.cmake:34 (find_package)
[1.123s]   /home/nam/ignition_fortress_ws/install/ignition-fuel_tools7/lib/cmake/ignition-fuel_tools7/ignition-fuel_tools7-config.cmake:94 (find_package)
[1.123s]   /usr/lib/x86_64-linux-gnu/cmake/ignition-gazebo6/ignition-gazebo6-config.cmake:97 (find_package)
[1.123s]   CMakeLists.txt:8 (find_package)
[1.123s] 
[1.123s] [0m
[1.128s] -- Checking for module 'jsoncpp'
[1.142s] --   Found jsoncpp, version 1.9.5
[1.178s] -- Checking for module 'libzip'
[1.191s] --   Found libzip, version 1.7.3
[1.222s] -- Looking for ignition-common4 -- found version 4.7.0
[1.222s] -- Looking for ignition-math6 -- found version 6.15.1
[1.222s] -- Looking for ignition-msgs8 -- found version 8.7.0
[1.223s] -- Looking for ignition-gui6 -- found version 6.8.0
[1.224s] -- Searching for dependencies of ignition-gui6
[1.256s] -- Looking for ignition-math6 -- found version 6.15.1
[1.256s] -- Looking for ignition-common4 -- found version 4.7.0
[1.257s] -- Looking for ignition-plugin1 -- found version 1.4.0
[1.257s] -- Looking for ignition-transport11 -- found version 11.4.1
[1.258s] -- Looking for ignition-rendering6 -- found version 6.6.3
[1.258s] -- Searching for dependencies of ignition-rendering6
[1.258s] -- Looking for ignition-math6 -- found version 6.15.1
[1.259s] -- Searching for dependencies of ignition-math6
[1.259s] -- Searching for <ignition-math6> component [eigen3]
[1.259s] -- Looking for ignition-math6-eigen3 -- found version 6.15.1
[1.259s] -- Searching for dependencies of ignition-math6-eigen3
[1.261s] -- Looking for ignition-common4 -- found version 4.7.0
[1.261s] -- Searching for dependencies of ignition-common4
[1.261s] -- Looking for dlfcn.h - found
[1.261s] -- Looking for libdl - found
[1.272s] -- Searching for <ignition-common4> component [graphics]
[1.273s] -- Looking for ignition-common4-graphics -- found version 4.7.0
[1.273s] -- Searching for dependencies of ignition-common4-graphics
[1.273s] -- Looking for ignition-math6 -- found version 6.15.1
[1.274s] -- Looking for ignition-utils1 -- found version 1.5.1
[1.274s] -- Searching for <ignition-common4> component [events]
[1.275s] -- Looking for ignition-plugin1 -- found version 1.4.0
[1.275s] -- Searching for dependencies of ignition-plugin1
[1.275s] -- Searching for <ignition-plugin1> component [all]
[1.275s] -- Looking for all libraries of ignition-plugin1 -- found version 1.4.0
[1.276s] -- Looking for ignition-plugin1 -- found version 1.4.0
[1.277s] -- Looking for ignition-msgs8 -- found version 8.7.0
[1.293s] -- Looking for ignition-physics5 -- found version 5.3.2
[1.293s] -- Searching for dependencies of ignition-physics5
[1.293s] -- Looking for ignition-math6 -- found version 6.15.1
[1.293s] -- Looking for ignition-plugin1 -- found version 1.4.0
[1.294s] -- Looking for ignition-utils1 -- found version 1.5.1
[1.295s] -- Searching for <ignition-physics5> component [heightmap]
[1.295s] -- Looking for ignition-physics5-heightmap -- found version 5.3.2
[1.295s] -- Searching for dependencies of ignition-physics5-heightmap
[1.296s] -- Looking for ignition-common4 -- found version 4.7.0
[1.296s] -- Searching for <ignition-physics5> component [mesh]
[1.296s] -- Looking for ignition-physics5-mesh -- found version 5.3.2
[1.296s] -- Searching for dependencies of ignition-physics5-mesh
[1.297s] -- Looking for ignition-common4 -- found version 4.7.0
[1.297s] -- Searching for <ignition-physics5> component [sdf]
[1.298s] -- Looking for ignition-physics5-sdf -- found version 5.3.2
[1.298s] -- Searching for dependencies of ignition-physics5-sdf
[1.298s] -- Looking for sdformat12 -- found version 12.8.0
[1.299s] -- Looking for ignition-sensors6 -- found version 6.8.1
[1.299s] -- Searching for dependencies of ignition-sensors6
[1.322s] -- Found Protobuf: /usr/lib/x86_64-linux-gnu/libprotobuf.so (found version "3.12.4")
[1.323s] -- Looking for ignition-math6 -- found version 6.15.1
[1.323s] -- Looking for ignition-common4 -- found version 4.7.0
[1.324s] -- Looking for ignition-transport11 -- found version 11.4.1
[1.324s] -- Looking for ignition-rendering6 -- found version 6.6.3
[1.324s] -- Looking for ignition-msgs8 -- found version 8.7.0
[1.325s] -- Looking for sdformat12 -- found version 12.8.0
[1.325s] -- Searching for <ignition-sensors6> component [air_pressure]
[1.326s] -- Looking for ignition-sensors6-air_pressure -- found version 6.8.1
[1.326s] -- Searching for dependencies of ignition-sensors6-air_pressure
[1.327s] -- Searching for <ignition-sensors6> component [altimeter]
[1.327s] -- Looking for ignition-sensors6-altimeter -- found version 6.8.1
[1.327s] -- Searching for dependencies of ignition-sensors6-altimeter
[1.328s] -- Searching for <ignition-sensors6> component [imu]
[1.328s] -- Looking for ignition-sensors6-imu -- found version 6.8.1
[1.328s] -- Searching for dependencies of ignition-sensors6-imu
[1.329s] -- Searching for <ignition-sensors6> component [force_torque]
[1.329s] -- Looking for ignition-sensors6-force_torque -- found version 6.8.1
[1.329s] -- Searching for dependencies of ignition-sensors6-force_torque
[1.330s] -- Searching for <ignition-sensors6> component [logical_camera]
[1.330s] -- Looking for ignition-sensors6-logical_camera -- found version 6.8.1
[1.330s] -- Searching for dependencies of ignition-sensors6-logical_camera
[1.331s] -- Searching for <ignition-sensors6> component [magnetometer]
[1.331s] -- Looking for ignition-sensors6-magnetometer -- found version 6.8.1
[1.332s] -- Searching for dependencies of ignition-sensors6-magnetometer
[1.332s] -- Searching for <ignition-sensors6> component [navsat]
[1.332s] -- Looking for ignition-sensors6-navsat -- found version 6.8.1
[1.333s] -- Searching for dependencies of ignition-sensors6-navsat
[1.333s] -- Searching for <ignition-sensors6> component [rendering]
[1.333s] -- Looking for ignition-sensors6-rendering -- found version 6.8.1
[1.334s] -- Searching for dependencies of ignition-sensors6-rendering
[1.334s] -- Searching for <ignition-sensors6> component [lidar]
[1.335s] -- Looking for ignition-sensors6-lidar -- found version 6.8.1
[1.335s] -- Searching for dependencies of ignition-sensors6-lidar
[1.335s] -- Looking for ignition-sensors6 -- found version 6.8.1
[1.336s] -- Searching for <ignition-sensors6> component [gpu_lidar]
[1.336s] -- Looking for ignition-sensors6-gpu_lidar -- found version 6.8.1
[1.336s] -- Searching for dependencies of ignition-sensors6-gpu_lidar
[1.337s] -- Looking for ignition-sensors6 -- found version 6.8.1
[1.338s] -- Searching for <ignition-sensors6> component [camera]
[1.338s] -- Looking for ignition-sensors6-camera -- found version 6.8.1
[1.338s] -- Searching for dependencies of ignition-sensors6-camera
[1.339s] -- Looking for ignition-sensors6 -- found version 6.8.1
[1.339s] -- Searching for <ignition-sensors6> component [boundingbox_camera]
[1.339s] -- Looking for ignition-sensors6-boundingbox_camera -- found version 6.8.1
[1.340s] -- Searching for dependencies of ignition-sensors6-boundingbox_camera
[1.340s] -- Searching for <ignition-sensors6> component [segmentation_camera]
[1.340s] -- Looking for ignition-sensors6-segmentation_camera -- found version 6.8.1
[1.341s] -- Searching for dependencies of ignition-sensors6-segmentation_camera
[1.341s] -- Searching for <ignition-sensors6> component [depth_camera]
[1.341s] -- Looking for ignition-sensors6-depth_camera -- found version 6.8.1
[1.342s] -- Searching for dependencies of ignition-sensors6-depth_camera
[1.342s] -- Looking for ignition-sensors6 -- found version 6.8.1
[1.342s] -- Searching for <ignition-sensors6> component [rgbd_camera]
[1.343s] -- Looking for ignition-sensors6-rgbd_camera -- found version 6.8.1
[1.343s] -- Searching for dependencies of ignition-sensors6-rgbd_camera
[1.343s] -- Looking for ignition-sensors6 -- found version 6.8.1
[1.344s] -- Searching for <ignition-sensors6> component [thermal_camera]
[1.344s] -- Looking for ignition-sensors6-thermal_camera -- found version 6.8.1
[1.344s] -- Searching for dependencies of ignition-sensors6-thermal_camera
[1.345s] -- Looking for ignition-sensors6 -- found version 6.8.1
[1.346s] -- Looking for ignition-rendering6 -- found version 6.6.3
[1.346s] -- Looking for ignition-math6 -- found version 6.15.1
[1.346s] -- Looking for ignition-utils1 -- found version 1.5.1
[1.371s] -- Looking for ignition-plugin1 -- found version 1.4.0
[1.429s] -- Configuring done (1.3s)
[1.447s] -- Generating done (0.0s)
[1.450s] -- Build files have been written to: /home/nam/Lekiwi_ws/build/lekiwi_servo_control
[1.486s] [ 50%] [32mBuilding CXX object CMakeFiles/lekiwi_servo_control.dir/src/lekiwi_servo_control.cpp.o[0m
[2.197s] [01m[K/home/nam/Lekiwi_ws/src/lekiwi_servo_control/src/lekiwi_servo_control.cpp:13:10:[m[K [01;31m[Kfatal error: [m[Kignition/common/PID.hh: No such file or directory
[2.197s]    13 | #include [01;31m[K<ignition/common/PID.hh>[m[K
[2.198s]       |          [01;31m[K^~~~~~~~~~~~~~~~~~~~~~~~[m[K
[2.198s] compilation terminated.
[2.209s] gmake[2]: *** [CMakeFiles/lekiwi_servo_control.dir/build.make:79: CMakeFiles/lekiwi_servo_control.dir/src/lekiwi_servo_control.cpp.o] Error 1
[2.209s] gmake[1]: *** [CMakeFiles/Makefile2:153: CMakeFiles/lekiwi_servo_control.dir/all] Error 2
[2.210s] gmake: *** [Makefile:146: all] Error 2
[2.212s] Invoked command in '/home/nam/Lekiwi_ws/build/lekiwi_servo_control' returned '2': CMAKE_PREFIX_PATH=${CMAKE_PREFIX_PATH}:/home/nam/turtlebot3_ws/install/turtlebot3_teleop:/home/nam/turtlebot3_ws/install/turtlebot3_example:/opt/ros/humble /home/nam/.local/bin/cmake --build /home/nam/Lekiwi_ws/build/lekiwi_servo_control -- -j12 -l12
