[0.013s] Invoking command in '/home/nam/Lekiwi_ws/build/lekiwi_servo_control': CMAKE_PREFIX_PATH=${CMAKE_PREFIX_PATH}:/home/nam/Lekiwi_ws/install/omni_teleop:/home/nam/turtlebot3_ws/install/turtlebot3_teleop:/home/nam/turtlebot3_ws/install/turtlebot3_example:/opt/ros/humble /home/nam/.local/bin/cmake --build /home/nam/Lekiwi_ws/build/lekiwi_servo_control -- -j12 -l12
[0.098s] -- Found ament_cmake: 1.3.11 (/opt/ros/humble/share/ament_cmake/cmake)
[0.273s] -- Found rclcpp: 16.0.12 (/opt/ros/humble/share/rclcpp/cmake)
[0.302s] -- Found rosidl_generator_c: 3.1.6 (/opt/ros/humble/share/rosidl_generator_c/cmake)
[0.305s] -- Found rosidl_adapter: 3.1.6 (/opt/ros/humble/share/rosidl_adapter/cmake)
[0.310s] -- Found rosidl_generator_cpp: 3.1.6 (/opt/ros/humble/share/rosidl_generator_cpp/cmake)
[0.320s] -- Using all available rosidl_typesupport_c: rosidl_typesupport_fastrtps_c;rosidl_typesupport_introspection_c
[0.333s] -- Using all available rosidl_typesupport_cpp: rosidl_typesupport_fastrtps_cpp;rosidl_typesupport_introspection_cpp
[0.366s] -- Found rmw_implementation_cmake: 6.1.2 (/opt/ros/humble/share/rmw_implementation_cmake/cmake)
[0.369s] -- Found rmw_fastrtps_cpp: 6.2.7 (/opt/ros/humble/share/rmw_fastrtps_cpp/cmake)
[0.501s] -- Using RMW implementation 'rmw_fastrtps_cpp' as default
[0.556s] -- Found sensor_msgs: 4.8.0 (/opt/ros/humble/share/sensor_msgs/cmake)
[0.590s] -- Looking for ignition-gazebo6 -- found version 6.17.0
[0.594s] -- Searching for dependencies of ignition-gazebo6
[0.594s] -- Looking for sdformat12 -- found version 12.8.0
[0.594s] -- Searching for dependencies of sdformat12
[0.599s] -- Checking for module 'tinyxml2'
[0.615s] --   Found tinyxml2, version 9.0.0
[0.647s] -- Looking for ignition-math6 -- found version 6.15.1
[0.648s] -- Searching for dependencies of ignition-math6
[0.648s] -- Looking for ignition-utils1 -- found version 1.5.1
[0.648s] -- Searching for dependencies of ignition-utils1
[0.650s] -- Looking for ignition-plugin1 -- found version 1.4.0
[0.650s] -- Searching for dependencies of ignition-plugin1
[0.650s] -- Searching for <ignition-plugin1> component [loader]
[0.650s] -- Looking for ignition-plugin1-loader -- found version 1.4.0
[0.651s] -- Searching for dependencies of ignition-plugin1-loader
[0.651s] -- Searching for <ignition-plugin1> component [register]
[0.652s] -- Looking for ignition-plugin1-register -- found version 1.4.0
[0.652s] -- Searching for dependencies of ignition-plugin1-register
[0.653s] -- Looking for ignition-transport11 -- found version 11.4.1
[0.653s] -- Searching for dependencies of ignition-transport11
[0.693s] -- Config-file not installed for ZeroMQ -- checking for pkg-config
[0.698s] -- Checking for module 'libzmq >= 4'
[0.713s] --   Found libzmq, version 4.3.4
[0.755s] -- Checking for module 'uuid'
[0.769s] --   Found uuid, version 2.37.2
[0.801s] -- Looking for ignition-utils1 -- found version 1.5.1
[0.801s] -- Searching for dependencies of ignition-utils1
[0.801s] -- Searching for <ignition-utils1> component [cli]
[0.802s] -- Looking for ignition-utils1-cli -- found version 1.5.1
[0.802s] -- Searching for dependencies of ignition-utils1-cli
[0.803s] -- Looking for ignition-msgs8 -- found version 8.7.0
[0.803s] -- Searching for dependencies of ignition-msgs8
[0.826s] -- Found Protobuf: /usr/lib/x86_64-linux-gnu/libprotobuf.so (found suitable version "3.12.4", minimum required is "3")
[0.826s] -- Looking for ignition-math6 -- found version 6.15.1
[0.836s] -- Searching for <ignition-transport11> component [log]
[0.837s] -- Looking for ignition-transport11-log -- found version 11.4.1
[0.837s] -- Searching for dependencies of ignition-transport11-log
[0.837s] -- Searching for <ignition-transport11> component [parameters]
[0.837s] -- Looking for ignition-transport11-parameters -- found version 11.4.1
[0.838s] -- Searching for dependencies of ignition-transport11-parameters
[0.838s] -- Looking for ignition-msgs8 -- found version 8.7.0
[0.839s] -- Looking for ignition-common4 -- found version 4.7.0
[0.839s] -- Searching for dependencies of ignition-common4
[0.839s] -- Looking for dlfcn.h - found
[0.839s] -- Looking for libdl - found
[0.850s] -- Searching for <ignition-common4> component [profiler]
[0.850s] -- Looking for ignition-common4-profiler -- found version 4.7.0
[0.850s] -- Searching for dependencies of ignition-common4-profiler
[0.851s] -- Searching for <ignition-common4> component [events]
[0.851s] -- Looking for ignition-common4-events -- found version 4.7.0
[0.851s] -- Searching for dependencies of ignition-common4-events
[0.852s] -- Looking for ignition-math6 -- found version 6.15.1
[0.852s] -- Searching for <ignition-common4> component [av]
[0.852s] -- Looking for ignition-common4-av -- found version 4.7.0
[0.852s] -- Searching for dependencies of ignition-common4-av
[0.857s] -- Checking for module 'libswscale'
[0.871s] --   Found libswscale, version 5.9.100
[0.908s] -- Checking for module 'libavdevice >= 56.4.100'
[0.922s] --   Found libavdevice, version 58.13.100
[0.966s] -- Checking for module 'libavformat'
[0.977s] --   Found libavformat, version 58.76.100
[1.017s] -- Checking for module 'libavcodec'
[1.033s] --   Found libavcodec, version 58.134.100
[1.072s] -- Checking for module 'libavutil'
[1.087s] --   Found libavutil, version 56.70.100
[1.121s] -- Looking for ignition-fuel_tools7 -- found version 7.3.1
[1.122s] -- Searching for dependencies of ignition-fuel_tools7
[1.164s] [0mCMake Deprecation Warning at /usr/lib/x86_64-linux-gnu/cmake/jsoncpp/jsoncppConfig.cmake:2 (cmake_policy):
[1.164s]   Compatibility with CMake < 3.10 will be removed from a future version of
[1.164s]   CMake.
[1.164s] 
[1.164s]   Update the VERSION argument <min> value.  Or, use the <min>...<max> syntax
[1.164s]   to tell CMake that the project requires at least <min> but has been updated
[1.164s]   to work with policies introduced by <max> or earlier.
[1.164s] Call Stack (most recent call first):
[1.164s]   /usr/share/cmake/ignition-cmake2/cmake2/FindJSONCPP.cmake:34 (find_package)
[1.164s]   /home/nam/ignition_fortress_ws/install/ignition-fuel_tools7/lib/cmake/ignition-fuel_tools7/ignition-fuel_tools7-config.cmake:94 (find_package)
[1.164s]   /usr/lib/x86_64-linux-gnu/cmake/ignition-gazebo6/ignition-gazebo6-config.cmake:97 (find_package)
[1.164s]   CMakeLists.txt:8 (find_package)
[1.164s] 
[1.164s] [0m
[1.169s] -- Checking for module 'jsoncpp'
[1.184s] --   Found jsoncpp, version 1.9.5
[1.223s] -- Checking for module 'libzip'
[1.238s] --   Found libzip, version 1.7.3
[1.271s] -- Looking for ignition-common4 -- found version 4.7.0
[1.271s] -- Looking for ignition-math6 -- found version 6.15.1
[1.272s] -- Looking for ignition-msgs8 -- found version 8.7.0
[1.273s] -- Looking for ignition-gui6 -- found version 6.8.0
[1.273s] -- Searching for dependencies of ignition-gui6
[1.305s] -- Looking for ignition-math6 -- found version 6.15.1
[1.306s] -- Looking for ignition-common4 -- found version 4.7.0
[1.306s] -- Looking for ignition-plugin1 -- found version 1.4.0
[1.306s] -- Looking for ignition-transport11 -- found version 11.4.1
[1.307s] -- Looking for ignition-rendering6 -- found version 6.6.3
[1.307s] -- Searching for dependencies of ignition-rendering6
[1.307s] -- Looking for ignition-math6 -- found version 6.15.1
[1.307s] -- Searching for dependencies of ignition-math6
[1.307s] -- Searching for <ignition-math6> component [eigen3]
[1.308s] -- Looking for ignition-math6-eigen3 -- found version 6.15.1
[1.308s] -- Searching for dependencies of ignition-math6-eigen3
[1.309s] -- Looking for ignition-common4 -- found version 4.7.0
[1.309s] -- Searching for dependencies of ignition-common4
[1.310s] -- Looking for dlfcn.h - found
[1.310s] -- Looking for libdl - found
[1.319s] -- Searching for <ignition-common4> component [graphics]
[1.320s] -- Looking for ignition-common4-graphics -- found version 4.7.0
[1.320s] -- Searching for dependencies of ignition-common4-graphics
[1.320s] -- Looking for ignition-math6 -- found version 6.15.1
[1.321s] -- Looking for ignition-utils1 -- found version 1.5.1
[1.321s] -- Searching for <ignition-common4> component [events]
[1.321s] -- Looking for ignition-plugin1 -- found version 1.4.0
[1.322s] -- Searching for dependencies of ignition-plugin1
[1.322s] -- Searching for <ignition-plugin1> component [all]
[1.322s] -- Looking for all libraries of ignition-plugin1 -- found version 1.4.0
[1.323s] -- Looking for ignition-plugin1 -- found version 1.4.0
[1.324s] -- Looking for ignition-msgs8 -- found version 8.7.0
[1.338s] -- Looking for ignition-physics5 -- found version 5.3.2
[1.338s] -- Searching for dependencies of ignition-physics5
[1.339s] -- Looking for ignition-math6 -- found version 6.15.1
[1.339s] -- Looking for ignition-plugin1 -- found version 1.4.0
[1.339s] -- Looking for ignition-utils1 -- found version 1.5.1
[1.340s] -- Searching for <ignition-physics5> component [heightmap]
[1.341s] -- Looking for ignition-physics5-heightmap -- found version 5.3.2
[1.341s] -- Searching for dependencies of ignition-physics5-heightmap
[1.341s] -- Looking for ignition-common4 -- found version 4.7.0
[1.342s] -- Searching for <ignition-physics5> component [mesh]
[1.342s] -- Looking for ignition-physics5-mesh -- found version 5.3.2
[1.342s] -- Searching for dependencies of ignition-physics5-mesh
[1.343s] -- Looking for ignition-common4 -- found version 4.7.0
[1.343s] -- Searching for <ignition-physics5> component [sdf]
[1.343s] -- Looking for ignition-physics5-sdf -- found version 5.3.2
[1.343s] -- Searching for dependencies of ignition-physics5-sdf
[1.344s] -- Looking for sdformat12 -- found version 12.8.0
[1.345s] -- Looking for ignition-sensors6 -- found version 6.8.1
[1.345s] -- Searching for dependencies of ignition-sensors6
[1.368s] -- Found Protobuf: /usr/lib/x86_64-linux-gnu/libprotobuf.so (found version "3.12.4")
[1.369s] -- Looking for ignition-math6 -- found version 6.15.1
[1.369s] -- Looking for ignition-common4 -- found version 4.7.0
[1.369s] -- Looking for ignition-transport11 -- found version 11.4.1
[1.370s] -- Looking for ignition-rendering6 -- found version 6.6.3
[1.370s] -- Looking for ignition-msgs8 -- found version 8.7.0
[1.370s] -- Looking for sdformat12 -- found version 12.8.0
[1.371s] -- Searching for <ignition-sensors6> component [air_pressure]
[1.371s] -- Looking for ignition-sensors6-air_pressure -- found version 6.8.1
[1.372s] -- Searching for dependencies of ignition-sensors6-air_pressure
[1.372s] -- Searching for <ignition-sensors6> component [altimeter]
[1.372s] -- Looking for ignition-sensors6-altimeter -- found version 6.8.1
[1.373s] -- Searching for dependencies of ignition-sensors6-altimeter
[1.373s] -- Searching for <ignition-sensors6> component [imu]
[1.373s] -- Looking for ignition-sensors6-imu -- found version 6.8.1
[1.374s] -- Searching for dependencies of ignition-sensors6-imu
[1.374s] -- Searching for <ignition-sensors6> component [force_torque]
[1.374s] -- Looking for ignition-sensors6-force_torque -- found version 6.8.1
[1.375s] -- Searching for dependencies of ignition-sensors6-force_torque
[1.375s] -- Searching for <ignition-sensors6> component [logical_camera]
[1.375s] -- Looking for ignition-sensors6-logical_camera -- found version 6.8.1
[1.376s] -- Searching for dependencies of ignition-sensors6-logical_camera
[1.376s] -- Searching for <ignition-sensors6> component [magnetometer]
[1.376s] -- Looking for ignition-sensors6-magnetometer -- found version 6.8.1
[1.377s] -- Searching for dependencies of ignition-sensors6-magnetometer
[1.377s] -- Searching for <ignition-sensors6> component [navsat]
[1.377s] -- Looking for ignition-sensors6-navsat -- found version 6.8.1
[1.378s] -- Searching for dependencies of ignition-sensors6-navsat
[1.378s] -- Searching for <ignition-sensors6> component [rendering]
[1.378s] -- Looking for ignition-sensors6-rendering -- found version 6.8.1
[1.378s] -- Searching for dependencies of ignition-sensors6-rendering
[1.379s] -- Searching for <ignition-sensors6> component [lidar]
[1.379s] -- Looking for ignition-sensors6-lidar -- found version 6.8.1
[1.379s] -- Searching for dependencies of ignition-sensors6-lidar
[1.380s] -- Looking for ignition-sensors6 -- found version 6.8.1
[1.380s] -- Searching for <ignition-sensors6> component [gpu_lidar]
[1.381s] -- Looking for ignition-sensors6-gpu_lidar -- found version 6.8.1
[1.381s] -- Searching for dependencies of ignition-sensors6-gpu_lidar
[1.381s] -- Looking for ignition-sensors6 -- found version 6.8.1
[1.382s] -- Searching for <ignition-sensors6> component [camera]
[1.382s] -- Looking for ignition-sensors6-camera -- found version 6.8.1
[1.382s] -- Searching for dependencies of ignition-sensors6-camera
[1.383s] -- Looking for ignition-sensors6 -- found version 6.8.1
[1.383s] -- Searching for <ignition-sensors6> component [boundingbox_camera]
[1.384s] -- Looking for ignition-sensors6-boundingbox_camera -- found version 6.8.1
[1.384s] -- Searching for dependencies of ignition-sensors6-boundingbox_camera
[1.384s] -- Searching for <ignition-sensors6> component [segmentation_camera]
[1.385s] -- Looking for ignition-sensors6-segmentation_camera -- found version 6.8.1
[1.385s] -- Searching for dependencies of ignition-sensors6-segmentation_camera
[1.385s] -- Searching for <ignition-sensors6> component [depth_camera]
[1.386s] -- Looking for ignition-sensors6-depth_camera -- found version 6.8.1
[1.386s] -- Searching for dependencies of ignition-sensors6-depth_camera
[1.386s] -- Looking for ignition-sensors6 -- found version 6.8.1
[1.387s] -- Searching for <ignition-sensors6> component [rgbd_camera]
[1.387s] -- Looking for ignition-sensors6-rgbd_camera -- found version 6.8.1
[1.387s] -- Searching for dependencies of ignition-sensors6-rgbd_camera
[1.387s] -- Looking for ignition-sensors6 -- found version 6.8.1
[1.388s] -- Searching for <ignition-sensors6> component [thermal_camera]
[1.388s] -- Looking for ignition-sensors6-thermal_camera -- found version 6.8.1
[1.389s] -- Searching for dependencies of ignition-sensors6-thermal_camera
[1.389s] -- Looking for ignition-sensors6 -- found version 6.8.1
[1.390s] -- Looking for ignition-rendering6 -- found version 6.6.3
[1.390s] -- Looking for ignition-math6 -- found version 6.15.1
[1.391s] -- Looking for ignition-utils1 -- found version 1.5.1
[1.472s] -- Configuring done (1.4s)
[1.488s] -- Generating done (0.0s)
[1.491s] -- Build files have been written to: /home/nam/Lekiwi_ws/build/lekiwi_servo_control
[1.530s] [ 50%] [32mBuilding CXX object CMakeFiles/lekiwi_servo_control.dir/src/lekiwi_servo_control.cpp.o[0m
[6.629s] In file included from [01m[K/usr/include/ignition/plugin1/gz/plugin/Register.hh:22[m[K,
[6.630s]                  from [01m[K/usr/include/ignition/plugin1/ignition/plugin/Register.hh:18[m[K,
[6.630s]                  from [01m[K/home/nam/Lekiwi_ws/src/lekiwi_servo_control/src/lekiwi_servo_control.cpp:7[m[K:
[6.630s] [01m[K/home/nam/Lekiwi_ws/src/lekiwi_servo_control/src/lekiwi_servo_control.cpp:[m[K In constructor ‘[01m[Kignition::plugin::{anonymous}::ExecuteWhenLoadingLibrary0::ExecuteWhenLoadingLibrary0()[m[K’:
[6.630s] [01m[K/home/nam/Lekiwi_ws/src/lekiwi_servo_control/src/lekiwi_servo_control.cpp:170:3:[m[K [01;31m[Kerror: [m[K‘[01m[Klekiwi[m[K’ was not declared in this scope
[6.630s]   170 |   [01;31m[Klekiwi[m[K::ServoControlPlugin,
[6.630s]       |   [01;31m[K^~~~~~[m[K
[6.630s] [01m[K/home/nam/Lekiwi_ws/src/lekiwi_servo_control/src/lekiwi_servo_control.cpp:169:1:[m[K [01;31m[Kerror: [m[Ktemplate argument 1 is invalid
[6.630s]   169 | [01;31m[KIGNITION_ADD_PLUGIN[m[K(
[6.630s]       | [01;31m[K^~~~~~~~~~~~~~~~~~~[m[K
[6.630s] [01m[K/home/nam/Lekiwi_ws/src/lekiwi_servo_control/src/lekiwi_servo_control.cpp:169:1:[m[K [01;31m[Kerror: [m[Kqualified-id in declaration before ‘[01m[K([m[K’ token
[6.630s]   169 | [01;31m[KIGNITION_ADD_PLUGIN[m[K(
[6.630s]       | [01;31m[K^~~~~~~~~~~~~~~~~~~[m[K
[6.635s] [01m[K/home/nam/Lekiwi_ws/src/lekiwi_servo_control/src/lekiwi_servo_control.cpp:[m[K In constructor ‘[01m[Kignition::plugin::{anonymous}::ExecuteWhenLoadingLibrary1::ExecuteWhenLoadingLibrary1()[m[K’:
[6.635s] [01m[K/home/nam/Lekiwi_ws/src/lekiwi_servo_control/src/lekiwi_servo_control.cpp:176:27:[m[K [01;31m[Kerror: [m[K‘[01m[Klekiwi[m[K’ was not declared in this scope
[6.635s]   176 | IGNITION_ADD_PLUGIN_ALIAS([01;31m[Klekiwi[m[K::ServoControlPlugin, "lekiwi_servo_control")
[6.635s]       |                           [01;31m[K^~~~~~[m[K
[6.635s] [01m[K/home/nam/Lekiwi_ws/src/lekiwi_servo_control/src/lekiwi_servo_control.cpp:176:1:[m[K [01;31m[Kerror: [m[Ktemplate argument 1 is invalid
[6.635s]   176 | [01;31m[KIGNITION_ADD_PLUGIN_ALIAS[m[K(lekiwi::ServoControlPlugin, "lekiwi_servo_control")
[6.635s]       | [01;31m[K^~~~~~~~~~~~~~~~~~~~~~~~~[m[K
[6.635s] [01m[K/home/nam/Lekiwi_ws/src/lekiwi_servo_control/src/lekiwi_servo_control.cpp:176:1:[m[K [01;31m[Kerror: [m[Kqualified-id in declaration before ‘[01m[K([m[K’ token
[6.635s]   176 | [01;31m[KIGNITION_ADD_PLUGIN_ALIAS[m[K(lekiwi::ServoControlPlugin, "lekiwi_servo_control")
[6.635s]       | [01;31m[K^~~~~~~~~~~~~~~~~~~~~~~~~[m[K
[8.958s] gmake[2]: *** [CMakeFiles/lekiwi_servo_control.dir/build.make:79: CMakeFiles/lekiwi_servo_control.dir/src/lekiwi_servo_control.cpp.o] Error 1
[8.958s] gmake[1]: *** [CMakeFiles/Makefile2:153: CMakeFiles/lekiwi_servo_control.dir/all] Error 2
[8.958s] gmake: *** [Makefile:146: all] Error 2
[8.960s] Invoked command in '/home/nam/Lekiwi_ws/build/lekiwi_servo_control' returned '2': CMAKE_PREFIX_PATH=${CMAKE_PREFIX_PATH}:/home/nam/Lekiwi_ws/install/omni_teleop:/home/nam/turtlebot3_ws/install/turtlebot3_teleop:/home/nam/turtlebot3_ws/install/turtlebot3_example:/opt/ros/humble /home/nam/.local/bin/cmake --build /home/nam/Lekiwi_ws/build/lekiwi_servo_control -- -j12 -l12
