[0mCMake Deprecation Warning at CMakeLists.txt:1 (cmake_minimum_required):
  Compatibility with CMake < 3.10 will be removed from a future version of
  CMake.

  Update the VERSION argument <min> value.  Or, use the <min>...<max> syntax
  to tell CMake that the project requires at least <min> but has been updated
  to work with policies introduced by <max> or earlier.

[0m
[31mCMake Error at CMakeLists.txt:8 (find_package):
  By not providing "Findgazebo_ros.cmake" in CMAKE_MODULE_PATH this project
  has asked CMake to find a package configuration file provided by
  "gazebo_ros", but CMake did not find one.

  Could not find a package configuration file provided by "gazebo_ros" with
  any of the following names:

    gazebo_rosConfig.cmake
    gazebo_ros-config.cmake

  Add the installation prefix of "gazebo_ros" to CMAKE_PREFIX_PATH or set
  "gazebo_ros_DIR" to a directory containing one of the above files.  If
  "gazebo_ros" provides a separate development package or SDK, be sure it has
  been installed.

[0m
