[0.012s] Invoking command in '/home/nam/Lekiwi_ws/build/three_omni_plugin': CMAKE_PREFIX_PATH=${CMAKE_PREFIX_PATH}:/home/nam/Lekiwi_ws/install/omni_teleop:/home/nam/turtlebot3_ws/install/turtlebot3_teleop:/home/nam/turtlebot3_ws/install/turtlebot3_example:/opt/ros/humble /home/nam/.local/bin/cmake --build /home/nam/Lekiwi_ws/build/three_omni_plugin -- -j12 -l12
[0.092s] -- Found ament_cmake: 1.3.11 (/opt/ros/humble/share/ament_cmake/cmake)
[0.261s] -- Found rclcpp: 16.0.12 (/opt/ros/humble/share/rclcpp/cmake)
[0.291s] -- Found rosidl_generator_c: 3.1.6 (/opt/ros/humble/share/rosidl_generator_c/cmake)
[0.294s] -- Found rosidl_adapter: 3.1.6 (/opt/ros/humble/share/rosidl_adapter/cmake)
[0.299s] -- Found rosidl_generator_cpp: 3.1.6 (/opt/ros/humble/share/rosidl_generator_cpp/cmake)
[0.310s] -- Using all available rosidl_typesupport_c: rosidl_typesupport_fastrtps_c;rosidl_typesupport_introspection_c
[0.324s] -- Using all available rosidl_typesupport_cpp: rosidl_typesupport_fastrtps_cpp;rosidl_typesupport_introspection_cpp
[0.359s] -- Found rmw_implementation_cmake: 6.1.2 (/opt/ros/humble/share/rmw_implementation_cmake/cmake)
[0.361s] -- Found rmw_fastrtps_cpp: 6.2.7 (/opt/ros/humble/share/rmw_fastrtps_cpp/cmake)
[0.490s] -- Using RMW implementation 'rmw_fastrtps_cpp' as default
[0.544s] -- Found geometry_msgs: 4.8.0 (/opt/ros/humble/share/geometry_msgs/cmake)
[0.558s] -- Found nav_msgs: 4.8.0 (/opt/ros/humble/share/nav_msgs/cmake)
[0.577s] -- Found tf2_ros: 0.25.12 (/opt/ros/humble/share/tf2_ros/cmake)
[0.669s] -- Found tf2_geometry_msgs: 0.25.12 (/opt/ros/humble/share/tf2_geometry_msgs/cmake)
[0.672s] -- Found eigen3_cmake_module: 0.1.1 (/opt/ros/humble/share/eigen3_cmake_module/cmake)
[0.673s] -- Ensuring Eigen3 include directory is part of orocos-kdl CMake target
[0.675s] -- Looking for ignition-gazebo6 -- found version 6.17.0
[0.679s] -- Searching for dependencies of ignition-gazebo6
[0.680s] -- Looking for sdformat12 -- found version 12.8.0
[0.680s] -- Searching for dependencies of sdformat12
[0.685s] -- Checking for module 'tinyxml2'
[0.699s] --   Found tinyxml2, version 9.0.0
[0.734s] -- Looking for ignition-math6 -- found version 6.15.1
[0.734s] -- Searching for dependencies of ignition-math6
[0.735s] -- Looking for ignition-utils1 -- found version 1.5.1
[0.735s] -- Searching for dependencies of ignition-utils1
[0.737s] -- Looking for ignition-plugin1 -- found version 1.4.0
[0.737s] -- Searching for dependencies of ignition-plugin1
[0.737s] -- Searching for <ignition-plugin1> component [loader]
[0.738s] -- Looking for ignition-plugin1-loader -- found version 1.4.0
[0.738s] -- Searching for dependencies of ignition-plugin1-loader
[0.738s] -- Searching for <ignition-plugin1> component [register]
[0.739s] -- Looking for ignition-plugin1-register -- found version 1.4.0
[0.739s] -- Searching for dependencies of ignition-plugin1-register
[0.740s] -- Looking for ignition-transport11 -- found version 11.4.1
[0.740s] -- Searching for dependencies of ignition-transport11
[0.782s] -- Config-file not installed for ZeroMQ -- checking for pkg-config
[0.788s] -- Checking for module 'libzmq >= 4'
[0.804s] --   Found libzmq, version 4.3.4
[0.847s] -- Checking for module 'uuid'
[0.862s] --   Found uuid, version 2.37.2
[0.897s] -- Looking for ignition-utils1 -- found version 1.5.1
[0.897s] -- Searching for dependencies of ignition-utils1
[0.897s] -- Searching for <ignition-utils1> component [cli]
[0.897s] -- Looking for ignition-utils1-cli -- found version 1.5.1
[0.897s] -- Searching for dependencies of ignition-utils1-cli
[0.898s] -- Looking for ignition-msgs8 -- found version 8.7.0
[0.898s] -- Searching for dependencies of ignition-msgs8
[0.921s] -- Found Protobuf: /usr/lib/x86_64-linux-gnu/libprotobuf.so (found suitable version "3.12.4", minimum required is "3")
[0.922s] -- Looking for ignition-math6 -- found version 6.15.1
[0.933s] -- Searching for <ignition-transport11> component [log]
[0.933s] -- Looking for ignition-transport11-log -- found version 11.4.1
[0.934s] -- Searching for dependencies of ignition-transport11-log
[0.934s] -- Searching for <ignition-transport11> component [parameters]
[0.934s] -- Looking for ignition-transport11-parameters -- found version 11.4.1
[0.935s] -- Searching for dependencies of ignition-transport11-parameters
[0.935s] -- Looking for ignition-msgs8 -- found version 8.7.0
[0.936s] -- Looking for ignition-common4 -- found version 4.7.0
[0.936s] -- Searching for dependencies of ignition-common4
[0.936s] -- Looking for dlfcn.h - found
[0.936s] -- Looking for libdl - found
[0.948s] -- Searching for <ignition-common4> component [profiler]
[0.948s] -- Looking for ignition-common4-profiler -- found version 4.7.0
[0.949s] -- Searching for dependencies of ignition-common4-profiler
[0.949s] -- Searching for <ignition-common4> component [events]
[0.949s] -- Looking for ignition-common4-events -- found version 4.7.0
[0.950s] -- Searching for dependencies of ignition-common4-events
[0.950s] -- Looking for ignition-math6 -- found version 6.15.1
[0.950s] -- Searching for <ignition-common4> component [av]
[0.951s] -- Looking for ignition-common4-av -- found version 4.7.0
[0.951s] -- Searching for dependencies of ignition-common4-av
[0.956s] -- Checking for module 'libswscale'
[0.971s] --   Found libswscale, version 5.9.100
[1.011s] -- Checking for module 'libavdevice >= 56.4.100'
[1.026s] --   Found libavdevice, version 58.13.100
[1.068s] -- Checking for module 'libavformat'
[1.082s] --   Found libavformat, version 58.76.100
[1.121s] -- Checking for module 'libavcodec'
[1.136s] --   Found libavcodec, version 58.134.100
[1.175s] -- Checking for module 'libavutil'
[1.190s] --   Found libavutil, version 56.70.100
[1.223s] -- Looking for ignition-fuel_tools7 -- found version 7.3.1
[1.224s] -- Searching for dependencies of ignition-fuel_tools7
[1.272s] [0mCMake Deprecation Warning at /usr/lib/x86_64-linux-gnu/cmake/jsoncpp/jsoncppConfig.cmake:2 (cmake_policy):
[1.272s]   Compatibility with CMake < 3.10 will be removed from a future version of
[1.272s]   CMake.
[1.272s] 
[1.272s]   Update the VERSION argument <min> value.  Or, use the <min>...<max> syntax
[1.272s]   to tell CMake that the project requires at least <min> but has been updated
[1.272s]   to work with policies introduced by <max> or earlier.
[1.272s] Call Stack (most recent call first):
[1.272s]   /usr/share/cmake/ignition-cmake2/cmake2/FindJSONCPP.cmake:34 (find_package)
[1.273s]   /home/nam/ignition_fortress_ws/install/ignition-fuel_tools7/lib/cmake/ignition-fuel_tools7/ignition-fuel_tools7-config.cmake:94 (find_package)
[1.273s]   /usr/lib/x86_64-linux-gnu/cmake/ignition-gazebo6/ignition-gazebo6-config.cmake:97 (find_package)
[1.273s]   CMakeLists.txt:15 (find_package)
[1.273s] 
[1.273s] [0m
[1.279s] -- Checking for module 'jsoncpp'
[1.296s] --   Found jsoncpp, version 1.9.5
[1.342s] -- Checking for module 'libzip'
[1.360s] --   Found libzip, version 1.7.3
[1.401s] -- Looking for ignition-common4 -- found version 4.7.0
[1.402s] -- Looking for ignition-math6 -- found version 6.15.1
[1.402s] -- Looking for ignition-msgs8 -- found version 8.7.0
[1.404s] -- Looking for ignition-gui6 -- found version 6.8.0
[1.404s] -- Searching for dependencies of ignition-gui6
[1.446s] -- Looking for ignition-math6 -- found version 6.15.1
[1.447s] -- Looking for ignition-common4 -- found version 4.7.0
[1.447s] -- Looking for ignition-plugin1 -- found version 1.4.0
[1.448s] -- Looking for ignition-transport11 -- found version 11.4.1
[1.448s] -- Looking for ignition-rendering6 -- found version 6.6.3
[1.448s] -- Searching for dependencies of ignition-rendering6
[1.449s] -- Looking for ignition-math6 -- found version 6.15.1
[1.449s] -- Searching for dependencies of ignition-math6
[1.449s] -- Searching for <ignition-math6> component [eigen3]
[1.450s] -- Looking for ignition-math6-eigen3 -- found version 6.15.1
[1.450s] -- Searching for dependencies of ignition-math6-eigen3
[1.452s] -- Looking for ignition-common4 -- found version 4.7.0
[1.452s] -- Searching for dependencies of ignition-common4
[1.452s] -- Looking for dlfcn.h - found
[1.452s] -- Looking for libdl - found
[1.466s] -- Searching for <ignition-common4> component [graphics]
[1.466s] -- Looking for ignition-common4-graphics -- found version 4.7.0
[1.467s] -- Searching for dependencies of ignition-common4-graphics
[1.467s] -- Looking for ignition-math6 -- found version 6.15.1
[1.467s] -- Looking for ignition-utils1 -- found version 1.5.1
[1.468s] -- Searching for <ignition-common4> component [events]
[1.469s] -- Looking for ignition-plugin1 -- found version 1.4.0
[1.469s] -- Searching for dependencies of ignition-plugin1
[1.469s] -- Searching for <ignition-plugin1> component [all]
[1.470s] -- Looking for all libraries of ignition-plugin1 -- found version 1.4.0
[1.470s] -- Looking for ignition-plugin1 -- found version 1.4.0
[1.472s] -- Looking for ignition-msgs8 -- found version 8.7.0
[1.489s] -- Looking for ignition-physics5 -- found version 5.3.2
[1.490s] -- Searching for dependencies of ignition-physics5
[1.490s] -- Looking for ignition-math6 -- found version 6.15.1
[1.490s] -- Looking for ignition-plugin1 -- found version 1.4.0
[1.491s] -- Looking for ignition-utils1 -- found version 1.5.1
[1.492s] -- Searching for <ignition-physics5> component [heightmap]
[1.492s] -- Looking for ignition-physics5-heightmap -- found version 5.3.2
[1.492s] -- Searching for dependencies of ignition-physics5-heightmap
[1.493s] -- Looking for ignition-common4 -- found version 4.7.0
[1.493s] -- Searching for <ignition-physics5> component [mesh]
[1.493s] -- Looking for ignition-physics5-mesh -- found version 5.3.2
[1.494s] -- Searching for dependencies of ignition-physics5-mesh
[1.494s] -- Looking for ignition-common4 -- found version 4.7.0
[1.494s] -- Searching for <ignition-physics5> component [sdf]
[1.495s] -- Looking for ignition-physics5-sdf -- found version 5.3.2
[1.495s] -- Searching for dependencies of ignition-physics5-sdf
[1.495s] -- Looking for sdformat12 -- found version 12.8.0
[1.496s] -- Looking for ignition-sensors6 -- found version 6.8.1
[1.496s] -- Searching for dependencies of ignition-sensors6
[1.521s] -- Found Protobuf: /usr/lib/x86_64-linux-gnu/libprotobuf.so (found version "3.12.4")
[1.522s] -- Looking for ignition-math6 -- found version 6.15.1
[1.523s] -- Looking for ignition-common4 -- found version 4.7.0
[1.523s] -- Looking for ignition-transport11 -- found version 11.4.1
[1.523s] -- Looking for ignition-rendering6 -- found version 6.6.3
[1.524s] -- Looking for ignition-msgs8 -- found version 8.7.0
[1.525s] -- Looking for sdformat12 -- found version 12.8.0
[1.525s] -- Searching for <ignition-sensors6> component [air_pressure]
[1.526s] -- Looking for ignition-sensors6-air_pressure -- found version 6.8.1
[1.526s] -- Searching for dependencies of ignition-sensors6-air_pressure
[1.526s] -- Searching for <ignition-sensors6> component [altimeter]
[1.527s] -- Looking for ignition-sensors6-altimeter -- found version 6.8.1
[1.527s] -- Searching for dependencies of ignition-sensors6-altimeter
[1.527s] -- Searching for <ignition-sensors6> component [imu]
[1.527s] -- Looking for ignition-sensors6-imu -- found version 6.8.1
[1.528s] -- Searching for dependencies of ignition-sensors6-imu
[1.528s] -- Searching for <ignition-sensors6> component [force_torque]
[1.528s] -- Looking for ignition-sensors6-force_torque -- found version 6.8.1
[1.529s] -- Searching for dependencies of ignition-sensors6-force_torque
[1.529s] -- Searching for <ignition-sensors6> component [logical_camera]
[1.529s] -- Looking for ignition-sensors6-logical_camera -- found version 6.8.1
[1.530s] -- Searching for dependencies of ignition-sensors6-logical_camera
[1.530s] -- Searching for <ignition-sensors6> component [magnetometer]
[1.530s] -- Looking for ignition-sensors6-magnetometer -- found version 6.8.1
[1.531s] -- Searching for dependencies of ignition-sensors6-magnetometer
[1.531s] -- Searching for <ignition-sensors6> component [navsat]
[1.531s] -- Looking for ignition-sensors6-navsat -- found version 6.8.1
[1.532s] -- Searching for dependencies of ignition-sensors6-navsat
[1.532s] -- Searching for <ignition-sensors6> component [rendering]
[1.532s] -- Looking for ignition-sensors6-rendering -- found version 6.8.1
[1.532s] -- Searching for dependencies of ignition-sensors6-rendering
[1.533s] -- Searching for <ignition-sensors6> component [lidar]
[1.533s] -- Looking for ignition-sensors6-lidar -- found version 6.8.1
[1.533s] -- Searching for dependencies of ignition-sensors6-lidar
[1.534s] -- Looking for ignition-sensors6 -- found version 6.8.1
[1.534s] -- Searching for <ignition-sensors6> component [gpu_lidar]
[1.535s] -- Looking for ignition-sensors6-gpu_lidar -- found version 6.8.1
[1.535s] -- Searching for dependencies of ignition-sensors6-gpu_lidar
[1.535s] -- Looking for ignition-sensors6 -- found version 6.8.1
[1.536s] -- Searching for <ignition-sensors6> component [camera]
[1.536s] -- Looking for ignition-sensors6-camera -- found version 6.8.1
[1.536s] -- Searching for dependencies of ignition-sensors6-camera
[1.537s] -- Looking for ignition-sensors6 -- found version 6.8.1
[1.537s] -- Searching for <ignition-sensors6> component [boundingbox_camera]
[1.537s] -- Looking for ignition-sensors6-boundingbox_camera -- found version 6.8.1
[1.537s] -- Searching for dependencies of ignition-sensors6-boundingbox_camera
[1.538s] -- Searching for <ignition-sensors6> component [segmentation_camera]
[1.538s] -- Looking for ignition-sensors6-segmentation_camera -- found version 6.8.1
[1.538s] -- Searching for dependencies of ignition-sensors6-segmentation_camera
[1.539s] -- Searching for <ignition-sensors6> component [depth_camera]
[1.539s] -- Looking for ignition-sensors6-depth_camera -- found version 6.8.1
[1.540s] -- Searching for dependencies of ignition-sensors6-depth_camera
[1.540s] -- Looking for ignition-sensors6 -- found version 6.8.1
[1.541s] -- Searching for <ignition-sensors6> component [rgbd_camera]
[1.541s] -- Looking for ignition-sensors6-rgbd_camera -- found version 6.8.1
[1.541s] -- Searching for dependencies of ignition-sensors6-rgbd_camera
[1.542s] -- Looking for ignition-sensors6 -- found version 6.8.1
[1.542s] -- Searching for <ignition-sensors6> component [thermal_camera]
[1.543s] -- Looking for ignition-sensors6-thermal_camera -- found version 6.8.1
[1.543s] -- Searching for dependencies of ignition-sensors6-thermal_camera
[1.543s] -- Looking for ignition-sensors6 -- found version 6.8.1
[1.544s] -- Looking for ignition-rendering6 -- found version 6.6.3
[1.544s] -- Looking for ignition-math6 -- found version 6.15.1
[1.545s] -- Looking for ignition-utils1 -- found version 1.5.1
[1.571s] -- Looking for ignition-plugin1 -- found version 1.4.0
[1.637s] -- Configuring done (1.6s)
[1.658s] -- Generating done (0.0s)
[1.661s] -- Build files have been written to: /home/nam/Lekiwi_ws/build/three_omni_plugin
[1.700s] [ 50%] [32mBuilding CXX object CMakeFiles/three_omni_plugin.dir/src/three_omni_plugin.cpp.o[0m
[12.927s] [100%] [32m[1mLinking CXX shared library libthree_omni_plugin.so[0m
[13.503s] [100%] Built target three_omni_plugin
[13.509s] Invoked command in '/home/nam/Lekiwi_ws/build/three_omni_plugin' returned '0': CMAKE_PREFIX_PATH=${CMAKE_PREFIX_PATH}:/home/nam/Lekiwi_ws/install/omni_teleop:/home/nam/turtlebot3_ws/install/turtlebot3_teleop:/home/nam/turtlebot3_ws/install/turtlebot3_example:/opt/ros/humble /home/nam/.local/bin/cmake --build /home/nam/Lekiwi_ws/build/three_omni_plugin -- -j12 -l12
[13.575s] Invoking command in '/home/nam/Lekiwi_ws/build/three_omni_plugin': CMAKE_PREFIX_PATH=${CMAKE_PREFIX_PATH}:/home/nam/Lekiwi_ws/install/omni_teleop:/home/nam/turtlebot3_ws/install/turtlebot3_teleop:/home/nam/turtlebot3_ws/install/turtlebot3_example:/opt/ros/humble /home/nam/.local/bin/cmake --install /home/nam/Lekiwi_ws/build/three_omni_plugin
[13.639s] -- Install configuration: ""
[13.639s] -- Installing: /home/nam/Lekiwi_ws/install/three_omni_plugin/lib/libthree_omni_plugin.so
[13.648s] -- Set non-toolchain portion of runtime path of "/home/nam/Lekiwi_ws/install/three_omni_plugin/lib/libthree_omni_plugin.so" to ""
[13.649s] -- Up-to-date: /home/nam/Lekiwi_ws/install/three_omni_plugin/share/three_omni_plugin/environment/library_path.sh
[13.649s] -- Installing: /home/nam/Lekiwi_ws/install/three_omni_plugin/share/three_omni_plugin/environment/library_path.dsv
[13.649s] -- Up-to-date: /home/nam/Lekiwi_ws/install/three_omni_plugin/share/ament_index/resource_index/package_run_dependencies/three_omni_plugin
[13.649s] -- Up-to-date: /home/nam/Lekiwi_ws/install/three_omni_plugin/share/ament_index/resource_index/parent_prefix_path/three_omni_plugin
[13.649s] -- Up-to-date: /home/nam/Lekiwi_ws/install/three_omni_plugin/share/three_omni_plugin/environment/ament_prefix_path.sh
[13.649s] -- Installing: /home/nam/Lekiwi_ws/install/three_omni_plugin/share/three_omni_plugin/environment/ament_prefix_path.dsv
[13.649s] -- Up-to-date: /home/nam/Lekiwi_ws/install/three_omni_plugin/share/three_omni_plugin/environment/path.sh
[13.649s] -- Installing: /home/nam/Lekiwi_ws/install/three_omni_plugin/share/three_omni_plugin/environment/path.dsv
[13.649s] -- Up-to-date: /home/nam/Lekiwi_ws/install/three_omni_plugin/share/three_omni_plugin/local_setup.bash
[13.649s] -- Up-to-date: /home/nam/Lekiwi_ws/install/three_omni_plugin/share/three_omni_plugin/local_setup.sh
[13.649s] -- Up-to-date: /home/nam/Lekiwi_ws/install/three_omni_plugin/share/three_omni_plugin/local_setup.zsh
[13.649s] -- Installing: /home/nam/Lekiwi_ws/install/three_omni_plugin/share/three_omni_plugin/local_setup.dsv
[13.649s] -- Installing: /home/nam/Lekiwi_ws/install/three_omni_plugin/share/three_omni_plugin/package.dsv
[13.650s] -- Up-to-date: /home/nam/Lekiwi_ws/install/three_omni_plugin/share/ament_index/resource_index/packages/three_omni_plugin
[13.650s] -- Up-to-date: /home/nam/Lekiwi_ws/install/three_omni_plugin/share/three_omni_plugin/cmake/ament_cmake_export_libraries-extras.cmake
[13.650s] -- Up-to-date: /home/nam/Lekiwi_ws/install/three_omni_plugin/share/three_omni_plugin/cmake/three_omni_pluginConfig.cmake
[13.650s] -- Up-to-date: /home/nam/Lekiwi_ws/install/three_omni_plugin/share/three_omni_plugin/cmake/three_omni_pluginConfig-version.cmake
[13.650s] -- Up-to-date: /home/nam/Lekiwi_ws/install/three_omni_plugin/share/three_omni_plugin/package.xml
[13.652s] Invoked command in '/home/nam/Lekiwi_ws/build/three_omni_plugin' returned '0': CMAKE_PREFIX_PATH=${CMAKE_PREFIX_PATH}:/home/nam/Lekiwi_ws/install/omni_teleop:/home/nam/turtlebot3_ws/install/turtlebot3_teleop:/home/nam/turtlebot3_ws/install/turtlebot3_example:/opt/ros/humble /home/nam/.local/bin/cmake --install /home/nam/Lekiwi_ws/build/three_omni_plugin
