[0.012s] Invoking command in '/home/nam/Lekiwi_ws/build/lekiwi_servo_control': CMAKE_PREFIX_PATH=${CMAKE_PREFIX_PATH}:/home/nam/turtlebot3_ws/install/turtlebot3_teleop:/home/nam/turtlebot3_ws/install/turtlebot3_example:/opt/ros/humble /home/nam/.local/bin/cmake --build /home/nam/Lekiwi_ws/build/lekiwi_servo_control -- -j12 -l12
[0.091s] -- Found ament_cmake: 1.3.11 (/opt/ros/humble/share/ament_cmake/cmake)
[0.260s] -- Found rclcpp: 16.0.12 (/opt/ros/humble/share/rclcpp/cmake)
[0.288s] -- Found rosidl_generator_c: 3.1.6 (/opt/ros/humble/share/rosidl_generator_c/cmake)
[0.290s] -- Found rosidl_adapter: 3.1.6 (/opt/ros/humble/share/rosidl_adapter/cmake)
[0.296s] -- Found rosidl_generator_cpp: 3.1.6 (/opt/ros/humble/share/rosidl_generator_cpp/cmake)
[0.306s] -- Using all available rosidl_typesupport_c: rosidl_typesupport_fastrtps_c;rosidl_typesupport_introspection_c
[0.318s] -- Using all available rosidl_typesupport_cpp: rosidl_typesupport_fastrtps_cpp;rosidl_typesupport_introspection_cpp
[0.352s] -- Found rmw_implementation_cmake: 6.1.2 (/opt/ros/humble/share/rmw_implementation_cmake/cmake)
[0.354s] -- Found rmw_fastrtps_cpp: 6.2.7 (/opt/ros/humble/share/rmw_fastrtps_cpp/cmake)
[0.478s] -- Using RMW implementation 'rmw_fastrtps_cpp' as default
[0.531s] -- Found sensor_msgs: 4.8.0 (/opt/ros/humble/share/sensor_msgs/cmake)
[0.564s] -- Looking for ignition-gazebo6 -- found version 6.17.0
[0.568s] -- Searching for dependencies of ignition-gazebo6
[0.568s] -- Looking for sdformat12 -- found version 12.8.0
[0.568s] -- Searching for dependencies of sdformat12
[0.573s] -- Checking for module 'tinyxml2'
[0.586s] --   Found tinyxml2, version 9.0.0
[0.617s] -- Looking for ignition-math6 -- found version 6.15.1
[0.617s] -- Searching for dependencies of ignition-math6
[0.618s] -- Looking for ignition-utils1 -- found version 1.5.1
[0.618s] -- Searching for dependencies of ignition-utils1
[0.619s] -- Looking for ignition-plugin1 -- found version 1.4.0
[0.619s] -- Searching for dependencies of ignition-plugin1
[0.620s] -- Searching for <ignition-plugin1> component [loader]
[0.620s] -- Looking for ignition-plugin1-loader -- found version 1.4.0
[0.620s] -- Searching for dependencies of ignition-plugin1-loader
[0.620s] -- Searching for <ignition-plugin1> component [register]
[0.621s] -- Looking for ignition-plugin1-register -- found version 1.4.0
[0.621s] -- Searching for dependencies of ignition-plugin1-register
[0.622s] -- Looking for ignition-transport11 -- found version 11.4.1
[0.622s] -- Searching for dependencies of ignition-transport11
[0.661s] -- Config-file not installed for ZeroMQ -- checking for pkg-config
[0.665s] -- Checking for module 'libzmq >= 4'
[0.679s] --   Found libzmq, version 4.3.4
[0.718s] -- Checking for module 'uuid'
[0.732s] --   Found uuid, version 2.37.2
[0.763s] -- Looking for ignition-utils1 -- found version 1.5.1
[0.763s] -- Searching for dependencies of ignition-utils1
[0.763s] -- Searching for <ignition-utils1> component [cli]
[0.764s] -- Looking for ignition-utils1-cli -- found version 1.5.1
[0.764s] -- Searching for dependencies of ignition-utils1-cli
[0.765s] -- Looking for ignition-msgs8 -- found version 8.7.0
[0.765s] -- Searching for dependencies of ignition-msgs8
[0.787s] -- Found Protobuf: /usr/lib/x86_64-linux-gnu/libprotobuf.so (found suitable version "3.12.4", minimum required is "3")
[0.788s] -- Looking for ignition-math6 -- found version 6.15.1
[0.797s] -- Searching for <ignition-transport11> component [log]
[0.798s] -- Looking for ignition-transport11-log -- found version 11.4.1
[0.798s] -- Searching for dependencies of ignition-transport11-log
[0.798s] -- Searching for <ignition-transport11> component [parameters]
[0.798s] -- Looking for ignition-transport11-parameters -- found version 11.4.1
[0.799s] -- Searching for dependencies of ignition-transport11-parameters
[0.799s] -- Looking for ignition-msgs8 -- found version 8.7.0
[0.800s] -- Looking for ignition-common4 -- found version 4.7.0
[0.800s] -- Searching for dependencies of ignition-common4
[0.800s] -- Looking for dlfcn.h - found
[0.800s] -- Looking for libdl - found
[0.810s] -- Searching for <ignition-common4> component [profiler]
[0.810s] -- Looking for ignition-common4-profiler -- found version 4.7.0
[0.810s] -- Searching for dependencies of ignition-common4-profiler
[0.811s] -- Searching for <ignition-common4> component [events]
[0.811s] -- Looking for ignition-common4-events -- found version 4.7.0
[0.811s] -- Searching for dependencies of ignition-common4-events
[0.811s] -- Looking for ignition-math6 -- found version 6.15.1
[0.812s] -- Searching for <ignition-common4> component [av]
[0.812s] -- Looking for ignition-common4-av -- found version 4.7.0
[0.812s] -- Searching for dependencies of ignition-common4-av
[0.817s] -- Checking for module 'libswscale'
[0.831s] --   Found libswscale, version 5.9.100
[0.867s] -- Checking for module 'libavdevice >= 56.4.100'
[0.881s] --   Found libavdevice, version 58.13.100
[0.919s] -- Checking for module 'libavformat'
[0.934s] --   Found libavformat, version 58.76.100
[0.971s] -- Checking for module 'libavcodec'
[0.984s] --   Found libavcodec, version 58.134.100
[1.021s] -- Checking for module 'libavutil'
[1.035s] --   Found libavutil, version 56.70.100
[1.066s] -- Looking for ignition-fuel_tools7 -- found version 7.3.1
[1.067s] -- Searching for dependencies of ignition-fuel_tools7
[1.106s] [0mCMake Deprecation Warning at /usr/lib/x86_64-linux-gnu/cmake/jsoncpp/jsoncppConfig.cmake:2 (cmake_policy):
[1.106s]   Compatibility with CMake < 3.10 will be removed from a future version of
[1.107s]   CMake.
[1.107s] 
[1.107s]   Update the VERSION argument <min> value.  Or, use the <min>...<max> syntax
[1.107s]   to tell CMake that the project requires at least <min> but has been updated
[1.107s]   to work with policies introduced by <max> or earlier.
[1.107s] Call Stack (most recent call first):
[1.107s]   /usr/share/cmake/ignition-cmake2/cmake2/FindJSONCPP.cmake:34 (find_package)
[1.107s]   /home/nam/ignition_fortress_ws/install/ignition-fuel_tools7/lib/cmake/ignition-fuel_tools7/ignition-fuel_tools7-config.cmake:94 (find_package)
[1.107s]   /usr/lib/x86_64-linux-gnu/cmake/ignition-gazebo6/ignition-gazebo6-config.cmake:97 (find_package)
[1.107s]   CMakeLists.txt:8 (find_package)
[1.107s] 
[1.107s] [0m
[1.111s] -- Checking for module 'jsoncpp'
[1.125s] --   Found jsoncpp, version 1.9.5
[1.161s] -- Checking for module 'libzip'
[1.175s] --   Found libzip, version 1.7.3
[1.206s] -- Looking for ignition-common4 -- found version 4.7.0
[1.206s] -- Looking for ignition-math6 -- found version 6.15.1
[1.207s] -- Looking for ignition-msgs8 -- found version 8.7.0
[1.208s] -- Looking for ignition-gui6 -- found version 6.8.0
[1.208s] -- Searching for dependencies of ignition-gui6
[1.239s] -- Looking for ignition-math6 -- found version 6.15.1
[1.240s] -- Looking for ignition-common4 -- found version 4.7.0
[1.240s] -- Looking for ignition-plugin1 -- found version 1.4.0
[1.240s] -- Looking for ignition-transport11 -- found version 11.4.1
[1.241s] -- Looking for ignition-rendering6 -- found version 6.6.3
[1.241s] -- Searching for dependencies of ignition-rendering6
[1.241s] -- Looking for ignition-math6 -- found version 6.15.1
[1.241s] -- Searching for dependencies of ignition-math6
[1.241s] -- Searching for <ignition-math6> component [eigen3]
[1.242s] -- Looking for ignition-math6-eigen3 -- found version 6.15.1
[1.242s] -- Searching for dependencies of ignition-math6-eigen3
[1.243s] -- Looking for ignition-common4 -- found version 4.7.0
[1.243s] -- Searching for dependencies of ignition-common4
[1.243s] -- Looking for dlfcn.h - found
[1.243s] -- Looking for libdl - found
[1.253s] -- Searching for <ignition-common4> component [graphics]
[1.253s] -- Looking for ignition-common4-graphics -- found version 4.7.0
[1.254s] -- Searching for dependencies of ignition-common4-graphics
[1.254s] -- Looking for ignition-math6 -- found version 6.15.1
[1.254s] -- Looking for ignition-utils1 -- found version 1.5.1
[1.255s] -- Searching for <ignition-common4> component [events]
[1.255s] -- Looking for ignition-plugin1 -- found version 1.4.0
[1.255s] -- Searching for dependencies of ignition-plugin1
[1.255s] -- Searching for <ignition-plugin1> component [all]
[1.256s] -- Looking for all libraries of ignition-plugin1 -- found version 1.4.0
[1.256s] -- Looking for ignition-plugin1 -- found version 1.4.0
[1.257s] -- Looking for ignition-msgs8 -- found version 8.7.0
[1.272s] -- Looking for ignition-physics5 -- found version 5.3.2
[1.272s] -- Searching for dependencies of ignition-physics5
[1.272s] -- Looking for ignition-math6 -- found version 6.15.1
[1.272s] -- Looking for ignition-plugin1 -- found version 1.4.0
[1.273s] -- Looking for ignition-utils1 -- found version 1.5.1
[1.274s] -- Searching for <ignition-physics5> component [heightmap]
[1.274s] -- Looking for ignition-physics5-heightmap -- found version 5.3.2
[1.274s] -- Searching for dependencies of ignition-physics5-heightmap
[1.274s] -- Looking for ignition-common4 -- found version 4.7.0
[1.275s] -- Searching for <ignition-physics5> component [mesh]
[1.275s] -- Looking for ignition-physics5-mesh -- found version 5.3.2
[1.275s] -- Searching for dependencies of ignition-physics5-mesh
[1.276s] -- Looking for ignition-common4 -- found version 4.7.0
[1.276s] -- Searching for <ignition-physics5> component [sdf]
[1.276s] -- Looking for ignition-physics5-sdf -- found version 5.3.2
[1.277s] -- Searching for dependencies of ignition-physics5-sdf
[1.277s] -- Looking for sdformat12 -- found version 12.8.0
[1.278s] -- Looking for ignition-sensors6 -- found version 6.8.1
[1.278s] -- Searching for dependencies of ignition-sensors6
[1.300s] -- Found Protobuf: /usr/lib/x86_64-linux-gnu/libprotobuf.so (found version "3.12.4")
[1.301s] -- Looking for ignition-math6 -- found version 6.15.1
[1.301s] -- Looking for ignition-common4 -- found version 4.7.0
[1.302s] -- Looking for ignition-transport11 -- found version 11.4.1
[1.302s] -- Looking for ignition-rendering6 -- found version 6.6.3
[1.303s] -- Looking for ignition-msgs8 -- found version 8.7.0
[1.303s] -- Looking for sdformat12 -- found version 12.8.0
[1.303s] -- Searching for <ignition-sensors6> component [air_pressure]
[1.304s] -- Looking for ignition-sensors6-air_pressure -- found version 6.8.1
[1.304s] -- Searching for dependencies of ignition-sensors6-air_pressure
[1.304s] -- Searching for <ignition-sensors6> component [altimeter]
[1.305s] -- Looking for ignition-sensors6-altimeter -- found version 6.8.1
[1.305s] -- Searching for dependencies of ignition-sensors6-altimeter
[1.305s] -- Searching for <ignition-sensors6> component [imu]
[1.306s] -- Looking for ignition-sensors6-imu -- found version 6.8.1
[1.306s] -- Searching for dependencies of ignition-sensors6-imu
[1.306s] -- Searching for <ignition-sensors6> component [force_torque]
[1.307s] -- Looking for ignition-sensors6-force_torque -- found version 6.8.1
[1.307s] -- Searching for dependencies of ignition-sensors6-force_torque
[1.307s] -- Searching for <ignition-sensors6> component [logical_camera]
[1.307s] -- Looking for ignition-sensors6-logical_camera -- found version 6.8.1
[1.308s] -- Searching for dependencies of ignition-sensors6-logical_camera
[1.308s] -- Searching for <ignition-sensors6> component [magnetometer]
[1.308s] -- Looking for ignition-sensors6-magnetometer -- found version 6.8.1
[1.309s] -- Searching for dependencies of ignition-sensors6-magnetometer
[1.309s] -- Searching for <ignition-sensors6> component [navsat]
[1.309s] -- Looking for ignition-sensors6-navsat -- found version 6.8.1
[1.309s] -- Searching for dependencies of ignition-sensors6-navsat
[1.310s] -- Searching for <ignition-sensors6> component [rendering]
[1.310s] -- Looking for ignition-sensors6-rendering -- found version 6.8.1
[1.310s] -- Searching for dependencies of ignition-sensors6-rendering
[1.311s] -- Searching for <ignition-sensors6> component [lidar]
[1.311s] -- Looking for ignition-sensors6-lidar -- found version 6.8.1
[1.311s] -- Searching for dependencies of ignition-sensors6-lidar
[1.312s] -- Looking for ignition-sensors6 -- found version 6.8.1
[1.312s] -- Searching for <ignition-sensors6> component [gpu_lidar]
[1.312s] -- Looking for ignition-sensors6-gpu_lidar -- found version 6.8.1
[1.312s] -- Searching for dependencies of ignition-sensors6-gpu_lidar
[1.313s] -- Looking for ignition-sensors6 -- found version 6.8.1
[1.313s] -- Searching for <ignition-sensors6> component [camera]
[1.314s] -- Looking for ignition-sensors6-camera -- found version 6.8.1
[1.314s] -- Searching for dependencies of ignition-sensors6-camera
[1.314s] -- Looking for ignition-sensors6 -- found version 6.8.1
[1.315s] -- Searching for <ignition-sensors6> component [boundingbox_camera]
[1.315s] -- Looking for ignition-sensors6-boundingbox_camera -- found version 6.8.1
[1.315s] -- Searching for dependencies of ignition-sensors6-boundingbox_camera
[1.316s] -- Searching for <ignition-sensors6> component [segmentation_camera]
[1.316s] -- Looking for ignition-sensors6-segmentation_camera -- found version 6.8.1
[1.316s] -- Searching for dependencies of ignition-sensors6-segmentation_camera
[1.316s] -- Searching for <ignition-sensors6> component [depth_camera]
[1.317s] -- Looking for ignition-sensors6-depth_camera -- found version 6.8.1
[1.317s] -- Searching for dependencies of ignition-sensors6-depth_camera
[1.317s] -- Looking for ignition-sensors6 -- found version 6.8.1
[1.318s] -- Searching for <ignition-sensors6> component [rgbd_camera]
[1.318s] -- Looking for ignition-sensors6-rgbd_camera -- found version 6.8.1
[1.318s] -- Searching for dependencies of ignition-sensors6-rgbd_camera
[1.319s] -- Looking for ignition-sensors6 -- found version 6.8.1
[1.319s] -- Searching for <ignition-sensors6> component [thermal_camera]
[1.320s] -- Looking for ignition-sensors6-thermal_camera -- found version 6.8.1
[1.320s] -- Searching for dependencies of ignition-sensors6-thermal_camera
[1.320s] -- Looking for ignition-sensors6 -- found version 6.8.1
[1.321s] -- Looking for ignition-rendering6 -- found version 6.6.3
[1.321s] -- Looking for ignition-math6 -- found version 6.15.1
[1.322s] -- Looking for ignition-utils1 -- found version 1.5.1
[1.347s] -- Looking for ignition-plugin1 -- found version 1.4.0
[1.402s] -- Configuring done (1.3s)
[1.419s] -- Generating done (0.0s)
[1.422s] -- Build files have been written to: /home/nam/Lekiwi_ws/build/lekiwi_servo_control
[1.457s] [ 50%] [32mBuilding CXX object CMakeFiles/lekiwi_servo_control.dir/src/lekiwi_servo_control.cpp.o[0m
[12.660s] [100%] [32m[1mLinking CXX shared library liblekiwi_servo_control.so[0m
[13.280s] [100%] Built target lekiwi_servo_control
[13.285s] Invoked command in '/home/nam/Lekiwi_ws/build/lekiwi_servo_control' returned '0': CMAKE_PREFIX_PATH=${CMAKE_PREFIX_PATH}:/home/nam/turtlebot3_ws/install/turtlebot3_teleop:/home/nam/turtlebot3_ws/install/turtlebot3_example:/opt/ros/humble /home/nam/.local/bin/cmake --build /home/nam/Lekiwi_ws/build/lekiwi_servo_control -- -j12 -l12
[13.350s] Invoking command in '/home/nam/Lekiwi_ws/build/lekiwi_servo_control': CMAKE_PREFIX_PATH=${CMAKE_PREFIX_PATH}:/home/nam/turtlebot3_ws/install/turtlebot3_teleop:/home/nam/turtlebot3_ws/install/turtlebot3_example:/opt/ros/humble /home/nam/.local/bin/cmake --install /home/nam/Lekiwi_ws/build/lekiwi_servo_control
[13.413s] -- Install configuration: ""
[13.420s] -- Installing: /home/nam/Lekiwi_ws/install/lekiwi_servo_control/lib/liblekiwi_servo_control.so
[13.428s] -- Set non-toolchain portion of runtime path of "/home/nam/Lekiwi_ws/install/lekiwi_servo_control/lib/liblekiwi_servo_control.so" to ""
[13.428s] -- Up-to-date: /home/nam/Lekiwi_ws/install/lekiwi_servo_control/share/ament_index/resource_index/package_run_dependencies/lekiwi_servo_control
[13.429s] -- Installing: /home/nam/Lekiwi_ws/install/lekiwi_servo_control/share/ament_index/resource_index/parent_prefix_path/lekiwi_servo_control
[13.429s] -- Up-to-date: /home/nam/Lekiwi_ws/install/lekiwi_servo_control/share/lekiwi_servo_control/environment/ament_prefix_path.sh
[13.429s] -- Installing: /home/nam/Lekiwi_ws/install/lekiwi_servo_control/share/lekiwi_servo_control/environment/ament_prefix_path.dsv
[13.429s] -- Up-to-date: /home/nam/Lekiwi_ws/install/lekiwi_servo_control/share/lekiwi_servo_control/environment/path.sh
[13.429s] -- Installing: /home/nam/Lekiwi_ws/install/lekiwi_servo_control/share/lekiwi_servo_control/environment/path.dsv
[13.429s] -- Up-to-date: /home/nam/Lekiwi_ws/install/lekiwi_servo_control/share/lekiwi_servo_control/local_setup.bash
[13.429s] -- Up-to-date: /home/nam/Lekiwi_ws/install/lekiwi_servo_control/share/lekiwi_servo_control/local_setup.sh
[13.429s] -- Up-to-date: /home/nam/Lekiwi_ws/install/lekiwi_servo_control/share/lekiwi_servo_control/local_setup.zsh
[13.430s] -- Installing: /home/nam/Lekiwi_ws/install/lekiwi_servo_control/share/lekiwi_servo_control/local_setup.dsv
[13.430s] -- Installing: /home/nam/Lekiwi_ws/install/lekiwi_servo_control/share/lekiwi_servo_control/package.dsv
[13.430s] -- Up-to-date: /home/nam/Lekiwi_ws/install/lekiwi_servo_control/share/ament_index/resource_index/packages/lekiwi_servo_control
[13.430s] -- Up-to-date: /home/nam/Lekiwi_ws/install/lekiwi_servo_control/share/lekiwi_servo_control/cmake/lekiwi_servo_controlConfig.cmake
[13.430s] -- Up-to-date: /home/nam/Lekiwi_ws/install/lekiwi_servo_control/share/lekiwi_servo_control/cmake/lekiwi_servo_controlConfig-version.cmake
[13.430s] -- Up-to-date: /home/nam/Lekiwi_ws/install/lekiwi_servo_control/share/lekiwi_servo_control/package.xml
[13.431s] Invoked command in '/home/nam/Lekiwi_ws/build/lekiwi_servo_control' returned '0': CMAKE_PREFIX_PATH=${CMAKE_PREFIX_PATH}:/home/nam/turtlebot3_ws/install/turtlebot3_teleop:/home/nam/turtlebot3_ws/install/turtlebot3_example:/opt/ros/humble /home/nam/.local/bin/cmake --install /home/nam/Lekiwi_ws/build/lekiwi_servo_control
