[0.017s] Invoking command in '/home/nam/Lekiwi_ws/build/lekiwi_description': CMAKE_PREFIX_PATH=/home/nam/Lekiwi_ws/install/omni_teleop:/home/nam/turtlebot3_ws/install/turtlebot3_teleop:/home/nam/turtlebot3_ws/install/turtlebot3_example:/opt/ros/humble:${CMAKE_PREFIX_PATH} /home/nam/.local/bin/cmake --build /home/nam/Lekiwi_ws/build/lekiwi_description -- -j12 -l12
[0.129s] Invoked command in '/home/nam/Lekiwi_ws/build/lekiwi_description' returned '0': CMAKE_PREFIX_PATH=/home/nam/Lekiwi_ws/install/omni_teleop:/home/nam/turtlebot3_ws/install/turtlebot3_teleop:/home/nam/turtlebot3_ws/install/turtlebot3_example:/opt/ros/humble:${CMAKE_PREFIX_PATH} /home/nam/.local/bin/cmake --build /home/nam/Lekiwi_ws/build/lekiwi_description -- -j12 -l12
[0.221s] Invoking command in '/home/nam/Lekiwi_ws/build/lekiwi_description': CMAKE_PREFIX_PATH=/home/nam/Lekiwi_ws/install/omni_teleop:/home/nam/turtlebot3_ws/install/turtlebot3_teleop:/home/nam/turtlebot3_ws/install/turtlebot3_example:/opt/ros/humble:${CMAKE_PREFIX_PATH} /home/nam/.local/bin/cmake --install /home/nam/Lekiwi_ws/build/lekiwi_description
[0.309s] -- Install configuration: ""
[0.309s] -- Up-to-date: /home/nam/Lekiwi_ws/install/lekiwi_description/share/lekiwi_description/urdf
[0.310s] -- Installing: /home/nam/Lekiwi_ws/install/lekiwi_description/share/lekiwi_description/urdf/LeKiwi.urdf
[0.310s] -- Up-to-date: /home/nam/Lekiwi_ws/install/lekiwi_description/share/lekiwi_description/urdf/LeKiwi_converted.xacro
[0.310s] -- Up-to-date: /home/nam/Lekiwi_ws/install/lekiwi_description/share/lekiwi_description/urdf/meshes
[0.310s] -- Up-to-date: /home/nam/Lekiwi_ws/install/lekiwi_description/share/lekiwi_description/urdf/meshes/94868A713_NO-THREADS_Female-Threaded-Hex-Standoff.stl
[0.310s] -- Up-to-date: /home/nam/Lekiwi_ws/install/lekiwi_description/share/lekiwi_description/urdf/meshes/STS3215_03a-v1-4.stl
[0.311s] -- Up-to-date: /home/nam/Lekiwi_ws/install/lekiwi_description/share/lekiwi_description/urdf/meshes/94868A713_NO-THREADS_Female-Threaded-Hex-Standoff-1.stl
[0.311s] -- Up-to-date: /home/nam/Lekiwi_ws/install/lekiwi_description/share/lekiwi_description/urdf/meshes/Moving_Jaw_08d-v1.stl
[0.311s] -- Up-to-date: /home/nam/Lekiwi_ws/install/lekiwi_description/share/lekiwi_description/urdf/meshes/omni_wheel_mount-v5-2.stl
[0.311s] -- Up-to-date: /home/nam/Lekiwi_ws/install/lekiwi_description/share/lekiwi_description/urdf/meshes/94868A713_NO-THREADS_Female-Threaded-Hex-Standoff-3.stl
[0.311s] -- Up-to-date: /home/nam/Lekiwi_ws/install/lekiwi_description/share/lekiwi_description/urdf/meshes/WaveShare_Mounting_Plate_01d-v1.stl
[0.311s] -- Up-to-date: /home/nam/Lekiwi_ws/install/lekiwi_description/share/lekiwi_description/urdf/meshes/Camera-Model-v3.stl
[0.311s] -- Up-to-date: /home/nam/Lekiwi_ws/install/lekiwi_description/share/lekiwi_description/urdf/meshes/omni_wheel_mount-v5.stl
[0.311s] -- Up-to-date: /home/nam/Lekiwi_ws/install/lekiwi_description/share/lekiwi_description/urdf/meshes/ST3215_Servo_Motor-v1-2.stl
[0.311s] -- Up-to-date: /home/nam/Lekiwi_ws/install/lekiwi_description/share/lekiwi_description/urdf/meshes/Camera-Model-v3-1.stl
[0.311s] -- Up-to-date: /home/nam/Lekiwi_ws/install/lekiwi_description/share/lekiwi_description/urdf/meshes/Wrist-Camera-Mount-v11.stl
[0.311s] -- Up-to-date: /home/nam/Lekiwi_ws/install/lekiwi_description/share/lekiwi_description/urdf/meshes/SO_ARM100_08k_Asym_Mirror_Clip-v1.stl
[0.311s] -- Up-to-date: /home/nam/Lekiwi_ws/install/lekiwi_description/share/lekiwi_description/urdf/meshes/omni_wheel_mount-v5-1.stl
[0.312s] -- Up-to-date: /home/nam/Lekiwi_ws/install/lekiwi_description/share/lekiwi_description/urdf/meshes/94868A713_NO-THREADS_Female-Threaded-Hex-Standoff-4.stl
[0.312s] -- Up-to-date: /home/nam/Lekiwi_ws/install/lekiwi_description/share/lekiwi_description/urdf/meshes/4-Omni-Directional-Wheel_Single_Body-v1-1.stl
[0.312s] -- Up-to-date: /home/nam/Lekiwi_ws/install/lekiwi_description/share/lekiwi_description/urdf/meshes/STS3215_03a_Wrist_Roll-v1.stl
[0.312s] -- Up-to-date: /home/nam/Lekiwi_ws/install/lekiwi_description/share/lekiwi_description/urdf/meshes/base_plate_layer2-v3.stl
[0.312s] -- Up-to-date: /home/nam/Lekiwi_ws/install/lekiwi_description/share/lekiwi_description/urdf/meshes/Base_08q-v1.stl
[0.312s] -- Up-to-date: /home/nam/Lekiwi_ws/install/lekiwi_description/share/lekiwi_description/urdf/meshes/drive_motor_mount-v11-2.stl
[0.312s] -- Up-to-date: /home/nam/Lekiwi_ws/install/lekiwi_description/share/lekiwi_description/urdf/meshes/Rotation_Pitch_08i-v1.stl
[0.312s] -- Up-to-date: /home/nam/Lekiwi_ws/install/lekiwi_description/share/lekiwi_description/urdf/meshes/94868A713_NO-THREADS_Female-Threaded-Hex-Standoff-5.stl
[0.312s] -- Up-to-date: /home/nam/Lekiwi_ws/install/lekiwi_description/share/lekiwi_description/urdf/meshes/drive_motor_mount-v11.stl
[0.312s] -- Up-to-date: /home/nam/Lekiwi_ws/install/lekiwi_description/share/lekiwi_description/urdf/meshes/Top-V2-v2.stl
[0.312s] -- Up-to-date: /home/nam/Lekiwi_ws/install/lekiwi_description/share/lekiwi_description/urdf/meshes/Camera-Mount-v8.stl
[0.312s] -- Up-to-date: /home/nam/Lekiwi_ws/install/lekiwi_description/share/lekiwi_description/urdf/meshes/4-Omni-Directional-Wheel_Single_Body-v1-2.stl
[0.312s] -- Up-to-date: /home/nam/Lekiwi_ws/install/lekiwi_description/share/lekiwi_description/urdf/meshes/ST3215_Servo_Motor-v1.stl
[0.312s] -- Up-to-date: /home/nam/Lekiwi_ws/install/lekiwi_description/share/lekiwi_description/urdf/meshes/ST3215_Servo_Motor-v1-1.stl
[0.313s] -- Up-to-date: /home/nam/Lekiwi_ws/install/lekiwi_description/share/lekiwi_description/urdf/meshes/servo_controller_mount-v3.stl
[0.313s] -- Up-to-date: /home/nam/Lekiwi_ws/install/lekiwi_description/share/lekiwi_description/urdf/meshes/Battery---Battery-5.2-Ah-DC5521-Plug-v2.stl
[0.313s] -- Up-to-date: /home/nam/Lekiwi_ws/install/lekiwi_description/share/lekiwi_description/urdf/meshes/STS3215_03a-v1-1.stl
[0.313s] -- Up-to-date: /home/nam/Lekiwi_ws/install/lekiwi_description/share/lekiwi_description/urdf/meshes/SO_ARM100_08k_116_Square-v1.stl
[0.313s] -- Up-to-date: /home/nam/Lekiwi_ws/install/lekiwi_description/share/lekiwi_description/urdf/meshes/Wrist_Roll_Pitch_08i-v1.stl
[0.313s] -- Up-to-date: /home/nam/Lekiwi_ws/install/lekiwi_description/share/lekiwi_description/urdf/meshes/lipo_battery_mount-v3.stl
[0.313s] -- Up-to-date: /home/nam/Lekiwi_ws/install/lekiwi_description/share/lekiwi_description/urdf/meshes/STS3215_03a-v1-2.stl
[0.313s] -- Up-to-date: /home/nam/Lekiwi_ws/install/lekiwi_description/share/lekiwi_description/urdf/meshes/Bottom-V2-v3.stl
[0.313s] -- Up-to-date: /home/nam/Lekiwi_ws/install/lekiwi_description/share/lekiwi_description/urdf/meshes/Passive_Horn_01-v1.stl
[0.313s] -- Up-to-date: /home/nam/Lekiwi_ws/install/lekiwi_description/share/lekiwi_description/urdf/meshes/Wrist_Roll_08c-v1.stl
[0.313s] -- Up-to-date: /home/nam/Lekiwi_ws/install/lekiwi_description/share/lekiwi_description/urdf/meshes/STS3215_03a-v1.stl
[0.313s] -- Up-to-date: /home/nam/Lekiwi_ws/install/lekiwi_description/share/lekiwi_description/urdf/meshes/STS3215_03a-v1-3.stl
[0.313s] -- Up-to-date: /home/nam/Lekiwi_ws/install/lekiwi_description/share/lekiwi_description/urdf/meshes/4-Omni-Directional-Wheel_Single_Body-v1.stl
[0.313s] -- Up-to-date: /home/nam/Lekiwi_ws/install/lekiwi_description/share/lekiwi_description/urdf/meshes/SO_ARM100_08k_Mirror-v1.stl
[0.313s] -- Up-to-date: /home/nam/Lekiwi_ws/install/lekiwi_description/share/lekiwi_description/urdf/meshes/base_plate_layer1-v5.stl
[0.313s] -- Up-to-date: /home/nam/Lekiwi_ws/install/lekiwi_description/share/lekiwi_description/urdf/meshes/94868A713_NO-THREADS_Female-Threaded-Hex-Standoff-2.stl
[0.313s] -- Up-to-date: /home/nam/Lekiwi_ws/install/lekiwi_description/share/lekiwi_description/urdf/meshes/drive_motor_mount-v11-1.stl
[0.313s] -- Up-to-date: /home/nam/Lekiwi_ws/install/lekiwi_description/share/lekiwi_description/launch
[0.313s] -- Up-to-date: /home/nam/Lekiwi_ws/install/lekiwi_description/share/lekiwi_description/launch/display.launch.py
[0.313s] -- Up-to-date: /home/nam/Lekiwi_ws/install/lekiwi_description/share/lekiwi_description/launch/sim.launch.py
[0.313s] -- Up-to-date: /home/nam/Lekiwi_ws/install/lekiwi_description/share/lekiwi_description/meshes
[0.314s] -- Up-to-date: /home/nam/Lekiwi_ws/install/lekiwi_description/share/lekiwi_description/meshes/94868A713_NO-THREADS_Female-Threaded-Hex-Standoff.stl
[0.314s] -- Up-to-date: /home/nam/Lekiwi_ws/install/lekiwi_description/share/lekiwi_description/meshes/STS3215_03a-v1-4.stl
[0.314s] -- Up-to-date: /home/nam/Lekiwi_ws/install/lekiwi_description/share/lekiwi_description/meshes/94868A713_NO-THREADS_Female-Threaded-Hex-Standoff-1.stl
[0.314s] -- Up-to-date: /home/nam/Lekiwi_ws/install/lekiwi_description/share/lekiwi_description/meshes/Moving_Jaw_08d-v1.stl
[0.314s] -- Up-to-date: /home/nam/Lekiwi_ws/install/lekiwi_description/share/lekiwi_description/meshes/omni_wheel_mount-v5-2.stl
[0.315s] -- Up-to-date: /home/nam/Lekiwi_ws/install/lekiwi_description/share/lekiwi_description/meshes/94868A713_NO-THREADS_Female-Threaded-Hex-Standoff-3.stl
[0.315s] -- Up-to-date: /home/nam/Lekiwi_ws/install/lekiwi_description/share/lekiwi_description/meshes/WaveShare_Mounting_Plate_01d-v1.stl
[0.315s] -- Up-to-date: /home/nam/Lekiwi_ws/install/lekiwi_description/share/lekiwi_description/meshes/Camera-Model-v3.stl
[0.315s] -- Up-to-date: /home/nam/Lekiwi_ws/install/lekiwi_description/share/lekiwi_description/meshes/omni_wheel_mount-v5.stl
[0.315s] -- Up-to-date: /home/nam/Lekiwi_ws/install/lekiwi_description/share/lekiwi_description/meshes/ST3215_Servo_Motor-v1-2.stl
[0.315s] -- Up-to-date: /home/nam/Lekiwi_ws/install/lekiwi_description/share/lekiwi_description/meshes/Camera-Model-v3-1.stl
[0.315s] -- Up-to-date: /home/nam/Lekiwi_ws/install/lekiwi_description/share/lekiwi_description/meshes/Wrist-Camera-Mount-v11.stl
[0.315s] -- Up-to-date: /home/nam/Lekiwi_ws/install/lekiwi_description/share/lekiwi_description/meshes/SO_ARM100_08k_Asym_Mirror_Clip-v1.stl
[0.316s] -- Up-to-date: /home/nam/Lekiwi_ws/install/lekiwi_description/share/lekiwi_description/meshes/omni_wheel_mount-v5-1.stl
[0.316s] -- Up-to-date: /home/nam/Lekiwi_ws/install/lekiwi_description/share/lekiwi_description/meshes/94868A713_NO-THREADS_Female-Threaded-Hex-Standoff-4.stl
[0.316s] -- Up-to-date: /home/nam/Lekiwi_ws/install/lekiwi_description/share/lekiwi_description/meshes/4-Omni-Directional-Wheel_Single_Body-v1-1.stl
[0.316s] -- Up-to-date: /home/nam/Lekiwi_ws/install/lekiwi_description/share/lekiwi_description/meshes/STS3215_03a_Wrist_Roll-v1.stl
[0.317s] -- Up-to-date: /home/nam/Lekiwi_ws/install/lekiwi_description/share/lekiwi_description/meshes/base_plate_layer2-v3.stl
[0.317s] -- Up-to-date: /home/nam/Lekiwi_ws/install/lekiwi_description/share/lekiwi_description/meshes/Base_08q-v1.stl
[0.317s] -- Up-to-date: /home/nam/Lekiwi_ws/install/lekiwi_description/share/lekiwi_description/meshes/drive_motor_mount-v11-2.stl
[0.317s] -- Up-to-date: /home/nam/Lekiwi_ws/install/lekiwi_description/share/lekiwi_description/meshes/Rotation_Pitch_08i-v1.stl
[0.317s] -- Up-to-date: /home/nam/Lekiwi_ws/install/lekiwi_description/share/lekiwi_description/meshes/94868A713_NO-THREADS_Female-Threaded-Hex-Standoff-5.stl
[0.317s] -- Up-to-date: /home/nam/Lekiwi_ws/install/lekiwi_description/share/lekiwi_description/meshes/drive_motor_mount-v11.stl
[0.317s] -- Up-to-date: /home/nam/Lekiwi_ws/install/lekiwi_description/share/lekiwi_description/meshes/Top-V2-v2.stl
[0.317s] -- Up-to-date: /home/nam/Lekiwi_ws/install/lekiwi_description/share/lekiwi_description/meshes/Camera-Mount-v8.stl
[0.318s] -- Up-to-date: /home/nam/Lekiwi_ws/install/lekiwi_description/share/lekiwi_description/meshes/4-Omni-Directional-Wheel_Single_Body-v1-2.stl
[0.318s] -- Up-to-date: /home/nam/Lekiwi_ws/install/lekiwi_description/share/lekiwi_description/meshes/ST3215_Servo_Motor-v1.stl
[0.318s] -- Up-to-date: /home/nam/Lekiwi_ws/install/lekiwi_description/share/lekiwi_description/meshes/ST3215_Servo_Motor-v1-1.stl
[0.318s] -- Up-to-date: /home/nam/Lekiwi_ws/install/lekiwi_description/share/lekiwi_description/meshes/servo_controller_mount-v3.stl
[0.318s] -- Up-to-date: /home/nam/Lekiwi_ws/install/lekiwi_description/share/lekiwi_description/meshes/Battery---Battery-5.2-Ah-DC5521-Plug-v2.stl
[0.318s] -- Up-to-date: /home/nam/Lekiwi_ws/install/lekiwi_description/share/lekiwi_description/meshes/STS3215_03a-v1-1.stl
[0.318s] -- Up-to-date: /home/nam/Lekiwi_ws/install/lekiwi_description/share/lekiwi_description/meshes/SO_ARM100_08k_116_Square-v1.stl
[0.318s] -- Up-to-date: /home/nam/Lekiwi_ws/install/lekiwi_description/share/lekiwi_description/meshes/Wrist_Roll_Pitch_08i-v1.stl
[0.318s] -- Up-to-date: /home/nam/Lekiwi_ws/install/lekiwi_description/share/lekiwi_description/meshes/lipo_battery_mount-v3.stl
[0.318s] -- Up-to-date: /home/nam/Lekiwi_ws/install/lekiwi_description/share/lekiwi_description/meshes/STS3215_03a-v1-2.stl
[0.318s] -- Up-to-date: /home/nam/Lekiwi_ws/install/lekiwi_description/share/lekiwi_description/meshes/Bottom-V2-v3.stl
[0.318s] -- Up-to-date: /home/nam/Lekiwi_ws/install/lekiwi_description/share/lekiwi_description/meshes/Passive_Horn_01-v1.stl
[0.318s] -- Up-to-date: /home/nam/Lekiwi_ws/install/lekiwi_description/share/lekiwi_description/meshes/Wrist_Roll_08c-v1.stl
[0.318s] -- Up-to-date: /home/nam/Lekiwi_ws/install/lekiwi_description/share/lekiwi_description/meshes/STS3215_03a-v1.stl
[0.319s] -- Up-to-date: /home/nam/Lekiwi_ws/install/lekiwi_description/share/lekiwi_description/meshes/STS3215_03a-v1-3.stl
[0.319s] -- Up-to-date: /home/nam/Lekiwi_ws/install/lekiwi_description/share/lekiwi_description/meshes/4-Omni-Directional-Wheel_Single_Body-v1.stl
[0.319s] -- Up-to-date: /home/nam/Lekiwi_ws/install/lekiwi_description/share/lekiwi_description/meshes/SO_ARM100_08k_Mirror-v1.stl
[0.319s] -- Up-to-date: /home/nam/Lekiwi_ws/install/lekiwi_description/share/lekiwi_description/meshes/base_plate_layer1-v5.stl
[0.319s] -- Up-to-date: /home/nam/Lekiwi_ws/install/lekiwi_description/share/lekiwi_description/meshes/94868A713_NO-THREADS_Female-Threaded-Hex-Standoff-2.stl
[0.319s] -- Up-to-date: /home/nam/Lekiwi_ws/install/lekiwi_description/share/lekiwi_description/meshes/drive_motor_mount-v11-1.stl
[0.319s] -- Up-to-date: /home/nam/Lekiwi_ws/install/lekiwi_description/share/lekiwi_description/rviz
[0.319s] -- Up-to-date: /home/nam/Lekiwi_ws/install/lekiwi_description/share/lekiwi_description/rviz/modeltest.rviz
[0.320s] -- Up-to-date: /home/nam/Lekiwi_ws/install/lekiwi_description/share/ament_index/resource_index/package_run_dependencies/lekiwi_description
[0.320s] -- Up-to-date: /home/nam/Lekiwi_ws/install/lekiwi_description/share/ament_index/resource_index/parent_prefix_path/lekiwi_description
[0.320s] -- Up-to-date: /home/nam/Lekiwi_ws/install/lekiwi_description/share/lekiwi_description/environment/ament_prefix_path.sh
[0.320s] -- Up-to-date: /home/nam/Lekiwi_ws/install/lekiwi_description/share/lekiwi_description/environment/ament_prefix_path.dsv
[0.320s] -- Up-to-date: /home/nam/Lekiwi_ws/install/lekiwi_description/share/lekiwi_description/environment/path.sh
[0.320s] -- Up-to-date: /home/nam/Lekiwi_ws/install/lekiwi_description/share/lekiwi_description/environment/path.dsv
[0.320s] -- Up-to-date: /home/nam/Lekiwi_ws/install/lekiwi_description/share/lekiwi_description/local_setup.bash
[0.320s] -- Up-to-date: /home/nam/Lekiwi_ws/install/lekiwi_description/share/lekiwi_description/local_setup.sh
[0.320s] -- Up-to-date: /home/nam/Lekiwi_ws/install/lekiwi_description/share/lekiwi_description/local_setup.zsh
[0.321s] -- Up-to-date: /home/nam/Lekiwi_ws/install/lekiwi_description/share/lekiwi_description/local_setup.dsv
[0.321s] -- Installing: /home/nam/Lekiwi_ws/install/lekiwi_description/share/lekiwi_description/package.dsv
[0.321s] -- Up-to-date: /home/nam/Lekiwi_ws/install/lekiwi_description/share/ament_index/resource_index/packages/lekiwi_description
[0.321s] -- Up-to-date: /home/nam/Lekiwi_ws/install/lekiwi_description/share/lekiwi_description/cmake/lekiwi_descriptionConfig.cmake
[0.321s] -- Up-to-date: /home/nam/Lekiwi_ws/install/lekiwi_description/share/lekiwi_description/cmake/lekiwi_descriptionConfig-version.cmake
[0.321s] -- Up-to-date: /home/nam/Lekiwi_ws/install/lekiwi_description/share/lekiwi_description/package.xml
[0.321s] Invoked command in '/home/nam/Lekiwi_ws/build/lekiwi_description' returned '0': CMAKE_PREFIX_PATH=/home/nam/Lekiwi_ws/install/omni_teleop:/home/nam/turtlebot3_ws/install/turtlebot3_teleop:/home/nam/turtlebot3_ws/install/turtlebot3_example:/opt/ros/humble:${CMAKE_PREFIX_PATH} /home/nam/.local/bin/cmake --install /home/nam/Lekiwi_ws/build/lekiwi_description
