[0.013s] Invoking command in '/home/nam/Lekiwi_ws/build/lekiwi_servo_control': CMAKE_PREFIX_PATH=${CMAKE_PREFIX_PATH}:/home/nam/Lekiwi_ws/install/omni_teleop:/home/nam/turtlebot3_ws/install/turtlebot3_teleop:/home/nam/turtlebot3_ws/install/turtlebot3_example:/opt/ros/humble /home/nam/.local/bin/cmake --build /home/nam/Lekiwi_ws/build/lekiwi_servo_control -- -j12 -l12
[0.093s] -- Found ament_cmake: 1.3.11 (/opt/ros/humble/share/ament_cmake/cmake)
[0.265s] -- Found rclcpp: 16.0.12 (/opt/ros/humble/share/rclcpp/cmake)
[0.294s] -- Found rosidl_generator_c: 3.1.6 (/opt/ros/humble/share/rosidl_generator_c/cmake)
[0.296s] -- Found rosidl_adapter: 3.1.6 (/opt/ros/humble/share/rosidl_adapter/cmake)
[0.301s] -- Found rosidl_generator_cpp: 3.1.6 (/opt/ros/humble/share/rosidl_generator_cpp/cmake)
[0.310s] -- Using all available rosidl_typesupport_c: rosidl_typesupport_fastrtps_c;rosidl_typesupport_introspection_c
[0.323s] -- Using all available rosidl_typesupport_cpp: rosidl_typesupport_fastrtps_cpp;rosidl_typesupport_introspection_cpp
[0.356s] -- Found rmw_implementation_cmake: 6.1.2 (/opt/ros/humble/share/rmw_implementation_cmake/cmake)
[0.358s] -- Found rmw_fastrtps_cpp: 6.2.7 (/opt/ros/humble/share/rmw_fastrtps_cpp/cmake)
[0.483s] -- Using RMW implementation 'rmw_fastrtps_cpp' as default
[0.536s] -- Found sensor_msgs: 4.8.0 (/opt/ros/humble/share/sensor_msgs/cmake)
[0.569s] -- Looking for ignition-gazebo6 -- found version 6.17.0
[0.572s] -- Searching for dependencies of ignition-gazebo6
[0.573s] -- Looking for sdformat12 -- found version 12.8.0
[0.573s] -- Searching for dependencies of sdformat12
[0.578s] -- Checking for module 'tinyxml2'
[0.592s] --   Found tinyxml2, version 9.0.0
[0.622s] -- Looking for ignition-math6 -- found version 6.15.1
[0.622s] -- Searching for dependencies of ignition-math6
[0.623s] -- Looking for ignition-utils1 -- found version 1.5.1
[0.623s] -- Searching for dependencies of ignition-utils1
[0.625s] -- Looking for ignition-plugin1 -- found version 1.4.0
[0.625s] -- Searching for dependencies of ignition-plugin1
[0.625s] -- Searching for <ignition-plugin1> component [loader]
[0.626s] -- Looking for ignition-plugin1-loader -- found version 1.4.0
[0.626s] -- Searching for dependencies of ignition-plugin1-loader
[0.627s] -- Searching for <ignition-plugin1> component [register]
[0.627s] -- Looking for ignition-plugin1-register -- found version 1.4.0
[0.628s] -- Searching for dependencies of ignition-plugin1-register
[0.628s] -- Looking for ignition-transport11 -- found version 11.4.1
[0.628s] -- Searching for dependencies of ignition-transport11
[0.667s] -- Config-file not installed for ZeroMQ -- checking for pkg-config
[0.671s] -- Checking for module 'libzmq >= 4'
[0.685s] --   Found libzmq, version 4.3.4
[0.723s] -- Checking for module 'uuid'
[0.736s] --   Found uuid, version 2.37.2
[0.767s] -- Looking for ignition-utils1 -- found version 1.5.1
[0.767s] -- Searching for dependencies of ignition-utils1
[0.767s] -- Searching for <ignition-utils1> component [cli]
[0.768s] -- Looking for ignition-utils1-cli -- found version 1.5.1
[0.768s] -- Searching for dependencies of ignition-utils1-cli
[0.768s] -- Looking for ignition-msgs8 -- found version 8.7.0
[0.769s] -- Searching for dependencies of ignition-msgs8
[0.791s] -- Found Protobuf: /usr/lib/x86_64-linux-gnu/libprotobuf.so (found suitable version "3.12.4", minimum required is "3")
[0.791s] -- Looking for ignition-math6 -- found version 6.15.1
[0.801s] -- Searching for <ignition-transport11> component [log]
[0.801s] -- Looking for ignition-transport11-log -- found version 11.4.1
[0.801s] -- Searching for dependencies of ignition-transport11-log
[0.802s] -- Searching for <ignition-transport11> component [parameters]
[0.802s] -- Looking for ignition-transport11-parameters -- found version 11.4.1
[0.802s] -- Searching for dependencies of ignition-transport11-parameters
[0.803s] -- Looking for ignition-msgs8 -- found version 8.7.0
[0.803s] -- Looking for ignition-common4 -- found version 4.7.0
[0.803s] -- Searching for dependencies of ignition-common4
[0.803s] -- Looking for dlfcn.h - found
[0.803s] -- Looking for libdl - found
[0.813s] -- Searching for <ignition-common4> component [profiler]
[0.814s] -- Looking for ignition-common4-profiler -- found version 4.7.0
[0.814s] -- Searching for dependencies of ignition-common4-profiler
[0.814s] -- Searching for <ignition-common4> component [events]
[0.815s] -- Looking for ignition-common4-events -- found version 4.7.0
[0.815s] -- Searching for dependencies of ignition-common4-events
[0.815s] -- Looking for ignition-math6 -- found version 6.15.1
[0.815s] -- Searching for <ignition-common4> component [av]
[0.816s] -- Looking for ignition-common4-av -- found version 4.7.0
[0.816s] -- Searching for dependencies of ignition-common4-av
[0.820s] -- Checking for module 'libswscale'
[0.835s] --   Found libswscale, version 5.9.100
[0.871s] -- Checking for module 'libavdevice >= 56.4.100'
[0.885s] --   Found libavdevice, version 58.13.100
[0.924s] -- Checking for module 'libavformat'
[0.938s] --   Found libavformat, version 58.76.100
[0.976s] -- Checking for module 'libavcodec'
[0.990s] --   Found libavcodec, version 58.134.100
[1.027s] -- Checking for module 'libavutil'
[1.040s] --   Found libavutil, version 56.70.100
[1.073s] -- Looking for ignition-fuel_tools7 -- found version 7.3.1
[1.073s] -- Searching for dependencies of ignition-fuel_tools7
[1.113s] [0mCMake Deprecation Warning at /usr/lib/x86_64-linux-gnu/cmake/jsoncpp/jsoncppConfig.cmake:2 (cmake_policy):
[1.113s]   Compatibility with CMake < 3.10 will be removed from a future version of
[1.113s]   CMake.
[1.113s] 
[1.113s]   Update the VERSION argument <min> value.  Or, use the <min>...<max> syntax
[1.113s]   to tell CMake that the project requires at least <min> but has been updated
[1.113s]   to work with policies introduced by <max> or earlier.
[1.113s] Call Stack (most recent call first):
[1.114s]   /usr/share/cmake/ignition-cmake2/cmake2/FindJSONCPP.cmake:34 (find_package)
[1.114s]   /home/nam/ignition_fortress_ws/install/ignition-fuel_tools7/lib/cmake/ignition-fuel_tools7/ignition-fuel_tools7-config.cmake:94 (find_package)
[1.114s]   /usr/lib/x86_64-linux-gnu/cmake/ignition-gazebo6/ignition-gazebo6-config.cmake:97 (find_package)
[1.114s]   CMakeLists.txt:8 (find_package)
[1.114s] 
[1.114s] [0m
[1.118s] -- Checking for module 'jsoncpp'
[1.132s] --   Found jsoncpp, version 1.9.5
[1.169s] -- Checking for module 'libzip'
[1.182s] --   Found libzip, version 1.7.3
[1.215s] -- Looking for ignition-common4 -- found version 4.7.0
[1.215s] -- Looking for ignition-math6 -- found version 6.15.1
[1.216s] -- Looking for ignition-msgs8 -- found version 8.7.0
[1.216s] -- Looking for ignition-gui6 -- found version 6.8.0
[1.217s] -- Searching for dependencies of ignition-gui6
[1.249s] -- Looking for ignition-math6 -- found version 6.15.1
[1.249s] -- Looking for ignition-common4 -- found version 4.7.0
[1.249s] -- Looking for ignition-plugin1 -- found version 1.4.0
[1.250s] -- Looking for ignition-transport11 -- found version 11.4.1
[1.250s] -- Looking for ignition-rendering6 -- found version 6.6.3
[1.250s] -- Searching for dependencies of ignition-rendering6
[1.251s] -- Looking for ignition-math6 -- found version 6.15.1
[1.251s] -- Searching for dependencies of ignition-math6
[1.251s] -- Searching for <ignition-math6> component [eigen3]
[1.251s] -- Looking for ignition-math6-eigen3 -- found version 6.15.1
[1.251s] -- Searching for dependencies of ignition-math6-eigen3
[1.253s] -- Looking for ignition-common4 -- found version 4.7.0
[1.253s] -- Searching for dependencies of ignition-common4
[1.253s] -- Looking for dlfcn.h - found
[1.253s] -- Looking for libdl - found
[1.262s] -- Searching for <ignition-common4> component [graphics]
[1.263s] -- Looking for ignition-common4-graphics -- found version 4.7.0
[1.263s] -- Searching for dependencies of ignition-common4-graphics
[1.263s] -- Looking for ignition-math6 -- found version 6.15.1
[1.264s] -- Looking for ignition-utils1 -- found version 1.5.1
[1.264s] -- Searching for <ignition-common4> component [events]
[1.264s] -- Looking for ignition-plugin1 -- found version 1.4.0
[1.265s] -- Searching for dependencies of ignition-plugin1
[1.265s] -- Searching for <ignition-plugin1> component [all]
[1.265s] -- Looking for all libraries of ignition-plugin1 -- found version 1.4.0
[1.265s] -- Looking for ignition-plugin1 -- found version 1.4.0
[1.267s] -- Looking for ignition-msgs8 -- found version 8.7.0
[1.281s] -- Looking for ignition-physics5 -- found version 5.3.2
[1.281s] -- Searching for dependencies of ignition-physics5
[1.281s] -- Looking for ignition-math6 -- found version 6.15.1
[1.281s] -- Looking for ignition-plugin1 -- found version 1.4.0
[1.282s] -- Looking for ignition-utils1 -- found version 1.5.1
[1.283s] -- Searching for <ignition-physics5> component [heightmap]
[1.283s] -- Looking for ignition-physics5-heightmap -- found version 5.3.2
[1.283s] -- Searching for dependencies of ignition-physics5-heightmap
[1.283s] -- Looking for ignition-common4 -- found version 4.7.0
[1.284s] -- Searching for <ignition-physics5> component [mesh]
[1.284s] -- Looking for ignition-physics5-mesh -- found version 5.3.2
[1.284s] -- Searching for dependencies of ignition-physics5-mesh
[1.285s] -- Looking for ignition-common4 -- found version 4.7.0
[1.285s] -- Searching for <ignition-physics5> component [sdf]
[1.285s] -- Looking for ignition-physics5-sdf -- found version 5.3.2
[1.285s] -- Searching for dependencies of ignition-physics5-sdf
[1.286s] -- Looking for sdformat12 -- found version 12.8.0
[1.287s] -- Looking for ignition-sensors6 -- found version 6.8.1
[1.287s] -- Searching for dependencies of ignition-sensors6
[1.309s] -- Found Protobuf: /usr/lib/x86_64-linux-gnu/libprotobuf.so (found version "3.12.4")
[1.310s] -- Looking for ignition-math6 -- found version 6.15.1
[1.310s] -- Looking for ignition-common4 -- found version 4.7.0
[1.310s] -- Looking for ignition-transport11 -- found version 11.4.1
[1.311s] -- Looking for ignition-rendering6 -- found version 6.6.3
[1.311s] -- Looking for ignition-msgs8 -- found version 8.7.0
[1.311s] -- Looking for sdformat12 -- found version 12.8.0
[1.312s] -- Searching for <ignition-sensors6> component [air_pressure]
[1.312s] -- Looking for ignition-sensors6-air_pressure -- found version 6.8.1
[1.312s] -- Searching for dependencies of ignition-sensors6-air_pressure
[1.313s] -- Searching for <ignition-sensors6> component [altimeter]
[1.313s] -- Looking for ignition-sensors6-altimeter -- found version 6.8.1
[1.313s] -- Searching for dependencies of ignition-sensors6-altimeter
[1.314s] -- Searching for <ignition-sensors6> component [imu]
[1.314s] -- Looking for ignition-sensors6-imu -- found version 6.8.1
[1.314s] -- Searching for dependencies of ignition-sensors6-imu
[1.315s] -- Searching for <ignition-sensors6> component [force_torque]
[1.315s] -- Looking for ignition-sensors6-force_torque -- found version 6.8.1
[1.315s] -- Searching for dependencies of ignition-sensors6-force_torque
[1.315s] -- Searching for <ignition-sensors6> component [logical_camera]
[1.316s] -- Looking for ignition-sensors6-logical_camera -- found version 6.8.1
[1.316s] -- Searching for dependencies of ignition-sensors6-logical_camera
[1.316s] -- Searching for <ignition-sensors6> component [magnetometer]
[1.317s] -- Looking for ignition-sensors6-magnetometer -- found version 6.8.1
[1.317s] -- Searching for dependencies of ignition-sensors6-magnetometer
[1.317s] -- Searching for <ignition-sensors6> component [navsat]
[1.318s] -- Looking for ignition-sensors6-navsat -- found version 6.8.1
[1.318s] -- Searching for dependencies of ignition-sensors6-navsat
[1.318s] -- Searching for <ignition-sensors6> component [rendering]
[1.318s] -- Looking for ignition-sensors6-rendering -- found version 6.8.1
[1.319s] -- Searching for dependencies of ignition-sensors6-rendering
[1.319s] -- Searching for <ignition-sensors6> component [lidar]
[1.319s] -- Looking for ignition-sensors6-lidar -- found version 6.8.1
[1.319s] -- Searching for dependencies of ignition-sensors6-lidar
[1.320s] -- Looking for ignition-sensors6 -- found version 6.8.1
[1.320s] -- Searching for <ignition-sensors6> component [gpu_lidar]
[1.321s] -- Looking for ignition-sensors6-gpu_lidar -- found version 6.8.1
[1.321s] -- Searching for dependencies of ignition-sensors6-gpu_lidar
[1.321s] -- Looking for ignition-sensors6 -- found version 6.8.1
[1.322s] -- Searching for <ignition-sensors6> component [camera]
[1.322s] -- Looking for ignition-sensors6-camera -- found version 6.8.1
[1.322s] -- Searching for dependencies of ignition-sensors6-camera
[1.322s] -- Looking for ignition-sensors6 -- found version 6.8.1
[1.323s] -- Searching for <ignition-sensors6> component [boundingbox_camera]
[1.323s] -- Looking for ignition-sensors6-boundingbox_camera -- found version 6.8.1
[1.323s] -- Searching for dependencies of ignition-sensors6-boundingbox_camera
[1.324s] -- Searching for <ignition-sensors6> component [segmentation_camera]
[1.324s] -- Looking for ignition-sensors6-segmentation_camera -- found version 6.8.1
[1.324s] -- Searching for dependencies of ignition-sensors6-segmentation_camera
[1.325s] -- Searching for <ignition-sensors6> component [depth_camera]
[1.325s] -- Looking for ignition-sensors6-depth_camera -- found version 6.8.1
[1.325s] -- Searching for dependencies of ignition-sensors6-depth_camera
[1.326s] -- Looking for ignition-sensors6 -- found version 6.8.1
[1.326s] -- Searching for <ignition-sensors6> component [rgbd_camera]
[1.326s] -- Looking for ignition-sensors6-rgbd_camera -- found version 6.8.1
[1.327s] -- Searching for dependencies of ignition-sensors6-rgbd_camera
[1.327s] -- Looking for ignition-sensors6 -- found version 6.8.1
[1.327s] -- Searching for <ignition-sensors6> component [thermal_camera]
[1.328s] -- Looking for ignition-sensors6-thermal_camera -- found version 6.8.1
[1.328s] -- Searching for dependencies of ignition-sensors6-thermal_camera
[1.328s] -- Looking for ignition-sensors6 -- found version 6.8.1
[1.329s] -- Looking for ignition-rendering6 -- found version 6.6.3
[1.330s] -- Looking for ignition-math6 -- found version 6.15.1
[1.330s] -- Looking for ignition-utils1 -- found version 1.5.1
[1.409s] -- Configuring done (1.3s)
[1.425s] -- Generating done (0.0s)
[1.429s] -- Build files have been written to: /home/nam/Lekiwi_ws/build/lekiwi_servo_control
[1.464s] [ 50%] [32mBuilding CXX object CMakeFiles/lekiwi_servo_control.dir/src/lekiwi_servo_control.cpp.o[0m
[12.616s] [100%] [32m[1mLinking CXX shared library liblekiwi_servo_control.so[0m
[13.251s] [100%] Built target lekiwi_servo_control
[13.257s] Invoked command in '/home/nam/Lekiwi_ws/build/lekiwi_servo_control' returned '0': CMAKE_PREFIX_PATH=${CMAKE_PREFIX_PATH}:/home/nam/Lekiwi_ws/install/omni_teleop:/home/nam/turtlebot3_ws/install/turtlebot3_teleop:/home/nam/turtlebot3_ws/install/turtlebot3_example:/opt/ros/humble /home/nam/.local/bin/cmake --build /home/nam/Lekiwi_ws/build/lekiwi_servo_control -- -j12 -l12
[13.324s] Invoking command in '/home/nam/Lekiwi_ws/build/lekiwi_servo_control': CMAKE_PREFIX_PATH=${CMAKE_PREFIX_PATH}:/home/nam/Lekiwi_ws/install/omni_teleop:/home/nam/turtlebot3_ws/install/turtlebot3_teleop:/home/nam/turtlebot3_ws/install/turtlebot3_example:/opt/ros/humble /home/nam/.local/bin/cmake --install /home/nam/Lekiwi_ws/build/lekiwi_servo_control
[13.388s] -- Install configuration: ""
[13.389s] -- Installing: /home/nam/Lekiwi_ws/install/lekiwi_servo_control/lib/liblekiwi_servo_control.so
[13.397s] -- Set non-toolchain portion of runtime path of "/home/nam/Lekiwi_ws/install/lekiwi_servo_control/lib/liblekiwi_servo_control.so" to ""
[13.397s] [31mCMake Error at cmake_install.cmake:69 (file):
[13.397s]   file INSTALL cannot find
[13.397s]   "/home/nam/Lekiwi_ws/src/lekiwi_servo_control/urdf": No such file or
[13.397s]   directory.
[13.397s] 
[13.397s] [0m
[13.398s] Invoked command in '/home/nam/Lekiwi_ws/build/lekiwi_servo_control' returned '1': CMAKE_PREFIX_PATH=${CMAKE_PREFIX_PATH}:/home/nam/Lekiwi_ws/install/omni_teleop:/home/nam/turtlebot3_ws/install/turtlebot3_teleop:/home/nam/turtlebot3_ws/install/turtlebot3_example:/opt/ros/humble /home/nam/.local/bin/cmake --install /home/nam/Lekiwi_ws/build/lekiwi_servo_control
