[0.011s] Invoking command in '/home/nam/Lekiwi_ws/build/three_omni_plugin': CMAKE_PREFIX_PATH=${CMAKE_PREFIX_PATH}:/home/nam/Lekiwi_ws/install/omni_teleop:/home/nam/turtlebot3_ws/install/turtlebot3_teleop:/home/nam/turtlebot3_ws/install/turtlebot3_example:/opt/ros/humble /home/nam/.local/bin/cmake --build /home/nam/Lekiwi_ws/build/three_omni_plugin -- -j12 -l12
[0.092s] -- Found ament_cmake: 1.3.11 (/opt/ros/humble/share/ament_cmake/cmake)
[0.262s] -- Found rclcpp: 16.0.12 (/opt/ros/humble/share/rclcpp/cmake)
[0.291s] -- Found rosidl_generator_c: 3.1.6 (/opt/ros/humble/share/rosidl_generator_c/cmake)
[0.293s] -- Found rosidl_adapter: 3.1.6 (/opt/ros/humble/share/rosidl_adapter/cmake)
[0.298s] -- Found rosidl_generator_cpp: 3.1.6 (/opt/ros/humble/share/rosidl_generator_cpp/cmake)
[0.307s] -- Using all available rosidl_typesupport_c: rosidl_typesupport_fastrtps_c;rosidl_typesupport_introspection_c
[0.320s] -- Using all available rosidl_typesupport_cpp: rosidl_typesupport_fastrtps_cpp;rosidl_typesupport_introspection_cpp
[0.353s] -- Found rmw_implementation_cmake: 6.1.2 (/opt/ros/humble/share/rmw_implementation_cmake/cmake)
[0.355s] -- Found rmw_fastrtps_cpp: 6.2.7 (/opt/ros/humble/share/rmw_fastrtps_cpp/cmake)
[0.479s] -- Using RMW implementation 'rmw_fastrtps_cpp' as default
[0.531s] -- Found geometry_msgs: 4.8.0 (/opt/ros/humble/share/geometry_msgs/cmake)
[0.545s] -- Found nav_msgs: 4.8.0 (/opt/ros/humble/share/nav_msgs/cmake)
[0.564s] -- Found tf2_ros: 0.25.12 (/opt/ros/humble/share/tf2_ros/cmake)
[0.653s] -- Found tf2_geometry_msgs: 0.25.12 (/opt/ros/humble/share/tf2_geometry_msgs/cmake)
[0.656s] -- Found eigen3_cmake_module: 0.1.1 (/opt/ros/humble/share/eigen3_cmake_module/cmake)
[0.657s] -- Ensuring Eigen3 include directory is part of orocos-kdl CMake target
[0.659s] -- Looking for ignition-gazebo6 -- found version 6.17.0
[0.662s] -- Searching for dependencies of ignition-gazebo6
[0.663s] -- Looking for sdformat12 -- found version 12.8.0
[0.663s] -- Searching for dependencies of sdformat12
[0.668s] -- Checking for module 'tinyxml2'
[0.682s] --   Found tinyxml2, version 9.0.0
[0.713s] -- Looking for ignition-math6 -- found version 6.15.1
[0.713s] -- Searching for dependencies of ignition-math6
[0.714s] -- Looking for ignition-utils1 -- found version 1.5.1
[0.714s] -- Searching for dependencies of ignition-utils1
[0.715s] -- Looking for ignition-plugin1 -- found version 1.4.0
[0.716s] -- Searching for dependencies of ignition-plugin1
[0.716s] -- Searching for <ignition-plugin1> component [loader]
[0.716s] -- Looking for ignition-plugin1-loader -- found version 1.4.0
[0.716s] -- Searching for dependencies of ignition-plugin1-loader
[0.717s] -- Searching for <ignition-plugin1> component [register]
[0.717s] -- Looking for ignition-plugin1-register -- found version 1.4.0
[0.717s] -- Searching for dependencies of ignition-plugin1-register
[0.718s] -- Looking for ignition-transport11 -- found version 11.4.1
[0.718s] -- Searching for dependencies of ignition-transport11
[0.757s] -- Config-file not installed for ZeroMQ -- checking for pkg-config
[0.761s] -- Checking for module 'libzmq >= 4'
[0.776s] --   Found libzmq, version 4.3.4
[0.816s] -- Checking for module 'uuid'
[0.830s] --   Found uuid, version 2.37.2
[0.862s] -- Looking for ignition-utils1 -- found version 1.5.1
[0.862s] -- Searching for dependencies of ignition-utils1
[0.862s] -- Searching for <ignition-utils1> component [cli]
[0.862s] -- Looking for ignition-utils1-cli -- found version 1.5.1
[0.863s] -- Searching for dependencies of ignition-utils1-cli
[0.863s] -- Looking for ignition-msgs8 -- found version 8.7.0
[0.863s] -- Searching for dependencies of ignition-msgs8
[0.886s] -- Found Protobuf: /usr/lib/x86_64-linux-gnu/libprotobuf.so (found suitable version "3.12.4", minimum required is "3")
[0.887s] -- Looking for ignition-math6 -- found version 6.15.1
[0.898s] -- Searching for <ignition-transport11> component [log]
[0.898s] -- Looking for ignition-transport11-log -- found version 11.4.1
[0.899s] -- Searching for dependencies of ignition-transport11-log
[0.899s] -- Searching for <ignition-transport11> component [parameters]
[0.899s] -- Looking for ignition-transport11-parameters -- found version 11.4.1
[0.900s] -- Searching for dependencies of ignition-transport11-parameters
[0.901s] -- Looking for ignition-msgs8 -- found version 8.7.0
[0.901s] -- Looking for ignition-common4 -- found version 4.7.0
[0.901s] -- Searching for dependencies of ignition-common4
[0.901s] -- Looking for dlfcn.h - found
[0.901s] -- Looking for libdl - found
[0.913s] -- Searching for <ignition-common4> component [profiler]
[0.913s] -- Looking for ignition-common4-profiler -- found version 4.7.0
[0.914s] -- Searching for dependencies of ignition-common4-profiler
[0.914s] -- Searching for <ignition-common4> component [events]
[0.914s] -- Looking for ignition-common4-events -- found version 4.7.0
[0.915s] -- Searching for dependencies of ignition-common4-events
[0.915s] -- Looking for ignition-math6 -- found version 6.15.1
[0.915s] -- Searching for <ignition-common4> component [av]
[0.916s] -- Looking for ignition-common4-av -- found version 4.7.0
[0.916s] -- Searching for dependencies of ignition-common4-av
[0.921s] -- Checking for module 'libswscale'
[0.937s] --   Found libswscale, version 5.9.100
[0.975s] -- Checking for module 'libavdevice >= 56.4.100'
[0.991s] --   Found libavdevice, version 58.13.100
[1.033s] -- Checking for module 'libavformat'
[1.049s] --   Found libavformat, version 58.76.100
[1.089s] -- Checking for module 'libavcodec'
[1.103s] --   Found libavcodec, version 58.134.100
[1.142s] -- Checking for module 'libavutil'
[1.155s] --   Found libavutil, version 56.70.100
[1.189s] -- Looking for ignition-fuel_tools7 -- found version 7.3.1
[1.190s] -- Searching for dependencies of ignition-fuel_tools7
[1.233s] [0mCMake Deprecation Warning at /usr/lib/x86_64-linux-gnu/cmake/jsoncpp/jsoncppConfig.cmake:2 (cmake_policy):
[1.233s]   Compatibility with CMake < 3.10 will be removed from a future version of
[1.233s]   CMake.
[1.233s] 
[1.233s]   Update the VERSION argument <min> value.  Or, use the <min>...<max> syntax
[1.233s]   to tell CMake that the project requires at least <min> but has been updated
[1.233s]   to work with policies introduced by <max> or earlier.
[1.233s] Call Stack (most recent call first):
[1.233s]   /usr/share/cmake/ignition-cmake2/cmake2/FindJSONCPP.cmake:34 (find_package)
[1.233s]   /home/nam/ignition_fortress_ws/install/ignition-fuel_tools7/lib/cmake/ignition-fuel_tools7/ignition-fuel_tools7-config.cmake:94 (find_package)
[1.233s]   /usr/lib/x86_64-linux-gnu/cmake/ignition-gazebo6/ignition-gazebo6-config.cmake:97 (find_package)
[1.233s]   CMakeLists.txt:15 (find_package)
[1.233s] 
[1.233s] [0m
[1.238s] -- Checking for module 'jsoncpp'
[1.253s] --   Found jsoncpp, version 1.9.5
[1.291s] -- Checking for module 'libzip'
[1.306s] --   Found libzip, version 1.7.3
[1.344s] -- Looking for ignition-common4 -- found version 4.7.0
[1.344s] -- Looking for ignition-math6 -- found version 6.15.1
[1.344s] -- Looking for ignition-msgs8 -- found version 8.7.0
[1.345s] -- Looking for ignition-gui6 -- found version 6.8.0
[1.346s] -- Searching for dependencies of ignition-gui6
[1.381s] -- Looking for ignition-math6 -- found version 6.15.1
[1.382s] -- Looking for ignition-common4 -- found version 4.7.0
[1.382s] -- Looking for ignition-plugin1 -- found version 1.4.0
[1.383s] -- Looking for ignition-transport11 -- found version 11.4.1
[1.383s] -- Looking for ignition-rendering6 -- found version 6.6.3
[1.383s] -- Searching for dependencies of ignition-rendering6
[1.383s] -- Looking for ignition-math6 -- found version 6.15.1
[1.384s] -- Searching for dependencies of ignition-math6
[1.384s] -- Searching for <ignition-math6> component [eigen3]
[1.384s] -- Looking for ignition-math6-eigen3 -- found version 6.15.1
[1.384s] -- Searching for dependencies of ignition-math6-eigen3
[1.386s] -- Looking for ignition-common4 -- found version 4.7.0
[1.386s] -- Searching for dependencies of ignition-common4
[1.386s] -- Looking for dlfcn.h - found
[1.386s] -- Looking for libdl - found
[1.397s] -- Searching for <ignition-common4> component [graphics]
[1.398s] -- Looking for ignition-common4-graphics -- found version 4.7.0
[1.398s] -- Searching for dependencies of ignition-common4-graphics
[1.398s] -- Looking for ignition-math6 -- found version 6.15.1
[1.398s] -- Looking for ignition-utils1 -- found version 1.5.1
[1.399s] -- Searching for <ignition-common4> component [events]
[1.399s] -- Looking for ignition-plugin1 -- found version 1.4.0
[1.400s] -- Searching for dependencies of ignition-plugin1
[1.400s] -- Searching for <ignition-plugin1> component [all]
[1.400s] -- Looking for all libraries of ignition-plugin1 -- found version 1.4.0
[1.401s] -- Looking for ignition-plugin1 -- found version 1.4.0
[1.402s] -- Looking for ignition-msgs8 -- found version 8.7.0
[1.418s] -- Looking for ignition-physics5 -- found version 5.3.2
[1.419s] -- Searching for dependencies of ignition-physics5
[1.419s] -- Looking for ignition-math6 -- found version 6.15.1
[1.419s] -- Looking for ignition-plugin1 -- found version 1.4.0
[1.420s] -- Looking for ignition-utils1 -- found version 1.5.1
[1.421s] -- Searching for <ignition-physics5> component [heightmap]
[1.421s] -- Looking for ignition-physics5-heightmap -- found version 5.3.2
[1.421s] -- Searching for dependencies of ignition-physics5-heightmap
[1.421s] -- Looking for ignition-common4 -- found version 4.7.0
[1.422s] -- Searching for <ignition-physics5> component [mesh]
[1.422s] -- Looking for ignition-physics5-mesh -- found version 5.3.2
[1.423s] -- Searching for dependencies of ignition-physics5-mesh
[1.423s] -- Looking for ignition-common4 -- found version 4.7.0
[1.423s] -- Searching for <ignition-physics5> component [sdf]
[1.424s] -- Looking for ignition-physics5-sdf -- found version 5.3.2
[1.424s] -- Searching for dependencies of ignition-physics5-sdf
[1.424s] -- Looking for sdformat12 -- found version 12.8.0
[1.425s] -- Looking for ignition-sensors6 -- found version 6.8.1
[1.425s] -- Searching for dependencies of ignition-sensors6
[1.450s] -- Found Protobuf: /usr/lib/x86_64-linux-gnu/libprotobuf.so (found version "3.12.4")
[1.450s] -- Looking for ignition-math6 -- found version 6.15.1
[1.451s] -- Looking for ignition-common4 -- found version 4.7.0
[1.451s] -- Looking for ignition-transport11 -- found version 11.4.1
[1.452s] -- Looking for ignition-rendering6 -- found version 6.6.3
[1.452s] -- Looking for ignition-msgs8 -- found version 8.7.0
[1.453s] -- Looking for sdformat12 -- found version 12.8.0
[1.453s] -- Searching for <ignition-sensors6> component [air_pressure]
[1.454s] -- Looking for ignition-sensors6-air_pressure -- found version 6.8.1
[1.454s] -- Searching for dependencies of ignition-sensors6-air_pressure
[1.454s] -- Searching for <ignition-sensors6> component [altimeter]
[1.454s] -- Looking for ignition-sensors6-altimeter -- found version 6.8.1
[1.455s] -- Searching for dependencies of ignition-sensors6-altimeter
[1.455s] -- Searching for <ignition-sensors6> component [imu]
[1.455s] -- Looking for ignition-sensors6-imu -- found version 6.8.1
[1.456s] -- Searching for dependencies of ignition-sensors6-imu
[1.456s] -- Searching for <ignition-sensors6> component [force_torque]
[1.456s] -- Looking for ignition-sensors6-force_torque -- found version 6.8.1
[1.456s] -- Searching for dependencies of ignition-sensors6-force_torque
[1.457s] -- Searching for <ignition-sensors6> component [logical_camera]
[1.457s] -- Looking for ignition-sensors6-logical_camera -- found version 6.8.1
[1.457s] -- Searching for dependencies of ignition-sensors6-logical_camera
[1.458s] -- Searching for <ignition-sensors6> component [magnetometer]
[1.458s] -- Looking for ignition-sensors6-magnetometer -- found version 6.8.1
[1.458s] -- Searching for dependencies of ignition-sensors6-magnetometer
[1.459s] -- Searching for <ignition-sensors6> component [navsat]
[1.459s] -- Looking for ignition-sensors6-navsat -- found version 6.8.1
[1.459s] -- Searching for dependencies of ignition-sensors6-navsat
[1.460s] -- Searching for <ignition-sensors6> component [rendering]
[1.460s] -- Looking for ignition-sensors6-rendering -- found version 6.8.1
[1.460s] -- Searching for dependencies of ignition-sensors6-rendering
[1.460s] -- Searching for <ignition-sensors6> component [lidar]
[1.461s] -- Looking for ignition-sensors6-lidar -- found version 6.8.1
[1.461s] -- Searching for dependencies of ignition-sensors6-lidar
[1.461s] -- Looking for ignition-sensors6 -- found version 6.8.1
[1.462s] -- Searching for <ignition-sensors6> component [gpu_lidar]
[1.462s] -- Looking for ignition-sensors6-gpu_lidar -- found version 6.8.1
[1.462s] -- Searching for dependencies of ignition-sensors6-gpu_lidar
[1.463s] -- Looking for ignition-sensors6 -- found version 6.8.1
[1.463s] -- Searching for <ignition-sensors6> component [camera]
[1.464s] -- Looking for ignition-sensors6-camera -- found version 6.8.1
[1.464s] -- Searching for dependencies of ignition-sensors6-camera
[1.464s] -- Looking for ignition-sensors6 -- found version 6.8.1
[1.464s] -- Searching for <ignition-sensors6> component [boundingbox_camera]
[1.465s] -- Looking for ignition-sensors6-boundingbox_camera -- found version 6.8.1
[1.465s] -- Searching for dependencies of ignition-sensors6-boundingbox_camera
[1.465s] -- Searching for <ignition-sensors6> component [segmentation_camera]
[1.466s] -- Looking for ignition-sensors6-segmentation_camera -- found version 6.8.1
[1.466s] -- Searching for dependencies of ignition-sensors6-segmentation_camera
[1.466s] -- Searching for <ignition-sensors6> component [depth_camera]
[1.467s] -- Looking for ignition-sensors6-depth_camera -- found version 6.8.1
[1.467s] -- Searching for dependencies of ignition-sensors6-depth_camera
[1.467s] -- Looking for ignition-sensors6 -- found version 6.8.1
[1.468s] -- Searching for <ignition-sensors6> component [rgbd_camera]
[1.468s] -- Looking for ignition-sensors6-rgbd_camera -- found version 6.8.1
[1.468s] -- Searching for dependencies of ignition-sensors6-rgbd_camera
[1.469s] -- Looking for ignition-sensors6 -- found version 6.8.1
[1.469s] -- Searching for <ignition-sensors6> component [thermal_camera]
[1.469s] -- Looking for ignition-sensors6-thermal_camera -- found version 6.8.1
[1.470s] -- Searching for dependencies of ignition-sensors6-thermal_camera
[1.470s] -- Looking for ignition-sensors6 -- found version 6.8.1
[1.471s] -- Looking for ignition-rendering6 -- found version 6.6.3
[1.471s] -- Looking for ignition-math6 -- found version 6.15.1
[1.472s] -- Looking for ignition-utils1 -- found version 1.5.1
[1.497s] -- Looking for ignition-plugin1 -- found version 1.4.0
[1.559s] -- Configuring done (1.5s)
[1.578s] -- Generating done (0.0s)
[1.581s] -- Build files have been written to: /home/nam/Lekiwi_ws/build/three_omni_plugin
[1.618s] [ 50%] [32mBuilding CXX object CMakeFiles/three_omni_plugin.dir/src/three_omni_plugin.cpp.o[0m
[12.581s] [100%] [32m[1mLinking CXX shared library libthree_omni_plugin.so[0m
[13.156s] [100%] Built target three_omni_plugin
[13.162s] Invoked command in '/home/nam/Lekiwi_ws/build/three_omni_plugin' returned '0': CMAKE_PREFIX_PATH=${CMAKE_PREFIX_PATH}:/home/nam/Lekiwi_ws/install/omni_teleop:/home/nam/turtlebot3_ws/install/turtlebot3_teleop:/home/nam/turtlebot3_ws/install/turtlebot3_example:/opt/ros/humble /home/nam/.local/bin/cmake --build /home/nam/Lekiwi_ws/build/three_omni_plugin -- -j12 -l12
[13.226s] Invoking command in '/home/nam/Lekiwi_ws/build/three_omni_plugin': CMAKE_PREFIX_PATH=${CMAKE_PREFIX_PATH}:/home/nam/Lekiwi_ws/install/omni_teleop:/home/nam/turtlebot3_ws/install/turtlebot3_teleop:/home/nam/turtlebot3_ws/install/turtlebot3_example:/opt/ros/humble /home/nam/.local/bin/cmake --install /home/nam/Lekiwi_ws/build/three_omni_plugin
[13.289s] -- Install configuration: ""
[13.289s] -- Installing: /home/nam/Lekiwi_ws/install/three_omni_plugin/lib/libthree_omni_plugin.so
[13.299s] -- Set non-toolchain portion of runtime path of "/home/nam/Lekiwi_ws/install/three_omni_plugin/lib/libthree_omni_plugin.so" to ""
[13.299s] -- Up-to-date: /home/nam/Lekiwi_ws/install/three_omni_plugin/share/three_omni_plugin/environment/library_path.sh
[13.299s] -- Installing: /home/nam/Lekiwi_ws/install/three_omni_plugin/share/three_omni_plugin/environment/library_path.dsv
[13.299s] -- Up-to-date: /home/nam/Lekiwi_ws/install/three_omni_plugin/share/ament_index/resource_index/package_run_dependencies/three_omni_plugin
[13.299s] -- Up-to-date: /home/nam/Lekiwi_ws/install/three_omni_plugin/share/ament_index/resource_index/parent_prefix_path/three_omni_plugin
[13.299s] -- Up-to-date: /home/nam/Lekiwi_ws/install/three_omni_plugin/share/three_omni_plugin/environment/ament_prefix_path.sh
[13.299s] -- Installing: /home/nam/Lekiwi_ws/install/three_omni_plugin/share/three_omni_plugin/environment/ament_prefix_path.dsv
[13.299s] -- Up-to-date: /home/nam/Lekiwi_ws/install/three_omni_plugin/share/three_omni_plugin/environment/path.sh
[13.299s] -- Installing: /home/nam/Lekiwi_ws/install/three_omni_plugin/share/three_omni_plugin/environment/path.dsv
[13.299s] -- Up-to-date: /home/nam/Lekiwi_ws/install/three_omni_plugin/share/three_omni_plugin/local_setup.bash
[13.299s] -- Up-to-date: /home/nam/Lekiwi_ws/install/three_omni_plugin/share/three_omni_plugin/local_setup.sh
[13.299s] -- Up-to-date: /home/nam/Lekiwi_ws/install/three_omni_plugin/share/three_omni_plugin/local_setup.zsh
[13.300s] -- Installing: /home/nam/Lekiwi_ws/install/three_omni_plugin/share/three_omni_plugin/local_setup.dsv
[13.300s] -- Installing: /home/nam/Lekiwi_ws/install/three_omni_plugin/share/three_omni_plugin/package.dsv
[13.300s] -- Up-to-date: /home/nam/Lekiwi_ws/install/three_omni_plugin/share/ament_index/resource_index/packages/three_omni_plugin
[13.300s] -- Up-to-date: /home/nam/Lekiwi_ws/install/three_omni_plugin/share/three_omni_plugin/cmake/ament_cmake_export_libraries-extras.cmake
[13.300s] -- Up-to-date: /home/nam/Lekiwi_ws/install/three_omni_plugin/share/three_omni_plugin/cmake/three_omni_pluginConfig.cmake
[13.300s] -- Up-to-date: /home/nam/Lekiwi_ws/install/three_omni_plugin/share/three_omni_plugin/cmake/three_omni_pluginConfig-version.cmake
[13.300s] -- Up-to-date: /home/nam/Lekiwi_ws/install/three_omni_plugin/share/three_omni_plugin/package.xml
[13.301s] Invoked command in '/home/nam/Lekiwi_ws/build/three_omni_plugin' returned '0': CMAKE_PREFIX_PATH=${CMAKE_PREFIX_PATH}:/home/nam/Lekiwi_ws/install/omni_teleop:/home/nam/turtlebot3_ws/install/turtlebot3_teleop:/home/nam/turtlebot3_ws/install/turtlebot3_example:/opt/ros/humble /home/nam/.local/bin/cmake --install /home/nam/Lekiwi_ws/build/three_omni_plugin
