[0.012s] Invoking command in '/home/nam/Lekiwi_ws/build/three_omni_plugin': CMAKE_PREFIX_PATH=${CMAKE_PREFIX_PATH}:/home/nam/Lekiwi_ws/install/omni_teleop:/home/nam/turtlebot3_ws/install/turtlebot3_teleop:/home/nam/turtlebot3_ws/install/turtlebot3_example:/opt/ros/humble /home/nam/.local/bin/cmake --build /home/nam/Lekiwi_ws/build/three_omni_plugin -- -j12 -l12
[0.092s] -- Found ament_cmake: 1.3.11 (/opt/ros/humble/share/ament_cmake/cmake)
[0.263s] -- Found rclcpp: 16.0.12 (/opt/ros/humble/share/rclcpp/cmake)
[0.290s] -- Found rosidl_generator_c: 3.1.6 (/opt/ros/humble/share/rosidl_generator_c/cmake)
[0.293s] -- Found rosidl_adapter: 3.1.6 (/opt/ros/humble/share/rosidl_adapter/cmake)
[0.298s] -- Found rosidl_generator_cpp: 3.1.6 (/opt/ros/humble/share/rosidl_generator_cpp/cmake)
[0.307s] -- Using all available rosidl_typesupport_c: rosidl_typesupport_fastrtps_c;rosidl_typesupport_introspection_c
[0.319s] -- Using all available rosidl_typesupport_cpp: rosidl_typesupport_fastrtps_cpp;rosidl_typesupport_introspection_cpp
[0.352s] -- Found rmw_implementation_cmake: 6.1.2 (/opt/ros/humble/share/rmw_implementation_cmake/cmake)
[0.354s] -- Found rmw_fastrtps_cpp: 6.2.7 (/opt/ros/humble/share/rmw_fastrtps_cpp/cmake)
[0.479s] -- Using RMW implementation 'rmw_fastrtps_cpp' as default
[0.531s] -- Found geometry_msgs: 4.8.0 (/opt/ros/humble/share/geometry_msgs/cmake)
[0.544s] -- Found nav_msgs: 4.8.0 (/opt/ros/humble/share/nav_msgs/cmake)
[0.563s] -- Found tf2_ros: 0.25.12 (/opt/ros/humble/share/tf2_ros/cmake)
[0.652s] -- Found tf2_geometry_msgs: 0.25.12 (/opt/ros/humble/share/tf2_geometry_msgs/cmake)
[0.655s] -- Found eigen3_cmake_module: 0.1.1 (/opt/ros/humble/share/eigen3_cmake_module/cmake)
[0.656s] -- Ensuring Eigen3 include directory is part of orocos-kdl CMake target
[0.658s] -- Looking for ignition-gazebo6 -- found version 6.17.0
[0.662s] -- Searching for dependencies of ignition-gazebo6
[0.662s] -- Looking for sdformat12 -- found version 12.8.0
[0.662s] -- Searching for dependencies of sdformat12
[0.668s] -- Checking for module 'tinyxml2'
[0.682s] --   Found tinyxml2, version 9.0.0
[0.713s] -- Looking for ignition-math6 -- found version 6.15.1
[0.713s] -- Searching for dependencies of ignition-math6
[0.714s] -- Looking for ignition-utils1 -- found version 1.5.1
[0.714s] -- Searching for dependencies of ignition-utils1
[0.715s] -- Looking for ignition-plugin1 -- found version 1.4.0
[0.716s] -- Searching for dependencies of ignition-plugin1
[0.716s] -- Searching for <ignition-plugin1> component [loader]
[0.716s] -- Looking for ignition-plugin1-loader -- found version 1.4.0
[0.716s] -- Searching for dependencies of ignition-plugin1-loader
[0.717s] -- Searching for <ignition-plugin1> component [register]
[0.717s] -- Looking for ignition-plugin1-register -- found version 1.4.0
[0.717s] -- Searching for dependencies of ignition-plugin1-register
[0.718s] -- Looking for ignition-transport11 -- found version 11.4.1
[0.718s] -- Searching for dependencies of ignition-transport11
[0.757s] -- Config-file not installed for ZeroMQ -- checking for pkg-config
[0.761s] -- Checking for module 'libzmq >= 4'
[0.776s] --   Found libzmq, version 4.3.4
[0.815s] -- Checking for module 'uuid'
[0.829s] --   Found uuid, version 2.37.2
[0.861s] -- Looking for ignition-utils1 -- found version 1.5.1
[0.861s] -- Searching for dependencies of ignition-utils1
[0.862s] -- Searching for <ignition-utils1> component [cli]
[0.862s] -- Looking for ignition-utils1-cli -- found version 1.5.1
[0.862s] -- Searching for dependencies of ignition-utils1-cli
[0.863s] -- Looking for ignition-msgs8 -- found version 8.7.0
[0.863s] -- Searching for dependencies of ignition-msgs8
[0.885s] -- Found Protobuf: /usr/lib/x86_64-linux-gnu/libprotobuf.so (found suitable version "3.12.4", minimum required is "3")
[0.886s] -- Looking for ignition-math6 -- found version 6.15.1
[0.896s] -- Searching for <ignition-transport11> component [log]
[0.896s] -- Looking for ignition-transport11-log -- found version 11.4.1
[0.896s] -- Searching for dependencies of ignition-transport11-log
[0.897s] -- Searching for <ignition-transport11> component [parameters]
[0.897s] -- Looking for ignition-transport11-parameters -- found version 11.4.1
[0.897s] -- Searching for dependencies of ignition-transport11-parameters
[0.898s] -- Looking for ignition-msgs8 -- found version 8.7.0
[0.899s] -- Looking for ignition-common4 -- found version 4.7.0
[0.899s] -- Searching for dependencies of ignition-common4
[0.899s] -- Looking for dlfcn.h - found
[0.899s] -- Looking for libdl - found
[0.910s] -- Searching for <ignition-common4> component [profiler]
[0.910s] -- Looking for ignition-common4-profiler -- found version 4.7.0
[0.910s] -- Searching for dependencies of ignition-common4-profiler
[0.911s] -- Searching for <ignition-common4> component [events]
[0.911s] -- Looking for ignition-common4-events -- found version 4.7.0
[0.911s] -- Searching for dependencies of ignition-common4-events
[0.911s] -- Looking for ignition-math6 -- found version 6.15.1
[0.912s] -- Searching for <ignition-common4> component [av]
[0.912s] -- Looking for ignition-common4-av -- found version 4.7.0
[0.912s] -- Searching for dependencies of ignition-common4-av
[0.917s] -- Checking for module 'libswscale'
[0.932s] --   Found libswscale, version 5.9.100
[0.970s] -- Checking for module 'libavdevice >= 56.4.100'
[0.984s] --   Found libavdevice, version 58.13.100
[1.025s] -- Checking for module 'libavformat'
[1.039s] --   Found libavformat, version 58.76.100
[1.078s] -- Checking for module 'libavcodec'
[1.093s] --   Found libavcodec, version 58.134.100
[1.131s] -- Checking for module 'libavutil'
[1.145s] --   Found libavutil, version 56.70.100
[1.178s] -- Looking for ignition-fuel_tools7 -- found version 7.3.1
[1.178s] -- Searching for dependencies of ignition-fuel_tools7
[1.219s] [0mCMake Deprecation Warning at /usr/lib/x86_64-linux-gnu/cmake/jsoncpp/jsoncppConfig.cmake:2 (cmake_policy):
[1.219s]   Compatibility with CMake < 3.10 will be removed from a future version of
[1.219s]   CMake.
[1.219s] 
[1.219s]   Update the VERSION argument <min> value.  Or, use the <min>...<max> syntax
[1.219s]   to tell CMake that the project requires at least <min> but has been updated
[1.219s]   to work with policies introduced by <max> or earlier.
[1.219s] Call Stack (most recent call first):
[1.219s]   /usr/share/cmake/ignition-cmake2/cmake2/FindJSONCPP.cmake:34 (find_package)
[1.219s]   /home/nam/ignition_fortress_ws/install/ignition-fuel_tools7/lib/cmake/ignition-fuel_tools7/ignition-fuel_tools7-config.cmake:94 (find_package)
[1.219s]   /usr/lib/x86_64-linux-gnu/cmake/ignition-gazebo6/ignition-gazebo6-config.cmake:97 (find_package)
[1.219s]   CMakeLists.txt:15 (find_package)
[1.219s] 
[1.219s] [0m
[1.224s] -- Checking for module 'jsoncpp'
[1.239s] --   Found jsoncpp, version 1.9.5
[1.277s] -- Checking for module 'libzip'
[1.291s] --   Found libzip, version 1.7.3
[1.323s] -- Looking for ignition-common4 -- found version 4.7.0
[1.323s] -- Looking for ignition-math6 -- found version 6.15.1
[1.323s] -- Looking for ignition-msgs8 -- found version 8.7.0
[1.324s] -- Looking for ignition-gui6 -- found version 6.8.0
[1.324s] -- Searching for dependencies of ignition-gui6
[1.356s] -- Looking for ignition-math6 -- found version 6.15.1
[1.356s] -- Looking for ignition-common4 -- found version 4.7.0
[1.357s] -- Looking for ignition-plugin1 -- found version 1.4.0
[1.357s] -- Looking for ignition-transport11 -- found version 11.4.1
[1.358s] -- Looking for ignition-rendering6 -- found version 6.6.3
[1.358s] -- Searching for dependencies of ignition-rendering6
[1.358s] -- Looking for ignition-math6 -- found version 6.15.1
[1.358s] -- Searching for dependencies of ignition-math6
[1.358s] -- Searching for <ignition-math6> component [eigen3]
[1.359s] -- Looking for ignition-math6-eigen3 -- found version 6.15.1
[1.359s] -- Searching for dependencies of ignition-math6-eigen3
[1.360s] -- Looking for ignition-common4 -- found version 4.7.0
[1.360s] -- Searching for dependencies of ignition-common4
[1.361s] -- Looking for dlfcn.h - found
[1.361s] -- Looking for libdl - found
[1.370s] -- Searching for <ignition-common4> component [graphics]
[1.371s] -- Looking for ignition-common4-graphics -- found version 4.7.0
[1.371s] -- Searching for dependencies of ignition-common4-graphics
[1.371s] -- Looking for ignition-math6 -- found version 6.15.1
[1.372s] -- Looking for ignition-utils1 -- found version 1.5.1
[1.372s] -- Searching for <ignition-common4> component [events]
[1.373s] -- Looking for ignition-plugin1 -- found version 1.4.0
[1.373s] -- Searching for dependencies of ignition-plugin1
[1.373s] -- Searching for <ignition-plugin1> component [all]
[1.373s] -- Looking for all libraries of ignition-plugin1 -- found version 1.4.0
[1.374s] -- Looking for ignition-plugin1 -- found version 1.4.0
[1.375s] -- Looking for ignition-msgs8 -- found version 8.7.0
[1.389s] -- Looking for ignition-physics5 -- found version 5.3.2
[1.390s] -- Searching for dependencies of ignition-physics5
[1.390s] -- Looking for ignition-math6 -- found version 6.15.1
[1.390s] -- Looking for ignition-plugin1 -- found version 1.4.0
[1.391s] -- Looking for ignition-utils1 -- found version 1.5.1
[1.392s] -- Searching for <ignition-physics5> component [heightmap]
[1.392s] -- Looking for ignition-physics5-heightmap -- found version 5.3.2
[1.392s] -- Searching for dependencies of ignition-physics5-heightmap
[1.393s] -- Looking for ignition-common4 -- found version 4.7.0
[1.393s] -- Searching for <ignition-physics5> component [mesh]
[1.393s] -- Looking for ignition-physics5-mesh -- found version 5.3.2
[1.394s] -- Searching for dependencies of ignition-physics5-mesh
[1.394s] -- Looking for ignition-common4 -- found version 4.7.0
[1.394s] -- Searching for <ignition-physics5> component [sdf]
[1.395s] -- Looking for ignition-physics5-sdf -- found version 5.3.2
[1.395s] -- Searching for dependencies of ignition-physics5-sdf
[1.395s] -- Looking for sdformat12 -- found version 12.8.0
[1.396s] -- Looking for ignition-sensors6 -- found version 6.8.1
[1.396s] -- Searching for dependencies of ignition-sensors6
[1.419s] -- Found Protobuf: /usr/lib/x86_64-linux-gnu/libprotobuf.so (found version "3.12.4")
[1.420s] -- Looking for ignition-math6 -- found version 6.15.1
[1.420s] -- Looking for ignition-common4 -- found version 4.7.0
[1.421s] -- Looking for ignition-transport11 -- found version 11.4.1
[1.421s] -- Looking for ignition-rendering6 -- found version 6.6.3
[1.421s] -- Looking for ignition-msgs8 -- found version 8.7.0
[1.422s] -- Looking for sdformat12 -- found version 12.8.0
[1.423s] -- Searching for <ignition-sensors6> component [air_pressure]
[1.423s] -- Looking for ignition-sensors6-air_pressure -- found version 6.8.1
[1.423s] -- Searching for dependencies of ignition-sensors6-air_pressure
[1.423s] -- Searching for <ignition-sensors6> component [altimeter]
[1.424s] -- Looking for ignition-sensors6-altimeter -- found version 6.8.1
[1.424s] -- Searching for dependencies of ignition-sensors6-altimeter
[1.424s] -- Searching for <ignition-sensors6> component [imu]
[1.425s] -- Looking for ignition-sensors6-imu -- found version 6.8.1
[1.425s] -- Searching for dependencies of ignition-sensors6-imu
[1.425s] -- Searching for <ignition-sensors6> component [force_torque]
[1.426s] -- Looking for ignition-sensors6-force_torque -- found version 6.8.1
[1.426s] -- Searching for dependencies of ignition-sensors6-force_torque
[1.426s] -- Searching for <ignition-sensors6> component [logical_camera]
[1.426s] -- Looking for ignition-sensors6-logical_camera -- found version 6.8.1
[1.427s] -- Searching for dependencies of ignition-sensors6-logical_camera
[1.427s] -- Searching for <ignition-sensors6> component [magnetometer]
[1.427s] -- Looking for ignition-sensors6-magnetometer -- found version 6.8.1
[1.428s] -- Searching for dependencies of ignition-sensors6-magnetometer
[1.428s] -- Searching for <ignition-sensors6> component [navsat]
[1.428s] -- Looking for ignition-sensors6-navsat -- found version 6.8.1
[1.428s] -- Searching for dependencies of ignition-sensors6-navsat
[1.429s] -- Searching for <ignition-sensors6> component [rendering]
[1.429s] -- Looking for ignition-sensors6-rendering -- found version 6.8.1
[1.429s] -- Searching for dependencies of ignition-sensors6-rendering
[1.430s] -- Searching for <ignition-sensors6> component [lidar]
[1.430s] -- Looking for ignition-sensors6-lidar -- found version 6.8.1
[1.430s] -- Searching for dependencies of ignition-sensors6-lidar
[1.431s] -- Looking for ignition-sensors6 -- found version 6.8.1
[1.431s] -- Searching for <ignition-sensors6> component [gpu_lidar]
[1.431s] -- Looking for ignition-sensors6-gpu_lidar -- found version 6.8.1
[1.432s] -- Searching for dependencies of ignition-sensors6-gpu_lidar
[1.432s] -- Looking for ignition-sensors6 -- found version 6.8.1
[1.432s] -- Searching for <ignition-sensors6> component [camera]
[1.433s] -- Looking for ignition-sensors6-camera -- found version 6.8.1
[1.433s] -- Searching for dependencies of ignition-sensors6-camera
[1.433s] -- Looking for ignition-sensors6 -- found version 6.8.1
[1.434s] -- Searching for <ignition-sensors6> component [boundingbox_camera]
[1.434s] -- Looking for ignition-sensors6-boundingbox_camera -- found version 6.8.1
[1.434s] -- Searching for dependencies of ignition-sensors6-boundingbox_camera
[1.435s] -- Searching for <ignition-sensors6> component [segmentation_camera]
[1.435s] -- Looking for ignition-sensors6-segmentation_camera -- found version 6.8.1
[1.435s] -- Searching for dependencies of ignition-sensors6-segmentation_camera
[1.436s] -- Searching for <ignition-sensors6> component [depth_camera]
[1.436s] -- Looking for ignition-sensors6-depth_camera -- found version 6.8.1
[1.436s] -- Searching for dependencies of ignition-sensors6-depth_camera
[1.436s] -- Looking for ignition-sensors6 -- found version 6.8.1
[1.437s] -- Searching for <ignition-sensors6> component [rgbd_camera]
[1.437s] -- Looking for ignition-sensors6-rgbd_camera -- found version 6.8.1
[1.437s] -- Searching for dependencies of ignition-sensors6-rgbd_camera
[1.438s] -- Looking for ignition-sensors6 -- found version 6.8.1
[1.438s] -- Searching for <ignition-sensors6> component [thermal_camera]
[1.438s] -- Looking for ignition-sensors6-thermal_camera -- found version 6.8.1
[1.439s] -- Searching for dependencies of ignition-sensors6-thermal_camera
[1.439s] -- Looking for ignition-sensors6 -- found version 6.8.1
[1.440s] -- Looking for ignition-rendering6 -- found version 6.6.3
[1.440s] -- Looking for ignition-math6 -- found version 6.15.1
[1.441s] -- Looking for ignition-utils1 -- found version 1.5.1
[1.465s] -- Looking for ignition-plugin1 -- found version 1.4.0
[1.523s] -- Configuring done (1.4s)
[1.542s] -- Generating done (0.0s)
[1.545s] -- Build files have been written to: /home/nam/Lekiwi_ws/build/three_omni_plugin
[1.582s] [ 50%] [32mBuilding CXX object CMakeFiles/three_omni_plugin.dir/src/three_omni_plugin.cpp.o[0m
[5.914s] In file included from [01m[K/opt/ros/humble/include/rclcpp/rclcpp/logging.hpp:24[m[K,
[5.914s]                  from [01m[K/opt/ros/humble/include/rclcpp/rclcpp/client.hpp:40[m[K,
[5.914s]                  from [01m[K/opt/ros/humble/include/rclcpp/rclcpp/callback_group.hpp:24[m[K,
[5.914s]                  from [01m[K/opt/ros/humble/include/rclcpp/rclcpp/any_executable.hpp:20[m[K,
[5.915s]                  from [01m[K/opt/ros/humble/include/rclcpp/rclcpp/memory_strategy.hpp:25[m[K,
[5.915s]                  from [01m[K/opt/ros/humble/include/rclcpp/rclcpp/memory_strategies.hpp:18[m[K,
[5.915s]                  from [01m[K/opt/ros/humble/include/rclcpp/rclcpp/executor_options.hpp:20[m[K,
[5.915s]                  from [01m[K/opt/ros/humble/include/rclcpp/rclcpp/executor.hpp:37[m[K,
[5.915s]                  from [01m[K/opt/ros/humble/include/rclcpp/rclcpp/executors/multi_threaded_executor.hpp:25[m[K,
[5.915s]                  from [01m[K/opt/ros/humble/include/rclcpp/rclcpp/executors.hpp:21[m[K,
[5.915s]                  from [01m[K/opt/ros/humble/include/rclcpp/rclcpp/rclcpp.hpp:155[m[K,
[5.915s]                  from [01m[K/home/nam/Lekiwi_ws/src/three_omni_plugin/src/three_omni_plugin.cpp:8[m[K:
[5.915s] [01m[K/home/nam/Lekiwi_ws/src/three_omni_plugin/src/three_omni_plugin.cpp:[m[K In member function ‘[01m[Kvirtual void gazebo_sim::ThreeOmniPlugin::PreUpdate(const ignition::gazebo::v6::UpdateInfo&, ignition::gazebo::v6::EntityComponentManager&)[m[K’:
[5.915s] [01m[K/home/nam/Lekiwi_ws/src/three_omni_plugin/src/three_omni_plugin.cpp:201:33:[m[K [01;31m[Kerror: [m[K‘[01m[Kdx[m[K’ was not declared in this scope; did you mean ‘[01m[Kdt[m[K’?
[5.915s]   201 |                 x_, y_, theta_, [01;31m[Kdx[m[K, dy);
[5.915s]       |                                 [01;31m[K^~[m[K
[5.918s] [01m[K/home/nam/Lekiwi_ws/src/three_omni_plugin/src/three_omni_plugin.cpp:201:37:[m[K [01;31m[Kerror: [m[K‘[01m[Kdy[m[K’ was not declared in this scope; did you mean ‘[01m[Kdt[m[K’?
[5.918s]   201 |                 x_, y_, theta_, dx, [01;31m[Kdy[m[K);
[5.918s]       |                                     [01;31m[K^~[m[K
[5.918s] [01m[K/home/nam/Lekiwi_ws/src/three_omni_plugin/src/three_omni_plugin.cpp:212:21:[m[K [01;31m[Kerror: [m[Kredeclaration of ‘[01m[Ktf2::Quaternion q[m[K’
[5.918s]   212 |     tf2::Quaternion [01;31m[Kq[m[K;
[5.918s]       |                     [01;31m[K^[m[K
[5.918s] [01m[K/home/nam/Lekiwi_ws/src/three_omni_plugin/src/three_omni_plugin.cpp:183:21:[m[K [01;36m[Knote: [m[K‘[01m[Ktf2::Quaternion q[m[K’ previously declared here
[5.918s]   183 |     tf2::Quaternion [01;36m[Kq[m[K(pose.Rot().X(), pose.Rot().Y(), pose.Rot().Z(), pose.Rot().W());
[5.919s]       |                     [01;36m[K^[m[K
[8.792s] gmake[2]: *** [CMakeFiles/three_omni_plugin.dir/build.make:79: CMakeFiles/three_omni_plugin.dir/src/three_omni_plugin.cpp.o] Error 1
[8.793s] gmake[1]: *** [CMakeFiles/Makefile2:153: CMakeFiles/three_omni_plugin.dir/all] Error 2
[8.793s] gmake: *** [Makefile:146: all] Error 2
[8.795s] Invoked command in '/home/nam/Lekiwi_ws/build/three_omni_plugin' returned '2': CMAKE_PREFIX_PATH=${CMAKE_PREFIX_PATH}:/home/nam/Lekiwi_ws/install/omni_teleop:/home/nam/turtlebot3_ws/install/turtlebot3_teleop:/home/nam/turtlebot3_ws/install/turtlebot3_example:/opt/ros/humble /home/nam/.local/bin/cmake --build /home/nam/Lekiwi_ws/build/three_omni_plugin -- -j12 -l12
