running egg_info
writing ../../build/omni_teleop/omni_teleop.egg-info/PKG-INFO
writing dependency_links to ../../build/omni_teleop/omni_teleop.egg-info/dependency_links.txt
writing entry points to ../../build/omni_teleop/omni_teleop.egg-info/entry_points.txt
writing requirements to ../../build/omni_teleop/omni_teleop.egg-info/requires.txt
writing top-level names to ../../build/omni_teleop/omni_teleop.egg-info/top_level.txt
reading manifest file '../../build/omni_teleop/omni_teleop.egg-info/SOURCES.txt'
writing manifest file '../../build/omni_teleop/omni_teleop.egg-info/SOURCES.txt'
running build
running build_py
running install
running install_lib
byte-compiling /home/nam/Lekiwi_ws/install/omni_teleop/lib/python3.10/site-packages/omni_teleop/omni_teleop_node.py to omni_teleop_node.cpython-310.pyc
byte-compiling /home/nam/Lekiwi_ws/install/omni_teleop/lib/python3.10/site-packages/omni_teleop/__init__.py to __init__.cpython-310.pyc
running install_data
running install_egg_info
removing '/home/nam/Lekiwi_ws/install/omni_teleop/lib/python3.10/site-packages/omni_teleop-0.0.0-py3.10.egg-info' (and everything under it)
Copying ../../build/omni_teleop/omni_teleop.egg-info to /home/nam/Lekiwi_ws/install/omni_teleop/lib/python3.10/site-packages/omni_teleop-0.0.0-py3.10.egg-info
running install_scripts
Installing omni_teleop_node script to /home/nam/Lekiwi_ws/install/omni_teleop/lib/omni_teleop
writing list of installed files to '/home/nam/Lekiwi_ws/build/omni_teleop/install.log'
