[0.647s] Invoking command in '/home/nam/Lekiwi_ws/src/omni_teleop': PYTHONPATH=/home/nam/Lekiwi_ws/build/omni_teleop/prefix_override:/usr/lib/python3/dist-packages/colcon_core/task/python/colcon_distutils_commands:/home/nam/Lekiwi_ws/install/omni_teleop/lib/python3.10/site-packages:${PYTHONPATH} /usr/bin/python3 -W ignore:setup.py install is deprecated -W ignore:easy_install command is deprecated setup.py egg_info --egg-base ../../build/omni_teleop build --build-base /home/nam/Lekiwi_ws/build/omni_teleop/build install --record /home/nam/Lekiwi_ws/build/omni_teleop/install.log --single-version-externally-managed install_data
[0.879s] running egg_info
[0.880s] writing ../../build/omni_teleop/omni_teleop.egg-info/PKG-INFO
[0.880s] writing dependency_links to ../../build/omni_teleop/omni_teleop.egg-info/dependency_links.txt
[0.880s] writing entry points to ../../build/omni_teleop/omni_teleop.egg-info/entry_points.txt
[0.880s] writing requirements to ../../build/omni_teleop/omni_teleop.egg-info/requires.txt
[0.880s] writing top-level names to ../../build/omni_teleop/omni_teleop.egg-info/top_level.txt
[0.881s] reading manifest file '../../build/omni_teleop/omni_teleop.egg-info/SOURCES.txt'
[0.882s] writing manifest file '../../build/omni_teleop/omni_teleop.egg-info/SOURCES.txt'
[0.882s] running build
[0.882s] running build_py
[0.882s] running install
[0.883s] running install_lib
[0.883s] byte-compiling /home/nam/Lekiwi_ws/install/omni_teleop/lib/python3.10/site-packages/omni_teleop/omni_teleop_node.py to omni_teleop_node.cpython-310.pyc
[0.884s] byte-compiling /home/nam/Lekiwi_ws/install/omni_teleop/lib/python3.10/site-packages/omni_teleop/__init__.py to __init__.cpython-310.pyc
[0.884s] running install_data
[0.884s] running install_egg_info
[0.886s] removing '/home/nam/Lekiwi_ws/install/omni_teleop/lib/python3.10/site-packages/omni_teleop-0.0.0-py3.10.egg-info' (and everything under it)
[0.886s] Copying ../../build/omni_teleop/omni_teleop.egg-info to /home/nam/Lekiwi_ws/install/omni_teleop/lib/python3.10/site-packages/omni_teleop-0.0.0-py3.10.egg-info
[0.887s] running install_scripts
[0.901s] Installing omni_teleop_node script to /home/nam/Lekiwi_ws/install/omni_teleop/lib/omni_teleop
[0.902s] writing list of installed files to '/home/nam/Lekiwi_ws/build/omni_teleop/install.log'
[0.921s] Invoked command in '/home/nam/Lekiwi_ws/src/omni_teleop' returned '0': PYTHONPATH=/home/nam/Lekiwi_ws/build/omni_teleop/prefix_override:/usr/lib/python3/dist-packages/colcon_core/task/python/colcon_distutils_commands:/home/nam/Lekiwi_ws/install/omni_teleop/lib/python3.10/site-packages:${PYTHONPATH} /usr/bin/python3 -W ignore:setup.py install is deprecated -W ignore:easy_install command is deprecated setup.py egg_info --egg-base ../../build/omni_teleop build --build-base /home/nam/Lekiwi_ws/build/omni_teleop/build install --record /home/nam/Lekiwi_ws/build/omni_teleop/install.log --single-version-externally-managed install_data
