[0mCMake Deprecation Warning at /usr/lib/x86_64-linux-gnu/cmake/jsoncpp/jsoncppConfig.cmake:2 (cmake_policy):
  Compatibility with CMake < 3.10 will be removed from a future version of
  CMake.

  Update the VERSION argument <min> value.  Or, use the <min>...<max> syntax
  to tell CMake that the project requires at least <min> but has been updated
  to work with policies introduced by <max> or earlier.
Call Stack (most recent call first):
  /usr/share/cmake/ignition-cmake2/cmake2/FindJSONCPP.cmake:34 (find_package)
  /home/nam/ignition_fortress_ws/install/ignition-fuel_tools7/lib/cmake/ignition-fuel_tools7/ignition-fuel_tools7-config.cmake:94 (find_package)
  /usr/lib/x86_64-linux-gnu/cmake/ignition-gazebo6/ignition-gazebo6-config.cmake:97 (find_package)
  CMakeLists.txt:16 (find_package)

[0m
In file included from [01m[K/home/nam/Lekiwi_ws/src/three_omni_plugin/src/three_omni_plugin.cpp:15[m[K:
[01m[K/opt/ros/humble/include/tf2_geometry_msgs/tf2_geometry_msgs/tf2_geometry_msgs.h:35:2:[m[K [01;35m[Kwarning: [m[K#warning This header is obsolete, please include tf2_geometry_msgs/tf2_geometry_msgs.hpp instead [[01;35m[K]8;;https://gcc.gnu.org/onlinedocs/gcc/Warning-Options.html#index-Wcpp-Wcpp]8;;[m[K]
   35 | #[01;35m[Kwarning[m[K This header is obsolete, please include tf2_geometry_msgs/tf2_geometry_msgs.hpp instead
      |  [01;35m[K^~~~~~~[m[K
[01m[K/home/nam/Lekiwi_ws/src/three_omni_plugin/src/three_omni_plugin.cpp:[m[K In member function ‘[01m[Kvirtual void gazebo::DiffDriveOdometryPlugin::Configure(const Entity&, const std::shared_ptr<const sdf::v12::Element>&, ignition::gazebo::v6::EntityComponentManager&, ignition::gazebo::v6::EventManager&)[m[K’:
[01m[K/home/nam/Lekiwi_ws/src/three_omni_plugin/src/three_omni_plugin.cpp:47:15:[m[K [01;31m[Kerror: [m[K‘[01m[Kgazebo_ros[m[K’ has not been declared
   47 |       node_ = [01;31m[Kgazebo_ros[m[K::Node::Get(sdf);
      |               [01;31m[K^~~~~~~~~~[m[K
In file included from [01m[K/usr/include/ignition/plugin1/gz/plugin/Register.hh:22[m[K,
                 from [01m[K/usr/include/ignition/plugin1/ignition/plugin/Register.hh:18[m[K,
                 from [01m[K/home/nam/Lekiwi_ws/src/three_omni_plugin/src/three_omni_plugin.cpp:25[m[K:
[01m[K/home/nam/Lekiwi_ws/src/three_omni_plugin/src/three_omni_plugin.cpp:[m[K In constructor ‘[01m[Kignition::plugin::{anonymous}::ExecuteWhenLoadingLibrary0::ExecuteWhenLoadingLibrary0()[m[K’:
[01m[K/home/nam/Lekiwi_ws/src/three_omni_plugin/src/three_omni_plugin.cpp:138:29:[m[K [01;31m[Kerror: [m[K‘[01m[KDiffDriveOdometryPlugin[m[K’ is not a member of ‘[01m[Kignition::gazebo[m[K’; did you mean ‘[01m[Kgazebo::DiffDriveOdometryPlugin[m[K’?
  138 | IGNITION_ADD_PLUGIN(gazebo::[01;31m[KDiffDriveOdometryPlugin[m[K,
      |                             [01;31m[K^~~~~~~~~~~~~~~~~~~~~~~[m[K
[01m[K/home/nam/Lekiwi_ws/src/three_omni_plugin/src/three_omni_plugin.cpp:31:7:[m[K [01;36m[Knote: [m[K‘[01m[Kgazebo::DiffDriveOdometryPlugin[m[K’ declared here
   31 | class [01;36m[KDiffDriveOdometryPlugin[m[K : public ignition::gazebo::System,
      |       [01;36m[K^~~~~~~~~~~~~~~~~~~~~~~[m[K
In file included from [01m[K/usr/include/ignition/plugin1/gz/plugin/Register.hh:22[m[K,
                 from [01m[K/usr/include/ignition/plugin1/ignition/plugin/Register.hh:18[m[K,
                 from [01m[K/home/nam/Lekiwi_ws/src/three_omni_plugin/src/three_omni_plugin.cpp:25[m[K:
[01m[K/home/nam/Lekiwi_ws/src/three_omni_plugin/src/three_omni_plugin.cpp:140:29:[m[K [01;31m[Kerror: [m[K‘[01m[KDiffDriveOdometryPlugin[m[K’ is not a member of ‘[01m[Kignition::gazebo[m[K’; did you mean ‘[01m[Kgazebo::DiffDriveOdometryPlugin[m[K’?
  140 |                     gazebo::[01;31m[KDiffDriveOdometryPlugin[m[K::ISystemConfigure,
      |                             [01;31m[K^~~~~~~~~~~~~~~~~~~~~~~[m[K
[01m[K/home/nam/Lekiwi_ws/src/three_omni_plugin/src/three_omni_plugin.cpp:31:7:[m[K [01;36m[Knote: [m[K‘[01m[Kgazebo::DiffDriveOdometryPlugin[m[K’ declared here
   31 | class [01;36m[KDiffDriveOdometryPlugin[m[K : public ignition::gazebo::System,
      |       [01;36m[K^~~~~~~~~~~~~~~~~~~~~~~[m[K
In file included from [01m[K/usr/include/ignition/plugin1/gz/plugin/Register.hh:22[m[K,
                 from [01m[K/usr/include/ignition/plugin1/ignition/plugin/Register.hh:18[m[K,
                 from [01m[K/home/nam/Lekiwi_ws/src/three_omni_plugin/src/three_omni_plugin.cpp:25[m[K:
[01m[K/home/nam/Lekiwi_ws/src/three_omni_plugin/src/three_omni_plugin.cpp:138:1:[m[K [01;31m[Kerror: [m[Ktemplate argument 1 is invalid
  138 | [01;31m[KIGNITION_ADD_PLUGIN[m[K(gazebo::DiffDriveOdometryPlugin,
      | [01;31m[K^~~~~~~~~~~~~~~~~~~[m[K
[01m[K/home/nam/Lekiwi_ws/src/three_omni_plugin/src/three_omni_plugin.cpp:138:1:[m[K [01;31m[Kerror: [m[Ktemplate argument 3 is invalid
[01m[K/home/nam/Lekiwi_ws/src/three_omni_plugin/src/three_omni_plugin.cpp:138:1:[m[K [01;31m[Kerror: [m[Kqualified-id in declaration before ‘[01m[K([m[K’ token
  138 | [01;31m[KIGNITION_ADD_PLUGIN[m[K(gazebo::DiffDriveOdometryPlugin,
      | [01;31m[K^~~~~~~~~~~~~~~~~~~[m[K
gmake[2]: *** [CMakeFiles/three_omni_plugin.dir/build.make:79: CMakeFiles/three_omni_plugin.dir/src/three_omni_plugin.cpp.o] Error 1
gmake[1]: *** [CMakeFiles/Makefile2:153: CMakeFiles/three_omni_plugin.dir/all] Error 2
gmake: *** [Makefile:146: all] Error 2
