[0.271s] Invoking command in '/home/nam/Lekiwi_ws/build/three_omni_plugin': CMAKE_PREFIX_PATH=${CMAKE_PREFIX_PATH}:/home/nam/turtlebot3_ws/install/turtlebot3_teleop:/home/nam/turtlebot3_ws/install/turtlebot3_example:/opt/ros/humble /home/nam/.local/bin/cmake /home/nam/Lekiwi_ws/src/three_omni_plugin -DCMAKE_INSTALL_PREFIX=/home/nam/Lekiwi_ws/install/three_omni_plugin
[0.378s] -- The C compiler identification is GNU 11.4.0
[0.435s] -- The CXX compiler identification is GNU 11.4.0
[0.443s] -- Detecting C compiler ABI info
[0.498s] -- Detecting C compiler ABI info - done
[0.511s] -- Check for working C compiler: /usr/bin/cc - skipped
[0.511s] -- Detecting C compile features
[0.512s] -- Detecting C compile features - done
[0.524s] -- Detecting CXX compiler ABI info
[0.589s] -- Detecting CXX compiler ABI info - done
[0.604s] -- Check for working CXX compiler: /usr/bin/c++ - skipped
[0.604s] -- Detecting CXX compile features
[0.605s] -- Detecting CXX compile features - done
[0.617s] -- Found ament_cmake: 1.3.11 (/opt/ros/humble/share/ament_cmake/cmake)
[0.746s] -- Found Python3: /usr/bin/python3 (found version "3.10.12") found components: Interpreter
[0.890s] -- Found rclcpp: 16.0.12 (/opt/ros/humble/share/rclcpp/cmake)
[0.976s] -- Found rosidl_generator_c: 3.1.6 (/opt/ros/humble/share/rosidl_generator_c/cmake)
[0.988s] -- Found rosidl_adapter: 3.1.6 (/opt/ros/humble/share/rosidl_adapter/cmake)
[1.004s] -- Found rosidl_generator_cpp: 3.1.6 (/opt/ros/humble/share/rosidl_generator_cpp/cmake)
[1.023s] -- Using all available rosidl_typesupport_c: rosidl_typesupport_fastrtps_c;rosidl_typesupport_introspection_c
[1.051s] -- Using all available rosidl_typesupport_cpp: rosidl_typesupport_fastrtps_cpp;rosidl_typesupport_introspection_cpp
[1.139s] -- Found rmw_implementation_cmake: 6.1.2 (/opt/ros/humble/share/rmw_implementation_cmake/cmake)
[1.150s] -- Found rmw_fastrtps_cpp: 6.2.7 (/opt/ros/humble/share/rmw_fastrtps_cpp/cmake)
[1.275s] -- Found OpenSSL: /usr/lib/x86_64-linux-gnu/libcrypto.so (found version "3.0.2")
[1.312s] -- Found FastRTPS: /opt/ros/humble/include
[1.368s] -- Using RMW implementation 'rmw_fastrtps_cpp' as default
[1.389s] -- Performing Test CMAKE_HAVE_LIBC_PTHREAD
[1.450s] -- Performing Test CMAKE_HAVE_LIBC_PTHREAD - Success
[1.451s] -- Found Threads: TRUE
[1.529s] -- Found geometry_msgs: 4.8.0 (/opt/ros/humble/share/geometry_msgs/cmake)
[1.548s] -- Found nav_msgs: 4.8.0 (/opt/ros/humble/share/nav_msgs/cmake)
[1.576s] -- Found tf2_ros: 0.25.12 (/opt/ros/humble/share/tf2_ros/cmake)
[1.738s] -- Found tf2_geometry_msgs: 0.25.12 (/opt/ros/humble/share/tf2_geometry_msgs/cmake)
[1.771s] -- Found eigen3_cmake_module: 0.1.1 (/opt/ros/humble/share/eigen3_cmake_module/cmake)
[1.772s] -- Found Eigen3: TRUE (found version "3.4.0")
[1.772s] -- Ensuring Eigen3 include directory is part of orocos-kdl CMake target
[1.781s] -- Looking for ignition-gazebo6 -- found version 6.17.0
[1.793s] -- Searching for dependencies of ignition-gazebo6
[1.800s] -- Looking for sdformat12 -- found version 12.8.0
[1.800s] -- Searching for dependencies of sdformat12
[1.805s] -- Checking for module 'tinyxml2'
[1.819s] --   Found tinyxml2, version 9.0.0
[1.859s] -- Looking for ignition-math6 -- found version 6.15.1
[1.859s] -- Searching for dependencies of ignition-math6
[1.866s] -- Looking for ignition-utils1 -- found version 1.5.1
[1.866s] -- Searching for dependencies of ignition-utils1
[1.874s] -- Looking for ignition-plugin1 -- found version 1.4.0
[1.874s] -- Searching for dependencies of ignition-plugin1
[1.875s] -- Searching for <ignition-plugin1> component [loader]
[1.881s] -- Looking for ignition-plugin1-loader -- found version 1.4.0
[1.881s] -- Searching for dependencies of ignition-plugin1-loader
[1.881s] -- Searching for <ignition-plugin1> component [register]
[1.887s] -- Looking for ignition-plugin1-register -- found version 1.4.0
[1.888s] -- Searching for dependencies of ignition-plugin1-register
[1.894s] -- Looking for ignition-transport11 -- found version 11.4.1
[1.895s] -- Searching for dependencies of ignition-transport11
[1.934s] -- Found Protobuf: /usr/lib/x86_64-linux-gnu/libprotobuf.so (found version "3.12.4")
[1.951s] -- Config-file not installed for ZeroMQ -- checking for pkg-config
[1.955s] -- Checking for module 'libzmq >= 4'
[1.972s] --   Found libzmq, version 4.3.4
[2.009s] -- Found ZeroMQ: TRUE (Required is at least version "4")
[2.015s] -- Checking for module 'uuid'
[2.031s] --   Found uuid, version 2.37.2
[2.065s] -- Found UUID: TRUE
[2.065s] -- Looking for ignition-utils1 -- found version 1.5.1
[2.065s] -- Searching for dependencies of ignition-utils1
[2.066s] -- Searching for <ignition-utils1> component [cli]
[2.072s] -- Looking for ignition-utils1-cli -- found version 1.5.1
[2.072s] -- Searching for dependencies of ignition-utils1-cli
[2.079s] -- Looking for ignition-msgs8 -- found version 8.7.0
[2.080s] -- Searching for dependencies of ignition-msgs8
[2.102s] -- Found Protobuf: /usr/lib/x86_64-linux-gnu/libprotobuf.so (found suitable version "3.12.4", minimum required is "3")
[2.103s] -- Looking for ignition-math6 -- found version 6.15.1
[2.114s] -- Searching for <ignition-transport11> component [log]
[2.120s] -- Looking for ignition-transport11-log -- found version 11.4.1
[2.120s] -- Searching for dependencies of ignition-transport11-log
[2.121s] -- Searching for <ignition-transport11> component [parameters]
[2.127s] -- Looking for ignition-transport11-parameters -- found version 11.4.1
[2.128s] -- Searching for dependencies of ignition-transport11-parameters
[2.129s] -- Looking for ignition-msgs8 -- found version 8.7.0
[2.135s] -- Looking for ignition-common4 -- found version 4.7.0
[2.136s] -- Searching for dependencies of ignition-common4
[2.136s] -- Looking for dlfcn.h - found
[2.138s] -- Looking for libdl - found
[2.139s] -- Found DL: TRUE
[2.149s] -- Searching for <ignition-common4> component [profiler]
[2.156s] -- Looking for ignition-common4-profiler -- found version 4.7.0
[2.156s] -- Searching for dependencies of ignition-common4-profiler
[2.157s] -- Searching for <ignition-common4> component [events]
[2.163s] -- Looking for ignition-common4-events -- found version 4.7.0
[2.163s] -- Searching for dependencies of ignition-common4-events
[2.164s] -- Looking for ignition-math6 -- found version 6.15.1
[2.164s] -- Searching for <ignition-common4> component [av]
[2.171s] -- Looking for ignition-common4-av -- found version 4.7.0
[2.171s] -- Searching for dependencies of ignition-common4-av
[2.177s] -- Checking for module 'libswscale'
[2.193s] --   Found libswscale, version 5.9.100
[2.228s] -- Found SWSCALE: TRUE
[2.233s] -- Checking for module 'libavdevice >= 56.4.100'
[2.249s] --   Found libavdevice, version 58.13.100
[2.286s] -- Found AVDEVICE: TRUE (Required is at least version "56.4.100")
[2.291s] -- Checking for module 'libavformat'
[2.306s] --   Found libavformat, version 58.76.100
[2.341s] -- Found AVFORMAT: TRUE
[2.346s] -- Checking for module 'libavcodec'
[2.360s] --   Found libavcodec, version 58.134.100
[2.395s] -- Found AVCODEC: TRUE
[2.400s] -- Checking for module 'libavutil'
[2.414s] --   Found libavutil, version 56.70.100
[2.447s] -- Found AVUTIL: TRUE
[2.449s] -- Looking for ignition-fuel_tools7 -- found version 7.3.1
[2.449s] -- Searching for dependencies of ignition-fuel_tools7
[2.542s] -- Found CURL: /usr/lib/x86_64-linux-gnu/libcurl.so (found version "7.81.0")
[2.549s] [0mCMake Deprecation Warning at /usr/lib/x86_64-linux-gnu/cmake/jsoncpp/jsoncppConfig.cmake:2 (cmake_policy):
[2.549s]   Compatibility with CMake < 3.10 will be removed from a future version of
[2.549s]   CMake.
[2.549s] 
[2.549s]   Update the VERSION argument <min> value.  Or, use the <min>...<max> syntax
[2.549s]   to tell CMake that the project requires at least <min> but has been updated
[2.549s]   to work with policies introduced by <max> or earlier.
[2.549s] Call Stack (most recent call first):
[2.549s]   /usr/share/cmake/ignition-cmake2/cmake2/FindJSONCPP.cmake:34 (find_package)
[2.549s]   /home/nam/ignition_fortress_ws/install/lib/cmake/ignition-fuel_tools7/ignition-fuel_tools7-config.cmake:94 (find_package)
[2.549s]   /usr/lib/x86_64-linux-gnu/cmake/ignition-gazebo6/ignition-gazebo6-config.cmake:97 (find_package)
[2.549s]   CMakeLists.txt:15 (find_package)
[2.549s] 
[2.549s] [0m
[2.555s] -- Checking for module 'jsoncpp'
[2.569s] --   Found jsoncpp, version 1.9.5
[2.603s] -- Found JSONCPP: TRUE
[2.609s] -- Checking for module 'libzip'
[2.623s] --   Found libzip, version 1.7.3
[2.657s] -- Found ZIP: TRUE
[2.658s] -- Looking for ignition-common4 -- found version 4.7.0
[2.658s] -- Looking for ignition-math6 -- found version 6.15.1
[2.659s] -- Looking for ignition-msgs8 -- found version 8.7.0
[2.666s] -- Looking for ignition-gui6 -- found version 6.8.0
[2.667s] -- Searching for dependencies of ignition-gui6
[2.700s] -- Looking for ignition-math6 -- found version 6.15.1
[2.700s] -- Looking for ignition-common4 -- found version 4.7.0
[2.700s] -- Looking for ignition-plugin1 -- found version 1.4.0
[2.701s] -- Looking for ignition-transport11 -- found version 11.4.1
[2.707s] -- Looking for ignition-rendering6 -- found version 6.6.3
[2.707s] -- Searching for dependencies of ignition-rendering6
[2.708s] -- Looking for ignition-math6 -- found version 6.15.1
[2.708s] -- Searching for dependencies of ignition-math6
[2.708s] -- Searching for <ignition-math6> component [eigen3]
[2.714s] -- Looking for ignition-math6-eigen3 -- found version 6.15.1
[2.714s] -- Searching for dependencies of ignition-math6-eigen3
[2.716s] -- Looking for ignition-common4 -- found version 4.7.0
[2.716s] -- Searching for dependencies of ignition-common4
[2.716s] -- Looking for dlfcn.h - found
[2.716s] -- Looking for libdl - found
[2.727s] -- Searching for <ignition-common4> component [graphics]
[2.734s] -- Looking for ignition-common4-graphics -- found version 4.7.0
[2.735s] -- Searching for dependencies of ignition-common4-graphics
[2.735s] -- Looking for ignition-math6 -- found version 6.15.1
[2.735s] -- Looking for ignition-utils1 -- found version 1.5.1
[2.736s] -- Searching for <ignition-common4> component [events]
[2.736s] -- Looking for ignition-plugin1 -- found version 1.4.0
[2.737s] -- Searching for dependencies of ignition-plugin1
[2.737s] -- Searching for <ignition-plugin1> component [all]
[2.743s] -- Looking for all libraries of ignition-plugin1 -- found version 1.4.0
[2.743s] -- Looking for ignition-plugin1 -- found version 1.4.0
[2.745s] -- Looking for ignition-msgs8 -- found version 8.7.0
[2.791s] -- Looking for ignition-physics5 -- found version 5.3.2
[2.792s] -- Searching for dependencies of ignition-physics5
[2.792s] -- Looking for ignition-math6 -- found version 6.15.1
[2.792s] -- Looking for ignition-plugin1 -- found version 1.4.0
[2.793s] -- Looking for ignition-utils1 -- found version 1.5.1
[2.794s] -- Searching for <ignition-physics5> component [heightmap]
[2.800s] -- Looking for ignition-physics5-heightmap -- found version 5.3.2
[2.800s] -- Searching for dependencies of ignition-physics5-heightmap
[2.801s] -- Looking for ignition-common4 -- found version 4.7.0
[2.801s] -- Searching for <ignition-physics5> component [mesh]
[2.808s] -- Looking for ignition-physics5-mesh -- found version 5.3.2
[2.808s] -- Searching for dependencies of ignition-physics5-mesh
[2.808s] -- Looking for ignition-common4 -- found version 4.7.0
[2.808s] -- Searching for <ignition-physics5> component [sdf]
[2.815s] -- Looking for ignition-physics5-sdf -- found version 5.3.2
[2.815s] -- Searching for dependencies of ignition-physics5-sdf
[2.815s] -- Looking for sdformat12 -- found version 12.8.0
[2.822s] -- Looking for ignition-sensors6 -- found version 6.8.1
[2.822s] -- Searching for dependencies of ignition-sensors6
[2.845s] -- Found Protobuf: /usr/lib/x86_64-linux-gnu/libprotobuf.so (found version "3.12.4")
[2.846s] -- Looking for ignition-math6 -- found version 6.15.1
[2.846s] -- Looking for ignition-common4 -- found version 4.7.0
[2.847s] -- Looking for ignition-transport11 -- found version 11.4.1
[2.847s] -- Looking for ignition-rendering6 -- found version 6.6.3
[2.848s] -- Looking for ignition-msgs8 -- found version 8.7.0
[2.848s] -- Looking for sdformat12 -- found version 12.8.0
[2.849s] -- Searching for <ignition-sensors6> component [air_pressure]
[2.855s] -- Looking for ignition-sensors6-air_pressure -- found version 6.8.1
[2.855s] -- Searching for dependencies of ignition-sensors6-air_pressure
[2.856s] -- Searching for <ignition-sensors6> component [altimeter]
[2.862s] -- Looking for ignition-sensors6-altimeter -- found version 6.8.1
[2.862s] -- Searching for dependencies of ignition-sensors6-altimeter
[2.863s] -- Searching for <ignition-sensors6> component [imu]
[2.869s] -- Looking for ignition-sensors6-imu -- found version 6.8.1
[2.869s] -- Searching for dependencies of ignition-sensors6-imu
[2.870s] -- Searching for <ignition-sensors6> component [force_torque]
[2.876s] -- Looking for ignition-sensors6-force_torque -- found version 6.8.1
[2.876s] -- Searching for dependencies of ignition-sensors6-force_torque
[2.877s] -- Searching for <ignition-sensors6> component [logical_camera]
[2.883s] -- Looking for ignition-sensors6-logical_camera -- found version 6.8.1
[2.883s] -- Searching for dependencies of ignition-sensors6-logical_camera
[2.884s] -- Searching for <ignition-sensors6> component [magnetometer]
[2.890s] -- Looking for ignition-sensors6-magnetometer -- found version 6.8.1
[2.890s] -- Searching for dependencies of ignition-sensors6-magnetometer
[2.890s] -- Searching for <ignition-sensors6> component [navsat]
[2.910s] -- Looking for ignition-sensors6-navsat -- found version 6.8.1
[2.911s] -- Searching for dependencies of ignition-sensors6-navsat
[2.911s] -- Searching for <ignition-sensors6> component [rendering]
[2.918s] -- Looking for ignition-sensors6-rendering -- found version 6.8.1
[2.918s] -- Searching for dependencies of ignition-sensors6-rendering
[2.919s] -- Searching for <ignition-sensors6> component [lidar]
[2.925s] -- Looking for ignition-sensors6-lidar -- found version 6.8.1
[2.925s] -- Searching for dependencies of ignition-sensors6-lidar
[2.925s] -- Looking for ignition-sensors6 -- found version 6.8.1
[2.926s] -- Searching for <ignition-sensors6> component [gpu_lidar]
[2.953s] -- Looking for ignition-sensors6-gpu_lidar -- found version 6.8.1
[2.953s] -- Searching for dependencies of ignition-sensors6-gpu_lidar
[2.953s] -- Looking for ignition-sensors6 -- found version 6.8.1
[2.954s] -- Searching for <ignition-sensors6> component [camera]
[2.961s] -- Looking for ignition-sensors6-camera -- found version 6.8.1
[2.961s] -- Searching for dependencies of ignition-sensors6-camera
[2.961s] -- Looking for ignition-sensors6 -- found version 6.8.1
[2.962s] -- Searching for <ignition-sensors6> component [boundingbox_camera]
[2.969s] -- Looking for ignition-sensors6-boundingbox_camera -- found version 6.8.1
[2.969s] -- Searching for dependencies of ignition-sensors6-boundingbox_camera
[2.969s] -- Searching for <ignition-sensors6> component [segmentation_camera]
[2.976s] -- Looking for ignition-sensors6-segmentation_camera -- found version 6.8.1
[2.976s] -- Searching for dependencies of ignition-sensors6-segmentation_camera
[2.977s] -- Searching for <ignition-sensors6> component [depth_camera]
[2.984s] -- Looking for ignition-sensors6-depth_camera -- found version 6.8.1
[2.984s] -- Searching for dependencies of ignition-sensors6-depth_camera
[2.984s] -- Looking for ignition-sensors6 -- found version 6.8.1
[2.985s] -- Searching for <ignition-sensors6> component [rgbd_camera]
[2.991s] -- Looking for ignition-sensors6-rgbd_camera -- found version 6.8.1
[2.991s] -- Searching for dependencies of ignition-sensors6-rgbd_camera
[2.992s] -- Looking for ignition-sensors6 -- found version 6.8.1
[2.992s] -- Searching for <ignition-sensors6> component [thermal_camera]
[2.999s] -- Looking for ignition-sensors6-thermal_camera -- found version 6.8.1
[2.999s] -- Searching for dependencies of ignition-sensors6-thermal_camera
[3.000s] -- Looking for ignition-sensors6 -- found version 6.8.1
[3.001s] -- Looking for ignition-rendering6 -- found version 6.6.3
[3.001s] -- Looking for ignition-math6 -- found version 6.15.1
[3.008s] -- Looking for ignition-utils1 -- found version 1.5.1
[3.033s] -- Looking for ignition-plugin1 -- found version 1.4.0
[3.092s] -- Configuring done (2.8s)
[3.116s] -- Generating done (0.0s)
[3.119s] -- Build files have been written to: /home/nam/Lekiwi_ws/build/three_omni_plugin
[3.133s] Invoked command in '/home/nam/Lekiwi_ws/build/three_omni_plugin' returned '0': CMAKE_PREFIX_PATH=${CMAKE_PREFIX_PATH}:/home/nam/turtlebot3_ws/install/turtlebot3_teleop:/home/nam/turtlebot3_ws/install/turtlebot3_example:/opt/ros/humble /home/nam/.local/bin/cmake /home/nam/Lekiwi_ws/src/three_omni_plugin -DCMAKE_INSTALL_PREFIX=/home/nam/Lekiwi_ws/install/three_omni_plugin
[3.134s] Invoking command in '/home/nam/Lekiwi_ws/build/three_omni_plugin': CMAKE_PREFIX_PATH=${CMAKE_PREFIX_PATH}:/home/nam/turtlebot3_ws/install/turtlebot3_teleop:/home/nam/turtlebot3_ws/install/turtlebot3_example:/opt/ros/humble /home/nam/.local/bin/cmake --build /home/nam/Lekiwi_ws/build/three_omni_plugin -- -j12 -l12
[3.214s] -- Found ament_cmake: 1.3.11 (/opt/ros/humble/share/ament_cmake/cmake)
[3.385s] -- Found rclcpp: 16.0.12 (/opt/ros/humble/share/rclcpp/cmake)
[3.413s] -- Found rosidl_generator_c: 3.1.6 (/opt/ros/humble/share/rosidl_generator_c/cmake)
[3.415s] -- Found rosidl_adapter: 3.1.6 (/opt/ros/humble/share/rosidl_adapter/cmake)
[3.420s] -- Found rosidl_generator_cpp: 3.1.6 (/opt/ros/humble/share/rosidl_generator_cpp/cmake)
[3.430s] -- Using all available rosidl_typesupport_c: rosidl_typesupport_fastrtps_c;rosidl_typesupport_introspection_c
[3.442s] -- Using all available rosidl_typesupport_cpp: rosidl_typesupport_fastrtps_cpp;rosidl_typesupport_introspection_cpp
[3.475s] -- Found rmw_implementation_cmake: 6.1.2 (/opt/ros/humble/share/rmw_implementation_cmake/cmake)
[3.476s] -- Found rmw_fastrtps_cpp: 6.2.7 (/opt/ros/humble/share/rmw_fastrtps_cpp/cmake)
[3.602s] -- Using RMW implementation 'rmw_fastrtps_cpp' as default
[3.654s] -- Found geometry_msgs: 4.8.0 (/opt/ros/humble/share/geometry_msgs/cmake)
[3.668s] -- Found nav_msgs: 4.8.0 (/opt/ros/humble/share/nav_msgs/cmake)
[3.687s] -- Found tf2_ros: 0.25.12 (/opt/ros/humble/share/tf2_ros/cmake)
[3.777s] -- Found tf2_geometry_msgs: 0.25.12 (/opt/ros/humble/share/tf2_geometry_msgs/cmake)
[3.780s] -- Found eigen3_cmake_module: 0.1.1 (/opt/ros/humble/share/eigen3_cmake_module/cmake)
[3.781s] -- Ensuring Eigen3 include directory is part of orocos-kdl CMake target
[3.783s] -- Looking for ignition-gazebo6 -- found version 6.17.0
[3.787s] -- Searching for dependencies of ignition-gazebo6
[3.787s] -- Looking for sdformat12 -- found version 12.8.0
[3.787s] -- Searching for dependencies of sdformat12
[3.792s] -- Checking for module 'tinyxml2'
[3.807s] --   Found tinyxml2, version 9.0.0
[3.837s] -- Looking for ignition-math6 -- found version 6.15.1
[3.837s] -- Searching for dependencies of ignition-math6
[3.838s] -- Looking for ignition-utils1 -- found version 1.5.1
[3.838s] -- Searching for dependencies of ignition-utils1
[3.839s] -- Looking for ignition-plugin1 -- found version 1.4.0
[3.839s] -- Searching for dependencies of ignition-plugin1
[3.840s] -- Searching for <ignition-plugin1> component [loader]
[3.840s] -- Looking for ignition-plugin1-loader -- found version 1.4.0
[3.840s] -- Searching for dependencies of ignition-plugin1-loader
[3.841s] -- Searching for <ignition-plugin1> component [register]
[3.841s] -- Looking for ignition-plugin1-register -- found version 1.4.0
[3.841s] -- Searching for dependencies of ignition-plugin1-register
[3.842s] -- Looking for ignition-transport11 -- found version 11.4.1
[3.842s] -- Searching for dependencies of ignition-transport11
[3.880s] -- Config-file not installed for ZeroMQ -- checking for pkg-config
[3.884s] -- Checking for module 'libzmq >= 4'
[3.898s] --   Found libzmq, version 4.3.4
[3.937s] -- Checking for module 'uuid'
[3.951s] --   Found uuid, version 2.37.2
[3.982s] -- Looking for ignition-utils1 -- found version 1.5.1
[3.983s] -- Searching for dependencies of ignition-utils1
[3.983s] -- Searching for <ignition-utils1> component [cli]
[3.983s] -- Looking for ignition-utils1-cli -- found version 1.5.1
[3.983s] -- Searching for dependencies of ignition-utils1-cli
[3.984s] -- Looking for ignition-msgs8 -- found version 8.7.0
[3.984s] -- Searching for dependencies of ignition-msgs8
[4.006s] -- Found Protobuf: /usr/lib/x86_64-linux-gnu/libprotobuf.so (found suitable version "3.12.4", minimum required is "3")
[4.006s] -- Looking for ignition-math6 -- found version 6.15.1
[4.016s] -- Searching for <ignition-transport11> component [log]
[4.016s] -- Looking for ignition-transport11-log -- found version 11.4.1
[4.016s] -- Searching for dependencies of ignition-transport11-log
[4.016s] -- Searching for <ignition-transport11> component [parameters]
[4.017s] -- Looking for ignition-transport11-parameters -- found version 11.4.1
[4.017s] -- Searching for dependencies of ignition-transport11-parameters
[4.018s] -- Looking for ignition-msgs8 -- found version 8.7.0
[4.018s] -- Looking for ignition-common4 -- found version 4.7.0
[4.018s] -- Searching for dependencies of ignition-common4
[4.018s] -- Looking for dlfcn.h - found
[4.019s] -- Looking for libdl - found
[4.029s] -- Searching for <ignition-common4> component [profiler]
[4.029s] -- Looking for ignition-common4-profiler -- found version 4.7.0
[4.030s] -- Searching for dependencies of ignition-common4-profiler
[4.030s] -- Searching for <ignition-common4> component [events]
[4.031s] -- Looking for ignition-common4-events -- found version 4.7.0
[4.031s] -- Searching for dependencies of ignition-common4-events
[4.031s] -- Looking for ignition-math6 -- found version 6.15.1
[4.032s] -- Searching for <ignition-common4> component [av]
[4.032s] -- Looking for ignition-common4-av -- found version 4.7.0
[4.032s] -- Searching for dependencies of ignition-common4-av
[4.037s] -- Checking for module 'libswscale'
[4.051s] --   Found libswscale, version 5.9.100
[4.087s] -- Checking for module 'libavdevice >= 56.4.100'
[4.101s] --   Found libavdevice, version 58.13.100
[4.140s] -- Checking for module 'libavformat'
[4.154s] --   Found libavformat, version 58.76.100
[4.192s] -- Checking for module 'libavcodec'
[4.206s] --   Found libavcodec, version 58.134.100
[4.243s] -- Checking for module 'libavutil'
[4.256s] --   Found libavutil, version 56.70.100
[4.289s] -- Looking for ignition-fuel_tools7 -- found version 7.3.1
[4.289s] -- Searching for dependencies of ignition-fuel_tools7
[4.331s] [0mCMake Deprecation Warning at /usr/lib/x86_64-linux-gnu/cmake/jsoncpp/jsoncppConfig.cmake:2 (cmake_policy):
[4.331s]   Compatibility with CMake < 3.10 will be removed from a future version of
[4.331s]   CMake.
[4.331s] 
[4.331s]   Update the VERSION argument <min> value.  Or, use the <min>...<max> syntax
[4.331s]   to tell CMake that the project requires at least <min> but has been updated
[4.331s]   to work with policies introduced by <max> or earlier.
[4.331s] Call Stack (most recent call first):
[4.331s]   /usr/share/cmake/ignition-cmake2/cmake2/FindJSONCPP.cmake:34 (find_package)
[4.331s]   /home/nam/ignition_fortress_ws/install/lib/cmake/ignition-fuel_tools7/ignition-fuel_tools7-config.cmake:94 (find_package)
[4.331s]   /usr/lib/x86_64-linux-gnu/cmake/ignition-gazebo6/ignition-gazebo6-config.cmake:97 (find_package)
[4.331s]   CMakeLists.txt:15 (find_package)
[4.331s] 
[4.331s] [0m
[4.337s] -- Checking for module 'jsoncpp'
[4.352s] --   Found jsoncpp, version 1.9.5
[4.389s] -- Checking for module 'libzip'
[4.403s] --   Found libzip, version 1.7.3
[4.434s] -- Looking for ignition-common4 -- found version 4.7.0
[4.435s] -- Looking for ignition-math6 -- found version 6.15.1
[4.435s] -- Looking for ignition-msgs8 -- found version 8.7.0
[4.436s] -- Looking for ignition-gui6 -- found version 6.8.0
[4.436s] -- Searching for dependencies of ignition-gui6
[4.469s] -- Looking for ignition-math6 -- found version 6.15.1
[4.469s] -- Looking for ignition-common4 -- found version 4.7.0
[4.469s] -- Looking for ignition-plugin1 -- found version 1.4.0
[4.470s] -- Looking for ignition-transport11 -- found version 11.4.1
[4.470s] -- Looking for ignition-rendering6 -- found version 6.6.3
[4.470s] -- Searching for dependencies of ignition-rendering6
[4.471s] -- Looking for ignition-math6 -- found version 6.15.1
[4.471s] -- Searching for dependencies of ignition-math6
[4.471s] -- Searching for <ignition-math6> component [eigen3]
[4.471s] -- Looking for ignition-math6-eigen3 -- found version 6.15.1
[4.471s] -- Searching for dependencies of ignition-math6-eigen3
[4.473s] -- Looking for ignition-common4 -- found version 4.7.0
[4.473s] -- Searching for dependencies of ignition-common4
[4.473s] -- Looking for dlfcn.h - found
[4.473s] -- Looking for libdl - found
[4.484s] -- Searching for <ignition-common4> component [graphics]
[4.484s] -- Looking for ignition-common4-graphics -- found version 4.7.0
[4.484s] -- Searching for dependencies of ignition-common4-graphics
[4.484s] -- Looking for ignition-math6 -- found version 6.15.1
[4.485s] -- Looking for ignition-utils1 -- found version 1.5.1
[4.485s] -- Searching for <ignition-common4> component [events]
[4.486s] -- Looking for ignition-plugin1 -- found version 1.4.0
[4.486s] -- Searching for dependencies of ignition-plugin1
[4.486s] -- Searching for <ignition-plugin1> component [all]
[4.486s] -- Looking for all libraries of ignition-plugin1 -- found version 1.4.0
[4.487s] -- Looking for ignition-plugin1 -- found version 1.4.0
[4.488s] -- Looking for ignition-msgs8 -- found version 8.7.0
[4.503s] -- Looking for ignition-physics5 -- found version 5.3.2
[4.503s] -- Searching for dependencies of ignition-physics5
[4.503s] -- Looking for ignition-math6 -- found version 6.15.1
[4.504s] -- Looking for ignition-plugin1 -- found version 1.4.0
[4.504s] -- Looking for ignition-utils1 -- found version 1.5.1
[4.505s] -- Searching for <ignition-physics5> component [heightmap]
[4.505s] -- Looking for ignition-physics5-heightmap -- found version 5.3.2
[4.505s] -- Searching for dependencies of ignition-physics5-heightmap
[4.506s] -- Looking for ignition-common4 -- found version 4.7.0
[4.506s] -- Searching for <ignition-physics5> component [mesh]
[4.506s] -- Looking for ignition-physics5-mesh -- found version 5.3.2
[4.507s] -- Searching for dependencies of ignition-physics5-mesh
[4.507s] -- Looking for ignition-common4 -- found version 4.7.0
[4.507s] -- Searching for <ignition-physics5> component [sdf]
[4.508s] -- Looking for ignition-physics5-sdf -- found version 5.3.2
[4.508s] -- Searching for dependencies of ignition-physics5-sdf
[4.508s] -- Looking for sdformat12 -- found version 12.8.0
[4.509s] -- Looking for ignition-sensors6 -- found version 6.8.1
[4.509s] -- Searching for dependencies of ignition-sensors6
[4.532s] -- Found Protobuf: /usr/lib/x86_64-linux-gnu/libprotobuf.so (found version "3.12.4")
[4.533s] -- Looking for ignition-math6 -- found version 6.15.1
[4.533s] -- Looking for ignition-common4 -- found version 4.7.0
[4.533s] -- Looking for ignition-transport11 -- found version 11.4.1
[4.534s] -- Looking for ignition-rendering6 -- found version 6.6.3
[4.534s] -- Looking for ignition-msgs8 -- found version 8.7.0
[4.535s] -- Looking for sdformat12 -- found version 12.8.0
[4.535s] -- Searching for <ignition-sensors6> component [air_pressure]
[4.536s] -- Looking for ignition-sensors6-air_pressure -- found version 6.8.1
[4.536s] -- Searching for dependencies of ignition-sensors6-air_pressure
[4.536s] -- Searching for <ignition-sensors6> component [altimeter]
[4.537s] -- Looking for ignition-sensors6-altimeter -- found version 6.8.1
[4.537s] -- Searching for dependencies of ignition-sensors6-altimeter
[4.537s] -- Searching for <ignition-sensors6> component [imu]
[4.538s] -- Looking for ignition-sensors6-imu -- found version 6.8.1
[4.538s] -- Searching for dependencies of ignition-sensors6-imu
[4.538s] -- Searching for <ignition-sensors6> component [force_torque]
[4.539s] -- Looking for ignition-sensors6-force_torque -- found version 6.8.1
[4.539s] -- Searching for dependencies of ignition-sensors6-force_torque
[4.539s] -- Searching for <ignition-sensors6> component [logical_camera]
[4.540s] -- Looking for ignition-sensors6-logical_camera -- found version 6.8.1
[4.540s] -- Searching for dependencies of ignition-sensors6-logical_camera
[4.540s] -- Searching for <ignition-sensors6> component [magnetometer]
[4.541s] -- Looking for ignition-sensors6-magnetometer -- found version 6.8.1
[4.541s] -- Searching for dependencies of ignition-sensors6-magnetometer
[4.541s] -- Searching for <ignition-sensors6> component [navsat]
[4.542s] -- Looking for ignition-sensors6-navsat -- found version 6.8.1
[4.542s] -- Searching for dependencies of ignition-sensors6-navsat
[4.542s] -- Searching for <ignition-sensors6> component [rendering]
[4.543s] -- Looking for ignition-sensors6-rendering -- found version 6.8.1
[4.543s] -- Searching for dependencies of ignition-sensors6-rendering
[4.543s] -- Searching for <ignition-sensors6> component [lidar]
[4.544s] -- Looking for ignition-sensors6-lidar -- found version 6.8.1
[4.544s] -- Searching for dependencies of ignition-sensors6-lidar
[4.544s] -- Looking for ignition-sensors6 -- found version 6.8.1
[4.545s] -- Searching for <ignition-sensors6> component [gpu_lidar]
[4.545s] -- Looking for ignition-sensors6-gpu_lidar -- found version 6.8.1
[4.545s] -- Searching for dependencies of ignition-sensors6-gpu_lidar
[4.545s] -- Looking for ignition-sensors6 -- found version 6.8.1
[4.546s] -- Searching for <ignition-sensors6> component [camera]
[4.546s] -- Looking for ignition-sensors6-camera -- found version 6.8.1
[4.546s] -- Searching for dependencies of ignition-sensors6-camera
[4.547s] -- Looking for ignition-sensors6 -- found version 6.8.1
[4.547s] -- Searching for <ignition-sensors6> component [boundingbox_camera]
[4.547s] -- Looking for ignition-sensors6-boundingbox_camera -- found version 6.8.1
[4.548s] -- Searching for dependencies of ignition-sensors6-boundingbox_camera
[4.548s] -- Searching for <ignition-sensors6> component [segmentation_camera]
[4.548s] -- Looking for ignition-sensors6-segmentation_camera -- found version 6.8.1
[4.548s] -- Searching for dependencies of ignition-sensors6-segmentation_camera
[4.549s] -- Searching for <ignition-sensors6> component [depth_camera]
[4.549s] -- Looking for ignition-sensors6-depth_camera -- found version 6.8.1
[4.549s] -- Searching for dependencies of ignition-sensors6-depth_camera
[4.550s] -- Looking for ignition-sensors6 -- found version 6.8.1
[4.550s] -- Searching for <ignition-sensors6> component [rgbd_camera]
[4.551s] -- Looking for ignition-sensors6-rgbd_camera -- found version 6.8.1
[4.551s] -- Searching for dependencies of ignition-sensors6-rgbd_camera
[4.551s] -- Looking for ignition-sensors6 -- found version 6.8.1
[4.552s] -- Searching for <ignition-sensors6> component [thermal_camera]
[4.552s] -- Looking for ignition-sensors6-thermal_camera -- found version 6.8.1
[4.552s] -- Searching for dependencies of ignition-sensors6-thermal_camera
[4.552s] -- Looking for ignition-sensors6 -- found version 6.8.1
[4.553s] -- Looking for ignition-rendering6 -- found version 6.6.3
[4.554s] -- Looking for ignition-math6 -- found version 6.15.1
[4.554s] -- Looking for ignition-utils1 -- found version 1.5.1
[4.579s] -- Looking for ignition-plugin1 -- found version 1.4.0
[4.637s] -- Configuring done (1.4s)
[4.656s] -- Generating done (0.0s)
[4.659s] -- Build files have been written to: /home/nam/Lekiwi_ws/build/three_omni_plugin
[4.683s] gmake[2]: Warning: File '/home/nam/Lekiwi_ws/src/three_omni_plugin/src/three_omni_plugin.cpp' has modification time 415334 s in the future
[4.686s] [ 50%] [32mBuilding CXX object CMakeFiles/three_omni_plugin.dir/src/three_omni_plugin.cpp.o[0m
[16.311s] [100%] [32m[1mLinking CXX shared library libthree_omni_plugin.so[0m
[16.954s] gmake[2]: warning:  Clock skew detected.  Your build may be incomplete.
[16.958s] [100%] Built target three_omni_plugin
[16.963s] Invoked command in '/home/nam/Lekiwi_ws/build/three_omni_plugin' returned '0': CMAKE_PREFIX_PATH=${CMAKE_PREFIX_PATH}:/home/nam/turtlebot3_ws/install/turtlebot3_teleop:/home/nam/turtlebot3_ws/install/turtlebot3_example:/opt/ros/humble /home/nam/.local/bin/cmake --build /home/nam/Lekiwi_ws/build/three_omni_plugin -- -j12 -l12
[16.965s] Invoking command in '/home/nam/Lekiwi_ws/build/three_omni_plugin': CMAKE_PREFIX_PATH=${CMAKE_PREFIX_PATH}:/home/nam/turtlebot3_ws/install/turtlebot3_teleop:/home/nam/turtlebot3_ws/install/turtlebot3_example:/opt/ros/humble /home/nam/.local/bin/cmake --install /home/nam/Lekiwi_ws/build/three_omni_plugin
[17.027s] -- Install configuration: ""
[17.027s] -- Installing: /home/nam/Lekiwi_ws/install/three_omni_plugin/lib/libthree_omni_plugin.so
[17.035s] -- Set non-toolchain portion of runtime path of "/home/nam/Lekiwi_ws/install/three_omni_plugin/lib/libthree_omni_plugin.so" to ""
[17.035s] -- Installing: /home/nam/Lekiwi_ws/install/three_omni_plugin/share/three_omni_plugin/environment/library_path.sh
[17.035s] -- Installing: /home/nam/Lekiwi_ws/install/three_omni_plugin/share/three_omni_plugin/environment/library_path.dsv
[17.035s] -- Installing: /home/nam/Lekiwi_ws/install/three_omni_plugin/share/ament_index/resource_index/package_run_dependencies/three_omni_plugin
[17.036s] -- Installing: /home/nam/Lekiwi_ws/install/three_omni_plugin/share/ament_index/resource_index/parent_prefix_path/three_omni_plugin
[17.036s] -- Installing: /home/nam/Lekiwi_ws/install/three_omni_plugin/share/three_omni_plugin/environment/ament_prefix_path.sh
[17.036s] -- Installing: /home/nam/Lekiwi_ws/install/three_omni_plugin/share/three_omni_plugin/environment/ament_prefix_path.dsv
[17.036s] -- Installing: /home/nam/Lekiwi_ws/install/three_omni_plugin/share/three_omni_plugin/environment/path.sh
[17.036s] -- Installing: /home/nam/Lekiwi_ws/install/three_omni_plugin/share/three_omni_plugin/environment/path.dsv
[17.036s] -- Installing: /home/nam/Lekiwi_ws/install/three_omni_plugin/share/three_omni_plugin/local_setup.bash
[17.036s] -- Installing: /home/nam/Lekiwi_ws/install/three_omni_plugin/share/three_omni_plugin/local_setup.sh
[17.036s] -- Installing: /home/nam/Lekiwi_ws/install/three_omni_plugin/share/three_omni_plugin/local_setup.zsh
[17.037s] -- Installing: /home/nam/Lekiwi_ws/install/three_omni_plugin/share/three_omni_plugin/local_setup.dsv
[17.037s] -- Installing: /home/nam/Lekiwi_ws/install/three_omni_plugin/share/three_omni_plugin/package.dsv
[17.037s] -- Installing: /home/nam/Lekiwi_ws/install/three_omni_plugin/share/ament_index/resource_index/packages/three_omni_plugin
[17.037s] -- Installing: /home/nam/Lekiwi_ws/install/three_omni_plugin/share/three_omni_plugin/cmake/ament_cmake_export_libraries-extras.cmake
[17.037s] -- Installing: /home/nam/Lekiwi_ws/install/three_omni_plugin/share/three_omni_plugin/cmake/three_omni_pluginConfig.cmake
[17.037s] -- Installing: /home/nam/Lekiwi_ws/install/three_omni_plugin/share/three_omni_plugin/cmake/three_omni_pluginConfig-version.cmake
[17.037s] -- Installing: /home/nam/Lekiwi_ws/install/three_omni_plugin/share/three_omni_plugin/package.xml
[17.039s] Invoked command in '/home/nam/Lekiwi_ws/build/three_omni_plugin' returned '0': CMAKE_PREFIX_PATH=${CMAKE_PREFIX_PATH}:/home/nam/turtlebot3_ws/install/turtlebot3_teleop:/home/nam/turtlebot3_ws/install/turtlebot3_example:/opt/ros/humble /home/nam/.local/bin/cmake --install /home/nam/Lekiwi_ws/build/three_omni_plugin
