[0mCMake Deprecation Warning at /usr/lib/x86_64-linux-gnu/cmake/jsoncpp/jsoncppConfig.cmake:2 (cmake_policy):
  Compatibility with CMake < 3.10 will be removed from a future version of
  CMake.

  Update the VERSION argument <min> value.  Or, use the <min>...<max> syntax
  to tell CMake that the project requires at least <min> but has been updated
  to work with policies introduced by <max> or earlier.
Call Stack (most recent call first):
  /usr/share/cmake/ignition-cmake2/cmake2/FindJSONCPP.cmake:34 (find_package)
  /home/nam/ignition_fortress_ws/install/lib/cmake/ignition-fuel_tools7/ignition-fuel_tools7-config.cmake:94 (find_package)
  /usr/lib/x86_64-linux-gnu/cmake/ignition-gazebo6/ignition-gazebo6-config.cmake:97 (find_package)
  CMakeLists.txt:8 (find_package)

[0m
gmake[2]: Warning: File '/home/nam/ignition_fortress_ws/install/lib/libignition-fuel_tools7.so.7.3.1' has modification time 347060 s in the future
[01m[K/home/nam/Lekiwi_ws/src/lekiwi_servo_control/src/lekiwi_servo_control.cpp:26:8:[m[K [01;31m[Kerror: [m[K‘[01m[Kvoid LekiwiServoControlPlugin::Configure(const Entity&, std::shared_ptr<const sdf::v12::Element>, ignition::gazebo::v6::EntityComponentManager&, ignition::gazebo::v6::EventManager&)[m[K’ marked ‘[01m[Koverride[m[K’, but does not override
   26 |   void [01;31m[KConfigure[m[K(const Entity &_entity,
      |        [01;31m[K^~~~~~~~~[m[K
[01m[K/home/nam/Lekiwi_ws/src/lekiwi_servo_control/src/lekiwi_servo_control.cpp:[m[K In member function ‘[01m[Kvoid LekiwiServoControlPlugin::Configure(const Entity&, std::shared_ptr<const sdf::v12::Element>, ignition::gazebo::v6::EntityComponentManager&, ignition::gazebo::v6::EventManager&)[m[K’:
[01m[K/home/nam/Lekiwi_ws/src/lekiwi_servo_control/src/lekiwi_servo_control.cpp:48:42:[m[K [01;31m[Kerror: [m[Kpassing ‘[01m[Kstd::__shared_ptr_access<const sdf::v12::Element, __gnu_cxx::_S_atomic, false, false>::element_type[m[K’ {aka ‘[01m[Kconst sdf::v12::Element[m[K’} as ‘[01m[Kthis[m[K’ argument discards qualifiers [[01;31m[K]8;;https://gcc.gnu.org/onlinedocs/gcc/Warning-Options.html#index-fpermissive-fpermissive]8;;[m[K]
   48 |       auto joints_elem = [01;31m[K_sdf->GetElement("joints")[m[K;
      |                          [01;31m[K~~~~~~~~~~~~~~~~^~~~~~~~~~[m[K
In file included from [01m[K/usr/include/ignition/gazebo6/gz/sim/System.hh:30[m[K,
                 from [01m[K/usr/include/ignition/gazebo6/ignition/gazebo/System.hh:18[m[K,
                 from [01m[K/home/nam/Lekiwi_ws/src/lekiwi_servo_control/src/lekiwi_servo_control.cpp:1[m[K:
[01m[K/usr/include/ignition/sdformat12/sdf/Element.hh:432:24:[m[K [01;36m[Knote: [m[K  in call to ‘[01m[Ksdf::v12::ElementPtr sdf::v12::Element::GetElement(const string&)[m[K’
  432 |     public: ElementPtr [01;36m[KGetElement[m[K(const std::string &_name);
      |                        [01;36m[K^~~~~~~~~~[m[K
[01m[K/home/nam/Lekiwi_ws/src/lekiwi_servo_control/src/lekiwi_servo_control.cpp:[m[K In member function ‘[01m[Kvirtual void LekiwiServoControlPlugin::Update(const ignition::gazebo::v6::UpdateInfo&, ignition::gazebo::v6::EntityComponentManager&)[m[K’:
[01m[K/home/nam/Lekiwi_ws/src/lekiwi_servo_control/src/lekiwi_servo_control.cpp:121:56:[m[K [01;31m[Kerror: [m[K‘[01m[KName[m[K’ is not a member of ‘[01m[Kignition::gazebo::v6::components[m[K’
  121 |       joint_state.name[i] = _ecm.Component<components::[01;31m[KName[m[K>(joints_[i])->Data();
      |                                                        [01;31m[K^~~~[m[K
[01m[K/home/nam/Lekiwi_ws/src/lekiwi_servo_control/src/lekiwi_servo_control.cpp:121:61:[m[K [01;31m[Kerror: [m[Kno matching function for call to ‘[01m[Kignition::gazebo::v6::EntityComponentManager::Component<<expression error> >(__gnu_cxx::__alloc_traits<std::allocator<long unsigned int>, long unsigned int>::value_type&)[m[K’
  121 |       joint_state.name[i] = [01;31m[K_ecm.Component<components::Name>(joints_[i])[m[K->Data();
      |                             [01;31m[K~~~~~~~~~~~~~~~~~~~~~~~~~~~~~~~~^~~~~~~~~~~~[m[K
In file included from [01m[K/usr/include/ignition/gazebo6/gz/sim/System.hh:23[m[K,
                 from [01m[K/usr/include/ignition/gazebo6/ignition/gazebo/System.hh:18[m[K,
                 from [01m[K/home/nam/Lekiwi_ws/src/lekiwi_servo_control/src/lekiwi_servo_control.cpp:1[m[K:
[01m[K/usr/include/ignition/gazebo6/gz/sim/EntityComponentManager.hh:264:37:[m[K [01;36m[Knote: [m[Kcandidate: ‘[01m[Ktemplate<class ComponentTypeT> const ComponentTypeT* ignition::gazebo::v6::EntityComponentManager::Component(ignition::gazebo::v6::Entity) const[m[K’
  264 |               const ComponentTypeT *[01;36m[KComponent[m[K(const Entity _entity) const;
      |                                     [01;36m[K^~~~~~~~~[m[K
[01m[K/usr/include/ignition/gazebo6/gz/sim/EntityComponentManager.hh:264:37:[m[K [01;36m[Knote: [m[K  template argument deduction/substitution failed:
[01m[K/home/nam/Lekiwi_ws/src/lekiwi_servo_control/src/lekiwi_servo_control.cpp:121:61:[m[K [01;31m[Kerror: [m[Ktemplate argument 1 is invalid
  121 |       joint_state.name[i] = [01;31m[K_ecm.Component<components::Name>(joints_[i])[m[K->Data();
      |                             [01;31m[K~~~~~~~~~~~~~~~~~~~~~~~~~~~~~~~~^~~~~~~~~~~~[m[K
In file included from [01m[K/usr/include/ignition/gazebo6/gz/sim/EntityComponentManager.hh:851[m[K,
                 from [01m[K/usr/include/ignition/gazebo6/gz/sim/System.hh:23[m[K,
                 from [01m[K/usr/include/ignition/gazebo6/ignition/gazebo/System.hh:18[m[K,
                 from [01m[K/home/nam/Lekiwi_ws/src/lekiwi_servo_control/src/lekiwi_servo_control.cpp:1[m[K:
[01m[K/usr/include/ignition/gazebo6/gz/sim/detail/EntityComponentManager.hh:128:17:[m[K [01;36m[Knote: [m[Kcandidate: ‘[01m[Ktemplate<class ComponentTypeT> ComponentTypeT* ignition::gazebo::v6::EntityComponentManager::Component(ignition::gazebo::v6::Entity)[m[K’
  128 | ComponentTypeT *[01;36m[KEntityComponentManager[m[K::Component(const Entity _entity)
      |                 [01;36m[K^~~~~~~~~~~~~~~~~~~~~~[m[K
[01m[K/usr/include/ignition/gazebo6/gz/sim/detail/EntityComponentManager.hh:128:17:[m[K [01;36m[Knote: [m[K  template argument deduction/substitution failed:
[01m[K/home/nam/Lekiwi_ws/src/lekiwi_servo_control/src/lekiwi_servo_control.cpp:121:61:[m[K [01;31m[Kerror: [m[Ktemplate argument 1 is invalid
  121 |       joint_state.name[i] = [01;31m[K_ecm.Component<components::Name>(joints_[i])[m[K->Data();
      |                             [01;31m[K~~~~~~~~~~~~~~~~~~~~~~~~~~~~~~~~^~~~~~~~~~~~[m[K
In file included from [01m[K/usr/include/ignition/gazebo6/gz/sim/System.hh:23[m[K,
                 from [01m[K/usr/include/ignition/gazebo6/ignition/gazebo/System.hh:18[m[K,
                 from [01m[K/home/nam/Lekiwi_ws/src/lekiwi_servo_control/src/lekiwi_servo_control.cpp:1[m[K:
[01m[K/usr/include/ignition/gazebo6/gz/sim/EntityComponentManager.hh:279:56:[m[K [01;36m[Knote: [m[Kcandidate: ‘[01m[Ktemplate<class ComponentTypeT> const ComponentTypeT* ignition::gazebo::v6::EntityComponentManager::Component(const ComponentKey&) const[m[K’
  279 |               const ComponentTypeT IGN_DEPRECATED(6) * [01;36m[KComponent[m[K(
      |                                                        [01;36m[K^~~~~~~~~[m[K
[01m[K/usr/include/ignition/gazebo6/gz/sim/EntityComponentManager.hh:279:56:[m[K [01;36m[Knote: [m[K  template argument deduction/substitution failed:
[01m[K/home/nam/Lekiwi_ws/src/lekiwi_servo_control/src/lekiwi_servo_control.cpp:121:61:[m[K [01;31m[Kerror: [m[Ktemplate argument 1 is invalid
  121 |       joint_state.name[i] = [01;31m[K_ecm.Component<components::Name>(joints_[i])[m[K->Data();
      |                             [01;31m[K~~~~~~~~~~~~~~~~~~~~~~~~~~~~~~~~^~~~~~~~~~~~[m[K
In file included from [01m[K/usr/include/ignition/gazebo6/gz/sim/System.hh:23[m[K,
                 from [01m[K/usr/include/ignition/gazebo6/ignition/gazebo/System.hh:18[m[K,
                 from [01m[K/home/nam/Lekiwi_ws/src/lekiwi_servo_control/src/lekiwi_servo_control.cpp:1[m[K:
[01m[K/usr/include/ignition/gazebo6/gz/sim/EntityComponentManager.hh:287:50:[m[K [01;36m[Knote: [m[Kcandidate: ‘[01m[Ktemplate<class ComponentTypeT> ComponentTypeT* ignition::gazebo::v6::EntityComponentManager::Component(const ComponentKey&)[m[K’
  287 |               ComponentTypeT IGN_DEPRECATED(6) * [01;36m[KComponent[m[K(
      |                                                  [01;36m[K^~~~~~~~~[m[K
[01m[K/usr/include/ignition/gazebo6/gz/sim/EntityComponentManager.hh:287:50:[m[K [01;36m[Knote: [m[K  template argument deduction/substitution failed:
[01m[K/home/nam/Lekiwi_ws/src/lekiwi_servo_control/src/lekiwi_servo_control.cpp:121:61:[m[K [01;31m[Kerror: [m[Ktemplate argument 1 is invalid
  121 |       joint_state.name[i] = [01;31m[K_ecm.Component<components::Name>(joints_[i])[m[K->Data();
      |                             [01;31m[K~~~~~~~~~~~~~~~~~~~~~~~~~~~~~~~~^~~~~~~~~~~~[m[K
In file included from [01m[K/usr/include/ignition/plugin1/gz/plugin/Register.hh:22[m[K,
                 from [01m[K/usr/include/ignition/plugin1/ignition/plugin/Register.hh:18[m[K,
                 from [01m[K/home/nam/Lekiwi_ws/src/lekiwi_servo_control/src/lekiwi_servo_control.cpp:7[m[K:
/usr/include/ignition/plugin1/gz/plugin/detail/Register.hh: In instantiation of ‘[01m[Kstatic ignition::plugin::v1::Info ignition::plugin::detail::Registrar<PluginClass, Interfaces>::MakeInfo() [with PluginClass = LekiwiServoControlPlugin; Interfaces = {ignition::gazebo::v6::System, ignition::gazebo::v6::ISystemConfigure, ignition::gazebo::v6::ISystemUpdate}][m[K’:
[01m[K/usr/include/ignition/plugin1/gz/plugin/detail/Register.hh:396:31:[m[K   required from ‘[01m[Kstatic void ignition::plugin::detail::Registrar<PluginClass, Interfaces>::Register() [with PluginClass = LekiwiServoControlPlugin; Interfaces = {ignition::gazebo::v6::System, ignition::gazebo::v6::ISystemConfigure, ignition::gazebo::v6::ISystemUpdate}][m[K’
[01m[K/home/nam/Lekiwi_ws/src/lekiwi_servo_control/src/lekiwi_servo_control.cpp:163:1:[m[K   required from here
[01m[K/usr/include/ignition/plugin1/gz/plugin/detail/Register.hh:373:39:[m[K [01;31m[Kerror: [m[Kinvalid new-expression of abstract class type ‘[01m[KLekiwiServoControlPlugin[m[K’
  373 |             return static_cast<void*>([01;31m[Knew PluginClass[m[K);
      |                                       [01;31m[K^~~~~~~~~~~~~~~[m[K
[01m[K/home/nam/Lekiwi_ws/src/lekiwi_servo_control/src/lekiwi_servo_control.cpp:19:7:[m[K [01;36m[Knote: [m[K  because the following virtual functions are pure within ‘[01m[KLekiwiServoControlPlugin[m[K’:
   19 | class [01;36m[KLekiwiServoControlPlugin[m[K : public System,
      |       [01;36m[K^~~~~~~~~~~~~~~~~~~~~~~~[m[K
In file included from [01m[K/usr/include/ignition/gazebo6/ignition/gazebo/System.hh:18[m[K,
                 from [01m[K/home/nam/Lekiwi_ws/src/lekiwi_servo_control/src/lekiwi_servo_control.cpp:1[m[K:
[01m[K/usr/include/ignition/gazebo6/gz/sim/System.hh:98:28:[m[K [01;36m[Knote: [m[K    ‘[01m[Kvirtual void ignition::gazebo::v6::ISystemConfigure::Configure(const Entity&, const std::shared_ptr<const sdf::v12::Element>&, ignition::gazebo::v6::EntityComponentManager&, ignition::gazebo::v6::EventManager&)[m[K’
   98 |       public: virtual void [01;36m[KConfigure[m[K(
      |                            [01;36m[K^~~~~~~~~[m[K
In file included from [01m[K/usr/include/ignition/plugin1/gz/plugin/Register.hh:22[m[K,
                 from [01m[K/usr/include/ignition/plugin1/ignition/plugin/Register.hh:18[m[K,
                 from [01m[K/home/nam/Lekiwi_ws/src/lekiwi_servo_control/src/lekiwi_servo_control.cpp:7[m[K:
[01m[K/usr/include/ignition/plugin1/gz/plugin/detail/Register.hh:361:24:[m[K [01;31m[Kerror: [m[Kno match for ‘[01m[Koperator=[m[K’ (operand types are ‘[01m[Kstd::function<void*()>[m[K’ and ‘[01m[Kignition::plugin::detail::Registrar<LekiwiServoControlPlugin, ignition::gazebo::v6::System, ignition::gazebo::v6::ISystemConfigure, ignition::gazebo::v6::ISystemUpdate>::MakeInfo()::<lambda()>[m[K’)
  361 |           [01;31m[Kinfo.factory = [=]()[m[K
      |           [01;31m[K~~~~~~~~~~~~~^~~~~~~[m[K
  362 | [01;31m[K          {[m[K
      |           [01;31m[K~[m[K             
  363 | [01;31m[K            // vvvvvvvvvvvvvvvvvvvvvvvv  READ ME  vvvvvvvvvvvvvvvvvvvvvvvvvvvvv[m[K
      |             [01;31m[K~~~~~~~~~~~~~~~~~~~~~~~~~~~~~~~~~~~~~~~~~~~~~~~~~~~~~~~~~~~~~~~~~~~[m[K
  364 | [01;31m[K            // If you get a compilation error here, then you are trying to[m[K
      |             [01;31m[K~~~~~~~~~~~~~~~~~~~~~~~~~~~~~~~~~~~~~~~~~~~~~~~~~~~~~~~~~~~~~~[m[K
  365 | [01;31m[K            // register an abstract class as a plugin, which is not allowed. To[m[K
      |             [01;31m[K~~~~~~~~~~~~~~~~~~~~~~~~~~~~~~~~~~~~~~~~~~~~~~~~~~~~~~~~~~~~~~~~~~~[m[K
  366 | [01;31m[K            // register a plugin class, every one if its virtual functions must[m[K
      |             [01;31m[K~~~~~~~~~~~~~~~~~~~~~~~~~~~~~~~~~~~~~~~~~~~~~~~~~~~~~~~~~~~~~~~~~~~[m[K
  367 | [01;31m[K            // have a definition.[m[K
      |             [01;31m[K~~~~~~~~~~~~~~~~~~~~~[m[K
  368 | [01;31m[K            //[m[K
      |             [01;31m[K~~[m[K          
  369 | [01;31m[K            // Read through the error produced by your compiler to see which[m[K
      |             [01;31m[K~~~~~~~~~~~~~~~~~~~~~~~~~~~~~~~~~~~~~~~~~~~~~~~~~~~~~~~~~~~~~~~~[m[K
  370 | [01;31m[K            // pure virtual functions you are neglecting to provide overrides[m[K
      |             [01;31m[K~~~~~~~~~~~~~~~~~~~~~~~~~~~~~~~~~~~~~~~~~~~~~~~~~~~~~~~~~~~~~~~~~[m[K
  371 | [01;31m[K            // for.[m[K
      |             [01;31m[K~~~~~~~[m[K     
  372 | [01;31m[K            // ^^^^^^^^^^^^^ READ ABOVE FOR COMPILATION ERRORS ^^^^^^^^^^^^^^^^[m[K
      |             [01;31m[K~~~~~~~~~~~~~~~~~~~~~~~~~~~~~~~~~~~~~~~~~~~~~~~~~~~~~~~~~~~~~~~~~~~[m[K
  373 | [01;31m[K            return static_cast<void*>(new PluginClass);[m[K
      |             [01;31m[K~~~~~~~~~~~~~~~~~~~~~~~~~~~~~~~~~~~~~~~~~~~[m[K
  374 | [01;31m[K          }[m[K;
      |           [01;31m[K~[m[K             
In file included from [01m[K/usr/include/c++/11/functional:59[m[K,
                 from [01m[K/usr/include/c++/11/pstl/glue_algorithm_defs.h:13[m[K,
                 from [01m[K/usr/include/c++/11/algorithm:74[m[K,
                 from [01m[K/usr/include/google/protobuf/stubs/common.h:38[m[K,
                 from [01m[K/usr/include/google/protobuf/io/coded_stream.h:141[m[K,
                 from [01m[K/usr/include/ignition/msgs8/ignition/msgs/serialized.pb.h:23[m[K,
                 from [01m[K/usr/include/ignition/msgs8/gz/msgs/serialized.pb.h:18[m[K,
                 from [01m[K/usr/include/ignition/gazebo6/gz/sim/EntityComponentManager.hh:20[m[K,
                 from [01m[K/usr/include/ignition/gazebo6/gz/sim/System.hh:23[m[K,
                 from [01m[K/usr/include/ignition/gazebo6/ignition/gazebo/System.hh:18[m[K,
                 from [01m[K/home/nam/Lekiwi_ws/src/lekiwi_servo_control/src/lekiwi_servo_control.cpp:1[m[K:
[01m[K/usr/include/c++/11/bits/std_function.h:530:9:[m[K [01;36m[Knote: [m[Kcandidate: ‘[01m[Ktemplate<class _Functor> std::function<_Res(_ArgTypes ...)>::_Requires<std::function<_Res(_ArgTypes ...)>::_Callable<_Functor>, std::function<_Res(_ArgTypes ...)>&> std::function<_Res(_ArgTypes ...)>::operator=(_Functor&&) [with _Functor = _Functor; _Res = void*; _ArgTypes = {}][m[K’
  530 |         [01;36m[Koperator[m[K=(_Functor&& __f)
      |         [01;36m[K^~~~~~~~[m[K
[01m[K/usr/include/c++/11/bits/std_function.h:530:9:[m[K [01;36m[Knote: [m[K  template argument deduction/substitution failed:
In file included from [01m[K/usr/include/c++/11/bits/move.h:57[m[K,
                 from [01m[K/usr/include/c++/11/bits/stl_pair.h:59[m[K,
                 from [01m[K/usr/include/c++/11/bits/stl_algobase.h:64[m[K,
                 from [01m[K/usr/include/c++/11/memory:63[m[K,
                 from [01m[K/usr/include/ignition/gazebo6/gz/sim/System.hh:20[m[K,
                 from [01m[K/usr/include/ignition/gazebo6/ignition/gazebo/System.hh:18[m[K,
                 from [01m[K/home/nam/Lekiwi_ws/src/lekiwi_servo_control/src/lekiwi_servo_control.cpp:1[m[K:
/usr/include/c++/11/type_traits: In substitution of ‘[01m[Ktemplate<bool _Cond, class _Tp> using __enable_if_t = typename std::enable_if::type [with bool _Cond = false; _Tp = std::function<void*()>&][m[K’:
[01m[K/usr/include/c++/11/bits/std_function.h:353:8:[m[K   required by substitution of ‘[01m[Ktemplate<class _Res, class ... _ArgTypes> template<class _Cond, class _Tp> using _Requires = std::__enable_if_t<_Cond::value, _Tp> [with _Cond = std::function<void*()>::_Callable<ignition::plugin::detail::Registrar<LekiwiServoControlPlugin, ignition::gazebo::v6::System, ignition::gazebo::v6::ISystemConfigure, ignition::gazebo::v6::ISystemUpdate>::MakeInfo()::<lambda()>, ignition::plugin::detail::Registrar<LekiwiServoControlPlugin, ignition::gazebo::v6::System, ignition::gazebo::v6::ISystemConfigure, ignition::gazebo::v6::ISystemUpdate>::MakeInfo()::<lambda()>, std::__invoke_result<ignition::plugin::detail::Registrar<LekiwiServoControlPlugin, ignition::gazebo::v6::System, ignition::gazebo::v6::ISystemConfigure, ignition::gazebo::v6::ISystemUpdate>::MakeInfo()::<lambda()>&> >; _Tp = std::function<void*()>&; _Res = void*; _ArgTypes = {}][m[K’
[01m[K/usr/include/c++/11/bits/std_function.h:530:2:[m[K   required by substitution of ‘[01m[Ktemplate<class _Functor> std::function<void*()>::_Requires<std::function<void*()>::_Callable<_Functor, typename std::enable_if<(! std::is_same<typename std::remove_cv<typename std::remove_reference<_Tp>::type>::type, std::function<void*()> >::value), std::decay<_Tp> >::type::type, std::__invoke_result<typename std::enable_if<(! std::is_same<typename std::remove_cv<typename std::remove_reference<_Tp>::type>::type, std::function<void*()> >::value), std::decay<_Tp> >::type::type&> >, std::function<void*()>&> std::function<void*()>::operator=<_Functor>(_Functor&&) [with _Functor = ignition::plugin::detail::Registrar<LekiwiServoControlPlugin, ignition::gazebo::v6::System, ignition::gazebo::v6::ISystemConfigure, ignition::gazebo::v6::ISystemUpdate>::MakeInfo()::<lambda()>][m[K’
[01m[K/usr/include/ignition/plugin1/gz/plugin/detail/Register.hh:361:24:[m[K   required from ‘[01m[Kstatic ignition::plugin::v1::Info ignition::plugin::detail::Registrar<PluginClass, Interfaces>::MakeInfo() [with PluginClass = LekiwiServoControlPlugin; Interfaces = {ignition::gazebo::v6::System, ignition::gazebo::v6::ISystemConfigure, ignition::gazebo::v6::ISystemUpdate}][m[K’
[01m[K/usr/include/ignition/plugin1/gz/plugin/detail/Register.hh:396:31:[m[K   required from ‘[01m[Kstatic void ignition::plugin::detail::Registrar<PluginClass, Interfaces>::Register() [with PluginClass = LekiwiServoControlPlugin; Interfaces = {ignition::gazebo::v6::System, ignition::gazebo::v6::ISystemConfigure, ignition::gazebo::v6::ISystemUpdate}][m[K’
[01m[K/home/nam/Lekiwi_ws/src/lekiwi_servo_control/src/lekiwi_servo_control.cpp:163:1:[m[K   required from here
[01m[K/usr/include/c++/11/type_traits:2205:11:[m[K [01;31m[Kerror: [m[Kno type named ‘[01m[Ktype[m[K’ in ‘[01m[Kstruct std::enable_if<false, std::function<void*()>&>[m[K’
 2205 |     using [01;31m[K__enable_if_t[m[K = typename enable_if<_Cond, _Tp>::type;
      |           [01;31m[K^~~~~~~~~~~~~[m[K
In file included from [01m[K/usr/include/c++/11/functional:59[m[K,
                 from [01m[K/usr/include/c++/11/pstl/glue_algorithm_defs.h:13[m[K,
                 from [01m[K/usr/include/c++/11/algorithm:74[m[K,
                 from [01m[K/usr/include/google/protobuf/stubs/common.h:38[m[K,
                 from [01m[K/usr/include/google/protobuf/io/coded_stream.h:141[m[K,
                 from [01m[K/usr/include/ignition/msgs8/ignition/msgs/serialized.pb.h:23[m[K,
                 from [01m[K/usr/include/ignition/msgs8/gz/msgs/serialized.pb.h:18[m[K,
                 from [01m[K/usr/include/ignition/gazebo6/gz/sim/EntityComponentManager.hh:20[m[K,
                 from [01m[K/usr/include/ignition/gazebo6/gz/sim/System.hh:23[m[K,
                 from [01m[K/usr/include/ignition/gazebo6/ignition/gazebo/System.hh:18[m[K,
                 from [01m[K/home/nam/Lekiwi_ws/src/lekiwi_servo_control/src/lekiwi_servo_control.cpp:1[m[K:
/usr/include/ignition/plugin1/gz/plugin/detail/Register.hh: In instantiation of ‘[01m[Kstatic ignition::plugin::v1::Info ignition::plugin::detail::Registrar<PluginClass, Interfaces>::MakeInfo() [with PluginClass = LekiwiServoControlPlugin; Interfaces = {ignition::gazebo::v6::System, ignition::gazebo::v6::ISystemConfigure, ignition::gazebo::v6::ISystemUpdate}][m[K’:
[01m[K/usr/include/ignition/plugin1/gz/plugin/detail/Register.hh:396:31:[m[K   required from ‘[01m[Kstatic void ignition::plugin::detail::Registrar<PluginClass, Interfaces>::Register() [with PluginClass = LekiwiServoControlPlugin; Interfaces = {ignition::gazebo::v6::System, ignition::gazebo::v6::ISystemConfigure, ignition::gazebo::v6::ISystemUpdate}][m[K’
[01m[K/home/nam/Lekiwi_ws/src/lekiwi_servo_control/src/lekiwi_servo_control.cpp:163:1:[m[K   required from here
[01m[K/usr/include/c++/11/bits/std_function.h:540:9:[m[K [01;36m[Knote: [m[Kcandidate: ‘[01m[Ktemplate<class _Functor> std::function<_Res(_ArgTypes ...)>& std::function<_Res(_ArgTypes ...)>::operator=(std::reference_wrapper<_Functor>) [with _Functor = _Functor; _Res = void*; _ArgTypes = {}][m[K’
  540 |         [01;36m[Koperator[m[K=(reference_wrapper<_Functor> __f) noexcept
      |         [01;36m[K^~~~~~~~[m[K
[01m[K/usr/include/c++/11/bits/std_function.h:540:9:[m[K [01;36m[Knote: [m[K  template argument deduction/substitution failed:
In file included from [01m[K/usr/include/ignition/plugin1/gz/plugin/Register.hh:22[m[K,
                 from [01m[K/usr/include/ignition/plugin1/ignition/plugin/Register.hh:18[m[K,
                 from [01m[K/home/nam/Lekiwi_ws/src/lekiwi_servo_control/src/lekiwi_servo_control.cpp:7[m[K:
[01m[K/usr/include/ignition/plugin1/gz/plugin/detail/Register.hh:361:24:[m[K [01;36m[Knote: [m[K  ‘[01m[Kignition::plugin::detail::Registrar<LekiwiServoControlPlugin, ignition::gazebo::v6::System, ignition::gazebo::v6::ISystemConfigure, ignition::gazebo::v6::ISystemUpdate>::MakeInfo()::<lambda()>[m[K’ is not derived from ‘[01m[Kstd::reference_wrapper<_Tp>[m[K’
  361 |           [01;36m[Kinfo.factory = [=]()[m[K
      |           [01;36m[K~~~~~~~~~~~~~^~~~~~~[m[K
  362 | [01;36m[K          {[m[K
      |           [01;36m[K~[m[K             
  363 | [01;36m[K            // vvvvvvvvvvvvvvvvvvvvvvvv  READ ME  vvvvvvvvvvvvvvvvvvvvvvvvvvvvv[m[K
      |             [01;36m[K~~~~~~~~~~~~~~~~~~~~~~~~~~~~~~~~~~~~~~~~~~~~~~~~~~~~~~~~~~~~~~~~~~~[m[K
  364 | [01;36m[K            // If you get a compilation error here, then you are trying to[m[K
      |             [01;36m[K~~~~~~~~~~~~~~~~~~~~~~~~~~~~~~~~~~~~~~~~~~~~~~~~~~~~~~~~~~~~~~[m[K
  365 | [01;36m[K            // register an abstract class as a plugin, which is not allowed. To[m[K
      |             [01;36m[K~~~~~~~~~~~~~~~~~~~~~~~~~~~~~~~~~~~~~~~~~~~~~~~~~~~~~~~~~~~~~~~~~~~[m[K
  366 | [01;36m[K            // register a plugin class, every one if its virtual functions must[m[K
      |             [01;36m[K~~~~~~~~~~~~~~~~~~~~~~~~~~~~~~~~~~~~~~~~~~~~~~~~~~~~~~~~~~~~~~~~~~~[m[K
  367 | [01;36m[K            // have a definition.[m[K
      |             [01;36m[K~~~~~~~~~~~~~~~~~~~~~[m[K
  368 | [01;36m[K            //[m[K
      |             [01;36m[K~~[m[K          
  369 | [01;36m[K            // Read through the error produced by your compiler to see which[m[K
      |             [01;36m[K~~~~~~~~~~~~~~~~~~~~~~~~~~~~~~~~~~~~~~~~~~~~~~~~~~~~~~~~~~~~~~~~[m[K
  370 | [01;36m[K            // pure virtual functions you are neglecting to provide overrides[m[K
      |             [01;36m[K~~~~~~~~~~~~~~~~~~~~~~~~~~~~~~~~~~~~~~~~~~~~~~~~~~~~~~~~~~~~~~~~~[m[K
  371 | [01;36m[K            // for.[m[K
      |             [01;36m[K~~~~~~~[m[K     
  372 | [01;36m[K            // ^^^^^^^^^^^^^ READ ABOVE FOR COMPILATION ERRORS ^^^^^^^^^^^^^^^^[m[K
      |             [01;36m[K~~~~~~~~~~~~~~~~~~~~~~~~~~~~~~~~~~~~~~~~~~~~~~~~~~~~~~~~~~~~~~~~~~~[m[K
  373 | [01;36m[K            return static_cast<void*>(new PluginClass);[m[K
      |             [01;36m[K~~~~~~~~~~~~~~~~~~~~~~~~~~~~~~~~~~~~~~~~~~~[m[K
  374 | [01;36m[K          }[m[K;
      |           [01;36m[K~[m[K             
In file included from [01m[K/usr/include/c++/11/functional:59[m[K,
                 from [01m[K/usr/include/c++/11/pstl/glue_algorithm_defs.h:13[m[K,
                 from [01m[K/usr/include/c++/11/algorithm:74[m[K,
                 from [01m[K/usr/include/google/protobuf/stubs/common.h:38[m[K,
                 from [01m[K/usr/include/google/protobuf/io/coded_stream.h:141[m[K,
                 from [01m[K/usr/include/ignition/msgs8/ignition/msgs/serialized.pb.h:23[m[K,
                 from [01m[K/usr/include/ignition/msgs8/gz/msgs/serialized.pb.h:18[m[K,
                 from [01m[K/usr/include/ignition/gazebo6/gz/sim/EntityComponentManager.hh:20[m[K,
                 from [01m[K/usr/include/ignition/gazebo6/gz/sim/System.hh:23[m[K,
                 from [01m[K/usr/include/ignition/gazebo6/ignition/gazebo/System.hh:18[m[K,
                 from [01m[K/home/nam/Lekiwi_ws/src/lekiwi_servo_control/src/lekiwi_servo_control.cpp:1[m[K:
[01m[K/usr/include/c++/11/bits/std_function.h:469:7:[m[K [01;36m[Knote: [m[Kcandidate: ‘[01m[Kstd::function<_Res(_ArgTypes ...)>& std::function<_Res(_ArgTypes ...)>::operator=(const std::function<_Res(_ArgTypes ...)>&) [with _Res = void*; _ArgTypes = {}][m[K’
  469 |       [01;36m[Koperator[m[K=(const function& __x)
      |       [01;36m[K^~~~~~~~[m[K
[01m[K/usr/include/c++/11/bits/std_function.h:469:33:[m[K [01;36m[Knote: [m[K  no known conversion for argument 1 from ‘[01m[Kignition::plugin::detail::Registrar<LekiwiServoControlPlugin, ignition::gazebo::v6::System, ignition::gazebo::v6::ISystemConfigure, ignition::gazebo::v6::ISystemUpdate>::MakeInfo()::<lambda()>[m[K’ to ‘[01m[Kconst std::function<void*()>&[m[K’
  469 |       operator=([01;36m[Kconst function& __x[m[K)
      |                 [01;36m[K~~~~~~~~~~~~~~~~^~~[m[K
[01m[K/usr/include/c++/11/bits/std_function.h:487:7:[m[K [01;36m[Knote: [m[Kcandidate: ‘[01m[Kstd::function<_Res(_ArgTypes ...)>& std::function<_Res(_ArgTypes ...)>::operator=(std::function<_Res(_ArgTypes ...)>&&) [with _Res = void*; _ArgTypes = {}][m[K’
  487 |       [01;36m[Koperator[m[K=(function&& __x) noexcept
      |       [01;36m[K^~~~~~~~[m[K
[01m[K/usr/include/c++/11/bits/std_function.h:487:28:[m[K [01;36m[Knote: [m[K  no known conversion for argument 1 from ‘[01m[Kignition::plugin::detail::Registrar<LekiwiServoControlPlugin, ignition::gazebo::v6::System, ignition::gazebo::v6::ISystemConfigure, ignition::gazebo::v6::ISystemUpdate>::MakeInfo()::<lambda()>[m[K’ to ‘[01m[Kstd::function<void*()>&&[m[K’
  487 |       operator=([01;36m[Kfunction&& __x[m[K) noexcept
      |                 [01;36m[K~~~~~~~~~~~^~~[m[K
[01m[K/usr/include/c++/11/bits/std_function.h:501:7:[m[K [01;36m[Knote: [m[Kcandidate: ‘[01m[Kstd::function<_Res(_ArgTypes ...)>& std::function<_Res(_ArgTypes ...)>::operator=(std::nullptr_t) [with _Res = void*; _ArgTypes = {}; std::nullptr_t = std::nullptr_t][m[K’
  501 |       [01;36m[Koperator[m[K=(nullptr_t) noexcept
      |       [01;36m[K^~~~~~~~[m[K
[01m[K/usr/include/c++/11/bits/std_function.h:501:17:[m[K [01;36m[Knote: [m[K  no known conversion for argument 1 from ‘[01m[Kignition::plugin::detail::Registrar<LekiwiServoControlPlugin, ignition::gazebo::v6::System, ignition::gazebo::v6::ISystemConfigure, ignition::gazebo::v6::ISystemUpdate>::MakeInfo()::<lambda()>[m[K’ to ‘[01m[Kstd::nullptr_t[m[K’
  501 |       operator=([01;36m[Knullptr_t[m[K) noexcept
      |                 [01;36m[K^~~~~~~~~[m[K
In file included from [01m[K/usr/include/ignition/plugin1/gz/plugin/Register.hh:22[m[K,
                 from [01m[K/usr/include/ignition/plugin1/ignition/plugin/Register.hh:18[m[K,
                 from [01m[K/home/nam/Lekiwi_ws/src/lekiwi_servo_control/src/lekiwi_servo_control.cpp:7[m[K:
/usr/include/ignition/plugin1/gz/plugin/detail/Register.hh: In instantiation of ‘[01m[Kstatic ignition::plugin::v1::Info ignition::plugin::detail::Registrar<PluginClass, Interfaces>::MakeInfo() [with PluginClass = LekiwiServoControlPlugin; Interfaces = {}][m[K’:
[01m[K/usr/include/ignition/plugin1/gz/plugin/detail/Register.hh:424:31:[m[K   required from ‘[01m[Kstatic void ignition::plugin::detail::Registrar<PluginClass, Interfaces>::RegisterAlias(Aliases&& ...) [with Aliases = {const char (&)[25]}; PluginClass = LekiwiServoControlPlugin; Interfaces = {}][m[K’
[01m[K/home/nam/Lekiwi_ws/src/lekiwi_servo_control/src/lekiwi_servo_control.cpp:170:1:[m[K   required from here
[01m[K/usr/include/ignition/plugin1/gz/plugin/detail/Register.hh:373:39:[m[K [01;31m[Kerror: [m[Kinvalid new-expression of abstract class type ‘[01m[KLekiwiServoControlPlugin[m[K’
  373 |             return static_cast<void*>([01;31m[Knew PluginClass[m[K);
      |                                       [01;31m[K^~~~~~~~~~~~~~~[m[K
[01m[K/usr/include/ignition/plugin1/gz/plugin/detail/Register.hh:361:24:[m[K [01;31m[Kerror: [m[Kno match for ‘[01m[Koperator=[m[K’ (operand types are ‘[01m[Kstd::function<void*()>[m[K’ and ‘[01m[Kignition::plugin::detail::Registrar<LekiwiServoControlPlugin>::MakeInfo()::<lambda()>[m[K’)
  361 |           [01;31m[Kinfo.factory = [=]()[m[K
      |           [01;31m[K~~~~~~~~~~~~~^~~~~~~[m[K
  362 | [01;31m[K          {[m[K
      |           [01;31m[K~[m[K             
  363 | [01;31m[K            // vvvvvvvvvvvvvvvvvvvvvvvv  READ ME  vvvvvvvvvvvvvvvvvvvvvvvvvvvvv[m[K
      |             [01;31m[K~~~~~~~~~~~~~~~~~~~~~~~~~~~~~~~~~~~~~~~~~~~~~~~~~~~~~~~~~~~~~~~~~~~[m[K
  364 | [01;31m[K            // If you get a compilation error here, then you are trying to[m[K
      |             [01;31m[K~~~~~~~~~~~~~~~~~~~~~~~~~~~~~~~~~~~~~~~~~~~~~~~~~~~~~~~~~~~~~~[m[K
  365 | [01;31m[K            // register an abstract class as a plugin, which is not allowed. To[m[K
      |             [01;31m[K~~~~~~~~~~~~~~~~~~~~~~~~~~~~~~~~~~~~~~~~~~~~~~~~~~~~~~~~~~~~~~~~~~~[m[K
  366 | [01;31m[K            // register a plugin class, every one if its virtual functions must[m[K
      |             [01;31m[K~~~~~~~~~~~~~~~~~~~~~~~~~~~~~~~~~~~~~~~~~~~~~~~~~~~~~~~~~~~~~~~~~~~[m[K
  367 | [01;31m[K            // have a definition.[m[K
      |             [01;31m[K~~~~~~~~~~~~~~~~~~~~~[m[K
  368 | [01;31m[K            //[m[K
      |             [01;31m[K~~[m[K          
  369 | [01;31m[K            // Read through the error produced by your compiler to see which[m[K
      |             [01;31m[K~~~~~~~~~~~~~~~~~~~~~~~~~~~~~~~~~~~~~~~~~~~~~~~~~~~~~~~~~~~~~~~~[m[K
  370 | [01;31m[K            // pure virtual functions you are neglecting to provide overrides[m[K
      |             [01;31m[K~~~~~~~~~~~~~~~~~~~~~~~~~~~~~~~~~~~~~~~~~~~~~~~~~~~~~~~~~~~~~~~~~[m[K
  371 | [01;31m[K            // for.[m[K
      |             [01;31m[K~~~~~~~[m[K     
  372 | [01;31m[K            // ^^^^^^^^^^^^^ READ ABOVE FOR COMPILATION ERRORS ^^^^^^^^^^^^^^^^[m[K
      |             [01;31m[K~~~~~~~~~~~~~~~~~~~~~~~~~~~~~~~~~~~~~~~~~~~~~~~~~~~~~~~~~~~~~~~~~~~[m[K
  373 | [01;31m[K            return static_cast<void*>(new PluginClass);[m[K
      |             [01;31m[K~~~~~~~~~~~~~~~~~~~~~~~~~~~~~~~~~~~~~~~~~~~[m[K
  374 | [01;31m[K          }[m[K;
      |           [01;31m[K~[m[K             
In file included from [01m[K/usr/include/c++/11/functional:59[m[K,
                 from [01m[K/usr/include/c++/11/pstl/glue_algorithm_defs.h:13[m[K,
                 from [01m[K/usr/include/c++/11/algorithm:74[m[K,
                 from [01m[K/usr/include/google/protobuf/stubs/common.h:38[m[K,
                 from [01m[K/usr/include/google/protobuf/io/coded_stream.h:141[m[K,
                 from [01m[K/usr/include/ignition/msgs8/ignition/msgs/serialized.pb.h:23[m[K,
                 from [01m[K/usr/include/ignition/msgs8/gz/msgs/serialized.pb.h:18[m[K,
                 from [01m[K/usr/include/ignition/gazebo6/gz/sim/EntityComponentManager.hh:20[m[K,
                 from [01m[K/usr/include/ignition/gazebo6/gz/sim/System.hh:23[m[K,
                 from [01m[K/usr/include/ignition/gazebo6/ignition/gazebo/System.hh:18[m[K,
                 from [01m[K/home/nam/Lekiwi_ws/src/lekiwi_servo_control/src/lekiwi_servo_control.cpp:1[m[K:
[01m[K/usr/include/c++/11/bits/std_function.h:530:9:[m[K [01;36m[Knote: [m[Kcandidate: ‘[01m[Ktemplate<class _Functor> std::function<_Res(_ArgTypes ...)>::_Requires<std::function<_Res(_ArgTypes ...)>::_Callable<_Functor>, std::function<_Res(_ArgTypes ...)>&> std::function<_Res(_ArgTypes ...)>::operator=(_Functor&&) [with _Functor = _Functor; _Res = void*; _ArgTypes = {}][m[K’
  530 |         [01;36m[Koperator[m[K=(_Functor&& __f)
      |         [01;36m[K^~~~~~~~[m[K
[01m[K/usr/include/c++/11/bits/std_function.h:530:9:[m[K [01;36m[Knote: [m[K  template argument deduction/substitution failed:
[01m[K/usr/include/c++/11/bits/std_function.h:540:9:[m[K [01;36m[Knote: [m[Kcandidate: ‘[01m[Ktemplate<class _Functor> std::function<_Res(_ArgTypes ...)>& std::function<_Res(_ArgTypes ...)>::operator=(std::reference_wrapper<_Functor>) [with _Functor = _Functor; _Res = void*; _ArgTypes = {}][m[K’
  540 |         [01;36m[Koperator[m[K=(reference_wrapper<_Functor> __f) noexcept
      |         [01;36m[K^~~~~~~~[m[K
[01m[K/usr/include/c++/11/bits/std_function.h:540:9:[m[K [01;36m[Knote: [m[K  template argument deduction/substitution failed:
In file included from [01m[K/usr/include/ignition/plugin1/gz/plugin/Register.hh:22[m[K,
                 from [01m[K/usr/include/ignition/plugin1/ignition/plugin/Register.hh:18[m[K,
                 from [01m[K/home/nam/Lekiwi_ws/src/lekiwi_servo_control/src/lekiwi_servo_control.cpp:7[m[K:
[01m[K/usr/include/ignition/plugin1/gz/plugin/detail/Register.hh:361:24:[m[K [01;36m[Knote: [m[K  ‘[01m[Kignition::plugin::detail::Registrar<LekiwiServoControlPlugin>::MakeInfo()::<lambda()>[m[K’ is not derived from ‘[01m[Kstd::reference_wrapper<_Tp>[m[K’
  361 |           [01;36m[Kinfo.factory = [=]()[m[K
      |           [01;36m[K~~~~~~~~~~~~~^~~~~~~[m[K
  362 | [01;36m[K          {[m[K
      |           [01;36m[K~[m[K             
  363 | [01;36m[K            // vvvvvvvvvvvvvvvvvvvvvvvv  READ ME  vvvvvvvvvvvvvvvvvvvvvvvvvvvvv[m[K
      |             [01;36m[K~~~~~~~~~~~~~~~~~~~~~~~~~~~~~~~~~~~~~~~~~~~~~~~~~~~~~~~~~~~~~~~~~~~[m[K
  364 | [01;36m[K            // If you get a compilation error here, then you are trying to[m[K
      |             [01;36m[K~~~~~~~~~~~~~~~~~~~~~~~~~~~~~~~~~~~~~~~~~~~~~~~~~~~~~~~~~~~~~~[m[K
  365 | [01;36m[K            // register an abstract class as a plugin, which is not allowed. To[m[K
      |             [01;36m[K~~~~~~~~~~~~~~~~~~~~~~~~~~~~~~~~~~~~~~~~~~~~~~~~~~~~~~~~~~~~~~~~~~~[m[K
  366 | [01;36m[K            // register a plugin class, every one if its virtual functions must[m[K
      |             [01;36m[K~~~~~~~~~~~~~~~~~~~~~~~~~~~~~~~~~~~~~~~~~~~~~~~~~~~~~~~~~~~~~~~~~~~[m[K
  367 | [01;36m[K            // have a definition.[m[K
      |             [01;36m[K~~~~~~~~~~~~~~~~~~~~~[m[K
  368 | [01;36m[K            //[m[K
      |             [01;36m[K~~[m[K          
  369 | [01;36m[K            // Read through the error produced by your compiler to see which[m[K
      |             [01;36m[K~~~~~~~~~~~~~~~~~~~~~~~~~~~~~~~~~~~~~~~~~~~~~~~~~~~~~~~~~~~~~~~~[m[K
  370 | [01;36m[K            // pure virtual functions you are neglecting to provide overrides[m[K
      |             [01;36m[K~~~~~~~~~~~~~~~~~~~~~~~~~~~~~~~~~~~~~~~~~~~~~~~~~~~~~~~~~~~~~~~~~[m[K
  371 | [01;36m[K            // for.[m[K
      |             [01;36m[K~~~~~~~[m[K     
  372 | [01;36m[K            // ^^^^^^^^^^^^^ READ ABOVE FOR COMPILATION ERRORS ^^^^^^^^^^^^^^^^[m[K
      |             [01;36m[K~~~~~~~~~~~~~~~~~~~~~~~~~~~~~~~~~~~~~~~~~~~~~~~~~~~~~~~~~~~~~~~~~~~[m[K
  373 | [01;36m[K            return static_cast<void*>(new PluginClass);[m[K
      |             [01;36m[K~~~~~~~~~~~~~~~~~~~~~~~~~~~~~~~~~~~~~~~~~~~[m[K
  374 | [01;36m[K          }[m[K;
      |           [01;36m[K~[m[K             
In file included from [01m[K/usr/include/c++/11/functional:59[m[K,
                 from [01m[K/usr/include/c++/11/pstl/glue_algorithm_defs.h:13[m[K,
                 from [01m[K/usr/include/c++/11/algorithm:74[m[K,
                 from [01m[K/usr/include/google/protobuf/stubs/common.h:38[m[K,
                 from [01m[K/usr/include/google/protobuf/io/coded_stream.h:141[m[K,
                 from [01m[K/usr/include/ignition/msgs8/ignition/msgs/serialized.pb.h:23[m[K,
                 from [01m[K/usr/include/ignition/msgs8/gz/msgs/serialized.pb.h:18[m[K,
                 from [01m[K/usr/include/ignition/gazebo6/gz/sim/EntityComponentManager.hh:20[m[K,
                 from [01m[K/usr/include/ignition/gazebo6/gz/sim/System.hh:23[m[K,
                 from [01m[K/usr/include/ignition/gazebo6/ignition/gazebo/System.hh:18[m[K,
                 from [01m[K/home/nam/Lekiwi_ws/src/lekiwi_servo_control/src/lekiwi_servo_control.cpp:1[m[K:
[01m[K/usr/include/c++/11/bits/std_function.h:469:7:[m[K [01;36m[Knote: [m[Kcandidate: ‘[01m[Kstd::function<_Res(_ArgTypes ...)>& std::function<_Res(_ArgTypes ...)>::operator=(const std::function<_Res(_ArgTypes ...)>&) [with _Res = void*; _ArgTypes = {}][m[K’
  469 |       [01;36m[Koperator[m[K=(const function& __x)
      |       [01;36m[K^~~~~~~~[m[K
[01m[K/usr/include/c++/11/bits/std_function.h:469:33:[m[K [01;36m[Knote: [m[K  no known conversion for argument 1 from ‘[01m[Kignition::plugin::detail::Registrar<LekiwiServoControlPlugin>::MakeInfo()::<lambda()>[m[K’ to ‘[01m[Kconst std::function<void*()>&[m[K’
  469 |       operator=([01;36m[Kconst function& __x[m[K)
      |                 [01;36m[K~~~~~~~~~~~~~~~~^~~[m[K
[01m[K/usr/include/c++/11/bits/std_function.h:487:7:[m[K [01;36m[Knote: [m[Kcandidate: ‘[01m[Kstd::function<_Res(_ArgTypes ...)>& std::function<_Res(_ArgTypes ...)>::operator=(std::function<_Res(_ArgTypes ...)>&&) [with _Res = void*; _ArgTypes = {}][m[K’
  487 |       [01;36m[Koperator[m[K=(function&& __x) noexcept
      |       [01;36m[K^~~~~~~~[m[K
[01m[K/usr/include/c++/11/bits/std_function.h:487:28:[m[K [01;36m[Knote: [m[K  no known conversion for argument 1 from ‘[01m[Kignition::plugin::detail::Registrar<LekiwiServoControlPlugin>::MakeInfo()::<lambda()>[m[K’ to ‘[01m[Kstd::function<void*()>&&[m[K’
  487 |       operator=([01;36m[Kfunction&& __x[m[K) noexcept
      |                 [01;36m[K~~~~~~~~~~~^~~[m[K
[01m[K/usr/include/c++/11/bits/std_function.h:501:7:[m[K [01;36m[Knote: [m[Kcandidate: ‘[01m[Kstd::function<_Res(_ArgTypes ...)>& std::function<_Res(_ArgTypes ...)>::operator=(std::nullptr_t) [with _Res = void*; _ArgTypes = {}; std::nullptr_t = std::nullptr_t][m[K’
  501 |       [01;36m[Koperator[m[K=(nullptr_t) noexcept
      |       [01;36m[K^~~~~~~~[m[K
[01m[K/usr/include/c++/11/bits/std_function.h:501:17:[m[K [01;36m[Knote: [m[K  no known conversion for argument 1 from ‘[01m[Kignition::plugin::detail::Registrar<LekiwiServoControlPlugin>::MakeInfo()::<lambda()>[m[K’ to ‘[01m[Kstd::nullptr_t[m[K’
  501 |       operator=([01;36m[Knullptr_t[m[K) noexcept
      |                 [01;36m[K^~~~~~~~~[m[K
gmake[2]: *** [CMakeFiles/lekiwi_servo_control.dir/build.make:79: CMakeFiles/lekiwi_servo_control.dir/src/lekiwi_servo_control.cpp.o] Error 1
gmake[1]: *** [CMakeFiles/Makefile2:153: CMakeFiles/lekiwi_servo_control.dir/all] Error 2
gmake: *** [Makefile:146: all] Error 2
