[0.013s] Invoking command in '/home/nam/Lekiwi_ws/build/lekiwi_servo_control': CMAKE_PREFIX_PATH=${CMAKE_PREFIX_PATH}:/home/nam/Lekiwi_ws/install/omni_teleop:/home/nam/turtlebot3_ws/install/turtlebot3_teleop:/home/nam/turtlebot3_ws/install/turtlebot3_example:/opt/ros/humble /home/nam/.local/bin/cmake --build /home/nam/Lekiwi_ws/build/lekiwi_servo_control -- -j12 -l12
[0.096s] -- Found ament_cmake: 1.3.11 (/opt/ros/humble/share/ament_cmake/cmake)
[0.274s] -- Found rclcpp: 16.0.12 (/opt/ros/humble/share/rclcpp/cmake)
[0.302s] -- Found rosidl_generator_c: 3.1.6 (/opt/ros/humble/share/rosidl_generator_c/cmake)
[0.305s] -- Found rosidl_adapter: 3.1.6 (/opt/ros/humble/share/rosidl_adapter/cmake)
[0.310s] -- Found rosidl_generator_cpp: 3.1.6 (/opt/ros/humble/share/rosidl_generator_cpp/cmake)
[0.320s] -- Using all available rosidl_typesupport_c: rosidl_typesupport_fastrtps_c;rosidl_typesupport_introspection_c
[0.333s] -- Using all available rosidl_typesupport_cpp: rosidl_typesupport_fastrtps_cpp;rosidl_typesupport_introspection_cpp
[0.366s] -- Found rmw_implementation_cmake: 6.1.2 (/opt/ros/humble/share/rmw_implementation_cmake/cmake)
[0.368s] -- Found rmw_fastrtps_cpp: 6.2.7 (/opt/ros/humble/share/rmw_fastrtps_cpp/cmake)
[0.500s] -- Using RMW implementation 'rmw_fastrtps_cpp' as default
[0.554s] -- Found sensor_msgs: 4.8.0 (/opt/ros/humble/share/sensor_msgs/cmake)
[0.588s] -- Looking for ignition-gazebo6 -- found version 6.17.0
[0.592s] -- Searching for dependencies of ignition-gazebo6
[0.592s] -- Looking for sdformat12 -- found version 12.8.0
[0.592s] -- Searching for dependencies of sdformat12
[0.597s] -- Checking for module 'tinyxml2'
[0.612s] --   Found tinyxml2, version 9.0.0
[0.644s] -- Looking for ignition-math6 -- found version 6.15.1
[0.644s] -- Searching for dependencies of ignition-math6
[0.645s] -- Looking for ignition-utils1 -- found version 1.5.1
[0.645s] -- Searching for dependencies of ignition-utils1
[0.646s] -- Looking for ignition-plugin1 -- found version 1.4.0
[0.646s] -- Searching for dependencies of ignition-plugin1
[0.647s] -- Searching for <ignition-plugin1> component [loader]
[0.647s] -- Looking for ignition-plugin1-loader -- found version 1.4.0
[0.647s] -- Searching for dependencies of ignition-plugin1-loader
[0.647s] -- Searching for <ignition-plugin1> component [register]
[0.648s] -- Looking for ignition-plugin1-register -- found version 1.4.0
[0.648s] -- Searching for dependencies of ignition-plugin1-register
[0.649s] -- Looking for ignition-transport11 -- found version 11.4.1
[0.649s] -- Searching for dependencies of ignition-transport11
[0.688s] -- Config-file not installed for ZeroMQ -- checking for pkg-config
[0.693s] -- Checking for module 'libzmq >= 4'
[0.707s] --   Found libzmq, version 4.3.4
[0.747s] -- Checking for module 'uuid'
[0.761s] --   Found uuid, version 2.37.2
[0.792s] -- Looking for ignition-utils1 -- found version 1.5.1
[0.792s] -- Searching for dependencies of ignition-utils1
[0.793s] -- Searching for <ignition-utils1> component [cli]
[0.793s] -- Looking for ignition-utils1-cli -- found version 1.5.1
[0.793s] -- Searching for dependencies of ignition-utils1-cli
[0.794s] -- Looking for ignition-msgs8 -- found version 8.7.0
[0.794s] -- Searching for dependencies of ignition-msgs8
[0.817s] -- Found Protobuf: /usr/lib/x86_64-linux-gnu/libprotobuf.so (found suitable version "3.12.4", minimum required is "3")
[0.817s] -- Looking for ignition-math6 -- found version 6.15.1
[0.828s] -- Searching for <ignition-transport11> component [log]
[0.829s] -- Looking for ignition-transport11-log -- found version 11.4.1
[0.829s] -- Searching for dependencies of ignition-transport11-log
[0.829s] -- Searching for <ignition-transport11> component [parameters]
[0.830s] -- Looking for ignition-transport11-parameters -- found version 11.4.1
[0.830s] -- Searching for dependencies of ignition-transport11-parameters
[0.831s] -- Looking for ignition-msgs8 -- found version 8.7.0
[0.831s] -- Looking for ignition-common4 -- found version 4.7.0
[0.831s] -- Searching for dependencies of ignition-common4
[0.831s] -- Looking for dlfcn.h - found
[0.831s] -- Looking for libdl - found
[0.843s] -- Searching for <ignition-common4> component [profiler]
[0.844s] -- Looking for ignition-common4-profiler -- found version 4.7.0
[0.844s] -- Searching for dependencies of ignition-common4-profiler
[0.844s] -- Searching for <ignition-common4> component [events]
[0.845s] -- Looking for ignition-common4-events -- found version 4.7.0
[0.845s] -- Searching for dependencies of ignition-common4-events
[0.845s] -- Looking for ignition-math6 -- found version 6.15.1
[0.846s] -- Searching for <ignition-common4> component [av]
[0.846s] -- Looking for ignition-common4-av -- found version 4.7.0
[0.846s] -- Searching for dependencies of ignition-common4-av
[0.851s] -- Checking for module 'libswscale'
[0.866s] --   Found libswscale, version 5.9.100
[0.904s] -- Checking for module 'libavdevice >= 56.4.100'
[0.918s] --   Found libavdevice, version 58.13.100
[0.959s] -- Checking for module 'libavformat'
[0.974s] --   Found libavformat, version 58.76.100
[1.013s] -- Checking for module 'libavcodec'
[1.028s] --   Found libavcodec, version 58.134.100
[1.069s] -- Checking for module 'libavutil'
[1.084s] --   Found libavutil, version 56.70.100
[1.118s] -- Looking for ignition-fuel_tools7 -- found version 7.3.1
[1.118s] -- Searching for dependencies of ignition-fuel_tools7
[1.163s] [0mCMake Deprecation Warning at /usr/lib/x86_64-linux-gnu/cmake/jsoncpp/jsoncppConfig.cmake:2 (cmake_policy):
[1.163s]   Compatibility with CMake < 3.10 will be removed from a future version of
[1.163s]   CMake.
[1.163s] 
[1.163s]   Update the VERSION argument <min> value.  Or, use the <min>...<max> syntax
[1.163s]   to tell CMake that the project requires at least <min> but has been updated
[1.163s]   to work with policies introduced by <max> or earlier.
[1.163s] Call Stack (most recent call first):
[1.163s]   /usr/share/cmake/ignition-cmake2/cmake2/FindJSONCPP.cmake:34 (find_package)
[1.163s]   /home/nam/ignition_fortress_ws/install/lib/cmake/ignition-fuel_tools7/ignition-fuel_tools7-config.cmake:94 (find_package)
[1.164s]   /usr/lib/x86_64-linux-gnu/cmake/ignition-gazebo6/ignition-gazebo6-config.cmake:97 (find_package)
[1.164s]   CMakeLists.txt:8 (find_package)
[1.164s] 
[1.164s] [0m
[1.169s] -- Checking for module 'jsoncpp'
[1.184s] --   Found jsoncpp, version 1.9.5
[1.222s] -- Checking for module 'libzip'
[1.238s] --   Found libzip, version 1.7.3
[1.271s] -- Looking for ignition-common4 -- found version 4.7.0
[1.271s] -- Looking for ignition-math6 -- found version 6.15.1
[1.271s] -- Looking for ignition-msgs8 -- found version 8.7.0
[1.272s] -- Looking for ignition-gui6 -- found version 6.8.0
[1.273s] -- Searching for dependencies of ignition-gui6
[1.306s] -- Looking for ignition-math6 -- found version 6.15.1
[1.306s] -- Looking for ignition-common4 -- found version 4.7.0
[1.307s] -- Looking for ignition-plugin1 -- found version 1.4.0
[1.307s] -- Looking for ignition-transport11 -- found version 11.4.1
[1.307s] -- Looking for ignition-rendering6 -- found version 6.6.3
[1.308s] -- Searching for dependencies of ignition-rendering6
[1.308s] -- Looking for ignition-math6 -- found version 6.15.1
[1.308s] -- Searching for dependencies of ignition-math6
[1.308s] -- Searching for <ignition-math6> component [eigen3]
[1.308s] -- Looking for ignition-math6-eigen3 -- found version 6.15.1
[1.309s] -- Searching for dependencies of ignition-math6-eigen3
[1.310s] -- Looking for ignition-common4 -- found version 4.7.0
[1.310s] -- Searching for dependencies of ignition-common4
[1.310s] -- Looking for dlfcn.h - found
[1.310s] -- Looking for libdl - found
[1.321s] -- Searching for <ignition-common4> component [graphics]
[1.321s] -- Looking for ignition-common4-graphics -- found version 4.7.0
[1.321s] -- Searching for dependencies of ignition-common4-graphics
[1.322s] -- Looking for ignition-math6 -- found version 6.15.1
[1.322s] -- Looking for ignition-utils1 -- found version 1.5.1
[1.323s] -- Searching for <ignition-common4> component [events]
[1.323s] -- Looking for ignition-plugin1 -- found version 1.4.0
[1.323s] -- Searching for dependencies of ignition-plugin1
[1.323s] -- Searching for <ignition-plugin1> component [all]
[1.324s] -- Looking for all libraries of ignition-plugin1 -- found version 1.4.0
[1.324s] -- Looking for ignition-plugin1 -- found version 1.4.0
[1.325s] -- Looking for ignition-msgs8 -- found version 8.7.0
[1.341s] -- Looking for ignition-physics5 -- found version 5.3.2
[1.341s] -- Searching for dependencies of ignition-physics5
[1.341s] -- Looking for ignition-math6 -- found version 6.15.1
[1.342s] -- Looking for ignition-plugin1 -- found version 1.4.0
[1.342s] -- Looking for ignition-utils1 -- found version 1.5.1
[1.343s] -- Searching for <ignition-physics5> component [heightmap]
[1.343s] -- Looking for ignition-physics5-heightmap -- found version 5.3.2
[1.343s] -- Searching for dependencies of ignition-physics5-heightmap
[1.344s] -- Looking for ignition-common4 -- found version 4.7.0
[1.344s] -- Searching for <ignition-physics5> component [mesh]
[1.345s] -- Looking for ignition-physics5-mesh -- found version 5.3.2
[1.345s] -- Searching for dependencies of ignition-physics5-mesh
[1.345s] -- Looking for ignition-common4 -- found version 4.7.0
[1.345s] -- Searching for <ignition-physics5> component [sdf]
[1.346s] -- Looking for ignition-physics5-sdf -- found version 5.3.2
[1.346s] -- Searching for dependencies of ignition-physics5-sdf
[1.346s] -- Looking for sdformat12 -- found version 12.8.0
[1.347s] -- Looking for ignition-sensors6 -- found version 6.8.1
[1.347s] -- Searching for dependencies of ignition-sensors6
[1.371s] -- Found Protobuf: /usr/lib/x86_64-linux-gnu/libprotobuf.so (found version "3.12.4")
[1.371s] -- Looking for ignition-math6 -- found version 6.15.1
[1.372s] -- Looking for ignition-common4 -- found version 4.7.0
[1.372s] -- Looking for ignition-transport11 -- found version 11.4.1
[1.373s] -- Looking for ignition-rendering6 -- found version 6.6.3
[1.373s] -- Looking for ignition-msgs8 -- found version 8.7.0
[1.373s] -- Looking for sdformat12 -- found version 12.8.0
[1.374s] -- Searching for <ignition-sensors6> component [air_pressure]
[1.374s] -- Looking for ignition-sensors6-air_pressure -- found version 6.8.1
[1.375s] -- Searching for dependencies of ignition-sensors6-air_pressure
[1.375s] -- Searching for <ignition-sensors6> component [altimeter]
[1.375s] -- Looking for ignition-sensors6-altimeter -- found version 6.8.1
[1.376s] -- Searching for dependencies of ignition-sensors6-altimeter
[1.376s] -- Searching for <ignition-sensors6> component [imu]
[1.376s] -- Looking for ignition-sensors6-imu -- found version 6.8.1
[1.376s] -- Searching for dependencies of ignition-sensors6-imu
[1.377s] -- Searching for <ignition-sensors6> component [force_torque]
[1.377s] -- Looking for ignition-sensors6-force_torque -- found version 6.8.1
[1.377s] -- Searching for dependencies of ignition-sensors6-force_torque
[1.378s] -- Searching for <ignition-sensors6> component [logical_camera]
[1.378s] -- Looking for ignition-sensors6-logical_camera -- found version 6.8.1
[1.378s] -- Searching for dependencies of ignition-sensors6-logical_camera
[1.379s] -- Searching for <ignition-sensors6> component [magnetometer]
[1.379s] -- Looking for ignition-sensors6-magnetometer -- found version 6.8.1
[1.379s] -- Searching for dependencies of ignition-sensors6-magnetometer
[1.380s] -- Searching for <ignition-sensors6> component [navsat]
[1.380s] -- Looking for ignition-sensors6-navsat -- found version 6.8.1
[1.380s] -- Searching for dependencies of ignition-sensors6-navsat
[1.381s] -- Searching for <ignition-sensors6> component [rendering]
[1.381s] -- Looking for ignition-sensors6-rendering -- found version 6.8.1
[1.381s] -- Searching for dependencies of ignition-sensors6-rendering
[1.382s] -- Searching for <ignition-sensors6> component [lidar]
[1.382s] -- Looking for ignition-sensors6-lidar -- found version 6.8.1
[1.382s] -- Searching for dependencies of ignition-sensors6-lidar
[1.382s] -- Looking for ignition-sensors6 -- found version 6.8.1
[1.383s] -- Searching for <ignition-sensors6> component [gpu_lidar]
[1.383s] -- Looking for ignition-sensors6-gpu_lidar -- found version 6.8.1
[1.383s] -- Searching for dependencies of ignition-sensors6-gpu_lidar
[1.384s] -- Looking for ignition-sensors6 -- found version 6.8.1
[1.384s] -- Searching for <ignition-sensors6> component [camera]
[1.385s] -- Looking for ignition-sensors6-camera -- found version 6.8.1
[1.385s] -- Searching for dependencies of ignition-sensors6-camera
[1.385s] -- Looking for ignition-sensors6 -- found version 6.8.1
[1.386s] -- Searching for <ignition-sensors6> component [boundingbox_camera]
[1.386s] -- Looking for ignition-sensors6-boundingbox_camera -- found version 6.8.1
[1.386s] -- Searching for dependencies of ignition-sensors6-boundingbox_camera
[1.387s] -- Searching for <ignition-sensors6> component [segmentation_camera]
[1.387s] -- Looking for ignition-sensors6-segmentation_camera -- found version 6.8.1
[1.387s] -- Searching for dependencies of ignition-sensors6-segmentation_camera
[1.388s] -- Searching for <ignition-sensors6> component [depth_camera]
[1.388s] -- Looking for ignition-sensors6-depth_camera -- found version 6.8.1
[1.388s] -- Searching for dependencies of ignition-sensors6-depth_camera
[1.389s] -- Looking for ignition-sensors6 -- found version 6.8.1
[1.389s] -- Searching for <ignition-sensors6> component [rgbd_camera]
[1.389s] -- Looking for ignition-sensors6-rgbd_camera -- found version 6.8.1
[1.390s] -- Searching for dependencies of ignition-sensors6-rgbd_camera
[1.390s] -- Looking for ignition-sensors6 -- found version 6.8.1
[1.390s] -- Searching for <ignition-sensors6> component [thermal_camera]
[1.391s] -- Looking for ignition-sensors6-thermal_camera -- found version 6.8.1
[1.391s] -- Searching for dependencies of ignition-sensors6-thermal_camera
[1.391s] -- Looking for ignition-sensors6 -- found version 6.8.1
[1.393s] -- Looking for ignition-rendering6 -- found version 6.6.3
[1.393s] -- Looking for ignition-math6 -- found version 6.15.1
[1.393s] -- Looking for ignition-utils1 -- found version 1.5.1
[1.478s] -- Configuring done (1.4s)
[1.495s] -- Generating done (0.0s)
[1.498s] -- Build files have been written to: /home/nam/Lekiwi_ws/build/lekiwi_servo_control
[1.533s] gmake[2]: Warning: File '/home/nam/ignition_fortress_ws/install/lib/libignition-fuel_tools7.so.7.3.1' has modification time 347060 s in the future
[1.537s] [ 50%] [32mBuilding CXX object CMakeFiles/lekiwi_servo_control.dir/src/lekiwi_servo_control.cpp.o[0m
[6.170s] [01m[K/home/nam/Lekiwi_ws/src/lekiwi_servo_control/src/lekiwi_servo_control.cpp:26:8:[m[K [01;31m[Kerror: [m[K‘[01m[Kvoid LekiwiServoControlPlugin::Configure(const Entity&, std::shared_ptr<const sdf::v12::Element>, ignition::gazebo::v6::EntityComponentManager&, ignition::gazebo::v6::EventManager&)[m[K’ marked ‘[01m[Koverride[m[K’, but does not override
[6.170s]    26 |   void [01;31m[KConfigure[m[K(const Entity &_entity,
[6.171s]       |        [01;31m[K^~~~~~~~~[m[K
[6.175s] [01m[K/home/nam/Lekiwi_ws/src/lekiwi_servo_control/src/lekiwi_servo_control.cpp:[m[K In member function ‘[01m[Kvoid LekiwiServoControlPlugin::Configure(const Entity&, std::shared_ptr<const sdf::v12::Element>, ignition::gazebo::v6::EntityComponentManager&, ignition::gazebo::v6::EventManager&)[m[K’:
[6.175s] [01m[K/home/nam/Lekiwi_ws/src/lekiwi_servo_control/src/lekiwi_servo_control.cpp:48:42:[m[K [01;31m[Kerror: [m[Kpassing ‘[01m[Kstd::__shared_ptr_access<const sdf::v12::Element, __gnu_cxx::_S_atomic, false, false>::element_type[m[K’ {aka ‘[01m[Kconst sdf::v12::Element[m[K’} as ‘[01m[Kthis[m[K’ argument discards qualifiers [[01;31m[K]8;;https://gcc.gnu.org/onlinedocs/gcc/Warning-Options.html#index-fpermissive-fpermissive]8;;[m[K]
[6.175s]    48 |       auto joints_elem = [01;31m[K_sdf->GetElement("joints")[m[K;
[6.175s]       |                          [01;31m[K~~~~~~~~~~~~~~~~^~~~~~~~~~[m[K
[6.175s] In file included from [01m[K/usr/include/ignition/gazebo6/gz/sim/System.hh:30[m[K,
[6.175s]                  from [01m[K/usr/include/ignition/gazebo6/ignition/gazebo/System.hh:18[m[K,
[6.175s]                  from [01m[K/home/nam/Lekiwi_ws/src/lekiwi_servo_control/src/lekiwi_servo_control.cpp:1[m[K:
[6.175s] [01m[K/usr/include/ignition/sdformat12/sdf/Element.hh:432:24:[m[K [01;36m[Knote: [m[K  in call to ‘[01m[Ksdf::v12::ElementPtr sdf::v12::Element::GetElement(const string&)[m[K’
[6.175s]   432 |     public: ElementPtr [01;36m[KGetElement[m[K(const std::string &_name);
[6.175s]       |                        [01;36m[K^~~~~~~~~~[m[K
[6.660s] [01m[K/home/nam/Lekiwi_ws/src/lekiwi_servo_control/src/lekiwi_servo_control.cpp:[m[K In member function ‘[01m[Kvirtual void LekiwiServoControlPlugin::Update(const ignition::gazebo::v6::UpdateInfo&, ignition::gazebo::v6::EntityComponentManager&)[m[K’:
[6.660s] [01m[K/home/nam/Lekiwi_ws/src/lekiwi_servo_control/src/lekiwi_servo_control.cpp:121:56:[m[K [01;31m[Kerror: [m[K‘[01m[KName[m[K’ is not a member of ‘[01m[Kignition::gazebo::v6::components[m[K’
[6.660s]   121 |       joint_state.name[i] = _ecm.Component<components::[01;31m[KName[m[K>(joints_[i])->Data();
[6.660s]       |                                                        [01;31m[K^~~~[m[K
[6.660s] [01m[K/home/nam/Lekiwi_ws/src/lekiwi_servo_control/src/lekiwi_servo_control.cpp:121:61:[m[K [01;31m[Kerror: [m[Kno matching function for call to ‘[01m[Kignition::gazebo::v6::EntityComponentManager::Component<<expression error> >(__gnu_cxx::__alloc_traits<std::allocator<long unsigned int>, long unsigned int>::value_type&)[m[K’
[6.660s]   121 |       joint_state.name[i] = [01;31m[K_ecm.Component<components::Name>(joints_[i])[m[K->Data();
[6.660s]       |                             [01;31m[K~~~~~~~~~~~~~~~~~~~~~~~~~~~~~~~~^~~~~~~~~~~~[m[K
[6.660s] In file included from [01m[K/usr/include/ignition/gazebo6/gz/sim/System.hh:23[m[K,
[6.661s]                  from [01m[K/usr/include/ignition/gazebo6/ignition/gazebo/System.hh:18[m[K,
[6.661s]                  from [01m[K/home/nam/Lekiwi_ws/src/lekiwi_servo_control/src/lekiwi_servo_control.cpp:1[m[K:
[6.661s] [01m[K/usr/include/ignition/gazebo6/gz/sim/EntityComponentManager.hh:264:37:[m[K [01;36m[Knote: [m[Kcandidate: ‘[01m[Ktemplate<class ComponentTypeT> const ComponentTypeT* ignition::gazebo::v6::EntityComponentManager::Component(ignition::gazebo::v6::Entity) const[m[K’
[6.661s]   264 |               const ComponentTypeT *[01;36m[KComponent[m[K(const Entity _entity) const;
[6.661s]       |                                     [01;36m[K^~~~~~~~~[m[K
[6.661s] [01m[K/usr/include/ignition/gazebo6/gz/sim/EntityComponentManager.hh:264:37:[m[K [01;36m[Knote: [m[K  template argument deduction/substitution failed:
[6.661s] [01m[K/home/nam/Lekiwi_ws/src/lekiwi_servo_control/src/lekiwi_servo_control.cpp:121:61:[m[K [01;31m[Kerror: [m[Ktemplate argument 1 is invalid
[6.661s]   121 |       joint_state.name[i] = [01;31m[K_ecm.Component<components::Name>(joints_[i])[m[K->Data();
[6.661s]       |                             [01;31m[K~~~~~~~~~~~~~~~~~~~~~~~~~~~~~~~~^~~~~~~~~~~~[m[K
[6.661s] In file included from [01m[K/usr/include/ignition/gazebo6/gz/sim/EntityComponentManager.hh:851[m[K,
[6.661s]                  from [01m[K/usr/include/ignition/gazebo6/gz/sim/System.hh:23[m[K,
[6.661s]                  from [01m[K/usr/include/ignition/gazebo6/ignition/gazebo/System.hh:18[m[K,
[6.661s]                  from [01m[K/home/nam/Lekiwi_ws/src/lekiwi_servo_control/src/lekiwi_servo_control.cpp:1[m[K:
[6.661s] [01m[K/usr/include/ignition/gazebo6/gz/sim/detail/EntityComponentManager.hh:128:17:[m[K [01;36m[Knote: [m[Kcandidate: ‘[01m[Ktemplate<class ComponentTypeT> ComponentTypeT* ignition::gazebo::v6::EntityComponentManager::Component(ignition::gazebo::v6::Entity)[m[K’
[6.661s]   128 | ComponentTypeT *[01;36m[KEntityComponentManager[m[K::Component(const Entity _entity)
[6.661s]       |                 [01;36m[K^~~~~~~~~~~~~~~~~~~~~~[m[K
[6.661s] [01m[K/usr/include/ignition/gazebo6/gz/sim/detail/EntityComponentManager.hh:128:17:[m[K [01;36m[Knote: [m[K  template argument deduction/substitution failed:
[6.661s] [01m[K/home/nam/Lekiwi_ws/src/lekiwi_servo_control/src/lekiwi_servo_control.cpp:121:61:[m[K [01;31m[Kerror: [m[Ktemplate argument 1 is invalid
[6.661s]   121 |       joint_state.name[i] = [01;31m[K_ecm.Component<components::Name>(joints_[i])[m[K->Data();
[6.661s]       |                             [01;31m[K~~~~~~~~~~~~~~~~~~~~~~~~~~~~~~~~^~~~~~~~~~~~[m[K
[6.661s] In file included from [01m[K/usr/include/ignition/gazebo6/gz/sim/System.hh:23[m[K,
[6.661s]                  from [01m[K/usr/include/ignition/gazebo6/ignition/gazebo/System.hh:18[m[K,
[6.661s]                  from [01m[K/home/nam/Lekiwi_ws/src/lekiwi_servo_control/src/lekiwi_servo_control.cpp:1[m[K:
[6.662s] [01m[K/usr/include/ignition/gazebo6/gz/sim/EntityComponentManager.hh:279:56:[m[K [01;36m[Knote: [m[Kcandidate: ‘[01m[Ktemplate<class ComponentTypeT> const ComponentTypeT* ignition::gazebo::v6::EntityComponentManager::Component(const ComponentKey&) const[m[K’
[6.662s]   279 |               const ComponentTypeT IGN_DEPRECATED(6) * [01;36m[KComponent[m[K(
[6.662s]       |                                                        [01;36m[K^~~~~~~~~[m[K
[6.662s] [01m[K/usr/include/ignition/gazebo6/gz/sim/EntityComponentManager.hh:279:56:[m[K [01;36m[Knote: [m[K  template argument deduction/substitution failed:
[6.662s] [01m[K/home/nam/Lekiwi_ws/src/lekiwi_servo_control/src/lekiwi_servo_control.cpp:121:61:[m[K [01;31m[Kerror: [m[Ktemplate argument 1 is invalid
[6.662s]   121 |       joint_state.name[i] = [01;31m[K_ecm.Component<components::Name>(joints_[i])[m[K->Data();
[6.662s]       |                             [01;31m[K~~~~~~~~~~~~~~~~~~~~~~~~~~~~~~~~^~~~~~~~~~~~[m[K
[6.662s] In file included from [01m[K/usr/include/ignition/gazebo6/gz/sim/System.hh:23[m[K,
[6.662s]                  from [01m[K/usr/include/ignition/gazebo6/ignition/gazebo/System.hh:18[m[K,
[6.662s]                  from [01m[K/home/nam/Lekiwi_ws/src/lekiwi_servo_control/src/lekiwi_servo_control.cpp:1[m[K:
[6.662s] [01m[K/usr/include/ignition/gazebo6/gz/sim/EntityComponentManager.hh:287:50:[m[K [01;36m[Knote: [m[Kcandidate: ‘[01m[Ktemplate<class ComponentTypeT> ComponentTypeT* ignition::gazebo::v6::EntityComponentManager::Component(const ComponentKey&)[m[K’
[6.662s]   287 |               ComponentTypeT IGN_DEPRECATED(6) * [01;36m[KComponent[m[K(
[6.662s]       |                                                  [01;36m[K^~~~~~~~~[m[K
[6.662s] [01m[K/usr/include/ignition/gazebo6/gz/sim/EntityComponentManager.hh:287:50:[m[K [01;36m[Knote: [m[K  template argument deduction/substitution failed:
[6.662s] [01m[K/home/nam/Lekiwi_ws/src/lekiwi_servo_control/src/lekiwi_servo_control.cpp:121:61:[m[K [01;31m[Kerror: [m[Ktemplate argument 1 is invalid
[6.662s]   121 |       joint_state.name[i] = [01;31m[K_ecm.Component<components::Name>(joints_[i])[m[K->Data();
[6.662s]       |                             [01;31m[K~~~~~~~~~~~~~~~~~~~~~~~~~~~~~~~~^~~~~~~~~~~~[m[K
[7.007s] In file included from [01m[K/usr/include/ignition/plugin1/gz/plugin/Register.hh:22[m[K,
[7.007s]                  from [01m[K/usr/include/ignition/plugin1/ignition/plugin/Register.hh:18[m[K,
[7.007s]                  from [01m[K/home/nam/Lekiwi_ws/src/lekiwi_servo_control/src/lekiwi_servo_control.cpp:7[m[K:
[7.007s] /usr/include/ignition/plugin1/gz/plugin/detail/Register.hh: In instantiation of ‘[01m[Kstatic ignition::plugin::v1::Info ignition::plugin::detail::Registrar<PluginClass, Interfaces>::MakeInfo() [with PluginClass = LekiwiServoControlPlugin; Interfaces = {ignition::gazebo::v6::System, ignition::gazebo::v6::ISystemConfigure, ignition::gazebo::v6::ISystemUpdate}][m[K’:
[7.007s] [01m[K/usr/include/ignition/plugin1/gz/plugin/detail/Register.hh:396:31:[m[K   required from ‘[01m[Kstatic void ignition::plugin::detail::Registrar<PluginClass, Interfaces>::Register() [with PluginClass = LekiwiServoControlPlugin; Interfaces = {ignition::gazebo::v6::System, ignition::gazebo::v6::ISystemConfigure, ignition::gazebo::v6::ISystemUpdate}][m[K’
[7.008s] [01m[K/home/nam/Lekiwi_ws/src/lekiwi_servo_control/src/lekiwi_servo_control.cpp:163:1:[m[K   required from here
[7.008s] [01m[K/usr/include/ignition/plugin1/gz/plugin/detail/Register.hh:373:39:[m[K [01;31m[Kerror: [m[Kinvalid new-expression of abstract class type ‘[01m[KLekiwiServoControlPlugin[m[K’
[7.008s]   373 |             return static_cast<void*>([01;31m[Knew PluginClass[m[K);
[7.008s]       |                                       [01;31m[K^~~~~~~~~~~~~~~[m[K
[7.008s] [01m[K/home/nam/Lekiwi_ws/src/lekiwi_servo_control/src/lekiwi_servo_control.cpp:19:7:[m[K [01;36m[Knote: [m[K  because the following virtual functions are pure within ‘[01m[KLekiwiServoControlPlugin[m[K’:
[7.008s]    19 | class [01;36m[KLekiwiServoControlPlugin[m[K : public System,
[7.008s]       |       [01;36m[K^~~~~~~~~~~~~~~~~~~~~~~~[m[K
[7.008s] In file included from [01m[K/usr/include/ignition/gazebo6/ignition/gazebo/System.hh:18[m[K,
[7.008s]                  from [01m[K/home/nam/Lekiwi_ws/src/lekiwi_servo_control/src/lekiwi_servo_control.cpp:1[m[K:
[7.009s] [01m[K/usr/include/ignition/gazebo6/gz/sim/System.hh:98:28:[m[K [01;36m[Knote: [m[K    ‘[01m[Kvirtual void ignition::gazebo::v6::ISystemConfigure::Configure(const Entity&, const std::shared_ptr<const sdf::v12::Element>&, ignition::gazebo::v6::EntityComponentManager&, ignition::gazebo::v6::EventManager&)[m[K’
[7.009s]    98 |       public: virtual void [01;36m[KConfigure[m[K(
[7.009s]       |                            [01;36m[K^~~~~~~~~[m[K
[7.009s] In file included from [01m[K/usr/include/ignition/plugin1/gz/plugin/Register.hh:22[m[K,
[7.009s]                  from [01m[K/usr/include/ignition/plugin1/ignition/plugin/Register.hh:18[m[K,
[7.009s]                  from [01m[K/home/nam/Lekiwi_ws/src/lekiwi_servo_control/src/lekiwi_servo_control.cpp:7[m[K:
[7.009s] [01m[K/usr/include/ignition/plugin1/gz/plugin/detail/Register.hh:361:24:[m[K [01;31m[Kerror: [m[Kno match for ‘[01m[Koperator=[m[K’ (operand types are ‘[01m[Kstd::function<void*()>[m[K’ and ‘[01m[Kignition::plugin::detail::Registrar<LekiwiServoControlPlugin, ignition::gazebo::v6::System, ignition::gazebo::v6::ISystemConfigure, ignition::gazebo::v6::ISystemUpdate>::MakeInfo()::<lambda()>[m[K’)
[7.009s]   361 |           [01;31m[Kinfo.factory = [=]()[m[K
[7.009s]       |           [01;31m[K~~~~~~~~~~~~~^~~~~~~[m[K
[7.009s]   362 | [01;31m[K          {[m[K
[7.009s]       |           [01;31m[K~[m[K             
[7.009s]   363 | [01;31m[K            // vvvvvvvvvvvvvvvvvvvvvvvv  READ ME  vvvvvvvvvvvvvvvvvvvvvvvvvvvvv[m[K
[7.009s]       |             [01;31m[K~~~~~~~~~~~~~~~~~~~~~~~~~~~~~~~~~~~~~~~~~~~~~~~~~~~~~~~~~~~~~~~~~~~[m[K
[7.009s]   364 | [01;31m[K            // If you get a compilation error here, then you are trying to[m[K
[7.009s]       |             [01;31m[K~~~~~~~~~~~~~~~~~~~~~~~~~~~~~~~~~~~~~~~~~~~~~~~~~~~~~~~~~~~~~~[m[K
[7.009s]   365 | [01;31m[K            // register an abstract class as a plugin, which is not allowed. To[m[K
[7.009s]       |             [01;31m[K~~~~~~~~~~~~~~~~~~~~~~~~~~~~~~~~~~~~~~~~~~~~~~~~~~~~~~~~~~~~~~~~~~~[m[K
[7.009s]   366 | [01;31m[K            // register a plugin class, every one if its virtual functions must[m[K
[7.009s]       |             [01;31m[K~~~~~~~~~~~~~~~~~~~~~~~~~~~~~~~~~~~~~~~~~~~~~~~~~~~~~~~~~~~~~~~~~~~[m[K
[7.009s]   367 | [01;31m[K            // have a definition.[m[K
[7.009s]       |             [01;31m[K~~~~~~~~~~~~~~~~~~~~~[m[K
[7.009s]   368 | [01;31m[K            //[m[K
[7.009s]       |             [01;31m[K~~[m[K          
[7.009s]   369 | [01;31m[K            // Read through the error produced by your compiler to see which[m[K
[7.010s]       |             [01;31m[K~~~~~~~~~~~~~~~~~~~~~~~~~~~~~~~~~~~~~~~~~~~~~~~~~~~~~~~~~~~~~~~~[m[K
[7.010s]   370 | [01;31m[K            // pure virtual functions you are neglecting to provide overrides[m[K
[7.010s]       |             [01;31m[K~~~~~~~~~~~~~~~~~~~~~~~~~~~~~~~~~~~~~~~~~~~~~~~~~~~~~~~~~~~~~~~~~[m[K
[7.010s]   371 | [01;31m[K            // for.[m[K
[7.010s]       |             [01;31m[K~~~~~~~[m[K     
[7.010s]   372 | [01;31m[K            // ^^^^^^^^^^^^^ READ ABOVE FOR COMPILATION ERRORS ^^^^^^^^^^^^^^^^[m[K
[7.010s]       |             [01;31m[K~~~~~~~~~~~~~~~~~~~~~~~~~~~~~~~~~~~~~~~~~~~~~~~~~~~~~~~~~~~~~~~~~~~[m[K
[7.010s]   373 | [01;31m[K            return static_cast<void*>(new PluginClass);[m[K
[7.010s]       |             [01;31m[K~~~~~~~~~~~~~~~~~~~~~~~~~~~~~~~~~~~~~~~~~~~[m[K
[7.010s]   374 | [01;31m[K          }[m[K;
[7.010s]       |           [01;31m[K~[m[K             
[7.010s] In file included from [01m[K/usr/include/c++/11/functional:59[m[K,
[7.010s]                  from [01m[K/usr/include/c++/11/pstl/glue_algorithm_defs.h:13[m[K,
[7.010s]                  from [01m[K/usr/include/c++/11/algorithm:74[m[K,
[7.010s]                  from [01m[K/usr/include/google/protobuf/stubs/common.h:38[m[K,
[7.010s]                  from [01m[K/usr/include/google/protobuf/io/coded_stream.h:141[m[K,
[7.010s]                  from [01m[K/usr/include/ignition/msgs8/ignition/msgs/serialized.pb.h:23[m[K,
[7.010s]                  from [01m[K/usr/include/ignition/msgs8/gz/msgs/serialized.pb.h:18[m[K,
[7.010s]                  from [01m[K/usr/include/ignition/gazebo6/gz/sim/EntityComponentManager.hh:20[m[K,
[7.011s]                  from [01m[K/usr/include/ignition/gazebo6/gz/sim/System.hh:23[m[K,
[7.011s]                  from [01m[K/usr/include/ignition/gazebo6/ignition/gazebo/System.hh:18[m[K,
[7.011s]                  from [01m[K/home/nam/Lekiwi_ws/src/lekiwi_servo_control/src/lekiwi_servo_control.cpp:1[m[K:
[7.011s] [01m[K/usr/include/c++/11/bits/std_function.h:530:9:[m[K [01;36m[Knote: [m[Kcandidate: ‘[01m[Ktemplate<class _Functor> std::function<_Res(_ArgTypes ...)>::_Requires<std::function<_Res(_ArgTypes ...)>::_Callable<_Functor>, std::function<_Res(_ArgTypes ...)>&> std::function<_Res(_ArgTypes ...)>::operator=(_Functor&&) [with _Functor = _Functor; _Res = void*; _ArgTypes = {}][m[K’
[7.011s]   530 |         [01;36m[Koperator[m[K=(_Functor&& __f)
[7.011s]       |         [01;36m[K^~~~~~~~[m[K
[7.011s] [01m[K/usr/include/c++/11/bits/std_function.h:530:9:[m[K [01;36m[Knote: [m[K  template argument deduction/substitution failed:
[7.011s] In file included from [01m[K/usr/include/c++/11/bits/move.h:57[m[K,
[7.011s]                  from [01m[K/usr/include/c++/11/bits/stl_pair.h:59[m[K,
[7.011s]                  from [01m[K/usr/include/c++/11/bits/stl_algobase.h:64[m[K,
[7.011s]                  from [01m[K/usr/include/c++/11/memory:63[m[K,
[7.011s]                  from [01m[K/usr/include/ignition/gazebo6/gz/sim/System.hh:20[m[K,
[7.011s]                  from [01m[K/usr/include/ignition/gazebo6/ignition/gazebo/System.hh:18[m[K,
[7.011s]                  from [01m[K/home/nam/Lekiwi_ws/src/lekiwi_servo_control/src/lekiwi_servo_control.cpp:1[m[K:
[7.011s] /usr/include/c++/11/type_traits: In substitution of ‘[01m[Ktemplate<bool _Cond, class _Tp> using __enable_if_t = typename std::enable_if::type [with bool _Cond = false; _Tp = std::function<void*()>&][m[K’:
[7.011s] [01m[K/usr/include/c++/11/bits/std_function.h:353:8:[m[K   required by substitution of ‘[01m[Ktemplate<class _Res, class ... _ArgTypes> template<class _Cond, class _Tp> using _Requires = std::__enable_if_t<_Cond::value, _Tp> [with _Cond = std::function<void*()>::_Callable<ignition::plugin::detail::Registrar<LekiwiServoControlPlugin, ignition::gazebo::v6::System, ignition::gazebo::v6::ISystemConfigure, ignition::gazebo::v6::ISystemUpdate>::MakeInfo()::<lambda()>, ignition::plugin::detail::Registrar<LekiwiServoControlPlugin, ignition::gazebo::v6::System, ignition::gazebo::v6::ISystemConfigure, ignition::gazebo::v6::ISystemUpdate>::MakeInfo()::<lambda()>, std::__invoke_result<ignition::plugin::detail::Registrar<LekiwiServoControlPlugin, ignition::gazebo::v6::System, ignition::gazebo::v6::ISystemConfigure, ignition::gazebo::v6::ISystemUpdate>::MakeInfo()::<lambda()>&> >; _Tp = std::function<void*()>&; _Res = void*; _ArgTypes = {}][m[K’
[7.011s] [01m[K/usr/include/c++/11/bits/std_function.h:530:2:[m[K   required by substitution of ‘[01m[Ktemplate<class _Functor> std::function<void*()>::_Requires<std::function<void*()>::_Callable<_Functor, typename std::enable_if<(! std::is_same<typename std::remove_cv<typename std::remove_reference<_Tp>::type>::type, std::function<void*()> >::value), std::decay<_Tp> >::type::type, std::__invoke_result<typename std::enable_if<(! std::is_same<typename std::remove_cv<typename std::remove_reference<_Tp>::type>::type, std::function<void*()> >::value), std::decay<_Tp> >::type::type&> >, std::function<void*()>&> std::function<void*()>::operator=<_Functor>(_Functor&&) [with _Functor = ignition::plugin::detail::Registrar<LekiwiServoControlPlugin, ignition::gazebo::v6::System, ignition::gazebo::v6::ISystemConfigure, ignition::gazebo::v6::ISystemUpdate>::MakeInfo()::<lambda()>][m[K’
[7.011s] [01m[K/usr/include/ignition/plugin1/gz/plugin/detail/Register.hh:361:24:[m[K   required from ‘[01m[Kstatic ignition::plugin::v1::Info ignition::plugin::detail::Registrar<PluginClass, Interfaces>::MakeInfo() [with PluginClass = LekiwiServoControlPlugin; Interfaces = {ignition::gazebo::v6::System, ignition::gazebo::v6::ISystemConfigure, ignition::gazebo::v6::ISystemUpdate}][m[K’
[7.011s] [01m[K/usr/include/ignition/plugin1/gz/plugin/detail/Register.hh:396:31:[m[K   required from ‘[01m[Kstatic void ignition::plugin::detail::Registrar<PluginClass, Interfaces>::Register() [with PluginClass = LekiwiServoControlPlugin; Interfaces = {ignition::gazebo::v6::System, ignition::gazebo::v6::ISystemConfigure, ignition::gazebo::v6::ISystemUpdate}][m[K’
[7.011s] [01m[K/home/nam/Lekiwi_ws/src/lekiwi_servo_control/src/lekiwi_servo_control.cpp:163:1:[m[K   required from here
[7.011s] [01m[K/usr/include/c++/11/type_traits:2205:11:[m[K [01;31m[Kerror: [m[Kno type named ‘[01m[Ktype[m[K’ in ‘[01m[Kstruct std::enable_if<false, std::function<void*()>&>[m[K’
[7.011s]  2205 |     using [01;31m[K__enable_if_t[m[K = typename enable_if<_Cond, _Tp>::type;
[7.011s]       |           [01;31m[K^~~~~~~~~~~~~[m[K
[7.011s] In file included from [01m[K/usr/include/c++/11/functional:59[m[K,
[7.012s]                  from [01m[K/usr/include/c++/11/pstl/glue_algorithm_defs.h:13[m[K,
[7.012s]                  from [01m[K/usr/include/c++/11/algorithm:74[m[K,
[7.012s]                  from [01m[K/usr/include/google/protobuf/stubs/common.h:38[m[K,
[7.012s]                  from [01m[K/usr/include/google/protobuf/io/coded_stream.h:141[m[K,
[7.012s]                  from [01m[K/usr/include/ignition/msgs8/ignition/msgs/serialized.pb.h:23[m[K,
[7.012s]                  from [01m[K/usr/include/ignition/msgs8/gz/msgs/serialized.pb.h:18[m[K,
[7.012s]                  from [01m[K/usr/include/ignition/gazebo6/gz/sim/EntityComponentManager.hh:20[m[K,
[7.012s]                  from [01m[K/usr/include/ignition/gazebo6/gz/sim/System.hh:23[m[K,
[7.012s]                  from [01m[K/usr/include/ignition/gazebo6/ignition/gazebo/System.hh:18[m[K,
[7.012s]                  from [01m[K/home/nam/Lekiwi_ws/src/lekiwi_servo_control/src/lekiwi_servo_control.cpp:1[m[K:
[7.012s] /usr/include/ignition/plugin1/gz/plugin/detail/Register.hh: In instantiation of ‘[01m[Kstatic ignition::plugin::v1::Info ignition::plugin::detail::Registrar<PluginClass, Interfaces>::MakeInfo() [with PluginClass = LekiwiServoControlPlugin; Interfaces = {ignition::gazebo::v6::System, ignition::gazebo::v6::ISystemConfigure, ignition::gazebo::v6::ISystemUpdate}][m[K’:
[7.012s] [01m[K/usr/include/ignition/plugin1/gz/plugin/detail/Register.hh:396:31:[m[K   required from ‘[01m[Kstatic void ignition::plugin::detail::Registrar<PluginClass, Interfaces>::Register() [with PluginClass = LekiwiServoControlPlugin; Interfaces = {ignition::gazebo::v6::System, ignition::gazebo::v6::ISystemConfigure, ignition::gazebo::v6::ISystemUpdate}][m[K’
[7.012s] [01m[K/home/nam/Lekiwi_ws/src/lekiwi_servo_control/src/lekiwi_servo_control.cpp:163:1:[m[K   required from here
[7.012s] [01m[K/usr/include/c++/11/bits/std_function.h:540:9:[m[K [01;36m[Knote: [m[Kcandidate: ‘[01m[Ktemplate<class _Functor> std::function<_Res(_ArgTypes ...)>& std::function<_Res(_ArgTypes ...)>::operator=(std::reference_wrapper<_Functor>) [with _Functor = _Functor; _Res = void*; _ArgTypes = {}][m[K’
[7.012s]   540 |         [01;36m[Koperator[m[K=(reference_wrapper<_Functor> __f) noexcept
[7.012s]       |         [01;36m[K^~~~~~~~[m[K
[7.012s] [01m[K/usr/include/c++/11/bits/std_function.h:540:9:[m[K [01;36m[Knote: [m[K  template argument deduction/substitution failed:
[7.012s] In file included from [01m[K/usr/include/ignition/plugin1/gz/plugin/Register.hh:22[m[K,
[7.012s]                  from [01m[K/usr/include/ignition/plugin1/ignition/plugin/Register.hh:18[m[K,
[7.012s]                  from [01m[K/home/nam/Lekiwi_ws/src/lekiwi_servo_control/src/lekiwi_servo_control.cpp:7[m[K:
[7.012s] [01m[K/usr/include/ignition/plugin1/gz/plugin/detail/Register.hh:361:24:[m[K [01;36m[Knote: [m[K  ‘[01m[Kignition::plugin::detail::Registrar<LekiwiServoControlPlugin, ignition::gazebo::v6::System, ignition::gazebo::v6::ISystemConfigure, ignition::gazebo::v6::ISystemUpdate>::MakeInfo()::<lambda()>[m[K’ is not derived from ‘[01m[Kstd::reference_wrapper<_Tp>[m[K’
[7.012s]   361 |           [01;36m[Kinfo.factory = [=]()[m[K
[7.012s]       |           [01;36m[K~~~~~~~~~~~~~^~~~~~~[m[K
[7.012s]   362 | [01;36m[K          {[m[K
[7.012s]       |           [01;36m[K~[m[K             
[7.013s]   363 | [01;36m[K            // vvvvvvvvvvvvvvvvvvvvvvvv  READ ME  vvvvvvvvvvvvvvvvvvvvvvvvvvvvv[m[K
[7.013s]       |             [01;36m[K~~~~~~~~~~~~~~~~~~~~~~~~~~~~~~~~~~~~~~~~~~~~~~~~~~~~~~~~~~~~~~~~~~~[m[K
[7.013s]   364 | [01;36m[K            // If you get a compilation error here, then you are trying to[m[K
[7.013s]       |             [01;36m[K~~~~~~~~~~~~~~~~~~~~~~~~~~~~~~~~~~~~~~~~~~~~~~~~~~~~~~~~~~~~~~[m[K
[7.013s]   365 | [01;36m[K            // register an abstract class as a plugin, which is not allowed. To[m[K
[7.013s]       |             [01;36m[K~~~~~~~~~~~~~~~~~~~~~~~~~~~~~~~~~~~~~~~~~~~~~~~~~~~~~~~~~~~~~~~~~~~[m[K
[7.013s]   366 | [01;36m[K            // register a plugin class, every one if its virtual functions must[m[K
[7.013s]       |             [01;36m[K~~~~~~~~~~~~~~~~~~~~~~~~~~~~~~~~~~~~~~~~~~~~~~~~~~~~~~~~~~~~~~~~~~~[m[K
[7.013s]   367 | [01;36m[K            // have a definition.[m[K
[7.013s]       |             [01;36m[K~~~~~~~~~~~~~~~~~~~~~[m[K
[7.013s]   368 | [01;36m[K            //[m[K
[7.013s]       |             [01;36m[K~~[m[K          
[7.013s]   369 | [01;36m[K            // Read through the error produced by your compiler to see which[m[K
[7.013s]       |             [01;36m[K~~~~~~~~~~~~~~~~~~~~~~~~~~~~~~~~~~~~~~~~~~~~~~~~~~~~~~~~~~~~~~~~[m[K
[7.013s]   370 | [01;36m[K            // pure virtual functions you are neglecting to provide overrides[m[K
[7.013s]       |             [01;36m[K~~~~~~~~~~~~~~~~~~~~~~~~~~~~~~~~~~~~~~~~~~~~~~~~~~~~~~~~~~~~~~~~~[m[K
[7.013s]   371 | [01;36m[K            // for.[m[K
[7.013s]       |             [01;36m[K~~~~~~~[m[K     
[7.013s]   372 | [01;36m[K            // ^^^^^^^^^^^^^ READ ABOVE FOR COMPILATION ERRORS ^^^^^^^^^^^^^^^^[m[K
[7.013s]       |             [01;36m[K~~~~~~~~~~~~~~~~~~~~~~~~~~~~~~~~~~~~~~~~~~~~~~~~~~~~~~~~~~~~~~~~~~~[m[K
[7.013s]   373 | [01;36m[K            return static_cast<void*>(new PluginClass);[m[K
[7.013s]       |             [01;36m[K~~~~~~~~~~~~~~~~~~~~~~~~~~~~~~~~~~~~~~~~~~~[m[K
[7.013s]   374 | [01;36m[K          }[m[K;
[7.013s]       |           [01;36m[K~[m[K             
[7.013s] In file included from [01m[K/usr/include/c++/11/functional:59[m[K,
[7.013s]                  from [01m[K/usr/include/c++/11/pstl/glue_algorithm_defs.h:13[m[K,
[7.014s]                  from [01m[K/usr/include/c++/11/algorithm:74[m[K,
[7.014s]                  from [01m[K/usr/include/google/protobuf/stubs/common.h:38[m[K,
[7.014s]                  from [01m[K/usr/include/google/protobuf/io/coded_stream.h:141[m[K,
[7.014s]                  from [01m[K/usr/include/ignition/msgs8/ignition/msgs/serialized.pb.h:23[m[K,
[7.014s]                  from [01m[K/usr/include/ignition/msgs8/gz/msgs/serialized.pb.h:18[m[K,
[7.014s]                  from [01m[K/usr/include/ignition/gazebo6/gz/sim/EntityComponentManager.hh:20[m[K,
[7.014s]                  from [01m[K/usr/include/ignition/gazebo6/gz/sim/System.hh:23[m[K,
[7.014s]                  from [01m[K/usr/include/ignition/gazebo6/ignition/gazebo/System.hh:18[m[K,
[7.014s]                  from [01m[K/home/nam/Lekiwi_ws/src/lekiwi_servo_control/src/lekiwi_servo_control.cpp:1[m[K:
[7.014s] [01m[K/usr/include/c++/11/bits/std_function.h:469:7:[m[K [01;36m[Knote: [m[Kcandidate: ‘[01m[Kstd::function<_Res(_ArgTypes ...)>& std::function<_Res(_ArgTypes ...)>::operator=(const std::function<_Res(_ArgTypes ...)>&) [with _Res = void*; _ArgTypes = {}][m[K’
[7.014s]   469 |       [01;36m[Koperator[m[K=(const function& __x)
[7.014s]       |       [01;36m[K^~~~~~~~[m[K
[7.014s] [01m[K/usr/include/c++/11/bits/std_function.h:469:33:[m[K [01;36m[Knote: [m[K  no known conversion for argument 1 from ‘[01m[Kignition::plugin::detail::Registrar<LekiwiServoControlPlugin, ignition::gazebo::v6::System, ignition::gazebo::v6::ISystemConfigure, ignition::gazebo::v6::ISystemUpdate>::MakeInfo()::<lambda()>[m[K’ to ‘[01m[Kconst std::function<void*()>&[m[K’
[7.014s]   469 |       operator=([01;36m[Kconst function& __x[m[K)
[7.014s]       |                 [01;36m[K~~~~~~~~~~~~~~~~^~~[m[K
[7.014s] [01m[K/usr/include/c++/11/bits/std_function.h:487:7:[m[K [01;36m[Knote: [m[Kcandidate: ‘[01m[Kstd::function<_Res(_ArgTypes ...)>& std::function<_Res(_ArgTypes ...)>::operator=(std::function<_Res(_ArgTypes ...)>&&) [with _Res = void*; _ArgTypes = {}][m[K’
[7.014s]   487 |       [01;36m[Koperator[m[K=(function&& __x) noexcept
[7.014s]       |       [01;36m[K^~~~~~~~[m[K
[7.014s] [01m[K/usr/include/c++/11/bits/std_function.h:487:28:[m[K [01;36m[Knote: [m[K  no known conversion for argument 1 from ‘[01m[Kignition::plugin::detail::Registrar<LekiwiServoControlPlugin, ignition::gazebo::v6::System, ignition::gazebo::v6::ISystemConfigure, ignition::gazebo::v6::ISystemUpdate>::MakeInfo()::<lambda()>[m[K’ to ‘[01m[Kstd::function<void*()>&&[m[K’
[7.014s]   487 |       operator=([01;36m[Kfunction&& __x[m[K) noexcept
[7.014s]       |                 [01;36m[K~~~~~~~~~~~^~~[m[K
[7.014s] [01m[K/usr/include/c++/11/bits/std_function.h:501:7:[m[K [01;36m[Knote: [m[Kcandidate: ‘[01m[Kstd::function<_Res(_ArgTypes ...)>& std::function<_Res(_ArgTypes ...)>::operator=(std::nullptr_t) [with _Res = void*; _ArgTypes = {}; std::nullptr_t = std::nullptr_t][m[K’
[7.014s]   501 |       [01;36m[Koperator[m[K=(nullptr_t) noexcept
[7.014s]       |       [01;36m[K^~~~~~~~[m[K
[7.014s] [01m[K/usr/include/c++/11/bits/std_function.h:501:17:[m[K [01;36m[Knote: [m[K  no known conversion for argument 1 from ‘[01m[Kignition::plugin::detail::Registrar<LekiwiServoControlPlugin, ignition::gazebo::v6::System, ignition::gazebo::v6::ISystemConfigure, ignition::gazebo::v6::ISystemUpdate>::MakeInfo()::<lambda()>[m[K’ to ‘[01m[Kstd::nullptr_t[m[K’
[7.014s]   501 |       operator=([01;36m[Knullptr_t[m[K) noexcept
[7.015s]       |                 [01;36m[K^~~~~~~~~[m[K
[7.015s] In file included from [01m[K/usr/include/ignition/plugin1/gz/plugin/Register.hh:22[m[K,
[7.015s]                  from [01m[K/usr/include/ignition/plugin1/ignition/plugin/Register.hh:18[m[K,
[7.015s]                  from [01m[K/home/nam/Lekiwi_ws/src/lekiwi_servo_control/src/lekiwi_servo_control.cpp:7[m[K:
[7.015s] /usr/include/ignition/plugin1/gz/plugin/detail/Register.hh: In instantiation of ‘[01m[Kstatic ignition::plugin::v1::Info ignition::plugin::detail::Registrar<PluginClass, Interfaces>::MakeInfo() [with PluginClass = LekiwiServoControlPlugin; Interfaces = {}][m[K’:
[7.015s] [01m[K/usr/include/ignition/plugin1/gz/plugin/detail/Register.hh:424:31:[m[K   required from ‘[01m[Kstatic void ignition::plugin::detail::Registrar<PluginClass, Interfaces>::RegisterAlias(Aliases&& ...) [with Aliases = {const char (&)[25]}; PluginClass = LekiwiServoControlPlugin; Interfaces = {}][m[K’
[7.015s] [01m[K/home/nam/Lekiwi_ws/src/lekiwi_servo_control/src/lekiwi_servo_control.cpp:170:1:[m[K   required from here
[7.015s] [01m[K/usr/include/ignition/plugin1/gz/plugin/detail/Register.hh:373:39:[m[K [01;31m[Kerror: [m[Kinvalid new-expression of abstract class type ‘[01m[KLekiwiServoControlPlugin[m[K’
[7.015s]   373 |             return static_cast<void*>([01;31m[Knew PluginClass[m[K);
[7.015s]       |                                       [01;31m[K^~~~~~~~~~~~~~~[m[K
[7.015s] [01m[K/usr/include/ignition/plugin1/gz/plugin/detail/Register.hh:361:24:[m[K [01;31m[Kerror: [m[Kno match for ‘[01m[Koperator=[m[K’ (operand types are ‘[01m[Kstd::function<void*()>[m[K’ and ‘[01m[Kignition::plugin::detail::Registrar<LekiwiServoControlPlugin>::MakeInfo()::<lambda()>[m[K’)
[7.015s]   361 |           [01;31m[Kinfo.factory = [=]()[m[K
[7.015s]       |           [01;31m[K~~~~~~~~~~~~~^~~~~~~[m[K
[7.015s]   362 | [01;31m[K          {[m[K
[7.015s]       |           [01;31m[K~[m[K             
[7.015s]   363 | [01;31m[K            // vvvvvvvvvvvvvvvvvvvvvvvv  READ ME  vvvvvvvvvvvvvvvvvvvvvvvvvvvvv[m[K
[7.015s]       |             [01;31m[K~~~~~~~~~~~~~~~~~~~~~~~~~~~~~~~~~~~~~~~~~~~~~~~~~~~~~~~~~~~~~~~~~~~[m[K
[7.015s]   364 | [01;31m[K            // If you get a compilation error here, then you are trying to[m[K
[7.015s]       |             [01;31m[K~~~~~~~~~~~~~~~~~~~~~~~~~~~~~~~~~~~~~~~~~~~~~~~~~~~~~~~~~~~~~~[m[K
[7.015s]   365 | [01;31m[K            // register an abstract class as a plugin, which is not allowed. To[m[K
[7.015s]       |             [01;31m[K~~~~~~~~~~~~~~~~~~~~~~~~~~~~~~~~~~~~~~~~~~~~~~~~~~~~~~~~~~~~~~~~~~~[m[K
[7.015s]   366 | [01;31m[K            // register a plugin class, every one if its virtual functions must[m[K
[7.015s]       |             [01;31m[K~~~~~~~~~~~~~~~~~~~~~~~~~~~~~~~~~~~~~~~~~~~~~~~~~~~~~~~~~~~~~~~~~~~[m[K
[7.015s]   367 | [01;31m[K            // have a definition.[m[K
[7.015s]       |             [01;31m[K~~~~~~~~~~~~~~~~~~~~~[m[K
[7.016s]   368 | [01;31m[K            //[m[K
[7.016s]       |             [01;31m[K~~[m[K          
[7.016s]   369 | [01;31m[K            // Read through the error produced by your compiler to see which[m[K
[7.016s]       |             [01;31m[K~~~~~~~~~~~~~~~~~~~~~~~~~~~~~~~~~~~~~~~~~~~~~~~~~~~~~~~~~~~~~~~~[m[K
[7.016s]   370 | [01;31m[K            // pure virtual functions you are neglecting to provide overrides[m[K
[7.016s]       |             [01;31m[K~~~~~~~~~~~~~~~~~~~~~~~~~~~~~~~~~~~~~~~~~~~~~~~~~~~~~~~~~~~~~~~~~[m[K
[7.016s]   371 | [01;31m[K            // for.[m[K
[7.016s]       |             [01;31m[K~~~~~~~[m[K     
[7.016s]   372 | [01;31m[K            // ^^^^^^^^^^^^^ READ ABOVE FOR COMPILATION ERRORS ^^^^^^^^^^^^^^^^[m[K
[7.016s]       |             [01;31m[K~~~~~~~~~~~~~~~~~~~~~~~~~~~~~~~~~~~~~~~~~~~~~~~~~~~~~~~~~~~~~~~~~~~[m[K
[7.016s]   373 | [01;31m[K            return static_cast<void*>(new PluginClass);[m[K
[7.016s]       |             [01;31m[K~~~~~~~~~~~~~~~~~~~~~~~~~~~~~~~~~~~~~~~~~~~[m[K
[7.016s]   374 | [01;31m[K          }[m[K;
[7.016s]       |           [01;31m[K~[m[K             
[7.016s] In file included from [01m[K/usr/include/c++/11/functional:59[m[K,
[7.016s]                  from [01m[K/usr/include/c++/11/pstl/glue_algorithm_defs.h:13[m[K,
[7.016s]                  from [01m[K/usr/include/c++/11/algorithm:74[m[K,
[7.016s]                  from [01m[K/usr/include/google/protobuf/stubs/common.h:38[m[K,
[7.016s]                  from [01m[K/usr/include/google/protobuf/io/coded_stream.h:141[m[K,
[7.016s]                  from [01m[K/usr/include/ignition/msgs8/ignition/msgs/serialized.pb.h:23[m[K,
[7.016s]                  from [01m[K/usr/include/ignition/msgs8/gz/msgs/serialized.pb.h:18[m[K,
[7.016s]                  from [01m[K/usr/include/ignition/gazebo6/gz/sim/EntityComponentManager.hh:20[m[K,
[7.016s]                  from [01m[K/usr/include/ignition/gazebo6/gz/sim/System.hh:23[m[K,
[7.017s]                  from [01m[K/usr/include/ignition/gazebo6/ignition/gazebo/System.hh:18[m[K,
[7.017s]                  from [01m[K/home/nam/Lekiwi_ws/src/lekiwi_servo_control/src/lekiwi_servo_control.cpp:1[m[K:
[7.017s] [01m[K/usr/include/c++/11/bits/std_function.h:530:9:[m[K [01;36m[Knote: [m[Kcandidate: ‘[01m[Ktemplate<class _Functor> std::function<_Res(_ArgTypes ...)>::_Requires<std::function<_Res(_ArgTypes ...)>::_Callable<_Functor>, std::function<_Res(_ArgTypes ...)>&> std::function<_Res(_ArgTypes ...)>::operator=(_Functor&&) [with _Functor = _Functor; _Res = void*; _ArgTypes = {}][m[K’
[7.017s]   530 |         [01;36m[Koperator[m[K=(_Functor&& __f)
[7.017s]       |         [01;36m[K^~~~~~~~[m[K
[7.017s] [01m[K/usr/include/c++/11/bits/std_function.h:530:9:[m[K [01;36m[Knote: [m[K  template argument deduction/substitution failed:
[7.017s] [01m[K/usr/include/c++/11/bits/std_function.h:540:9:[m[K [01;36m[Knote: [m[Kcandidate: ‘[01m[Ktemplate<class _Functor> std::function<_Res(_ArgTypes ...)>& std::function<_Res(_ArgTypes ...)>::operator=(std::reference_wrapper<_Functor>) [with _Functor = _Functor; _Res = void*; _ArgTypes = {}][m[K’
[7.017s]   540 |         [01;36m[Koperator[m[K=(reference_wrapper<_Functor> __f) noexcept
[7.017s]       |         [01;36m[K^~~~~~~~[m[K
[7.017s] [01m[K/usr/include/c++/11/bits/std_function.h:540:9:[m[K [01;36m[Knote: [m[K  template argument deduction/substitution failed:
[7.017s] In file included from [01m[K/usr/include/ignition/plugin1/gz/plugin/Register.hh:22[m[K,
[7.017s]                  from [01m[K/usr/include/ignition/plugin1/ignition/plugin/Register.hh:18[m[K,
[7.017s]                  from [01m[K/home/nam/Lekiwi_ws/src/lekiwi_servo_control/src/lekiwi_servo_control.cpp:7[m[K:
[7.017s] [01m[K/usr/include/ignition/plugin1/gz/plugin/detail/Register.hh:361:24:[m[K [01;36m[Knote: [m[K  ‘[01m[Kignition::plugin::detail::Registrar<LekiwiServoControlPlugin>::MakeInfo()::<lambda()>[m[K’ is not derived from ‘[01m[Kstd::reference_wrapper<_Tp>[m[K’
[7.017s]   361 |           [01;36m[Kinfo.factory = [=]()[m[K
[7.017s]       |           [01;36m[K~~~~~~~~~~~~~^~~~~~~[m[K
[7.017s]   362 | [01;36m[K          {[m[K
[7.017s]       |           [01;36m[K~[m[K             
[7.017s]   363 | [01;36m[K            // vvvvvvvvvvvvvvvvvvvvvvvv  READ ME  vvvvvvvvvvvvvvvvvvvvvvvvvvvvv[m[K
[7.017s]       |             [01;36m[K~~~~~~~~~~~~~~~~~~~~~~~~~~~~~~~~~~~~~~~~~~~~~~~~~~~~~~~~~~~~~~~~~~~[m[K
[7.017s]   364 | [01;36m[K            // If you get a compilation error here, then you are trying to[m[K
[7.018s]       |             [01;36m[K~~~~~~~~~~~~~~~~~~~~~~~~~~~~~~~~~~~~~~~~~~~~~~~~~~~~~~~~~~~~~~[m[K
[7.018s]   365 | [01;36m[K            // register an abstract class as a plugin, which is not allowed. To[m[K
[7.018s]       |             [01;36m[K~~~~~~~~~~~~~~~~~~~~~~~~~~~~~~~~~~~~~~~~~~~~~~~~~~~~~~~~~~~~~~~~~~~[m[K
[7.018s]   366 | [01;36m[K            // register a plugin class, every one if its virtual functions must[m[K
[7.018s]       |             [01;36m[K~~~~~~~~~~~~~~~~~~~~~~~~~~~~~~~~~~~~~~~~~~~~~~~~~~~~~~~~~~~~~~~~~~~[m[K
[7.018s]   367 | [01;36m[K            // have a definition.[m[K
[7.018s]       |             [01;36m[K~~~~~~~~~~~~~~~~~~~~~[m[K
[7.018s]   368 | [01;36m[K            //[m[K
[7.018s]       |             [01;36m[K~~[m[K          
[7.018s]   369 | [01;36m[K            // Read through the error produced by your compiler to see which[m[K
[7.018s]       |             [01;36m[K~~~~~~~~~~~~~~~~~~~~~~~~~~~~~~~~~~~~~~~~~~~~~~~~~~~~~~~~~~~~~~~~[m[K
[7.018s]   370 | [01;36m[K            // pure virtual functions you are neglecting to provide overrides[m[K
[7.018s]       |             [01;36m[K~~~~~~~~~~~~~~~~~~~~~~~~~~~~~~~~~~~~~~~~~~~~~~~~~~~~~~~~~~~~~~~~~[m[K
[7.018s]   371 | [01;36m[K            // for.[m[K
[7.018s]       |             [01;36m[K~~~~~~~[m[K     
[7.018s]   372 | [01;36m[K            // ^^^^^^^^^^^^^ READ ABOVE FOR COMPILATION ERRORS ^^^^^^^^^^^^^^^^[m[K
[7.018s]       |             [01;36m[K~~~~~~~~~~~~~~~~~~~~~~~~~~~~~~~~~~~~~~~~~~~~~~~~~~~~~~~~~~~~~~~~~~~[m[K
[7.018s]   373 | [01;36m[K            return static_cast<void*>(new PluginClass);[m[K
[7.018s]       |             [01;36m[K~~~~~~~~~~~~~~~~~~~~~~~~~~~~~~~~~~~~~~~~~~~[m[K
[7.018s]   374 | [01;36m[K          }[m[K;
[7.018s]       |           [01;36m[K~[m[K             
[7.018s] In file included from [01m[K/usr/include/c++/11/functional:59[m[K,
[7.019s]                  from [01m[K/usr/include/c++/11/pstl/glue_algorithm_defs.h:13[m[K,
[7.019s]                  from [01m[K/usr/include/c++/11/algorithm:74[m[K,
[7.019s]                  from [01m[K/usr/include/google/protobuf/stubs/common.h:38[m[K,
[7.019s]                  from [01m[K/usr/include/google/protobuf/io/coded_stream.h:141[m[K,
[7.019s]                  from [01m[K/usr/include/ignition/msgs8/ignition/msgs/serialized.pb.h:23[m[K,
[7.019s]                  from [01m[K/usr/include/ignition/msgs8/gz/msgs/serialized.pb.h:18[m[K,
[7.019s]                  from [01m[K/usr/include/ignition/gazebo6/gz/sim/EntityComponentManager.hh:20[m[K,
[7.019s]                  from [01m[K/usr/include/ignition/gazebo6/gz/sim/System.hh:23[m[K,
[7.019s]                  from [01m[K/usr/include/ignition/gazebo6/ignition/gazebo/System.hh:18[m[K,
[7.019s]                  from [01m[K/home/nam/Lekiwi_ws/src/lekiwi_servo_control/src/lekiwi_servo_control.cpp:1[m[K:
[7.019s] [01m[K/usr/include/c++/11/bits/std_function.h:469:7:[m[K [01;36m[Knote: [m[Kcandidate: ‘[01m[Kstd::function<_Res(_ArgTypes ...)>& std::function<_Res(_ArgTypes ...)>::operator=(const std::function<_Res(_ArgTypes ...)>&) [with _Res = void*; _ArgTypes = {}][m[K’
[7.019s]   469 |       [01;36m[Koperator[m[K=(const function& __x)
[7.019s]       |       [01;36m[K^~~~~~~~[m[K
[7.019s] [01m[K/usr/include/c++/11/bits/std_function.h:469:33:[m[K [01;36m[Knote: [m[K  no known conversion for argument 1 from ‘[01m[Kignition::plugin::detail::Registrar<LekiwiServoControlPlugin>::MakeInfo()::<lambda()>[m[K’ to ‘[01m[Kconst std::function<void*()>&[m[K’
[7.019s]   469 |       operator=([01;36m[Kconst function& __x[m[K)
[7.019s]       |                 [01;36m[K~~~~~~~~~~~~~~~~^~~[m[K
[7.019s] [01m[K/usr/include/c++/11/bits/std_function.h:487:7:[m[K [01;36m[Knote: [m[Kcandidate: ‘[01m[Kstd::function<_Res(_ArgTypes ...)>& std::function<_Res(_ArgTypes ...)>::operator=(std::function<_Res(_ArgTypes ...)>&&) [with _Res = void*; _ArgTypes = {}][m[K’
[7.019s]   487 |       [01;36m[Koperator[m[K=(function&& __x) noexcept
[7.019s]       |       [01;36m[K^~~~~~~~[m[K
[7.019s] [01m[K/usr/include/c++/11/bits/std_function.h:487:28:[m[K [01;36m[Knote: [m[K  no known conversion for argument 1 from ‘[01m[Kignition::plugin::detail::Registrar<LekiwiServoControlPlugin>::MakeInfo()::<lambda()>[m[K’ to ‘[01m[Kstd::function<void*()>&&[m[K’
[7.019s]   487 |       operator=([01;36m[Kfunction&& __x[m[K) noexcept
[7.019s]       |                 [01;36m[K~~~~~~~~~~~^~~[m[K
[7.019s] [01m[K/usr/include/c++/11/bits/std_function.h:501:7:[m[K [01;36m[Knote: [m[Kcandidate: ‘[01m[Kstd::function<_Res(_ArgTypes ...)>& std::function<_Res(_ArgTypes ...)>::operator=(std::nullptr_t) [with _Res = void*; _ArgTypes = {}; std::nullptr_t = std::nullptr_t][m[K’
[7.019s]   501 |       [01;36m[Koperator[m[K=(nullptr_t) noexcept
[7.019s]       |       [01;36m[K^~~~~~~~[m[K
[7.020s] [01m[K/usr/include/c++/11/bits/std_function.h:501:17:[m[K [01;36m[Knote: [m[K  no known conversion for argument 1 from ‘[01m[Kignition::plugin::detail::Registrar<LekiwiServoControlPlugin>::MakeInfo()::<lambda()>[m[K’ to ‘[01m[Kstd::nullptr_t[m[K’
[7.020s]   501 |       operator=([01;36m[Knullptr_t[m[K) noexcept
[7.020s]       |                 [01;36m[K^~~~~~~~~[m[K
[8.981s] gmake[2]: *** [CMakeFiles/lekiwi_servo_control.dir/build.make:79: CMakeFiles/lekiwi_servo_control.dir/src/lekiwi_servo_control.cpp.o] Error 1
[8.982s] gmake[1]: *** [CMakeFiles/Makefile2:153: CMakeFiles/lekiwi_servo_control.dir/all] Error 2
[8.982s] gmake: *** [Makefile:146: all] Error 2
[8.984s] Invoked command in '/home/nam/Lekiwi_ws/build/lekiwi_servo_control' returned '2': CMAKE_PREFIX_PATH=${CMAKE_PREFIX_PATH}:/home/nam/Lekiwi_ws/install/omni_teleop:/home/nam/turtlebot3_ws/install/turtlebot3_teleop:/home/nam/turtlebot3_ws/install/turtlebot3_example:/opt/ros/humble /home/nam/.local/bin/cmake --build /home/nam/Lekiwi_ws/build/lekiwi_servo_control -- -j12 -l12
